#
# There is insufficient memory for the Java Runtime Environment to continue.
# Native memory allocation (mmap) failed to map 131596288 bytes for committing reserved memory.
# Possible reasons:
#   The system is out of physical RAM or swap space
#   In 32 bit mode, the process size limit was hit
# Possible solutions:
#   Reduce memory load on the system
#   Increase physical memory or swap space
#   Check if swap backing store is full
#   Use 64 bit Java on a 64 bit OS
#   Decrease Java heap size (-Xmx/-Xms)
#   Decrease number of Java threads
#   Decrease Java thread stack sizes (-Xss)
#   Set larger code cache with -XX:ReservedCodeCacheSize=
# This output file may be truncated or incomplete.
#
#  Out of Memory Error (os_linux.cpp:2640), pid=3157, tid=0x00007fd215543700
#
# JRE version: Java(TM) SE Runtime Environment (8.0_151-b12) (build 1.8.0_151-b12)
# Java VM: Java HotSpot(TM) 64-Bit Server VM (25.151-b12 mixed mode linux-amd64 compressed oops)
# Failed to write core dump. Core dumps have been disabled. To enable core dumping, try "ulimit -c unlimited" before starting Java again
#

---------------  T H R E A D  ---------------

Current thread (0x00007fd2280fa800):  VMThread [stack: 0x00007fd215443000,0x00007fd215544000] [id=5268]

Stack: [0x00007fd215443000,0x00007fd215544000],  sp=0x00007fd215542060,  free space=1020k
Native frames: (J=compiled Java code, j=interpreted, Vv=VM code, C=native code)
V  [libjvm.so+0xacb58a]  VMError::report_and_die()+0x2ba
V  [libjvm.so+0x4ff4ab]  report_vm_out_of_memory(char const*, int, unsigned long, VMErrorType, char const*)+0x8b
V  [libjvm.so+0x928113]  os::Linux::commit_memory_impl(char*, unsigned long, bool)+0x103
V  [libjvm.so+0x928669]  os::pd_commit_memory(char*, unsigned long, unsigned long, bool)+0x29
V  [libjvm.so+0x92288a]  os::commit_memory(char*, unsigned long, unsigned long, bool)+0x2a
V  [libjvm.so+0x9973e3]  PSVirtualSpace::expand_by(unsigned long)+0x53
V  [libjvm.so+0x987ca0]  PSOldGen::expand(unsigned long)+0x170
V  [libjvm.so+0x987eab]  PSOldGen::resize(unsigned long)+0x1cb
V  [libjvm.so+0x98fbb1]  PSParallelCompact::invoke_no_policy(bool)+0x991
V  [libjvm.so+0x99550d]  PSScavenge::invoke()+0x1ad
V  [libjvm.so+0xacd14d]  VM_ParallelGCSystemGC::doit()+0x10d
V  [libjvm.so+0xad4a85]  VM_Operation::evaluate()+0x55
V  [libjvm.so+0xad2e5a]  VMThread::evaluate_operation(VM_Operation*)+0xba
V  [libjvm.so+0xad31de]  VMThread::loop()+0x1ce
V  [libjvm.so+0xad3650]  VMThread::run()+0x70
V  [libjvm.so+0x92a728]  java_start(Thread*)+0x108

VM_Operation (0x00007fd1ed704020): ParallelGCSystemGC, mode: safepoint, requested by thread 0x00007fd2282d7800


---------------  P R O C E S S  ---------------

Java Threads: ( => current thread )
  0x00007fd1d8003800 JavaThread "Image Fetcher 1" daemon [_thread_blocked, id=5329, stack(0x00007fd1ed091000,0x00007fd1ed192000)]
  0x00007fd1d8002000 JavaThread "Image Fetcher 0" daemon [_thread_blocked, id=5328, stack(0x00007fd1ed192000,0x00007fd1ed293000)]
  0x00000000019fd000 JavaThread "Thread-1" [_thread_blocked, id=5327, stack(0x00007fd1eda45000,0x00007fd1edb46000)]
  0x00007fd228009800 JavaThread "DestroyJavaVM" [_thread_blocked, id=5265, stack(0x00007fd22f135000,0x00007fd22f236000)]
  0x00007fd2282d7800 JavaThread "AWT-EventQueue-0" [_thread_blocked, id=5280, stack(0x00007fd1ed608000,0x00007fd1ed709000)]
  0x00007fd2282d6000 JavaThread "AWT-Shutdown" [_thread_blocked, id=5279, stack(0x00007fd1ed709000,0x00007fd1ed80a000)]
  0x00007fd22826c000 JavaThread "AWT-XAWT" daemon [_thread_blocked, id=5277, stack(0x00007fd1ee16e000,0x00007fd1ee26f000)]
  0x00007fd22824b800 JavaThread "Java2D Disposer" daemon [_thread_blocked, id=5276, stack(0x00007fd1ee67f000,0x00007fd1ee780000)]
  0x00007fd228141800 JavaThread "Service Thread" daemon [_thread_blocked, id=5274, stack(0x00007fd21447e000,0x00007fd21457f000)]
  0x00007fd22813e800 JavaThread "C1 CompilerThread1" daemon [_thread_blocked, id=5273, stack(0x00007fd21457f000,0x00007fd214680000)]
  0x00007fd22813b800 JavaThread "C2 CompilerThread0" daemon [_thread_blocked, id=5272, stack(0x00007fd214680000,0x00007fd214781000)]
  0x00007fd22813a000 JavaThread "Signal Dispatcher" daemon [_thread_blocked, id=5271, stack(0x00007fd214781000,0x00007fd214882000)]
  0x00007fd228106800 JavaThread "Finalizer" daemon [_thread_blocked, id=5270, stack(0x00007fd215241000,0x00007fd215342000)]
  0x00007fd228102000 JavaThread "Reference Handler" daemon [_thread_blocked, id=5269, stack(0x00007fd215342000,0x00007fd215443000)]

Other Threads:
=>0x00007fd2280fa800 VMThread [stack: 0x00007fd215443000,0x00007fd215544000] [id=5268]
  0x00007fd228144000 WatcherThread [stack: 0x00007fd21437d000,0x00007fd21447e000] [id=5275]

VM state:at safepoint (normal execution)

VM Mutex/Monitor currently owned by a thread:  ([mutex/lock_event])
[0x00007fd228005700] ExpandHeap_lock - owner thread: 0x00007fd2280fa800
[0x00007fd228005d80] Threads_lock - owner thread: 0x00007fd2280fa800
[0x00007fd228006280] Heap_lock - owner thread: 0x00007fd2282d7800

Heap:
 PSYoungGen      total 287744K, used 35156K [0x00000000eb700000, 0x0000000100000000, 0x0000000100000000)
  eden space 243712K, 0% used [0x00000000eb700000,0x00000000eb700000,0x00000000fa500000)
  from space 44032K, 79% used [0x00000000fa500000,0x00000000fc755190,0x00000000fd000000)
  to   space 49152K, 0% used [0x00000000fd000000,0x00000000fd000000,0x0000000100000000)
 ParOldGen       total 434176K, used 432378K [0x00000000c2400000, 0x00000000dcc00000, 0x00000000eb700000)
  object space 434176K, 99% used [0x00000000c2400000,0x00000000dca3eb20,0x00000000dcc00000)
 Metaspace       used 11589K, capacity 11816K, committed 12160K, reserved 1060864K
  class space    used 1290K, capacity 1354K, committed 1408K, reserved 1048576K

Card table byte_map: [0x00007fd22c0a2000,0x00007fd22c291000] byte_map_base: 0x00007fd22ba90000

Marking Bits: (ParMarkBitMap*) 0x00007fd22e602f80
 Begin Bits: [0x00007fd216a14000, 0x00007fd217984000)
 End Bits:   [0x00007fd217984000, 0x00007fd2188f4000)

Polling page: 0x00007fd22f253000

CodeCache: size=245760Kb used=3922Kb max_used=3922Kb free=241837Kb
 bounds [0x00007fd219000000, 0x00007fd2193e0000, 0x00007fd228000000]
 total_blobs=1746 nmethods=1201 adapters=458
 compilation: enabled

Compilation events (10 events):
Event: 888.771 Thread 0x00007fd22813e800 nmethod 1264 0x00007fd2193d3d10 code [0x00007fd2193d3ee0, 0x00007fd2193d4678]
Event: 888.771 Thread 0x00007fd22813e800 1265   !   3       sun.java2d.SunGraphics2D::drawRect (74 bytes)
Event: 888.773 Thread 0x00007fd22813e800 nmethod 1265 0x00007fd2193d4dd0 code [0x00007fd2193d4fa0, 0x00007fd2193d5968]
Event: 888.773 Thread 0x00007fd22813e800 1266       3       sun.java2d.xr.XRRenderer::drawRect (23 bytes)
Event: 888.774 Thread 0x00007fd22813e800 nmethod 1266 0x00007fd2193d5e50 code [0x00007fd2193d5fe0, 0x00007fd2193d6408]
Event: 888.774 Thread 0x00007fd22813e800 1268       3       sun.java2d.pipe.ValidatePipe::copyImage (37 bytes)
Event: 888.775 Thread 0x00007fd22813e800 nmethod 1268 0x00007fd2193d66d0 code [0x00007fd2193d6860, 0x00007fd2193d6c18]
Event: 888.775 Thread 0x00007fd22813e800 1269       3       java.awt.event.InvocationEvent::<init> (52 bytes)
Event: 888.775 Thread 0x00007fd22813e800 nmethod 1269 0x00007fd2193d6d90 code [0x00007fd2193d6f00, 0x00007fd2193d7168]
Event: 889.005 Thread 0x00007fd22813e800 1270       3       javax.swing.plaf.basic.BasicLabelUI::propertyChange (70 bytes)

GC Heap History (10 events):
Event: 877.140 GC heap after
Heap after GC invocations=17 (full 5):
 PSYoungGen      total 210944K, used 16603K [0x00000000eb700000, 0x00000000fb000000, 0x0000000100000000)
  eden space 180224K, 0% used [0x00000000eb700000,0x00000000eb700000,0x00000000f6700000)
  from space 30720K, 54% used [0x00000000f8800000,0x00000000f9836e80,0x00000000fa600000)
  to   space 33792K, 0% used [0x00000000f6700000,0x00000000f6700000,0x00000000f8800000)
 ParOldGen       total 326144K, used 236045K [0x00000000c2400000, 0x00000000d6280000, 0x00000000eb700000)
  object space 326144K, 72% used [0x00000000c2400000,0x00000000d0a83530,0x00000000d6280000)
 Metaspace       used 11404K, capacity 11616K, committed 11904K, reserved 1060864K
  class space    used 1290K, capacity 1354K, committed 1408K, reserved 1048576K
}
Event: 880.491 GC heap before
{Heap before GC invocations=18 (full 5):
 PSYoungGen      total 210944K, used 196827K [0x00000000eb700000, 0x00000000fb000000, 0x0000000100000000)
  eden space 180224K, 100% used [0x00000000eb700000,0x00000000f6700000,0x00000000f6700000)
  from space 30720K, 54% used [0x00000000f8800000,0x00000000f9836e80,0x00000000fa600000)
  to   space 33792K, 0% used [0x00000000f6700000,0x00000000f6700000,0x00000000f8800000)
 ParOldGen       total 326144K, used 236045K [0x00000000c2400000, 0x00000000d6280000, 0x00000000eb700000)
  object space 326144K, 72% used [0x00000000c2400000,0x00000000d0a83530,0x00000000d6280000)
 Metaspace       used 11488K, capacity 11688K, committed 11904K, reserved 1060864K
  class space    used 1290K, capacity 1354K, committed 1408K, reserved 1048576K
Event: 880.569 GC heap after
Heap after GC invocations=18 (full 5):
 PSYoungGen      total 214016K, used 33299K [0x00000000eb700000, 0x00000000ff580000, 0x0000000100000000)
  eden space 180224K, 0% used [0x00000000eb700000,0x00000000eb700000,0x00000000f6700000)
  from space 33792K, 98% used [0x00000000f6700000,0x00000000f8784d20,0x00000000f8800000)
  to   space 38400K, 0% used [0x00000000fd000000,0x00000000fd000000,0x00000000ff580000)
 ParOldGen       total 326144K, used 291717K [0x00000000c2400000, 0x00000000d6280000, 0x00000000eb700000)
  object space 326144K, 89% used [0x00000000c2400000,0x00000000d40e1660,0x00000000d6280000)
 Metaspace       used 11488K, capacity 11688K, committed 11904K, reserved 1060864K
  class space    used 1290K, capacity 1354K, committed 1408K, reserved 1048576K
}
Event: 880.569 GC heap before
{Heap before GC invocations=19 (full 6):
 PSYoungGen      total 214016K, used 33299K [0x00000000eb700000, 0x00000000ff580000, 0x0000000100000000)
  eden space 180224K, 0% used [0x00000000eb700000,0x00000000eb700000,0x00000000f6700000)
  from space 33792K, 98% used [0x00000000f6700000,0x00000000f8784d20,0x00000000f8800000)
  to   space 38400K, 0% used [0x00000000fd000000,0x00000000fd000000,0x00000000ff580000)
 ParOldGen       total 326144K, used 291717K [0x00000000c2400000, 0x00000000d6280000, 0x00000000eb700000)
  object space 326144K, 89% used [0x00000000c2400000,0x00000000d40e1660,0x00000000d6280000)
 Metaspace       used 11488K, capacity 11688K, committed 11904K, reserved 1060864K
  class space    used 1290K, capacity 1354K, committed 1408K, reserved 1048576K
Event: 880.605 GC heap after
Heap after GC invocations=19 (full 6):
 PSYoungGen      total 214016K, used 0K [0x00000000eb700000, 0x00000000ff580000, 0x0000000100000000)
  eden space 180224K, 0% used [0x00000000eb700000,0x00000000eb700000,0x00000000f6700000)
  from space 33792K, 0% used [0x00000000f6700000,0x00000000f6700000,0x00000000f8800000)
  to   space 38400K, 0% used [0x00000000fd000000,0x00000000fd000000,0x00000000ff580000)
 ParOldGen       total 425984K, used 319097K [0x00000000c2400000, 0x00000000dc400000, 0x00000000eb700000)
  object space 425984K, 74% used [0x00000000c2400000,0x00000000d5b9e740,0x00000000dc400000)
 Metaspace       used 11488K, capacity 11688K, committed 11904K, reserved 1060864K
  class space    used 1290K, capacity 1354K, committed 1408K, reserved 1048576K
}
Event: 884.089 GC heap before
{Heap before GC invocations=20 (full 6):
 PSYoungGen      total 214016K, used 180224K [0x00000000eb700000, 0x00000000ff580000, 0x0000000100000000)
  eden space 180224K, 100% used [0x00000000eb700000,0x00000000f6700000,0x00000000f6700000)
  from space 33792K, 0% used [0x00000000f6700000,0x00000000f6700000,0x00000000f8800000)
  to   space 38400K, 0% used [0x00000000fd000000,0x00000000fd000000,0x00000000ff580000)
 ParOldGen       total 425984K, used 319097K [0x00000000c2400000, 0x00000000dc400000, 0x00000000eb700000)
  object space 425984K, 74% used [0x00000000c2400000,0x00000000d5b9e740,0x00000000dc400000)
 Metaspace       used 11515K, capacity 11752K, committed 11904K, reserved 1060864K
  class space    used 1290K, capacity 1354K, committed 1408K, reserved 1048576K
Event: 884.151 GC heap after
Heap after GC invocations=20 (full 6):
 PSYoungGen      total 282112K, used 38214K [0x00000000eb700000, 0x0000000100000000, 0x0000000100000000)
  eden space 243712K, 0% used [0x00000000eb700000,0x00000000eb700000,0x00000000fa500000)
  from space 38400K, 99% used [0x00000000fd000000,0x00000000ff551880,0x00000000ff580000)
  to   space 44032K, 0% used [0x00000000fa500000,0x00000000fa500000,0x00000000fd000000)
 ParOldGen       total 425984K, used 350355K [0x00000000c2400000, 0x00000000dc400000, 0x00000000eb700000)
  object space 425984K, 82% used [0x00000000c2400000,0x00000000d7a24fc0,0x00000000dc400000)
 Metaspace       used 11515K, capacity 11752K, committed 11904K, reserved 1060864K
  class space    used 1290K, capacity 1354K, committed 1408K, reserved 1048576K
}
Event: 889.006 GC heap before
{Heap before GC invocations=21 (full 6):
 PSYoungGen      total 282112K, used 281926K [0x00000000eb700000, 0x0000000100000000, 0x0000000100000000)
  eden space 243712K, 100% used [0x00000000eb700000,0x00000000fa500000,0x00000000fa500000)
  from space 38400K, 99% used [0x00000000fd000000,0x00000000ff551880,0x00000000ff580000)
  to   space 44032K, 0% used [0x00000000fa500000,0x00000000fa500000,0x00000000fd000000)
 ParOldGen       total 425984K, used 350355K [0x00000000c2400000, 0x00000000dc400000, 0x00000000eb700000)
  object space 425984K, 82% used [0x00000000c2400000,0x00000000d7a24fe0,0x00000000dc400000)
 Metaspace       used 11589K, capacity 11816K, committed 12160K, reserved 1060864K
  class space    used 1290K, capacity 1354K, committed 1408K, reserved 1048576K
Event: 889.062 GC heap after
Heap after GC invocations=21 (full 6):
 PSYoungGen      total 287744K, used 44009K [0x00000000eb700000, 0x0000000100000000, 0x0000000100000000)
  eden space 243712K, 0% used [0x00000000eb700000,0x00000000eb700000,0x00000000fa500000)
  from space 44032K, 99% used [0x00000000fa500000,0x00000000fcffa600,0x00000000fd000000)
  to   space 49152K, 0% used [0x00000000fd000000,0x00000000fd000000,0x0000000100000000)
 ParOldGen       total 434176K, used 433396K [0x00000000c2400000, 0x00000000dcc00000, 0x00000000eb700000)
  object space 434176K, 99% used [0x00000000c2400000,0x00000000dcb3d080,0x00000000dcc00000)
 Metaspace       used 11589K, capacity 11816K, committed 12160K, reserved 1060864K
  class space    used 1290K, capacity 1354K, committed 1408K, reserved 1048576K
}
Event: 889.062 GC heap before
{Heap before GC invocations=22 (full 7):
 PSYoungGen      total 287744K, used 44009K [0x00000000eb700000, 0x0000000100000000, 0x0000000100000000)
  eden space 243712K, 0% used [0x00000000eb700000,0x00000000eb700000,0x00000000fa500000)
  from space 44032K, 99% used [0x00000000fa500000,0x00000000fcffa600,0x00000000fd000000)
  to   space 49152K, 0% used [0x00000000fd000000,0x00000000fd000000,0x0000000100000000)
 ParOldGen       total 434176K, used 433396K [0x00000000c2400000, 0x00000000dcc00000, 0x00000000eb700000)
  object space 434176K, 99% used [0x00000000c2400000,0x00000000dcb3d080,0x00000000dcc00000)
 Metaspace       used 11589K, capacity 11816K, committed 12160K, reserved 1060864K
  class space    used 1290K, capacity 1354K, committed 1408K, reserved 1048576K

Deoptimization events (5 events):
Event: 863.349 Thread 0x00007fd1d8002000 Uncommon trap: reason=unstable_if action=reinterpret pc=0x00007fd219216c90 method=java.awt.image.AreaAveragingScaleFilter.accumPixels(IIIILjava/awt/image/ColorModel;Ljava/lang/Object;II)V @ 4
Event: 863.350 Thread 0x00007fd1d8002000 Uncommon trap: reason=unstable_if action=reinterpret pc=0x00007fd219212024 method=java.awt.image.AreaAveragingScaleFilter.calcRow()[I @ 16
Event: 863.350 Thread 0x00007fd1d8002000 Uncommon trap: reason=unstable_if action=reinterpret pc=0x00007fd2191fcf20 method=sun.awt.image.IntegerInterleavedRaster.getDataElements(IILjava/lang/Object;)Ljava/lang/Object; @ 43
Event: 863.352 Thread 0x00007fd1d8002000 Uncommon trap: reason=unstable_if action=reinterpret pc=0x00007fd219202b7c method=sun.awt.image.ImageRepresentation.convertToRGB()V @ 145
Event: 863.469 Thread 0x00007fd1d8002000 Uncommon trap: reason=range_check action=make_not_entrant pc=0x00007fd21921c8e0 method=java.awt.image.DirectColorModel.setFields()V @ 65

Internal exceptions (10 events):
Event: 0.098 Thread 0x00007fd228009800 Exception <a 'java/security/PrivilegedActionException'> (0x00000000eb7fa040) thrown at [/HUDSON/workspace/8-2-build-linux-amd64/jdk8u151/9699/hotspot/src/share/vm/prims/jvm.cpp, line 1390]
Event: 0.099 Thread 0x00007fd228009800 Exception <a 'java/security/PrivilegedActionException'> (0x00000000eb7fc558) thrown at [/HUDSON/workspace/8-2-build-linux-amd64/jdk8u151/9699/hotspot/src/share/vm/prims/jvm.cpp, line 1390]
Event: 0.099 Thread 0x00007fd228009800 Exception <a 'java/security/PrivilegedActionException'> (0x00000000eb7fc768) thrown at [/HUDSON/workspace/8-2-build-linux-amd64/jdk8u151/9699/hotspot/src/share/vm/prims/jvm.cpp, line 1390]
Event: 0.132 Thread 0x00007fd228009800 Exception <a 'java/lang/NoSuchFieldError': method resolution failed> (0x00000000eb8cb6c8) thrown at [/HUDSON/workspace/8-2-build-linux-amd64/jdk8u151/9699/hotspot/src/share/vm/prims/methodHandles.cpp, line 1146]
Event: 0.138 Thread 0x00007fd228009800 Exception <a 'java/lang/NoSuchFieldError': method resolution failed> (0x00000000eb8d8e98) thrown at [/HUDSON/workspace/8-2-build-linux-amd64/jdk8u151/9699/hotspot/src/share/vm/prims/methodHandles.cpp, line 1146]
Event: 0.151 Thread 0x00007fd228009800 Exception <a 'java/io/FileNotFoundException'> (0x00000000eb959228) thrown at [/HUDSON/workspace/8-2-build-linux-amd64/jdk8u151/9699/hotspot/src/share/vm/prims/jni.cpp, line 709]
Event: 0.151 Thread 0x00007fd228009800 Exception <a 'java/io/FileNotFoundException'> (0x00000000eb959be0) thrown at [/HUDSON/workspace/8-2-build-linux-amd64/jdk8u151/9699/hotspot/src/share/vm/prims/jni.cpp, line 709]
Event: 1.166 Thread 0x00007fd2282d7800 Exception <a 'java/lang/UnsupportedOperationException': > (0x00000000eb85db78) thrown at [/HUDSON/workspace/8-2-build-linux-amd64/jdk8u151/9699/hotspot/src/share/vm/prims/jni.cpp, line 735]
Event: 863.350 Thread 0x00007fd1d8002000 Implicit null exception at 0x00007fd219211aa0 to 0x00007fd21921200d
Event: 863.350 Thread 0x00007fd1d8002000 Implicit null exception at 0x00007fd2191fcd9a to 0x00007fd2191fcf05

Events (10 events):
Event: 880.491 Executing VM operation: ParallelGCFailedAllocation
Event: 880.605 Executing VM operation: ParallelGCFailedAllocation done
Event: 884.089 Executing VM operation: ParallelGCFailedAllocation
Event: 884.151 Executing VM operation: ParallelGCFailedAllocation done
Event: 884.153 Thread 0x00007fd22813e800 flushing nmethod 0x00007fd219119f50
Event: 885.036 Thread 0x00007fd22813e800 flushing nmethod 0x00007fd21922e310
Event: 885.037 Thread 0x00007fd22813e800 flushing nmethod 0x00007fd21923d710
Event: 889.006 Executing VM operation: ParallelGCFailedAllocation
Event: 889.006 Executing VM operation: ParallelGCFailedAllocation done
Event: 889.006 Executing VM operation: ParallelGCSystemGC


Dynamic libraries:
00400000-00401000 r-xp 00000000 08:01 547970                             /usr/lib/jvm/java-8-oracle/jre/bin/java
00600000-00601000 rw-p 00000000 08:01 547970                             /usr/lib/jvm/java-8-oracle/jre/bin/java
019bd000-01ca9000 rw-p 00000000 00:00 0                                  [heap]
c2400000-dcc00000 rw-p 00000000 00:00 0 
e4980000-eb700000 ---p 00000000 00:00 0 
eb700000-100000000 rw-p 00000000 00:00 0 
100000000-100160000 rw-p 00000000 00:00 0 
100160000-140000000 ---p 00000000 00:00 0 
7fd1d0000000-7fd1d0089000 rw-p 00000000 00:00 0 
7fd1d0089000-7fd1d4000000 ---p 00000000 00:00 0 
7fd1d8000000-7fd1d8025000 rw-p 00000000 00:00 0 
7fd1d8025000-7fd1dc000000 ---p 00000000 00:00 0 
7fd1dc000000-7fd1dc029000 rw-p 00000000 00:00 0 
7fd1dc029000-7fd1e0000000 ---p 00000000 00:00 0 
7fd1e0fff000-7fd1e4000000 rw-p 00000000 00:00 0 
7fd1e4000000-7fd1e4021000 rw-p 00000000 00:00 0 
7fd1e4021000-7fd1e8000000 ---p 00000000 00:00 0 
7fd1e8000000-7fd1e8021000 rw-p 00000000 00:00 0 
7fd1e8021000-7fd1ec000000 ---p 00000000 00:00 0 
7fd1ece91000-7fd1ecf11000 rw-p 00000000 00:00 0 
7fd1ecf11000-7fd1ed091000 ---p 00000000 00:00 0 
7fd1ed091000-7fd1ed094000 ---p 00000000 00:00 0 
7fd1ed094000-7fd1ed192000 rw-p 00000000 00:00 0 
7fd1ed192000-7fd1ed195000 ---p 00000000 00:00 0 
7fd1ed195000-7fd1ed293000 rw-p 00000000 00:00 0 
7fd1ed293000-7fd1ed388000 rw-s 00000000 00:05 2752531                    /SYSV00000000 (deleted)
7fd1ed388000-7fd1ed3f1000 r-xp 00000000 08:01 548253                     /usr/lib/jvm/java-8-oracle/jre/lib/amd64/libt2k.so
7fd1ed3f1000-7fd1ed5f1000 ---p 00069000 08:01 548253                     /usr/lib/jvm/java-8-oracle/jre/lib/amd64/libt2k.so
7fd1ed5f1000-7fd1ed5f8000 rw-p 00069000 08:01 548253                     /usr/lib/jvm/java-8-oracle/jre/lib/amd64/libt2k.so
7fd1ed5f8000-7fd1ed608000 rw-p 00000000 00:00 0 
7fd1ed608000-7fd1ed60b000 ---p 00000000 00:00 0 
7fd1ed60b000-7fd1ed709000 rw-p 00000000 00:00 0 
7fd1ed709000-7fd1ed70c000 ---p 00000000 00:00 0 
7fd1ed70c000-7fd1ed80a000 rw-p 00000000 00:00 0 
7fd1ed80a000-7fd1ed845000 r-xp 00000000 08:01 548237                     /usr/lib/jvm/java-8-oracle/jre/lib/amd64/libjpeg.so
7fd1ed845000-7fd1eda44000 ---p 0003b000 08:01 548237                     /usr/lib/jvm/java-8-oracle/jre/lib/amd64/libjpeg.so
7fd1eda44000-7fd1eda45000 rw-p 0003a000 08:01 548237                     /usr/lib/jvm/java-8-oracle/jre/lib/amd64/libjpeg.so
7fd1eda45000-7fd1eda48000 ---p 00000000 00:00 0 
7fd1eda48000-7fd1edd46000 rw-p 00000000 00:00 0 
7fd1edd46000-7fd1edd5d000 r-xp 00000000 08:01 548290                     /usr/lib/jvm/java-8-oracle/jre/lib/amd64/libnet.so
7fd1edd5d000-7fd1edf5c000 ---p 00017000 08:01 548290                     /usr/lib/jvm/java-8-oracle/jre/lib/amd64/libnet.so
7fd1edf5c000-7fd1edf5d000 rw-p 00016000 08:01 548290                     /usr/lib/jvm/java-8-oracle/jre/lib/amd64/libnet.so
7fd1edf5d000-7fd1edf6e000 r-xp 00000000 08:01 548293                     /usr/lib/jvm/java-8-oracle/jre/lib/amd64/libnio.so
7fd1edf6e000-7fd1ee16d000 ---p 00011000 08:01 548293                     /usr/lib/jvm/java-8-oracle/jre/lib/amd64/libnio.so
7fd1ee16d000-7fd1ee16e000 rw-p 00010000 08:01 548293                     /usr/lib/jvm/java-8-oracle/jre/lib/amd64/libnio.so
7fd1ee16e000-7fd1ee171000 ---p 00000000 00:00 0 
7fd1ee171000-7fd1ee26f000 rw-p 00000000 00:00 0 
7fd1ee26f000-7fd1ee274000 r-xp 00000000 08:01 405325                     /usr/lib/x86_64-linux-gnu/libXfixes.so.3.1.0
7fd1ee274000-7fd1ee473000 ---p 00005000 08:01 405325                     /usr/lib/x86_64-linux-gnu/libXfixes.so.3.1.0
7fd1ee473000-7fd1ee474000 r--p 00004000 08:01 405325                     /usr/lib/x86_64-linux-gnu/libXfixes.so.3.1.0
7fd1ee474000-7fd1ee475000 rw-p 00005000 08:01 405325                     /usr/lib/x86_64-linux-gnu/libXfixes.so.3.1.0
7fd1ee475000-7fd1ee47e000 r-xp 00000000 08:01 405317                     /usr/lib/x86_64-linux-gnu/libXcursor.so.1.0.2
7fd1ee47e000-7fd1ee67d000 ---p 00009000 08:01 405317                     /usr/lib/x86_64-linux-gnu/libXcursor.so.1.0.2
7fd1ee67d000-7fd1ee67e000 r--p 00008000 08:01 405317                     /usr/lib/x86_64-linux-gnu/libXcursor.so.1.0.2
7fd1ee67e000-7fd1ee67f000 rw-p 00009000 08:01 405317                     /usr/lib/x86_64-linux-gnu/libXcursor.so.1.0.2
7fd1ee67f000-7fd1ee682000 ---p 00000000 00:00 0 
7fd1ee682000-7fd1ee780000 rw-p 00000000 00:00 0 
7fd1ee780000-7fd1ee796000 r-xp 00000000 08:01 1054330                    /lib/x86_64-linux-gnu/libgcc_s.so.1
7fd1ee796000-7fd1ee995000 ---p 00016000 08:01 1054330                    /lib/x86_64-linux-gnu/libgcc_s.so.1
7fd1ee995000-7fd1ee996000 rw-p 00015000 08:01 1054330                    /lib/x86_64-linux-gnu/libgcc_s.so.1
7fd1ee996000-7fd1ee9fb000 r-xp 00000000 08:01 548271                     /usr/lib/jvm/java-8-oracle/jre/lib/amd64/libfontmanager.so
7fd1ee9fb000-7fd1eebfa000 ---p 00065000 08:01 548271                     /usr/lib/jvm/java-8-oracle/jre/lib/amd64/libfontmanager.so
7fd1eebfa000-7fd1eebff000 rw-p 00064000 08:01 548271                     /usr/lib/jvm/java-8-oracle/jre/lib/amd64/libfontmanager.so
7fd1eebff000-7fd1eec0f000 rw-p 00000000 00:00 0 
7fd1eec0f000-7fd1eec14000 r-xp 00000000 08:01 405321                     /usr/lib/x86_64-linux-gnu/libXdmcp.so.6.0.0
7fd1eec14000-7fd1eee13000 ---p 00005000 08:01 405321                     /usr/lib/x86_64-linux-gnu/libXdmcp.so.6.0.0
7fd1eee13000-7fd1eee14000 r--p 00004000 08:01 405321                     /usr/lib/x86_64-linux-gnu/libXdmcp.so.6.0.0
7fd1eee14000-7fd1eee15000 rw-p 00005000 08:01 405321                     /usr/lib/x86_64-linux-gnu/libXdmcp.so.6.0.0
7fd1eee15000-7fd1eee17000 r-xp 00000000 08:01 405310                     /usr/lib/x86_64-linux-gnu/libXau.so.6.0.0
7fd1eee17000-7fd1ef017000 ---p 00002000 08:01 405310                     /usr/lib/x86_64-linux-gnu/libXau.so.6.0.0
7fd1ef017000-7fd1ef018000 r--p 00002000 08:01 405310                     /usr/lib/x86_64-linux-gnu/libXau.so.6.0.0
7fd1ef018000-7fd1ef019000 rw-p 00003000 08:01 405310                     /usr/lib/x86_64-linux-gnu/libXau.so.6.0.0
7fd1ef019000-7fd1ef03a000 r-xp 00000000 08:01 406728                     /usr/lib/x86_64-linux-gnu/libxcb.so.1.1.0
7fd1ef03a000-7fd1ef239000 ---p 00021000 08:01 406728                     /usr/lib/x86_64-linux-gnu/libxcb.so.1.1.0
7fd1ef239000-7fd1ef23a000 r--p 00020000 08:01 406728                     /usr/lib/x86_64-linux-gnu/libxcb.so.1.1.0
7fd1ef23a000-7fd1ef23b000 rw-p 00021000 08:01 406728                     /usr/lib/x86_64-linux-gnu/libxcb.so.1.1.0
7fd1ef23b000-7fd1ef24a000 r-xp 00000000 08:01 405333                     /usr/lib/x86_64-linux-gnu/libXi.so.6.1.0
7fd1ef24a000-7fd1ef449000 ---p 0000f000 08:01 405333                     /usr/lib/x86_64-linux-gnu/libXi.so.6.1.0
7fd1ef449000-7fd1ef44a000 r--p 0000e000 08:01 405333                     /usr/lib/x86_64-linux-gnu/libXi.so.6.1.0
7fd1ef44a000-7fd1ef44b000 rw-p 0000f000 08:01 405333                     /usr/lib/x86_64-linux-gnu/libXi.so.6.1.0
7fd1ef44b000-7fd1ef450000 r-xp 00000000 08:01 405351                     /usr/lib/x86_64-linux-gnu/libXtst.so.6.1.0
7fd1ef450000-7fd1ef64f000 ---p 00005000 08:01 405351                     /usr/lib/x86_64-linux-gnu/libXtst.so.6.1.0
7fd1ef64f000-7fd1ef650000 r--p 00004000 08:01 405351                     /usr/lib/x86_64-linux-gnu/libXtst.so.6.1.0
7fd1ef650000-7fd1ef651000 rw-p 00005000 08:01 405351                     /usr/lib/x86_64-linux-gnu/libXtst.so.6.1.0
7fd1ef651000-7fd1ef65a000 r-xp 00000000 08:01 405345                     /usr/lib/x86_64-linux-gnu/libXrender.so.1.3.0
7fd1ef65a000-7fd1ef859000 ---p 00009000 08:01 405345                     /usr/lib/x86_64-linux-gnu/libXrender.so.1.3.0
7fd1ef859000-7fd1ef85a000 r--p 00008000 08:01 405345                     /usr/lib/x86_64-linux-gnu/libXrender.so.1.3.0
7fd1ef85a000-7fd1ef85b000 rw-p 00009000 08:01 405345                     /usr/lib/x86_64-linux-gnu/libXrender.so.1.3.0
7fd1ef85b000-7fd1ef990000 r-xp 00000000 08:01 405306                     /usr/lib/x86_64-linux-gnu/libX11.so.6.3.0
7fd1ef990000-7fd1efb90000 ---p 00135000 08:01 405306                     /usr/lib/x86_64-linux-gnu/libX11.so.6.3.0
7fd1efb90000-7fd1efb91000 r--p 00135000 08:01 405306                     /usr/lib/x86_64-linux-gnu/libX11.so.6.3.0
7fd1efb91000-7fd1efb95000 rw-p 00136000 08:01 405306                     /usr/lib/x86_64-linux-gnu/libX11.so.6.3.0
7fd1efb95000-7fd1efba6000 r-xp 00000000 08:01 405323                     /usr/lib/x86_64-linux-gnu/libXext.so.6.4.0
7fd1efba6000-7fd1efda5000 ---p 00011000 08:01 405323                     /usr/lib/x86_64-linux-gnu/libXext.so.6.4.0
7fd1efda5000-7fd1efda6000 r--p 00010000 08:01 405323                     /usr/lib/x86_64-linux-gnu/libXext.so.6.4.0
7fd1efda6000-7fd1efda7000 rw-p 00011000 08:01 405323                     /usr/lib/x86_64-linux-gnu/libXext.so.6.4.0
7fd1efda7000-7fd1efdfb000 r-xp 00000000 08:01 548297                     /usr/lib/jvm/java-8-oracle/jre/lib/amd64/libawt_xawt.so
7fd1efdfb000-7fd1efffb000 ---p 00054000 08:01 548297                     /usr/lib/jvm/java-8-oracle/jre/lib/amd64/libawt_xawt.so
7fd1efffb000-7fd1effff000 rw-p 00054000 08:01 548297                     /usr/lib/jvm/java-8-oracle/jre/lib/amd64/libawt_xawt.so
7fd1effff000-7fd1f0000000 rw-p 00000000 00:00 0 
7fd1f0000000-7fd1f02f4000 rw-p 00000000 00:00 0 
7fd1f02f4000-7fd1f4000000 ---p 00000000 00:00 0 
7fd1f4000000-7fd1f4021000 rw-p 00000000 00:00 0 
7fd1f4021000-7fd1f8000000 ---p 00000000 00:00 0 
7fd1f8000000-7fd1f8021000 rw-p 00000000 00:00 0 
7fd1f8021000-7fd1fc000000 ---p 00000000 00:00 0 
7fd1fc000000-7fd1fc30e000 rw-p 00000000 00:00 0 
7fd1fc30e000-7fd200000000 ---p 00000000 00:00 0 
7fd200000000-7fd200021000 rw-p 00000000 00:00 0 
7fd200021000-7fd204000000 ---p 00000000 00:00 0 
7fd204000000-7fd204021000 rw-p 00000000 00:00 0 
7fd204021000-7fd208000000 ---p 00000000 00:00 0 
7fd208000000-7fd208021000 rw-p 00000000 00:00 0 
7fd208021000-7fd20c000000 ---p 00000000 00:00 0 
7fd20c000000-7fd20c28f000 rw-p 00000000 00:00 0 
7fd20c28f000-7fd210000000 ---p 00000000 00:00 0 
7fd210000000-7fd210021000 rw-p 00000000 00:00 0 
7fd210021000-7fd214000000 ---p 00000000 00:00 0 
7fd2140ab000-7fd21414d000 r-xp 00000000 08:01 548283                     /usr/lib/jvm/java-8-oracle/jre/lib/amd64/libawt.so
7fd21414d000-7fd21434d000 ---p 000a2000 08:01 548283                     /usr/lib/jvm/java-8-oracle/jre/lib/amd64/libawt.so
7fd21434d000-7fd214359000 rw-p 000a2000 08:01 548283                     /usr/lib/jvm/java-8-oracle/jre/lib/amd64/libawt.so
7fd214359000-7fd21437d000 rw-p 00000000 00:00 0 
7fd21437d000-7fd21437e000 ---p 00000000 00:00 0 
7fd21437e000-7fd21447e000 rw-p 00000000 00:00 0 
7fd21447e000-7fd214481000 ---p 00000000 00:00 0 
7fd214481000-7fd21457f000 rw-p 00000000 00:00 0 
7fd21457f000-7fd214582000 ---p 00000000 00:00 0 
7fd214582000-7fd214680000 rw-p 00000000 00:00 0 
7fd214680000-7fd214683000 ---p 00000000 00:00 0 
7fd214683000-7fd214781000 rw-p 00000000 00:00 0 
7fd214781000-7fd214784000 ---p 00000000 00:00 0 
7fd214784000-7fd214882000 rw-p 00000000 00:00 0 
7fd214882000-7fd215241000 r--p 00000000 08:01 402562                     /usr/lib/locale/locale-archive
7fd215241000-7fd215244000 ---p 00000000 00:00 0 
7fd215244000-7fd215342000 rw-p 00000000 00:00 0 
7fd215342000-7fd215345000 ---p 00000000 00:00 0 
7fd215345000-7fd215443000 rw-p 00000000 00:00 0 
7fd215443000-7fd215444000 ---p 00000000 00:00 0 
7fd215444000-7fd215e4d000 rw-p 00000000 00:00 0 
7fd215e4d000-7fd216026000 r--s 03d5a000 08:01 548226                     /usr/lib/jvm/java-8-oracle/jre/lib/rt.jar
7fd216026000-7fd2188f4000 rw-p 00000000 00:00 0 
7fd2188f4000-7fd2188f5000 ---p 00000000 00:00 0 
7fd2188f5000-7fd2189f5000 rw-p 00000000 00:00 0 
7fd2189f5000-7fd2189f6000 ---p 00000000 00:00 0 
7fd2189f6000-7fd218bca000 rw-p 00000000 00:00 0 
7fd218bca000-7fd218c40000 ---p 00000000 00:00 0 
7fd218c40000-7fd218c50000 rw-p 00000000 00:00 0 
7fd218c50000-7fd219000000 ---p 00000000 00:00 0 
7fd219000000-7fd2193e0000 rwxp 00000000 00:00 0 
7fd2193e0000-7fd228000000 ---p 00000000 00:00 0 
7fd228000000-7fd228309000 rw-p 00000000 00:00 0 
7fd228309000-7fd22c000000 ---p 00000000 00:00 0 
7fd22c02c000-7fd22c176000 rw-p 00000000 00:00 0 
7fd22c176000-7fd22c1eb000 ---p 00000000 00:00 0 
7fd22c1eb000-7fd22c290000 rw-p 00000000 00:00 0 
7fd22c290000-7fd22c291000 rw-p 00000000 00:00 0 
7fd22c291000-7fd22c2ac000 r-xp 00000000 08:01 548286                     /usr/lib/jvm/java-8-oracle/jre/lib/amd64/libzip.so
7fd22c2ac000-7fd22c4ac000 ---p 0001b000 08:01 548286                     /usr/lib/jvm/java-8-oracle/jre/lib/amd64/libzip.so
7fd22c4ac000-7fd22c4ad000 rw-p 0001b000 08:01 548286                     /usr/lib/jvm/java-8-oracle/jre/lib/amd64/libzip.so
7fd22c4ad000-7fd22c4b8000 r-xp 00000000 08:01 1054391                    /lib/x86_64-linux-gnu/libnss_files-2.23.so
7fd22c4b8000-7fd22c6b7000 ---p 0000b000 08:01 1054391                    /lib/x86_64-linux-gnu/libnss_files-2.23.so
7fd22c6b7000-7fd22c6b8000 r--p 0000a000 08:01 1054391                    /lib/x86_64-linux-gnu/libnss_files-2.23.so
7fd22c6b8000-7fd22c6b9000 rw-p 0000b000 08:01 1054391                    /lib/x86_64-linux-gnu/libnss_files-2.23.so
7fd22c6b9000-7fd22c6bf000 rw-p 00000000 00:00 0 
7fd22c6bf000-7fd22c6ca000 r-xp 00000000 08:01 1054401                    /lib/x86_64-linux-gnu/libnss_nis-2.23.so
7fd22c6ca000-7fd22c8c9000 ---p 0000b000 08:01 1054401                    /lib/x86_64-linux-gnu/libnss_nis-2.23.so
7fd22c8c9000-7fd22c8ca000 r--p 0000a000 08:01 1054401                    /lib/x86_64-linux-gnu/libnss_nis-2.23.so
7fd22c8ca000-7fd22c8cb000 rw-p 0000b000 08:01 1054401                    /lib/x86_64-linux-gnu/libnss_nis-2.23.so
7fd22c8cb000-7fd22c8e1000 r-xp 00000000 08:01 1054385                    /lib/x86_64-linux-gnu/libnsl-2.23.so
7fd22c8e1000-7fd22cae0000 ---p 00016000 08:01 1054385                    /lib/x86_64-linux-gnu/libnsl-2.23.so
7fd22cae0000-7fd22cae1000 r--p 00015000 08:01 1054385                    /lib/x86_64-linux-gnu/libnsl-2.23.so
7fd22cae1000-7fd22cae2000 rw-p 00016000 08:01 1054385                    /lib/x86_64-linux-gnu/libnsl-2.23.so
7fd22cae2000-7fd22cae4000 rw-p 00000000 00:00 0 
7fd22cae4000-7fd22caec000 r-xp 00000000 08:01 1054387                    /lib/x86_64-linux-gnu/libnss_compat-2.23.so
7fd22caec000-7fd22cceb000 ---p 00008000 08:01 1054387                    /lib/x86_64-linux-gnu/libnss_compat-2.23.so
7fd22cceb000-7fd22ccec000 r--p 00007000 08:01 1054387                    /lib/x86_64-linux-gnu/libnss_compat-2.23.so
7fd22ccec000-7fd22cced000 rw-p 00008000 08:01 1054387                    /lib/x86_64-linux-gnu/libnss_compat-2.23.so
7fd22cced000-7fd22cd18000 r-xp 00000000 08:01 548280                     /usr/lib/jvm/java-8-oracle/jre/lib/amd64/libjava.so
7fd22cd18000-7fd22cf17000 ---p 0002b000 08:01 548280                     /usr/lib/jvm/java-8-oracle/jre/lib/amd64/libjava.so
7fd22cf17000-7fd22cf19000 rw-p 0002a000 08:01 548280                     /usr/lib/jvm/java-8-oracle/jre/lib/amd64/libjava.so
7fd22cf19000-7fd22cf26000 r-xp 00000000 08:01 548285                     /usr/lib/jvm/java-8-oracle/jre/lib/amd64/libverify.so
7fd22cf26000-7fd22d126000 ---p 0000d000 08:01 548285                     /usr/lib/jvm/java-8-oracle/jre/lib/amd64/libverify.so
7fd22d126000-7fd22d128000 rw-p 0000d000 08:01 548285                     /usr/lib/jvm/java-8-oracle/jre/lib/amd64/libverify.so
7fd22d128000-7fd22d12f000 r-xp 00000000 08:01 1054446                    /lib/x86_64-linux-gnu/librt-2.23.so
7fd22d12f000-7fd22d32e000 ---p 00007000 08:01 1054446                    /lib/x86_64-linux-gnu/librt-2.23.so
7fd22d32e000-7fd22d32f000 r--p 00006000 08:01 1054446                    /lib/x86_64-linux-gnu/librt-2.23.so
7fd22d32f000-7fd22d330000 rw-p 00007000 08:01 1054446                    /lib/x86_64-linux-gnu/librt-2.23.so
7fd22d330000-7fd22d438000 r-xp 00000000 08:01 1054362                    /lib/x86_64-linux-gnu/libm-2.23.so
7fd22d438000-7fd22d637000 ---p 00108000 08:01 1054362                    /lib/x86_64-linux-gnu/libm-2.23.so
7fd22d637000-7fd22d638000 r--p 00107000 08:01 1054362                    /lib/x86_64-linux-gnu/libm-2.23.so
7fd22d638000-7fd22d639000 rw-p 00108000 08:01 1054362                    /lib/x86_64-linux-gnu/libm-2.23.so
7fd22d639000-7fd22e30c000 r-xp 00000000 08:01 548263                     /usr/lib/jvm/java-8-oracle/jre/lib/amd64/server/libjvm.so
7fd22e30c000-7fd22e50b000 ---p 00cd3000 08:01 548263                     /usr/lib/jvm/java-8-oracle/jre/lib/amd64/server/libjvm.so
7fd22e50b000-7fd22e5e5000 rw-p 00cd2000 08:01 548263                     /usr/lib/jvm/java-8-oracle/jre/lib/amd64/server/libjvm.so
7fd22e5e5000-7fd22e630000 rw-p 00000000 00:00 0 
7fd22e630000-7fd22e7f0000 r-xp 00000000 08:01 1054292                    /lib/x86_64-linux-gnu/libc-2.23.so
7fd22e7f0000-7fd22e9f0000 ---p 001c0000 08:01 1054292                    /lib/x86_64-linux-gnu/libc-2.23.so
7fd22e9f0000-7fd22e9f4000 r--p 001c0000 08:01 1054292                    /lib/x86_64-linux-gnu/libc-2.23.so
7fd22e9f4000-7fd22e9f6000 rw-p 001c4000 08:01 1054292                    /lib/x86_64-linux-gnu/libc-2.23.so
7fd22e9f6000-7fd22e9fa000 rw-p 00000000 00:00 0 
7fd22e9fa000-7fd22e9fd000 r-xp 00000000 08:01 1054316                    /lib/x86_64-linux-gnu/libdl-2.23.so
7fd22e9fd000-7fd22ebfc000 ---p 00003000 08:01 1054316                    /lib/x86_64-linux-gnu/libdl-2.23.so
7fd22ebfc000-7fd22ebfd000 r--p 00002000 08:01 1054316                    /lib/x86_64-linux-gnu/libdl-2.23.so
7fd22ebfd000-7fd22ebfe000 rw-p 00003000 08:01 1054316                    /lib/x86_64-linux-gnu/libdl-2.23.so
7fd22ebfe000-7fd22ec14000 r-xp 00000000 08:01 548258                     /usr/lib/jvm/java-8-oracle/jre/lib/amd64/jli/libjli.so
7fd22ec14000-7fd22ee13000 ---p 00016000 08:01 548258                     /usr/lib/jvm/java-8-oracle/jre/lib/amd64/jli/libjli.so
7fd22ee13000-7fd22ee14000 rw-p 00015000 08:01 548258                     /usr/lib/jvm/java-8-oracle/jre/lib/amd64/jli/libjli.so
7fd22ee14000-7fd22ee2c000 r-xp 00000000 08:01 1054438                    /lib/x86_64-linux-gnu/libpthread-2.23.so
7fd22ee2c000-7fd22f02b000 ---p 00018000 08:01 1054438                    /lib/x86_64-linux-gnu/libpthread-2.23.so
7fd22f02b000-7fd22f02c000 r--p 00017000 08:01 1054438                    /lib/x86_64-linux-gnu/libpthread-2.23.so
7fd22f02c000-7fd22f02d000 rw-p 00018000 08:01 1054438                    /lib/x86_64-linux-gnu/libpthread-2.23.so
7fd22f02d000-7fd22f031000 rw-p 00000000 00:00 0 
7fd22f031000-7fd22f057000 r-xp 00000000 08:01 1054264                    /lib/x86_64-linux-gnu/ld-2.23.so
7fd22f077000-7fd22f135000 rw-p 00000000 00:00 0 
7fd22f135000-7fd22f138000 ---p 00000000 00:00 0 
7fd22f138000-7fd22f23a000 rw-p 00000000 00:00 0 
7fd22f23e000-7fd22f243000 r--s 0009a000 08:01 548231                     /usr/lib/jvm/java-8-oracle/jre/lib/jsse.jar
7fd22f243000-7fd22f248000 r--s 002f9000 08:01 548224                     /usr/lib/jvm/java-8-oracle/jre/lib/charsets.jar
7fd22f248000-7fd22f24a000 r--s 00002000 08:01 1204135                    /home/andrew/Desktop/village_serial/Ebola_visual.jar
7fd22f24a000-7fd22f252000 rw-s 00000000 08:01 269696                     /tmp/hsperfdata_andrew/3157
7fd22f252000-7fd22f253000 rw-p 00000000 00:00 0 
7fd22f253000-7fd22f254000 ---p 00000000 00:00 0 
7fd22f254000-7fd22f256000 rw-p 00000000 00:00 0 
7fd22f256000-7fd22f257000 r--p 00025000 08:01 1054264                    /lib/x86_64-linux-gnu/ld-2.23.so
7fd22f257000-7fd22f258000 rw-p 00026000 08:01 1054264                    /lib/x86_64-linux-gnu/ld-2.23.so
7fd22f258000-7fd22f259000 rw-p 00000000 00:00 0 
7ffc0df1f000-7ffc0df40000 rw-p 00000000 00:00 0                          [stack]
7ffc0dfc2000-7ffc0dfc4000 r--p 00000000 00:00 0                          [vvar]
7ffc0dfc4000-7ffc0dfc6000 r-xp 00000000 00:00 0                          [vdso]
ffffffffff600000-ffffffffff601000 r-xp 00000000 00:00 0                  [vsyscall]

VM Arguments:
java_command: Ebola_visual.jar
java_class_path (initial): Ebola_visual.jar
Launcher Type: SUN_STANDARD

Environment Variables:
JAVA_HOME=/usr/lib/jvm/java-8-oracle
PATH=/home/andrew/bin:/home/andrew/.local/bin:/usr/local/sbin:/usr/local/bin:/usr/sbin:/usr/bin:/sbin:/bin:/usr/games:/usr/local/games:/snap/bin:/usr/lib/jvm/java-8-oracle/bin:/usr/lib/jvm/java-8-oracle/db/bin:/usr/lib/jvm/java-8-oracle/jre/bin
SHELL=/bin/bash
DISPLAY=:0

Signal Handlers:
SIGSEGV: [libjvm.so+0xacbe10], sa_mask[0]=11111111011111111101111111111110, sa_flags=SA_RESTART|SA_SIGINFO
SIGBUS: [libjvm.so+0xacbe10], sa_mask[0]=11111111011111111101111111111110, sa_flags=SA_RESTART|SA_SIGINFO
SIGFPE: [libjvm.so+0x924f90], sa_mask[0]=11111111011111111101111111111110, sa_flags=SA_RESTART|SA_SIGINFO
SIGPIPE: [libjvm.so+0x924f90], sa_mask[0]=11111111011111111101111111111110, sa_flags=SA_RESTART|SA_SIGINFO
SIGXFSZ: [libjvm.so+0x924f90], sa_mask[0]=11111111011111111101111111111110, sa_flags=SA_RESTART|SA_SIGINFO
SIGILL: [libjvm.so+0x924f90], sa_mask[0]=11111111011111111101111111111110, sa_flags=SA_RESTART|SA_SIGINFO
SIGUSR1: SIG_DFL, sa_mask[0]=00000000000000000000000000000000, sa_flags=none
SIGUSR2: [libjvm.so+0x9267d0], sa_mask[0]=00000000000000000000000000000000, sa_flags=SA_RESTART|SA_SIGINFO
SIGHUP: [libjvm.so+0x927bd0], sa_mask[0]=11111111011111111101111111111110, sa_flags=SA_RESTART|SA_SIGINFO
SIGINT: [libjvm.so+0x927bd0], sa_mask[0]=11111111011111111101111111111110, sa_flags=SA_RESTART|SA_SIGINFO
SIGTERM: [libjvm.so+0x927bd0], sa_mask[0]=11111111011111111101111111111110, sa_flags=SA_RESTART|SA_SIGINFO
SIGQUIT: [libjvm.so+0x927bd0], sa_mask[0]=11111111011111111101111111111110, sa_flags=SA_RESTART|SA_SIGINFO


---------------  S Y S T E M  ---------------

OS:DISTRIB_ID=Ubuntu
DISTRIB_RELEASE=16.04
DISTRIB_CODENAME=xenial
DISTRIB_DESCRIPTION="Ubuntu 16.04.3 LTS"

uname:Linux 4.10.0-37-generic #41~16.04.1-Ubuntu SMP Fri Oct 6 22:42:59 UTC 2017 x86_64
libc:glibc 2.23 NPTL 2.23 
rlimit: STACK 8192k, CORE 0k, NPROC 15623, NOFILE 1048576, AS infinity
load average:0.83 0.51 0.57

/proc/meminfo:
MemTotal:        4044220 kB
MemFree:          107272 kB
MemAvailable:      29956 kB
Buffers:             968 kB
Cached:            80244 kB
SwapCached:            0 kB
Active:          3763856 kB
Inactive:          50084 kB
Active(anon):    3733528 kB
Inactive(anon):    19588 kB
Active(file):      30328 kB
Inactive(file):    30496 kB
Unevictable:          64 kB
Mlocked:              64 kB
SwapTotal:             0 kB
SwapFree:              0 kB
Dirty:                72 kB
Writeback:             0 kB
AnonPages:       3732772 kB
Mapped:            72192 kB
Shmem:             20456 kB
Slab:              47728 kB
SReclaimable:      21836 kB
SUnreclaim:        25892 kB
KernelStack:        8864 kB
PageTables:        37460 kB
NFS_Unstable:          0 kB
Bounce:                0 kB
WritebackTmp:          0 kB
CommitLimit:     2022108 kB
Committed_AS:    7801968 kB
VmallocTotal:   34359738367 kB
VmallocUsed:           0 kB
VmallocChunk:          0 kB
HardwareCorrupted:     0 kB
AnonHugePages:   2142208 kB
ShmemHugePages:        0 kB
ShmemPmdMapped:        0 kB
CmaTotal:              0 kB
CmaFree:               0 kB
HugePages_Total:       0
HugePages_Free:        0
HugePages_Rsvd:        0
HugePages_Surp:        0
Hugepagesize:       2048 kB
DirectMap4k:      100288 kB
DirectMap2M:     4093952 kB


CPU:total 2 (initial active 2) (2 cores per cpu, 1 threads per core) family 6 model 60 stepping 3, cmov, cx8, fxsr, mmx, sse, sse2, sse3, ssse3, sse4.1, sse4.2, popcnt, avx, aes, clmul, lzcnt, tsc, tscinvbit

/proc/cpuinfo:
processor	: 0
vendor_id	: GenuineIntel
cpu family	: 6
model		: 60
model name	: Intel(R) Core(TM) i7-4600M CPU @ 2.90GHz
stepping	: 3
cpu MHz		: 2893.310
cache size	: 4096 KB
physical id	: 0
siblings	: 2
core id		: 0
cpu cores	: 2
apicid		: 0
initial apicid	: 0
fpu		: yes
fpu_exception	: yes
cpuid level	: 13
wp		: yes
flags		: fpu vme de pse tsc msr pae mce cx8 apic sep mtrr pge mca cmov pat pse36 clflush mmx fxsr sse sse2 ht syscall nx rdtscp lm constant_tsc rep_good nopl xtopology nonstop_tsc pni pclmulqdq ssse3 cx16 sse4_1 sse4_2 x2apic movbe popcnt aes xsave avx rdrand hypervisor lahf_lm abm
bugs		:
bogomips	: 5786.62
clflush size	: 64
cache_alignment	: 64
address sizes	: 39 bits physical, 48 bits virtual
power management:

processor	: 1
vendor_id	: GenuineIntel
cpu family	: 6
model		: 60
model name	: Intel(R) Core(TM) i7-4600M CPU @ 2.90GHz
stepping	: 3
cpu MHz		: 2893.310
cache size	: 4096 KB
physical id	: 0
siblings	: 2
core id		: 1
cpu cores	: 2
apicid		: 1
initial apicid	: 1
fpu		: yes
fpu_exception	: yes
cpuid level	: 13
wp		: yes
flags		: fpu vme de pse tsc msr pae mce cx8 apic sep mtrr pge mca cmov pat pse36 clflush mmx fxsr sse sse2 ht syscall nx rdtscp lm constant_tsc rep_good nopl xtopology nonstop_tsc pni pclmulqdq ssse3 cx16 sse4_1 sse4_2 x2apic movbe popcnt aes xsave avx rdrand hypervisor lahf_lm abm
bugs		:
bogomips	: 5786.62
clflush size	: 64
cache_alignment	: 64
address sizes	: 39 bits physical, 48 bits virtual
power management:



Memory: 4k page, physical 4044220k(107272k free), swap 0k(0k free)

vm_info: Java HotSpot(TM) 64-Bit Server VM (25.151-b12) for linux-amd64 JRE (1.8.0_151-b12), built on Sep  5 2017 19:20:58 by "java_re" with gcc 4.3.0 20080428 (Red Hat 4.3.0-8)

time: Thu Nov 30 21:44:15 2017
elapsed time: 889 seconds (0d 0h 14m 49s)

