#
# There is insufficient memory for the Java Runtime Environment to continue.
# Native memory allocation (mmap) failed to map 12288 bytes for committing reserved memory.
# Possible reasons:
#   The system is out of physical RAM or swap space
#   In 32 bit mode, the process size limit was hit
# Possible solutions:
#   Reduce memory load on the system
#   Increase physical memory or swap space
#   Check if swap backing store is full
#   Use 64 bit Java on a 64 bit OS
#   Decrease Java heap size (-Xmx/-Xms)
#   Decrease number of Java threads
#   Decrease Java thread stack sizes (-Xss)
#   Set larger code cache with -XX:ReservedCodeCacheSize=
# This output file may be truncated or incomplete.
#
#  Out of Memory Error (os_linux.cpp:2640), pid=15501, tid=0x00007fb12ef35700
#
# JRE version: Java(TM) SE Runtime Environment (8.0_151-b12) (build 1.8.0_151-b12)
# Java VM: Java HotSpot(TM) 64-Bit Server VM (25.151-b12 mixed mode linux-amd64 compressed oops)
# Core dump written. Default location: /home/andrew/Desktop/village/core or core.15501
#

---------------  T H R E A D  ---------------

Current thread (0x00007fb128009800):  JavaThread "Unknown thread" [_thread_in_vm, id=15502, stack(0x00007fb12ee35000,0x00007fb12ef36000)]

Stack: [0x00007fb12ee35000,0x00007fb12ef36000],  sp=0x00007fb12ef34990,  free space=1022k
Native frames: (J=compiled Java code, j=interpreted, Vv=VM code, C=native code)
V  [libjvm.so+0xacb58a]  VMError::report_and_die()+0x2ba
V  [libjvm.so+0x4ff4ab]  report_vm_out_of_memory(char const*, int, unsigned long, VMErrorType, char const*)+0x8b
V  [libjvm.so+0x928113]  os::Linux::commit_memory_impl(char*, unsigned long, bool)+0x103
V  [libjvm.so+0x9281dc]  os::pd_commit_memory(char*, unsigned long, bool)+0xc
V  [libjvm.so+0x921baa]  os::commit_memory(char*, unsigned long, bool)+0x2a
V  [libjvm.so+0x9265cf]  os::pd_create_stack_guard_pages(char*, unsigned long)+0x7f
V  [libjvm.so+0xa703ce]  JavaThread::create_stack_guard_pages()+0x5e
V  [libjvm.so+0x6d4b04]  attach_current_thread+0xb4
V  [libjvm.so+0x6d1a18]  jni_DestroyJavaVM+0x58
C  [libjli.so+0x7b5d]  JavaMain+0x27d
C  [libpthread.so.0+0x76ba]  start_thread+0xca


---------------  P R O C E S S  ---------------

Java Threads: ( => current thread )
  0x00007fb1280ed800 JavaThread "Service Thread" daemon [_thread_blocked, id=15509, stack(0x00007fb116d96000,0x00007fb116e97000)]
  0x00007fb1280d8800 JavaThread "C1 CompilerThread1" daemon [_thread_blocked, id=15508, stack(0x00007fb116e97000,0x00007fb116f98000)]
  0x00007fb1280d6800 JavaThread "C2 CompilerThread0" daemon [_thread_blocked, id=15507, stack(0x00007fb116f98000,0x00007fb117099000)]
  0x00007fb1280d2000 JavaThread "Signal Dispatcher" daemon [_thread_blocked, id=15506, stack(0x00007fb117099000,0x00007fb11719a000)]
  0x00007fb1280a1800 JavaThread "Finalizer" daemon [_thread_blocked, id=15505, stack(0x00007fb117b59000,0x00007fb117c5a000)]
  0x00007fb12809d000 JavaThread "Reference Handler" daemon [_thread_blocked, id=15504, stack(0x00007fb117c5a000,0x00007fb117d5b000)]

Other Threads:
  0x00007fb128095000 VMThread [stack: 0x00007fb117d5b000,0x00007fb117e5c000] [id=15503]
  0x00007fb1280f1000 WatcherThread [stack: 0x00007fb116c95000,0x00007fb116d96000] [id=15510]

=>0x00007fb128009800 (exited) JavaThread "Unknown thread" [_thread_in_vm, id=15502, stack(0x00007fb12ee35000,0x00007fb12ef36000)]

VM state:not at safepoint (normal execution)

VM Mutex/Monitor currently owned by a thread: None

Heap:
 def new generation   total 19008K, used 4181K [0x00000000c2400000, 0x00000000c38a0000, 0x00000000d6d50000)
  eden space 16896K,  18% used [0x00000000c2400000, 0x00000000c26f8548, 0x00000000c3480000)
  from space 2112K,  53% used [0x00000000c3690000, 0x00000000c37acf18, 0x00000000c38a0000)
  to   space 2112K,   0% used [0x00000000c3480000, 0x00000000c3480000, 0x00000000c3690000)
 tenured generation   total 42368K, used 35502K [0x00000000d6d50000, 0x00000000d96b0000, 0x0000000100000000)
   the space 42368K,  83% used [0x00000000d6d50000, 0x00000000d8ffbac0, 0x00000000d8ffbc00, 0x00000000d96b0000)
 Metaspace       used 2860K, capacity 4494K, committed 4864K, reserved 1056768K
  class space    used 304K, capacity 386K, committed 512K, reserved 1048576K

Card table byte_map: [0x00007fb118835000,0x00007fb118a24000] byte_map_base: 0x00007fb118223000

Polling page: 0x00007fb12ef53000

CodeCache: size=245760Kb used=1506Kb max_used=1506Kb free=244253Kb
 bounds [0x00007fb118de4000, 0x00007fb119054000, 0x00007fb127de4000]
 total_blobs=379 nmethods=143 adapters=151
 compilation: enabled

Compilation events (10 events):
Event: 1.689 Thread 0x00007fb1280d8800  139       3       java.lang.System::getSecurityManager (4 bytes)
Event: 1.693 Thread 0x00007fb1280d8800 nmethod 139 0x00007fb118f59210 code [0x00007fb118f59360, 0x00007fb118f59490]
Event: 1.714 Thread 0x00007fb1280d8800  140       3       java.lang.String::getChars (62 bytes)
Event: 1.714 Thread 0x00007fb1280d8800 nmethod 140 0x00007fb118f58390 code [0x00007fb118f58540, 0x00007fb118f58970]
Event: 1.714 Thread 0x00007fb1280d8800  141       3       java.nio.CharBuffer::array (35 bytes)
Event: 1.714 Thread 0x00007fb1280d8800 nmethod 141 0x00007fb118f5d050 code [0x00007fb118f5d1e0, 0x00007fb118f5d490]
Event: 1.715 Thread 0x00007fb1280d8800  142       3       java.lang.StringBuilder::append (8 bytes)
Event: 1.715 Thread 0x00007fb1280d8800 nmethod 142 0x00007fb118f5ccd0 code [0x00007fb118f5ce40, 0x00007fb118f5cfc0]
Event: 1.715 Thread 0x00007fb1280d8800  143       3       java.lang.AbstractStringBuilder::append (50 bytes)
Event: 1.715 Thread 0x00007fb1280d8800 nmethod 143 0x00007fb118f5c0d0 code [0x00007fb118f5c2a0, 0x00007fb118f5c9b0]

GC Heap History (10 events):
Event: 1.245 GC heap before
{Heap before GC invocations=38 (full 0):
 def new generation   total 19008K, used 18445K [0x00000000c2400000, 0x00000000c38a0000, 0x00000000d6d50000)
  eden space 16896K, 100% used [0x00000000c2400000, 0x00000000c3480000, 0x00000000c3480000)
  from space 2112K,  73% used [0x00000000c3480000, 0x00000000c3603578, 0x00000000c3690000)
  to   space 2112K,   0% used [0x00000000c3690000, 0x00000000c3690000, 0x00000000c38a0000)
 tenured generation   total 42368K, used 32244K [0x00000000d6d50000, 0x00000000d96b0000, 0x0000000100000000)
   the space 42368K,  76% used [0x00000000d6d50000, 0x00000000d8ccd0b0, 0x00000000d8ccd200, 0x00000000d96b0000)
 Metaspace       used 2771K, capacity 4494K, committed 4864K, reserved 1056768K
  class space    used 294K, capacity 386K, committed 512K, reserved 1048576K
Event: 1.249 GC heap after
Heap after GC invocations=39 (full 0):
 def new generation   total 19008K, used 1139K [0x00000000c2400000, 0x00000000c38a0000, 0x00000000d6d50000)
  eden space 16896K,   0% used [0x00000000c2400000, 0x00000000c2400000, 0x00000000c3480000)
  from space 2112K,  53% used [0x00000000c3690000, 0x00000000c37acf08, 0x00000000c38a0000)
  to   space 2112K,   0% used [0x00000000c3480000, 0x00000000c3480000, 0x00000000c3690000)
 tenured generation   total 42368K, used 33223K [0x00000000d6d50000, 0x00000000d96b0000, 0x0000000100000000)
   the space 42368K,  78% used [0x00000000d6d50000, 0x00000000d8dc1e68, 0x00000000d8dc2000, 0x00000000d96b0000)
 Metaspace       used 2771K, capacity 4494K, committed 4864K, reserved 1056768K
  class space    used 294K, capacity 386K, committed 512K, reserved 1048576K
}
Event: 1.259 GC heap before
{Heap before GC invocations=39 (full 0):
 def new generation   total 19008K, used 18035K [0x00000000c2400000, 0x00000000c38a0000, 0x00000000d6d50000)
  eden space 16896K, 100% used [0x00000000c2400000, 0x00000000c3480000, 0x00000000c3480000)
  from space 2112K,  53% used [0x00000000c3690000, 0x00000000c37acf08, 0x00000000c38a0000)
  to   space 2112K,   0% used [0x00000000c3480000, 0x00000000c3480000, 0x00000000c3690000)
 tenured generation   total 42368K, used 33223K [0x00000000d6d50000, 0x00000000d96b0000, 0x0000000100000000)
   the space 42368K,  78% used [0x00000000d6d50000, 0x00000000d8dc1e68, 0x00000000d8dc2000, 0x00000000d96b0000)
 Metaspace       used 2771K, capacity 4494K, committed 4864K, reserved 1056768K
  class space    used 294K, capacity 386K, committed 512K, reserved 1048576K
Event: 1.263 GC heap after
Heap after GC invocations=40 (full 0):
 def new generation   total 19008K, used 1139K [0x00000000c2400000, 0x00000000c38a0000, 0x00000000d6d50000)
  eden space 16896K,   0% used [0x00000000c2400000, 0x00000000c2400000, 0x00000000c3480000)
  from space 2112K,  53% used [0x00000000c3480000, 0x00000000c359ce80, 0x00000000c3690000)
  to   space 2112K,   0% used [0x00000000c3690000, 0x00000000c3690000, 0x00000000c38a0000)
 tenured generation   total 42368K, used 33793K [0x00000000d6d50000, 0x00000000d96b0000, 0x0000000100000000)
   the space 42368K,  79% used [0x00000000d6d50000, 0x00000000d8e50560, 0x00000000d8e50600, 0x00000000d96b0000)
 Metaspace       used 2771K, capacity 4494K, committed 4864K, reserved 1056768K
  class space    used 294K, capacity 386K, committed 512K, reserved 1048576K
}
Event: 1.273 GC heap before
{Heap before GC invocations=40 (full 0):
 def new generation   total 19008K, used 18035K [0x00000000c2400000, 0x00000000c38a0000, 0x00000000d6d50000)
  eden space 16896K, 100% used [0x00000000c2400000, 0x00000000c3480000, 0x00000000c3480000)
  from space 2112K,  53% used [0x00000000c3480000, 0x00000000c359ce80, 0x00000000c3690000)
  to   space 2112K,   0% used [0x00000000c3690000, 0x00000000c3690000, 0x00000000c38a0000)
 tenured generation   total 42368K, used 33793K [0x00000000d6d50000, 0x00000000d96b0000, 0x0000000100000000)
   the space 42368K,  79% used [0x00000000d6d50000, 0x00000000d8e50560, 0x00000000d8e50600, 0x00000000d96b0000)
 Metaspace       used 2771K, capacity 4494K, committed 4864K, reserved 1056768K
  class space    used 294K, capacity 386K, committed 512K, reserved 1048576K
Event: 1.279 GC heap after
Heap after GC invocations=41 (full 0):
 def new generation   total 19008K, used 1139K [0x00000000c2400000, 0x00000000c38a0000, 0x00000000d6d50000)
  eden space 16896K,   0% used [0x00000000c2400000, 0x00000000c2400000, 0x00000000c3480000)
  from space 2112K,  53% used [0x00000000c3690000, 0x00000000c37ace68, 0x00000000c38a0000)
  to   space 2112K,   0% used [0x00000000c3480000, 0x00000000c3480000, 0x00000000c3690000)
 tenured generation   total 42368K, used 34363K [0x00000000d6d50000, 0x00000000d96b0000, 0x0000000100000000)
   the space 42368K,  81% used [0x00000000d6d50000, 0x00000000d8edec70, 0x00000000d8edee00, 0x00000000d96b0000)
 Metaspace       used 2771K, capacity 4494K, committed 4864K, reserved 1056768K
  class space    used 294K, capacity 386K, committed 512K, reserved 1048576K
}
Event: 1.292 GC heap before
{Heap before GC invocations=41 (full 0):
 def new generation   total 19008K, used 18035K [0x00000000c2400000, 0x00000000c38a0000, 0x00000000d6d50000)
  eden space 16896K, 100% used [0x00000000c2400000, 0x00000000c3480000, 0x00000000c3480000)
  from space 2112K,  53% used [0x00000000c3690000, 0x00000000c37ace68, 0x00000000c38a0000)
  to   space 2112K,   0% used [0x00000000c3480000, 0x00000000c3480000, 0x00000000c3690000)
 tenured generation   total 42368K, used 34363K [0x00000000d6d50000, 0x00000000d96b0000, 0x0000000100000000)
   the space 42368K,  81% used [0x00000000d6d50000, 0x00000000d8edec70, 0x00000000d8edee00, 0x00000000d96b0000)
 Metaspace       used 2771K, capacity 4494K, committed 4864K, reserved 1056768K
  class space    used 294K, capacity 386K, committed 512K, reserved 1048576K
Event: 1.300 GC heap after
Heap after GC invocations=42 (full 0):
 def new generation   total 19008K, used 1139K [0x00000000c2400000, 0x00000000c38a0000, 0x00000000d6d50000)
  eden space 16896K,   0% used [0x00000000c2400000, 0x00000000c2400000, 0x00000000c3480000)
  from space 2112K,  53% used [0x00000000c3480000, 0x00000000c359ce50, 0x00000000c3690000)
  to   space 2112K,   0% used [0x00000000c3690000, 0x00000000c3690000, 0x00000000c38a0000)
 tenured generation   total 42368K, used 34932K [0x00000000d6d50000, 0x00000000d96b0000, 0x0000000100000000)
   the space 42368K,  82% used [0x00000000d6d50000, 0x00000000d8f6d3b0, 0x00000000d8f6d400, 0x00000000d96b0000)
 Metaspace       used 2771K, capacity 4494K, committed 4864K, reserved 1056768K
  class space    used 294K, capacity 386K, committed 512K, reserved 1048576K
}
Event: 1.465 GC heap before
{Heap before GC invocations=42 (full 0):
 def new generation   total 19008K, used 18035K [0x00000000c2400000, 0x00000000c38a0000, 0x00000000d6d50000)
  eden space 16896K, 100% used [0x00000000c2400000, 0x00000000c3480000, 0x00000000c3480000)
  from space 2112K,  53% used [0x00000000c3480000, 0x00000000c359ce50, 0x00000000c3690000)
  to   space 2112K,   0% used [0x00000000c3690000, 0x00000000c3690000, 0x00000000c38a0000)
 tenured generation   total 42368K, used 34932K [0x00000000d6d50000, 0x00000000d96b0000, 0x0000000100000000)
   the space 42368K,  82% used [0x00000000d6d50000, 0x00000000d8f6d3b0, 0x00000000d8f6d400, 0x00000000d96b0000)
 Metaspace       used 2771K, capacity 4494K, committed 4864K, reserved 1056768K
  class space    used 294K, capacity 386K, committed 512K, reserved 1048576K
Event: 1.530 GC heap after
Heap after GC invocations=43 (full 0):
 def new generation   total 19008K, used 1139K [0x00000000c2400000, 0x00000000c38a0000, 0x00000000d6d50000)
  eden space 16896K,   0% used [0x00000000c2400000, 0x00000000c2400000, 0x00000000c3480000)
  from space 2112K,  53% used [0x00000000c3690000, 0x00000000c37acf18, 0x00000000c38a0000)
  to   space 2112K,   0% used [0x00000000c3480000, 0x00000000c3480000, 0x00000000c3690000)
 tenured generation   total 42368K, used 35502K [0x00000000d6d50000, 0x00000000d96b0000, 0x0000000100000000)
   the space 42368K,  83% used [0x00000000d6d50000, 0x00000000d8ffbac0, 0x00000000d8ffbc00, 0x00000000d96b0000)
 Metaspace       used 2771K, capacity 4494K, committed 4864K, reserved 1056768K
  class space    used 294K, capacity 386K, committed 512K, reserved 1048576K
}

Deoptimization events (7 events):
Event: 0.405 Thread 0x00007fb128009800 Uncommon trap: reason=predicate action=maybe_recompile pc=0x00007fb118f165b0 method=java.util.AbstractCollection.toArray([Ljava/lang/Object;)[Ljava/lang/Object; @ 49
Event: 0.428 Thread 0x00007fb128009800 Uncommon trap: reason=array_check action=maybe_recompile pc=0x00007fb118f3c4b0 method=java.util.AbstractCollection.toArray([Ljava/lang/Object;)[Ljava/lang/Object; @ 119
Event: 0.428 Thread 0x00007fb128009800 Uncommon trap: reason=array_check action=maybe_recompile pc=0x00007fb118f3c4b0 method=java.util.AbstractCollection.toArray([Ljava/lang/Object;)[Ljava/lang/Object; @ 119
Event: 0.428 Thread 0x00007fb128009800 Uncommon trap: reason=array_check action=maybe_recompile pc=0x00007fb118f3c4b0 method=java.util.AbstractCollection.toArray([Ljava/lang/Object;)[Ljava/lang/Object; @ 119
Event: 0.428 Thread 0x00007fb128009800 Uncommon trap: reason=array_check action=maybe_recompile pc=0x00007fb118f3c4b0 method=java.util.AbstractCollection.toArray([Ljava/lang/Object;)[Ljava/lang/Object; @ 119
Event: 1.614 Thread 0x00007fb128009800 Uncommon trap: reason=unstable_if action=reinterpret pc=0x00007fb118f30bd4 method=java.io.BufferedReader.readLine(Z)Ljava/lang/String; @ 55
Event: 1.675 Thread 0x00007fb128009800 Uncommon trap: reason=unstable_if action=reinterpret pc=0x00007fb118f53568 method=ImagePrinter.<init>(Ljava/lang/String;I)V @ 182

Internal exceptions (8 events):
Event: 0.102 Thread 0x00007fb128009800 Exception <a 'java/lang/NoSuchMethodError': Method sun.misc.Unsafe.defineClass(Ljava/lang/String;[BII)Ljava/lang/Class; name or signature does not match> (0x00000000c2407ca8) thrown at [/HUDSON/workspace/8-2-build-linux-amd64/jdk8u151/9699/hotspot/src/sha
Event: 0.102 Thread 0x00007fb128009800 Exception <a 'java/lang/NoSuchMethodError': Method sun.misc.Unsafe.prefetchRead(Ljava/lang/Object;J)V name or signature does not match> (0x00000000c2407f90) thrown at [/HUDSON/workspace/8-2-build-linux-amd64/jdk8u151/9699/hotspot/src/share/vm/prims/jni.cp
Event: 1.673 Thread 0x00007fb128009800 Implicit null exception at 0x00007fb118f51d04 to 0x00007fb118f53551
Event: 1.709 Thread 0x00007fb128009800 Exception <a 'java/lang/UnsatisfiedLinkError'> (0x00000000c26a2008) thrown at [/HUDSON/workspace/8-2-build-linux-amd64/jdk8u151/9699/hotspot/src/share/vm/prims/jvm.cpp, line 3982]
Event: 1.709 Thread 0x00007fb128009800 Exception <a 'java/lang/UnsatisfiedLinkError'> (0x00000000c26a2008) thrown at [/HUDSON/workspace/8-2-build-linux-amd64/jdk8u151/9699/hotspot/src/share/vm/prims/jni.cpp, line 709]
Event: 1.709 Thread 0x00007fb128009800 Exception <a 'java/lang/UnsatisfiedLinkError'> (0x00000000c26a2008) thrown at [/HUDSON/workspace/8-2-build-linux-amd64/jdk8u151/9699/hotspot/src/share/vm/prims/jvm.cpp, line 1394]
Event: 1.709 Thread 0x00007fb128009800 Exception <a 'java/lang/UnsatisfiedLinkError'> (0x00000000c26a2008) thrown at [/HUDSON/workspace/8-2-build-linux-amd64/jdk8u151/9699/hotspot/src/share/vm/oops/instanceKlass.cpp, line 964]
Event: 1.709 Thread 0x00007fb128009800 Exception <a 'java/lang/UnsatisfiedLinkError'> (0x00000000c26a2008) thrown at [/HUDSON/workspace/8-2-build-linux-amd64/jdk8u151/9699/hotspot/src/share/vm/oops/instanceKlass.cpp, line 964]

Events (10 events):
Event: 1.709 loading class java/lang/UnsatisfiedLinkError done
Event: 1.709 loading class java/lang/Throwable$WrappedPrintStream
Event: 1.711 loading class java/lang/Throwable$PrintStreamOrWriter
Event: 1.711 loading class java/lang/Throwable$PrintStreamOrWriter done
Event: 1.711 loading class java/lang/Throwable$WrappedPrintStream done
Event: 1.711 loading class java/util/IdentityHashMap
Event: 1.712 loading class java/util/IdentityHashMap done
Event: 1.712 loading class java/util/IdentityHashMap$KeySet
Event: 1.713 loading class java/util/IdentityHashMap$KeySet done
Event: 1.715 Thread 0x00007fb128009800 Thread exited: 0x00007fb128009800


Dynamic libraries:
00400000-00401000 r-xp 00000000 08:01 547970                             /usr/lib/jvm/java-8-oracle/jre/bin/java
00600000-00601000 rw-p 00000000 08:01 547970                             /usr/lib/jvm/java-8-oracle/jre/bin/java
02045000-02066000 rw-p 00000000 00:00 0                                  [heap]
c2400000-c38a0000 rw-p 00000000 00:00 0 
c38a0000-d6d50000 ---p 00000000 00:00 0 
d6d50000-d96b0000 rw-p 00000000 00:00 0 
d96b0000-100000000 ---p 00000000 00:00 0 
100000000-100080000 rw-p 00000000 00:00 0 
100080000-140000000 ---p 00000000 00:00 0 
7fb0f8000000-7fb0f8300000 rw-p 00000000 00:00 0 
7fb0f8300000-7fb0fc000000 ---p 00000000 00:00 0 
7fb0fc000000-7fb0fc021000 rw-p 00000000 00:00 0 
7fb0fc021000-7fb100000000 ---p 00000000 00:00 0 
7fb100000000-7fb100021000 rw-p 00000000 00:00 0 
7fb100021000-7fb104000000 ---p 00000000 00:00 0 
7fb104000000-7fb10437f000 rw-p 00000000 00:00 0 
7fb10437f000-7fb108000000 ---p 00000000 00:00 0 
7fb108000000-7fb108021000 rw-p 00000000 00:00 0 
7fb108021000-7fb10c000000 ---p 00000000 00:00 0 
7fb10c000000-7fb10c021000 rw-p 00000000 00:00 0 
7fb10c021000-7fb110000000 ---p 00000000 00:00 0 
7fb110000000-7fb110021000 rw-p 00000000 00:00 0 
7fb110021000-7fb114000000 ---p 00000000 00:00 0 
7fb1169c3000-7fb116a65000 r-xp 00000000 08:01 548283                     /usr/lib/jvm/java-8-oracle/jre/lib/amd64/libawt.so
7fb116a65000-7fb116c65000 ---p 000a2000 08:01 548283                     /usr/lib/jvm/java-8-oracle/jre/lib/amd64/libawt.so
7fb116c71000-7fb116c95000 r-xp 002ae000 08:01 548283                     /usr/lib/jvm/java-8-oracle/jre/lib/amd64/libawt.so
7fb116c95000-7fb116c96000 ---p 00000000 00:00 0 
7fb116c96000-7fb116d96000 rw-p 00000000 00:00 0 
7fb116d96000-7fb116d99000 ---p 00000000 00:00 0 
7fb116d99000-7fb116e97000 rw-p 00000000 00:00 0 
7fb116e97000-7fb116e9a000 ---p 00000000 00:00 0 
7fb116e9a000-7fb116f98000 rw-p 00000000 00:00 0 
7fb116f98000-7fb116f9b000 ---p 00000000 00:00 0 
7fb116f9b000-7fb117099000 rw-p 00000000 00:00 0 
7fb117099000-7fb11709c000 ---p 00000000 00:00 0 
7fb11709c000-7fb11719a000 rw-p 00000000 00:00 0 
7fb11719a000-7fb117b59000 r--p 00000000 08:01 402562                     /usr/lib/locale/locale-archive
7fb117b59000-7fb117b5c000 ---p 00000000 00:00 0 
7fb117b5c000-7fb117c5a000 rw-p 00000000 00:00 0 
7fb117c5a000-7fb117c5d000 ---p 00000000 00:00 0 
7fb117c5d000-7fb117d5b000 rw-p 00000000 00:00 0 
7fb117d5b000-7fb117d5c000 ---p 00000000 00:00 0 
7fb117d5c000-7fb117e5c000 rw-p 00000000 00:00 0 
7fb117e5c000-7fb118035000 r--s 03d5a000 08:01 548226                     /usr/lib/jvm/java-8-oracle/jre/lib/rt.jar
7fb118035000-7fb118475000 rw-p 00000000 00:00 0 
7fb118475000-7fb118835000 ---p 00000000 00:00 0 
7fb118835000-7fb118840000 rw-p 00000000 00:00 0 
7fb118840000-7fb1188d9000 ---p 00000000 00:00 0 
7fb1188d9000-7fb1188ef000 rw-p 00000000 00:00 0 
7fb1188ef000-7fb118a23000 ---p 00000000 00:00 0 
7fb118a23000-7fb118a2e000 rw-p 00000000 00:00 0 
7fb118a2e000-7fb118de4000 ---p 00000000 00:00 0 
7fb118de4000-7fb119054000 rwxp 00000000 00:00 0 
7fb119054000-7fb127de4000 ---p 00000000 00:00 0 
7fb127de4000-7fb127dff000 r-xp 00000000 08:01 548286                     /usr/lib/jvm/java-8-oracle/jre/lib/amd64/libzip.so
7fb127dff000-7fb127fff000 ---p 0001b000 08:01 548286                     /usr/lib/jvm/java-8-oracle/jre/lib/amd64/libzip.so
7fb127fff000-7fb128000000 rw-p 0001b000 08:01 548286                     /usr/lib/jvm/java-8-oracle/jre/lib/amd64/libzip.so
7fb128000000-7fb1283d3000 rw-p 00000000 00:00 0 
7fb1283d3000-7fb12c000000 ---p 00000000 00:00 0 
7fb12c014000-7fb12c078000 rw-p 00000000 00:00 0 
7fb12c078000-7fb12c1ad000 ---p 00000000 00:00 0 
7fb12c1ad000-7fb12c1b8000 r-xp 00000000 08:01 1054391                    /lib/x86_64-linux-gnu/libnss_files-2.23.so
7fb12c1b8000-7fb12c3b7000 ---p 0000b000 08:01 1054391                    /lib/x86_64-linux-gnu/libnss_files-2.23.so
7fb12c3b7000-7fb12c3b8000 r--p 0000a000 08:01 1054391                    /lib/x86_64-linux-gnu/libnss_files-2.23.so
7fb12c3b8000-7fb12c3b9000 rw-p 0000b000 08:01 1054391                    /lib/x86_64-linux-gnu/libnss_files-2.23.so
7fb12c3b9000-7fb12c3bf000 rw-p 00000000 00:00 0 
7fb12c3bf000-7fb12c3ca000 r-xp 00000000 08:01 1054401                    /lib/x86_64-linux-gnu/libnss_nis-2.23.so
7fb12c3ca000-7fb12c5c9000 ---p 0000b000 08:01 1054401                    /lib/x86_64-linux-gnu/libnss_nis-2.23.so
7fb12c5c9000-7fb12c5ca000 r--p 0000a000 08:01 1054401                    /lib/x86_64-linux-gnu/libnss_nis-2.23.so
7fb12c5ca000-7fb12c5cb000 rw-p 0000b000 08:01 1054401                    /lib/x86_64-linux-gnu/libnss_nis-2.23.so
7fb12c5cb000-7fb12c5e1000 r-xp 00000000 08:01 1054385                    /lib/x86_64-linux-gnu/libnsl-2.23.so
7fb12c5e1000-7fb12c7e0000 ---p 00016000 08:01 1054385                    /lib/x86_64-linux-gnu/libnsl-2.23.so
7fb12c7e0000-7fb12c7e1000 r--p 00015000 08:01 1054385                    /lib/x86_64-linux-gnu/libnsl-2.23.so
7fb12c7e1000-7fb12c7e2000 rw-p 00016000 08:01 1054385                    /lib/x86_64-linux-gnu/libnsl-2.23.so
7fb12c7e2000-7fb12c7e4000 rw-p 00000000 00:00 0 
7fb12c7e4000-7fb12c7ec000 r-xp 00000000 08:01 1054387                    /lib/x86_64-linux-gnu/libnss_compat-2.23.so
7fb12c7ec000-7fb12c9eb000 ---p 00008000 08:01 1054387                    /lib/x86_64-linux-gnu/libnss_compat-2.23.so
7fb12c9eb000-7fb12c9ec000 r--p 00007000 08:01 1054387                    /lib/x86_64-linux-gnu/libnss_compat-2.23.so
7fb12c9ec000-7fb12c9ed000 rw-p 00008000 08:01 1054387                    /lib/x86_64-linux-gnu/libnss_compat-2.23.so
7fb12c9ed000-7fb12ca18000 r-xp 00000000 08:01 548280                     /usr/lib/jvm/java-8-oracle/jre/lib/amd64/libjava.so
7fb12ca18000-7fb12cc17000 ---p 0002b000 08:01 548280                     /usr/lib/jvm/java-8-oracle/jre/lib/amd64/libjava.so
7fb12cc17000-7fb12cc19000 rw-p 0002a000 08:01 548280                     /usr/lib/jvm/java-8-oracle/jre/lib/amd64/libjava.so
7fb12cc19000-7fb12cc26000 r-xp 00000000 08:01 548285                     /usr/lib/jvm/java-8-oracle/jre/lib/amd64/libverify.so
7fb12cc26000-7fb12ce26000 ---p 0000d000 08:01 548285                     /usr/lib/jvm/java-8-oracle/jre/lib/amd64/libverify.so
7fb12ce26000-7fb12ce28000 rw-p 0000d000 08:01 548285                     /usr/lib/jvm/java-8-oracle/jre/lib/amd64/libverify.so
7fb12ce28000-7fb12ce2f000 r-xp 00000000 08:01 1054446                    /lib/x86_64-linux-gnu/librt-2.23.so
7fb12ce2f000-7fb12d02e000 ---p 00007000 08:01 1054446                    /lib/x86_64-linux-gnu/librt-2.23.so
7fb12d02e000-7fb12d02f000 r--p 00006000 08:01 1054446                    /lib/x86_64-linux-gnu/librt-2.23.so
7fb12d02f000-7fb12d030000 rw-p 00007000 08:01 1054446                    /lib/x86_64-linux-gnu/librt-2.23.so
7fb12d030000-7fb12d138000 r-xp 00000000 08:01 1054362                    /lib/x86_64-linux-gnu/libm-2.23.so
7fb12d138000-7fb12d337000 ---p 00108000 08:01 1054362                    /lib/x86_64-linux-gnu/libm-2.23.so
7fb12d337000-7fb12d338000 r--p 00107000 08:01 1054362                    /lib/x86_64-linux-gnu/libm-2.23.so
7fb12d338000-7fb12d339000 rw-p 00108000 08:01 1054362                    /lib/x86_64-linux-gnu/libm-2.23.so
7fb12d339000-7fb12e00c000 r-xp 00000000 08:01 548263                     /usr/lib/jvm/java-8-oracle/jre/lib/amd64/server/libjvm.so
7fb12e00c000-7fb12e20b000 ---p 00cd3000 08:01 548263                     /usr/lib/jvm/java-8-oracle/jre/lib/amd64/server/libjvm.so
7fb12e20b000-7fb12e2e5000 rw-p 00cd2000 08:01 548263                     /usr/lib/jvm/java-8-oracle/jre/lib/amd64/server/libjvm.so
7fb12e2e5000-7fb12e330000 rw-p 00000000 00:00 0 
7fb12e330000-7fb12e4f0000 r-xp 00000000 08:01 1054292                    /lib/x86_64-linux-gnu/libc-2.23.so
7fb12e4f0000-7fb12e6f0000 ---p 001c0000 08:01 1054292                    /lib/x86_64-linux-gnu/libc-2.23.so
7fb12e6f0000-7fb12e6f4000 r--p 001c0000 08:01 1054292                    /lib/x86_64-linux-gnu/libc-2.23.so
7fb12e6f4000-7fb12e6f6000 rw-p 001c4000 08:01 1054292                    /lib/x86_64-linux-gnu/libc-2.23.so
7fb12e6f6000-7fb12e6fa000 rw-p 00000000 00:00 0 
7fb12e6fa000-7fb12e6fd000 r-xp 00000000 08:01 1054316                    /lib/x86_64-linux-gnu/libdl-2.23.so
7fb12e6fd000-7fb12e8fc000 ---p 00003000 08:01 1054316                    /lib/x86_64-linux-gnu/libdl-2.23.so
7fb12e8fc000-7fb12e8fd000 r--p 00002000 08:01 1054316                    /lib/x86_64-linux-gnu/libdl-2.23.so
7fb12e8fd000-7fb12e8fe000 rw-p 00003000 08:01 1054316                    /lib/x86_64-linux-gnu/libdl-2.23.so
7fb12e8fe000-7fb12e914000 r-xp 00000000 08:01 548258                     /usr/lib/jvm/java-8-oracle/jre/lib/amd64/jli/libjli.so
7fb12e914000-7fb12eb13000 ---p 00016000 08:01 548258                     /usr/lib/jvm/java-8-oracle/jre/lib/amd64/jli/libjli.so
7fb12eb13000-7fb12eb14000 rw-p 00015000 08:01 548258                     /usr/lib/jvm/java-8-oracle/jre/lib/amd64/jli/libjli.so
7fb12eb14000-7fb12eb2c000 r-xp 00000000 08:01 1054438                    /lib/x86_64-linux-gnu/libpthread-2.23.so
7fb12eb2c000-7fb12ed2b000 ---p 00018000 08:01 1054438                    /lib/x86_64-linux-gnu/libpthread-2.23.so
7fb12ed2b000-7fb12ed2c000 r--p 00017000 08:01 1054438                    /lib/x86_64-linux-gnu/libpthread-2.23.so
7fb12ed2c000-7fb12ed2d000 rw-p 00018000 08:01 1054438                    /lib/x86_64-linux-gnu/libpthread-2.23.so
7fb12ed2d000-7fb12ed31000 rw-p 00000000 00:00 0 
7fb12ed31000-7fb12ed57000 r-xp 00000000 08:01 1054264                    /lib/x86_64-linux-gnu/ld-2.23.so
7fb12ed64000-7fb12ee35000 rw-p 00000000 00:00 0 
7fb12ee38000-7fb12ef3a000 rw-p 00000000 00:00 0 
7fb12ef48000-7fb12ef4a000 r--s 00000000 08:01 1227596                    /home/andrew/Desktop/village/Image_Printer.jar
7fb12ef4a000-7fb12ef52000 rw-s 00000000 08:01 431165                     /tmp/hsperfdata_andrew/15501
7fb12ef52000-7fb12ef53000 rw-p 00000000 00:00 0 
7fb12ef53000-7fb12ef54000 r--p 00000000 00:00 0 
7fb12ef54000-7fb12ef56000 rw-p 00000000 00:00 0 
7fb12ef56000-7fb12ef57000 r--p 00025000 08:01 1054264                    /lib/x86_64-linux-gnu/ld-2.23.so
7fb12ef57000-7fb12ef58000 rw-p 00026000 08:01 1054264                    /lib/x86_64-linux-gnu/ld-2.23.so
7fb12ef58000-7fb12ef59000 rw-p 00000000 00:00 0 
7ffc02277000-7ffc02298000 rw-p 00000000 00:00 0                          [stack]
7ffc0237a000-7ffc0237c000 r--p 00000000 00:00 0                          [vvar]
7ffc0237c000-7ffc0237e000 r-xp 00000000 00:00 0                          [vdso]
ffffffffff600000-ffffffffff601000 r-xp 00000000 00:00 0                  [vsyscall]

VM Arguments:
java_command: Image_Printer.jar Files/run_115.txt 115
java_class_path (initial): Image_Printer.jar
Launcher Type: SUN_STANDARD

Environment Variables:
JAVA_HOME=/usr/lib/jvm/java-8-oracle
PATH=/home/andrew/bin:/home/andrew/.local/bin:/usr/local/sbin:/usr/local/bin:/usr/sbin:/usr/bin:/sbin:/bin:/usr/games:/usr/local/games:/snap/bin:/usr/lib/jvm/java-8-oracle/bin:/usr/lib/jvm/java-8-oracle/db/bin:/usr/lib/jvm/java-8-oracle/jre/bin
SHELL=/bin/bash
DISPLAY=:0

Signal Handlers:
SIGSEGV: [libjvm.so+0xacbe10], sa_mask[0]=11111111011111111101111111111110, sa_flags=SA_RESTART|SA_SIGINFO
SIGBUS: [libjvm.so+0xacbe10], sa_mask[0]=11111111011111111101111111111110, sa_flags=SA_RESTART|SA_SIGINFO
SIGFPE: [libjvm.so+0x924f90], sa_mask[0]=11111111011111111101111111111110, sa_flags=SA_RESTART|SA_SIGINFO
SIGPIPE: [libjvm.so+0x924f90], sa_mask[0]=11111111011111111101111111111110, sa_flags=SA_RESTART|SA_SIGINFO
SIGXFSZ: [libjvm.so+0x924f90], sa_mask[0]=11111111011111111101111111111110, sa_flags=SA_RESTART|SA_SIGINFO
SIGILL: [libjvm.so+0x924f90], sa_mask[0]=11111111011111111101111111111110, sa_flags=SA_RESTART|SA_SIGINFO
SIGUSR1: SIG_DFL, sa_mask[0]=00000000000000000000000000000000, sa_flags=none
SIGUSR2: [libjvm.so+0x9267d0], sa_mask[0]=00000000000000000000000000000000, sa_flags=SA_RESTART|SA_SIGINFO
SIGHUP: [libjvm.so+0x927bd0], sa_mask[0]=11111111011111111101111111111110, sa_flags=SA_RESTART|SA_SIGINFO
SIGINT: [libjvm.so+0x927bd0], sa_mask[0]=11111111011111111101111111111110, sa_flags=SA_RESTART|SA_SIGINFO
SIGTERM: [libjvm.so+0x927bd0], sa_mask[0]=11111111011111111101111111111110, sa_flags=SA_RESTART|SA_SIGINFO
SIGQUIT: [libjvm.so+0x927bd0], sa_mask[0]=11111111011111111101111111111110, sa_flags=SA_RESTART|SA_SIGINFO


---------------  S Y S T E M  ---------------

OS:DISTRIB_ID=Ubuntu
DISTRIB_RELEASE=16.04
DISTRIB_CODENAME=xenial
DISTRIB_DESCRIPTION="Ubuntu 16.04.3 LTS"

uname:Linux 4.10.0-37-generic #41~16.04.1-Ubuntu SMP Fri Oct 6 22:42:59 UTC 2017 x86_64
libc:glibc 2.23 NPTL 2.23 
rlimit: STACK 8192k, CORE infinity, NPROC 15624, NOFILE 1048576, AS infinity
load average:3.08 2.18 2.23

/proc/meminfo:
MemTotal:        4044364 kB
MemFree:           85504 kB
MemAvailable:          0 kB
Buffers:             380 kB
Cached:            58360 kB
SwapCached:            0 kB
Active:          3774324 kB
Inactive:          49812 kB
Active(anon):    3766796 kB
Inactive(anon):    40464 kB
Active(file):       7528 kB
Inactive(file):     9348 kB
Unevictable:          64 kB
Mlocked:              64 kB
SwapTotal:             0 kB
SwapFree:              0 kB
Dirty:                60 kB
Writeback:           108 kB
AnonPages:       3765512 kB
Mapped:            49812 kB
Shmem:             41812 kB
Slab:              50456 kB
SReclaimable:      19876 kB
SUnreclaim:        30580 kB
KernelStack:       12640 kB
PageTables:        44108 kB
NFS_Unstable:          0 kB
Bounce:                0 kB
WritebackTmp:          0 kB
CommitLimit:     2022180 kB
Committed_AS:    8676228 kB
VmallocTotal:   34359738367 kB
VmallocUsed:           0 kB
VmallocChunk:          0 kB
HardwareCorrupted:     0 kB
AnonHugePages:   1943552 kB
ShmemHugePages:        0 kB
ShmemPmdMapped:        0 kB
CmaTotal:              0 kB
CmaFree:               0 kB
HugePages_Total:       0
HugePages_Free:        0
HugePages_Rsvd:        0
HugePages_Surp:        0
Hugepagesize:       2048 kB
DirectMap4k:       83904 kB
DirectMap2M:     4110336 kB


CPU:total 1 (initial active 1) (1 cores per cpu, 1 threads per core) family 6 model 60 stepping 3, cmov, cx8, fxsr, mmx, sse, sse2, sse3, ssse3, sse4.1, sse4.2, popcnt, avx, aes, clmul, lzcnt, tsc, tscinvbit

/proc/cpuinfo:
processor	: 0
vendor_id	: GenuineIntel
cpu family	: 6
model		: 60
model name	: Intel(R) Core(TM) i7-4600M CPU @ 2.90GHz
stepping	: 3
cpu MHz		: 2893.298
cache size	: 4096 KB
physical id	: 0
siblings	: 1
core id		: 0
cpu cores	: 1
apicid		: 0
initial apicid	: 0
fpu		: yes
fpu_exception	: yes
cpuid level	: 13
wp		: yes
flags		: fpu vme de pse tsc msr pae mce cx8 apic sep mtrr pge mca cmov pat pse36 clflush mmx fxsr sse sse2 syscall nx rdtscp lm constant_tsc rep_good nopl xtopology nonstop_tsc pni pclmulqdq monitor ssse3 cx16 sse4_1 sse4_2 x2apic movbe popcnt aes xsave avx rdrand hypervisor lahf_lm abm
bugs		:
bogomips	: 5786.59
clflush size	: 64
cache_alignment	: 64
address sizes	: 39 bits physical, 48 bits virtual
power management:



Memory: 4k page, physical 4044364k(85504k free), swap 0k(0k free)

vm_info: Java HotSpot(TM) 64-Bit Server VM (25.151-b12) for linux-amd64 JRE (1.8.0_151-b12), built on Sep  5 2017 19:20:58 by "java_re" with gcc 4.3.0 20080428 (Red Hat 4.3.0-8)

time: Wed Nov 22 15:50:48 2017
elapsed time: 2 seconds (0d 0h 0m 2s)

