#
# There is insufficient memory for the Java Runtime Environment to continue.
# Native memory allocation (mmap) failed to map 12288 bytes for committing reserved memory.
# Possible reasons:
#   The system is out of physical RAM or swap space
#   In 32 bit mode, the process size limit was hit
# Possible solutions:
#   Reduce memory load on the system
#   Increase physical memory or swap space
#   Check if swap backing store is full
#   Use 64 bit Java on a 64 bit OS
#   Decrease Java heap size (-Xmx/-Xms)
#   Decrease number of Java threads
#   Decrease Java thread stack sizes (-Xss)
#   Set larger code cache with -XX:ReservedCodeCacheSize=
# This output file may be truncated or incomplete.
#
#  Out of Memory Error (os_linux.cpp:2640), pid=15488, tid=0x00007f0dc7016700
#
# JRE version: Java(TM) SE Runtime Environment (8.0_151-b12) (build 1.8.0_151-b12)
# Java VM: Java HotSpot(TM) 64-Bit Server VM (25.151-b12 mixed mode linux-amd64 compressed oops)
# Core dump written. Default location: /home/andrew/Desktop/village/core or core.15488
#

---------------  T H R E A D  ---------------

Current thread (0x00007f0dc0009800):  JavaThread "Unknown thread" [_thread_in_vm, id=15489, stack(0x00007f0dc6f16000,0x00007f0dc7017000)]

Stack: [0x00007f0dc6f16000,0x00007f0dc7017000],  sp=0x00007f0dc7015990,  free space=1022k
Native frames: (J=compiled Java code, j=interpreted, Vv=VM code, C=native code)
V  [libjvm.so+0xacb58a]  VMError::report_and_die()+0x2ba
V  [libjvm.so+0x4ff4ab]  report_vm_out_of_memory(char const*, int, unsigned long, VMErrorType, char const*)+0x8b
V  [libjvm.so+0x928113]  os::Linux::commit_memory_impl(char*, unsigned long, bool)+0x103
V  [libjvm.so+0x9281dc]  os::pd_commit_memory(char*, unsigned long, bool)+0xc
V  [libjvm.so+0x921baa]  os::commit_memory(char*, unsigned long, bool)+0x2a
V  [libjvm.so+0x9265cf]  os::pd_create_stack_guard_pages(char*, unsigned long)+0x7f
V  [libjvm.so+0xa703ce]  JavaThread::create_stack_guard_pages()+0x5e
V  [libjvm.so+0x6d4b04]  attach_current_thread+0xb4
V  [libjvm.so+0x6d1a18]  jni_DestroyJavaVM+0x58
C  [libjli.so+0x7b5d]  JavaMain+0x27d
C  [libpthread.so.0+0x76ba]  start_thread+0xca


---------------  P R O C E S S  ---------------

Java Threads: ( => current thread )
  0x00007f0dc018c000 JavaThread "Java2D Disposer" daemon [_thread_blocked, id=15498, stack(0x00007f0dad368000,0x00007f0dad469000)]
  0x00007f0dc00fd800 JavaThread "Service Thread" daemon [_thread_blocked, id=15496, stack(0x00007f0daee68000,0x00007f0daef69000)]
  0x00007f0dc00d8800 JavaThread "C1 CompilerThread1" daemon [_thread_blocked, id=15495, stack(0x00007f0daef69000,0x00007f0daf06a000)]
  0x00007f0dc00d6800 JavaThread "C2 CompilerThread0" daemon [_thread_in_native, id=15494, stack(0x00007f0daf06a000,0x00007f0daf16b000)]
  0x00007f0dc00d2000 JavaThread "Signal Dispatcher" daemon [_thread_blocked, id=15493, stack(0x00007f0daf16b000,0x00007f0daf26c000)]
  0x00007f0dc00a1800 JavaThread "Finalizer" daemon [_thread_blocked, id=15492, stack(0x00007f0dafc2b000,0x00007f0dafd2c000)]
  0x00007f0dc009d000 JavaThread "Reference Handler" daemon [_thread_blocked, id=15491, stack(0x00007f0dafd2c000,0x00007f0dafe2d000)]

Other Threads:
  0x00007f0dc0095000 VMThread [stack: 0x00007f0dafe2d000,0x00007f0daff2e000] [id=15490]
  0x00007f0dc0101000 WatcherThread [stack: 0x00007f0daed67000,0x00007f0daee68000] [id=15497]

=>0x00007f0dc0009800 (exited) JavaThread "Unknown thread" [_thread_in_vm, id=15489, stack(0x00007f0dc6f16000,0x00007f0dc7017000)]

VM state:not at safepoint (normal execution)

VM Mutex/Monitor currently owned by a thread: None

Heap:
 def new generation   total 19008K, used 11574K [0x00000000c2400000, 0x00000000c38a0000, 0x00000000d6d50000)
  eden space 16896K,  62% used [0x00000000c2400000, 0x00000000c2e4ed70, 0x00000000c3480000)
  from space 2112K,  48% used [0x00000000c3690000, 0x00000000c378ee48, 0x00000000c38a0000)
  to   space 2112K,   0% used [0x00000000c3480000, 0x00000000c3480000, 0x00000000c3690000)
 tenured generation   total 42368K, used 39977K [0x00000000d6d50000, 0x00000000d96b0000, 0x0000000100000000)
   the space 42368K,  94% used [0x00000000d6d50000, 0x00000000d945a588, 0x00000000d945a600, 0x00000000d96b0000)
 Metaspace       used 5158K, capacity 5276K, committed 5504K, reserved 1056768K
  class space    used 564K, capacity 627K, committed 640K, reserved 1048576K

Card table byte_map: [0x00007f0db0a51000,0x00007f0db0c40000] byte_map_base: 0x00007f0db043f000

Polling page: 0x00007f0dc7034000

CodeCache: size=245760Kb used=2245Kb max_used=2245Kb free=243514Kb
 bounds [0x00007f0db1000000, 0x00007f0db1270000, 0x00007f0dc0000000]
 total_blobs=711 nmethods=407 adapters=215
 compilation: enabled

Compilation events (10 events):
Event: 4.380 Thread 0x00007f0dc00d8800  406       3       java.awt.image.WritableRaster::setRect (398 bytes)
Event: 4.385 Thread 0x00007f0dc00d8800 nmethod 406 0x00007f0db122b5d0 code [0x00007f0db122b800, 0x00007f0db122cc08]
Event: 4.385 Thread 0x00007f0dc00d8800  405       3       sun.awt.image.ByteInterleavedRaster::setRect (187 bytes)
Event: 4.386 Thread 0x00007f0dc00d8800 nmethod 405 0x00007f0db1226ad0 code [0x00007f0db1226c60, 0x00007f0db1227310]
Event: 4.386 Thread 0x00007f0dc00d8800  407       3       java.awt.image.Raster::getPixels (29 bytes)
Event: 4.392 Thread 0x00007f0dc00d8800 nmethod 407 0x00007f0db1226650 code [0x00007f0db12267c0, 0x00007f0db12269e0]
Event: 4.440 Thread 0x00007f0dc00d6800 nmethod 389 0x00007f0db1225910 code [0x00007f0db1225aa0, 0x00007f0db1226178]
Event: 4.440 Thread 0x00007f0dc00d6800  402       4       sun.awt.image.ByteInterleavedRaster::setPixels (820 bytes)
Event: 4.608 Thread 0x00007f0dc00d6800 nmethod 402 0x00007f0db1230650 code [0x00007f0db12307e0, 0x00007f0db1230dd8]
Event: 4.613 Thread 0x00007f0dc00d6800  408       4       java.awt.image.SinglePixelPackedSampleModel::<init> (277 bytes)

GC Heap History (10 events):
Event: 2.358 GC heap before
{Heap before GC invocations=40 (full 0):
 def new generation   total 19008K, used 18035K [0x00000000c2400000, 0x00000000c38a0000, 0x00000000d6d50000)
  eden space 16896K, 100% used [0x00000000c2400000, 0x00000000c3480000, 0x00000000c3480000)
  from space 2112K,  53% used [0x00000000c3480000, 0x00000000c359ce68, 0x00000000c3690000)
  to   space 2112K,   0% used [0x00000000c3690000, 0x00000000c3690000, 0x00000000c38a0000)
 tenured generation   total 42368K, used 33792K [0x00000000d6d50000, 0x00000000d96b0000, 0x0000000100000000)
   the space 42368K,  79% used [0x00000000d6d50000, 0x00000000d8e50020, 0x00000000d8e50200, 0x00000000d96b0000)
 Metaspace       used 2771K, capacity 4494K, committed 4864K, reserved 1056768K
  class space    used 294K, capacity 386K, committed 512K, reserved 1048576K
Event: 2.364 GC heap after
Heap after GC invocations=41 (full 0):
 def new generation   total 19008K, used 1139K [0x00000000c2400000, 0x00000000c38a0000, 0x00000000d6d50000)
  eden space 16896K,   0% used [0x00000000c2400000, 0x00000000c2400000, 0x00000000c3480000)
  from space 2112K,  53% used [0x00000000c3690000, 0x00000000c37ace80, 0x00000000c38a0000)
  to   space 2112K,   0% used [0x00000000c3480000, 0x00000000c3480000, 0x00000000c3690000)
 tenured generation   total 42368K, used 34361K [0x00000000d6d50000, 0x00000000d96b0000, 0x0000000100000000)
   the space 42368K,  81% used [0x00000000d6d50000, 0x00000000d8ede718, 0x00000000d8ede800, 0x00000000d96b0000)
 Metaspace       used 2771K, capacity 4494K, committed 4864K, reserved 1056768K
  class space    used 294K, capacity 386K, committed 512K, reserved 1048576K
}
Event: 2.382 GC heap before
{Heap before GC invocations=41 (full 0):
 def new generation   total 19008K, used 18035K [0x00000000c2400000, 0x00000000c38a0000, 0x00000000d6d50000)
  eden space 16896K, 100% used [0x00000000c2400000, 0x00000000c3480000, 0x00000000c3480000)
  from space 2112K,  53% used [0x00000000c3690000, 0x00000000c37ace80, 0x00000000c38a0000)
  to   space 2112K,   0% used [0x00000000c3480000, 0x00000000c3480000, 0x00000000c3690000)
 tenured generation   total 42368K, used 34361K [0x00000000d6d50000, 0x00000000d96b0000, 0x0000000100000000)
   the space 42368K,  81% used [0x00000000d6d50000, 0x00000000d8ede718, 0x00000000d8ede800, 0x00000000d96b0000)
 Metaspace       used 2771K, capacity 4494K, committed 4864K, reserved 1056768K
  class space    used 294K, capacity 386K, committed 512K, reserved 1048576K
Event: 2.389 GC heap after
Heap after GC invocations=42 (full 0):
 def new generation   total 19008K, used 1139K [0x00000000c2400000, 0x00000000c38a0000, 0x00000000d6d50000)
  eden space 16896K,   0% used [0x00000000c2400000, 0x00000000c2400000, 0x00000000c3480000)
  from space 2112K,  53% used [0x00000000c3480000, 0x00000000c359ce50, 0x00000000c3690000)
  to   space 2112K,   0% used [0x00000000c3690000, 0x00000000c3690000, 0x00000000c38a0000)
 tenured generation   total 42368K, used 34931K [0x00000000d6d50000, 0x00000000d96b0000, 0x0000000100000000)
   the space 42368K,  82% used [0x00000000d6d50000, 0x00000000d8f6ce58, 0x00000000d8f6d000, 0x00000000d96b0000)
 Metaspace       used 2771K, capacity 4494K, committed 4864K, reserved 1056768K
  class space    used 294K, capacity 386K, committed 512K, reserved 1048576K
}
Event: 2.408 GC heap before
{Heap before GC invocations=42 (full 0):
 def new generation   total 19008K, used 18035K [0x00000000c2400000, 0x00000000c38a0000, 0x00000000d6d50000)
  eden space 16896K, 100% used [0x00000000c2400000, 0x00000000c3480000, 0x00000000c3480000)
  from space 2112K,  53% used [0x00000000c3480000, 0x00000000c359ce50, 0x00000000c3690000)
  to   space 2112K,   0% used [0x00000000c3690000, 0x00000000c3690000, 0x00000000c38a0000)
 tenured generation   total 42368K, used 34931K [0x00000000d6d50000, 0x00000000d96b0000, 0x0000000100000000)
   the space 42368K,  82% used [0x00000000d6d50000, 0x00000000d8f6ce58, 0x00000000d8f6d000, 0x00000000d96b0000)
 Metaspace       used 2771K, capacity 4494K, committed 4864K, reserved 1056768K
  class space    used 294K, capacity 386K, committed 512K, reserved 1048576K
Event: 2.414 GC heap after
Heap after GC invocations=43 (full 0):
 def new generation   total 19008K, used 1139K [0x00000000c2400000, 0x00000000c38a0000, 0x00000000d6d50000)
  eden space 16896K,   0% used [0x00000000c2400000, 0x00000000c2400000, 0x00000000c3480000)
  from space 2112K,  53% used [0x00000000c3690000, 0x00000000c37acec0, 0x00000000c38a0000)
  to   space 2112K,   0% used [0x00000000c3480000, 0x00000000c3480000, 0x00000000c3690000)
 tenured generation   total 42368K, used 35501K [0x00000000d6d50000, 0x00000000d96b0000, 0x0000000100000000)
   the space 42368K,  83% used [0x00000000d6d50000, 0x00000000d8ffb568, 0x00000000d8ffb600, 0x00000000d96b0000)
 Metaspace       used 2771K, capacity 4494K, committed 4864K, reserved 1056768K
  class space    used 294K, capacity 386K, committed 512K, reserved 1048576K
}
Event: 3.529 GC heap before
{Heap before GC invocations=43 (full 0):
 def new generation   total 19008K, used 18035K [0x00000000c2400000, 0x00000000c38a0000, 0x00000000d6d50000)
  eden space 16896K, 100% used [0x00000000c2400000, 0x00000000c3480000, 0x00000000c3480000)
  from space 2112K,  53% used [0x00000000c3690000, 0x00000000c37acec0, 0x00000000c38a0000)
  to   space 2112K,   0% used [0x00000000c3480000, 0x00000000c3480000, 0x00000000c3690000)
 tenured generation   total 42368K, used 35501K [0x00000000d6d50000, 0x00000000d96b0000, 0x0000000100000000)
   the space 42368K,  83% used [0x00000000d6d50000, 0x00000000d8ffb568, 0x00000000d8ffb600, 0x00000000d96b0000)
 Metaspace       used 4233K, capacity 4712K, committed 4992K, reserved 1056768K
  class space    used 465K, capacity 529K, committed 640K, reserved 1048576K
Event: 3.537 GC heap after
Heap after GC invocations=44 (full 0):
 def new generation   total 19008K, used 938K [0x00000000c2400000, 0x00000000c38a0000, 0x00000000d6d50000)
  eden space 16896K,   0% used [0x00000000c2400000, 0x00000000c2400000, 0x00000000c3480000)
  from space 2112K,  44% used [0x00000000c3480000, 0x00000000c356a9e0, 0x00000000c3690000)
  to   space 2112K,   0% used [0x00000000c3690000, 0x00000000c3690000, 0x00000000c38a0000)
 tenured generation   total 42368K, used 39977K [0x00000000d6d50000, 0x00000000d96b0000, 0x0000000100000000)
   the space 42368K,  94% used [0x00000000d6d50000, 0x00000000d945a588, 0x00000000d945a600, 0x00000000d96b0000)
 Metaspace       used 4233K, capacity 4712K, committed 4992K, reserved 1056768K
  class space    used 465K, capacity 529K, committed 640K, reserved 1048576K
}
Event: 4.028 GC heap before
{Heap before GC invocations=44 (full 0):
 def new generation   total 19008K, used 17823K [0x00000000c2400000, 0x00000000c38a0000, 0x00000000d6d50000)
  eden space 16896K,  99% used [0x00000000c2400000, 0x00000000c347d398, 0x00000000c3480000)
  from space 2112K,  44% used [0x00000000c3480000, 0x00000000c356a9e0, 0x00000000c3690000)
  to   space 2112K,   0% used [0x00000000c3690000, 0x00000000c3690000, 0x00000000c38a0000)
 tenured generation   total 42368K, used 39977K [0x00000000d6d50000, 0x00000000d96b0000, 0x0000000100000000)
   the space 42368K,  94% used [0x00000000d6d50000, 0x00000000d945a588, 0x00000000d945a600, 0x00000000d96b0000)
 Metaspace       used 5126K, capacity 5276K, committed 5504K, reserved 1056768K
  class space    used 564K, capacity 627K, committed 640K, reserved 1048576K
Event: 4.041 GC heap after
Heap after GC invocations=45 (full 0):
 def new generation   total 19008K, used 1019K [0x00000000c2400000, 0x00000000c38a0000, 0x00000000d6d50000)
  eden space 16896K,   0% used [0x00000000c2400000, 0x00000000c2400000, 0x00000000c3480000)
  from space 2112K,  48% used [0x00000000c3690000, 0x00000000c378ee48, 0x00000000c38a0000)
  to   space 2112K,   0% used [0x00000000c3480000, 0x00000000c3480000, 0x00000000c3690000)
 tenured generation   total 42368K, used 39977K [0x00000000d6d50000, 0x00000000d96b0000, 0x0000000100000000)
   the space 42368K,  94% used [0x00000000d6d50000, 0x00000000d945a588, 0x00000000d945a600, 0x00000000d96b0000)
 Metaspace       used 5126K, capacity 5276K, committed 5504K, reserved 1056768K
  class space    used 564K, capacity 627K, committed 640K, reserved 1048576K
}

Deoptimization events (8 events):
Event: 0.456 Thread 0x00007f0dc0009800 Uncommon trap: reason=predicate action=maybe_recompile pc=0x00007f0db114a130 method=java.util.AbstractCollection.toArray([Ljava/lang/Object;)[Ljava/lang/Object; @ 49
Event: 2.425 Thread 0x00007f0dc0009800 Uncommon trap: reason=unstable_if action=reinterpret pc=0x00007f0db11300a4 method=java.io.BufferedReader.readLine(Z)Ljava/lang/String; @ 55
Event: 2.428 Thread 0x00007f0dc0009800 Uncommon trap: reason=unstable_if action=reinterpret pc=0x00007f0db116b728 method=ImagePrinter.<init>(Ljava/lang/String;I)V @ 182
Event: 2.543 Thread 0x00007f0dc0009800 Uncommon trap: reason=unstable_if action=reinterpret pc=0x00007f0db1163fac method=java.util.Arrays.copyOf([Ljava/lang/Object;ILjava/lang/Class;)[Ljava/lang/Object; @ 3
Event: 2.928 Thread 0x00007f0dc0009800 Uncommon trap: reason=class_check action=maybe_recompile pc=0x00007f0db115ef78 method=java.util.AbstractCollection.toArray([Ljava/lang/Object;)[Ljava/lang/Object; @ 1
Event: 3.005 Thread 0x00007f0dc0009800 Uncommon trap: reason=unstable_if action=reinterpret pc=0x00007f0db1165868 method=java.lang.CharacterDataLatin1.digit(II)I @ 31
Event: 3.040 Thread 0x00007f0dc0009800 Uncommon trap: reason=unstable_if action=reinterpret pc=0x00007f0db114b4a8 method=java.lang.String.trim()Ljava/lang/String; @ 63
Event: 3.579 Thread 0x00007f0dc0009800 Uncommon trap: reason=unstable_if action=reinterpret pc=0x00007f0db11fca70 method=ImagePrinter.DrawImageForDay(Ljava/util/ArrayList;I)V @ 144

Internal exceptions (10 events):
Event: 0.082 Thread 0x00007f0dc0009800 Exception <a 'java/lang/NoSuchMethodError': Method sun.misc.Unsafe.prefetchRead(Ljava/lang/Object;J)V name or signature does not match> (0x00000000c2407f90) thrown at [/HUDSON/workspace/8-2-build-linux-amd64/jdk8u151/9699/hotspot/src/share/vm/prims/jni.cp
Event: 2.427 Thread 0x00007f0dc0009800 Implicit null exception at 0x00007f0db1169ed4 to 0x00007f0db116b711
Event: 2.876 Thread 0x00007f0dc0009800 Exception <a 'java/lang/NoSuchFieldError': method resolution failed> (0x00000000c27877a0) thrown at [/HUDSON/workspace/8-2-build-linux-amd64/jdk8u151/9699/hotspot/src/share/vm/prims/methodHandles.cpp, line 1146]
Event: 2.910 Thread 0x00007f0dc0009800 Exception <a 'java/lang/NoSuchFieldError': method resolution failed> (0x00000000c2794f10) thrown at [/HUDSON/workspace/8-2-build-linux-amd64/jdk8u151/9699/hotspot/src/share/vm/prims/methodHandles.cpp, line 1146]
Event: 3.261 Thread 0x00007f0dc0009800 Exception <a 'java/security/PrivilegedActionException'> (0x00000000c282a448) thrown at [/HUDSON/workspace/8-2-build-linux-amd64/jdk8u151/9699/hotspot/src/share/vm/prims/jvm.cpp, line 1390]
Event: 3.261 Thread 0x00007f0dc0009800 Exception <a 'java/security/PrivilegedActionException'> (0x00000000c282a658) thrown at [/HUDSON/workspace/8-2-build-linux-amd64/jdk8u151/9699/hotspot/src/share/vm/prims/jvm.cpp, line 1390]
Event: 3.274 Thread 0x00007f0dc0009800 Exception <a 'java/security/PrivilegedActionException'> (0x00000000c282cca8) thrown at [/HUDSON/workspace/8-2-build-linux-amd64/jdk8u151/9699/hotspot/src/share/vm/prims/jvm.cpp, line 1390]
Event: 3.274 Thread 0x00007f0dc0009800 Exception <a 'java/security/PrivilegedActionException'> (0x00000000c282ceb8) thrown at [/HUDSON/workspace/8-2-build-linux-amd64/jdk8u151/9699/hotspot/src/share/vm/prims/jvm.cpp, line 1390]
Event: 3.312 Thread 0x00007f0dc0009800 Exception <a 'java/io/FileNotFoundException'> (0x00000000c28303c0) thrown at [/HUDSON/workspace/8-2-build-linux-amd64/jdk8u151/9699/hotspot/src/share/vm/prims/jni.cpp, line 709]
Event: 3.312 Thread 0x00007f0dc0009800 Exception <a 'java/io/FileNotFoundException'> (0x00000000c2830d78) thrown at [/HUDSON/workspace/8-2-build-linux-amd64/jdk8u151/9699/hotspot/src/share/vm/prims/jni.cpp, line 709]

Events (10 events):
Event: 4.495 Thread 0x00007f0dc0009800 DEOPT UNPACKING pc=0x00007f0db1047633 sp=0x00007f0dc7014548 mode 0
Event: 4.495 Thread 0x00007f0dc0009800 DEOPT PACKING pc=0x00007f0db120df91 sp=0x00007f0dc70147f0
Event: 4.495 Thread 0x00007f0dc0009800 DEOPT UNPACKING pc=0x00007f0db1047633 sp=0x00007f0dc7014548 mode 0
Event: 4.496 Thread 0x00007f0dc0009800 DEOPT PACKING pc=0x00007f0db120df91 sp=0x00007f0dc70147f0
Event: 4.496 Thread 0x00007f0dc0009800 DEOPT UNPACKING pc=0x00007f0db1047633 sp=0x00007f0dc7014548 mode 0
Event: 4.496 Thread 0x00007f0dc0009800 DEOPT PACKING pc=0x00007f0db120df91 sp=0x00007f0dc70147f0
Event: 4.496 Thread 0x00007f0dc0009800 DEOPT UNPACKING pc=0x00007f0db1047633 sp=0x00007f0dc7014548 mode 0
Event: 4.600 loading class java/io/RandomAccessFile$1
Event: 4.613 loading class java/io/RandomAccessFile$1 done
Event: 4.641 Thread 0x00007f0dc0009800 Thread exited: 0x00007f0dc0009800


Dynamic libraries:
00400000-00401000 r-xp 00000000 08:01 547970                             /usr/lib/jvm/java-8-oracle/jre/bin/java
00600000-00601000 rw-p 00000000 08:01 547970                             /usr/lib/jvm/java-8-oracle/jre/bin/java
02152000-02173000 rw-p 00000000 00:00 0                                  [heap]
c2400000-c38a0000 rw-p 00000000 00:00 0 
c38a0000-d6d50000 ---p 00000000 00:00 0 
d6d50000-d96b0000 rw-p 00000000 00:00 0 
d96b0000-100000000 ---p 00000000 00:00 0 
100000000-1000a0000 rw-p 00000000 00:00 0 
1000a0000-140000000 ---p 00000000 00:00 0 
7f0d90000000-7f0d90366000 rw-p 00000000 00:00 0 
7f0d90366000-7f0d94000000 ---p 00000000 00:00 0 
7f0d94000000-7f0d94021000 rw-p 00000000 00:00 0 
7f0d94021000-7f0d98000000 ---p 00000000 00:00 0 
7f0d98000000-7f0d98021000 rw-p 00000000 00:00 0 
7f0d98021000-7f0d9c000000 ---p 00000000 00:00 0 
7f0d9c000000-7f0d9c42b000 rw-p 00000000 00:00 0 
7f0d9c42b000-7f0da0000000 ---p 00000000 00:00 0 
7f0da0000000-7f0da0021000 rw-p 00000000 00:00 0 
7f0da0021000-7f0da4000000 ---p 00000000 00:00 0 
7f0da4000000-7f0da4021000 rw-p 00000000 00:00 0 
7f0da4021000-7f0da8000000 ---p 00000000 00:00 0 
7f0da8000000-7f0da8021000 rw-p 00000000 00:00 0 
7f0da8021000-7f0dac000000 ---p 00000000 00:00 0 
7f0dad368000-7f0dad36b000 ---p 00000000 00:00 0 
7f0dad36b000-7f0dad469000 rw-p 00000000 00:00 0 
7f0dad469000-7f0dad4a4000 r-xp 00000000 08:01 548237                     /usr/lib/jvm/java-8-oracle/jre/lib/amd64/libjpeg.so
7f0dad4a4000-7f0dad6a3000 ---p 0003b000 08:01 548237                     /usr/lib/jvm/java-8-oracle/jre/lib/amd64/libjpeg.so
7f0dad6a3000-7f0dad6a4000 rw-p 0003a000 08:01 548237                     /usr/lib/jvm/java-8-oracle/jre/lib/amd64/libjpeg.so
7f0dad6a4000-7f0dad6a9000 r-xp 00000000 08:01 405321                     /usr/lib/x86_64-linux-gnu/libXdmcp.so.6.0.0
7f0dad6a9000-7f0dad8a8000 ---p 00005000 08:01 405321                     /usr/lib/x86_64-linux-gnu/libXdmcp.so.6.0.0
7f0dad8a8000-7f0dad8a9000 r--p 00004000 08:01 405321                     /usr/lib/x86_64-linux-gnu/libXdmcp.so.6.0.0
7f0dad8a9000-7f0dad8aa000 rw-p 00005000 08:01 405321                     /usr/lib/x86_64-linux-gnu/libXdmcp.so.6.0.0
7f0dad8aa000-7f0dad8ac000 r-xp 00000000 08:01 405310                     /usr/lib/x86_64-linux-gnu/libXau.so.6.0.0
7f0dad8ac000-7f0dadaac000 ---p 00002000 08:01 405310                     /usr/lib/x86_64-linux-gnu/libXau.so.6.0.0
7f0dadaac000-7f0dadaad000 r--p 00002000 08:01 405310                     /usr/lib/x86_64-linux-gnu/libXau.so.6.0.0
7f0dadaad000-7f0dadaae000 rw-p 00003000 08:01 405310                     /usr/lib/x86_64-linux-gnu/libXau.so.6.0.0
7f0dadaae000-7f0dadacf000 r-xp 00000000 08:01 406728                     /usr/lib/x86_64-linux-gnu/libxcb.so.1.1.0
7f0dadacf000-7f0dadcce000 ---p 00021000 08:01 406728                     /usr/lib/x86_64-linux-gnu/libxcb.so.1.1.0
7f0dadcce000-7f0dadccf000 r--p 00020000 08:01 406728                     /usr/lib/x86_64-linux-gnu/libxcb.so.1.1.0
7f0dadccf000-7f0dadcd0000 rw-p 00021000 08:01 406728                     /usr/lib/x86_64-linux-gnu/libxcb.so.1.1.0
7f0dadcd0000-7f0dadcdf000 r-xp 00000000 08:01 405333                     /usr/lib/x86_64-linux-gnu/libXi.so.6.1.0
7f0dadcdf000-7f0dadede000 ---p 0000f000 08:01 405333                     /usr/lib/x86_64-linux-gnu/libXi.so.6.1.0
7f0dadede000-7f0dadedf000 r--p 0000e000 08:01 405333                     /usr/lib/x86_64-linux-gnu/libXi.so.6.1.0
7f0dadedf000-7f0dadee0000 rw-p 0000f000 08:01 405333                     /usr/lib/x86_64-linux-gnu/libXi.so.6.1.0
7f0dadee0000-7f0dadee5000 r-xp 00000000 08:01 405351                     /usr/lib/x86_64-linux-gnu/libXtst.so.6.1.0
7f0dadee5000-7f0dae0e4000 ---p 00005000 08:01 405351                     /usr/lib/x86_64-linux-gnu/libXtst.so.6.1.0
7f0dae0e4000-7f0dae0e5000 r--p 00004000 08:01 405351                     /usr/lib/x86_64-linux-gnu/libXtst.so.6.1.0
7f0dae0e5000-7f0dae0e6000 rw-p 00005000 08:01 405351                     /usr/lib/x86_64-linux-gnu/libXtst.so.6.1.0
7f0dae0e6000-7f0dae0ef000 r-xp 00000000 08:01 405345                     /usr/lib/x86_64-linux-gnu/libXrender.so.1.3.0
7f0dae0ef000-7f0dae2ee000 ---p 00009000 08:01 405345                     /usr/lib/x86_64-linux-gnu/libXrender.so.1.3.0
7f0dae2ee000-7f0dae2ef000 r--p 00008000 08:01 405345                     /usr/lib/x86_64-linux-gnu/libXrender.so.1.3.0
7f0dae2ef000-7f0dae2f0000 rw-p 00009000 08:01 405345                     /usr/lib/x86_64-linux-gnu/libXrender.so.1.3.0
7f0dae2f0000-7f0dae425000 r-xp 00000000 08:01 405306                     /usr/lib/x86_64-linux-gnu/libX11.so.6.3.0
7f0dae425000-7f0dae625000 ---p 00135000 08:01 405306                     /usr/lib/x86_64-linux-gnu/libX11.so.6.3.0
7f0dae625000-7f0dae626000 r--p 00135000 08:01 405306                     /usr/lib/x86_64-linux-gnu/libX11.so.6.3.0
7f0dae626000-7f0dae62a000 rw-p 00136000 08:01 405306                     /usr/lib/x86_64-linux-gnu/libX11.so.6.3.0
7f0dae62a000-7f0dae63b000 r-xp 00000000 08:01 405323                     /usr/lib/x86_64-linux-gnu/libXext.so.6.4.0
7f0dae63b000-7f0dae83a000 ---p 00011000 08:01 405323                     /usr/lib/x86_64-linux-gnu/libXext.so.6.4.0
7f0dae83a000-7f0dae83b000 r--p 00010000 08:01 405323                     /usr/lib/x86_64-linux-gnu/libXext.so.6.4.0
7f0dae83b000-7f0dae83c000 rw-p 00011000 08:01 405323                     /usr/lib/x86_64-linux-gnu/libXext.so.6.4.0
7f0dae83c000-7f0dae890000 r-xp 00000000 08:01 548297                     /usr/lib/jvm/java-8-oracle/jre/lib/amd64/libawt_xawt.so
7f0dae890000-7f0daea90000 ---p 00054000 08:01 548297                     /usr/lib/jvm/java-8-oracle/jre/lib/amd64/libawt_xawt.so
7f0daea90000-7f0daea94000 rw-p 00054000 08:01 548297                     /usr/lib/jvm/java-8-oracle/jre/lib/amd64/libawt_xawt.so
7f0daea94000-7f0daea95000 rw-p 00000000 00:00 0 
7f0daea95000-7f0daeb37000 r-xp 00000000 08:01 548283                     /usr/lib/jvm/java-8-oracle/jre/lib/amd64/libawt.so
7f0daeb37000-7f0daed37000 ---p 000a2000 08:01 548283                     /usr/lib/jvm/java-8-oracle/jre/lib/amd64/libawt.so
7f0daed37000-7f0daed43000 rw-p 000a2000 08:01 548283                     /usr/lib/jvm/java-8-oracle/jre/lib/amd64/libawt.so
7f0daed43000-7f0daed67000 rw-p 00000000 00:00 0 
7f0daed67000-7f0daed68000 ---p 00000000 00:00 0 
7f0daed68000-7f0daee68000 rw-p 00000000 00:00 0 
7f0daee68000-7f0daee6b000 ---p 00000000 00:00 0 
7f0daee6b000-7f0daef69000 rw-p 00000000 00:00 0 
7f0daef69000-7f0daef6c000 ---p 00000000 00:00 0 
7f0daef6c000-7f0daf06a000 rw-p 00000000 00:00 0 
7f0daf06a000-7f0daf06d000 ---p 00000000 00:00 0 
7f0daf06d000-7f0daf16b000 rw-p 00000000 00:00 0 
7f0daf16b000-7f0daf16e000 ---p 00000000 00:00 0 
7f0daf16e000-7f0daf26c000 rw-p 00000000 00:00 0 
7f0daf26c000-7f0dafc2b000 r--p 00000000 08:01 402562                     /usr/lib/locale/locale-archive
7f0dafc2b000-7f0dafc2e000 ---p 00000000 00:00 0 
7f0dafc2e000-7f0dafd2c000 rw-p 00000000 00:00 0 
7f0dafd2c000-7f0dafd2f000 ---p 00000000 00:00 0 
7f0dafd2f000-7f0dafe2d000 rw-p 00000000 00:00 0 
7f0dafe2d000-7f0dafe2e000 ---p 00000000 00:00 0 
7f0dafe2e000-7f0daff2e000 rw-p 00000000 00:00 0 
7f0daff2e000-7f0db0107000 r--s 03d5a000 08:01 548226                     /usr/lib/jvm/java-8-oracle/jre/lib/rt.jar
7f0db0107000-7f0db05c7000 rw-p 00000000 00:00 0 
7f0db05c7000-7f0db0907000 ---p 00000000 00:00 0 
7f0db0907000-7f0db091c000 rw-p 00000000 00:00 0 
7f0db091c000-7f0db0a51000 ---p 00000000 00:00 0 
7f0db0a51000-7f0db0a5c000 rw-p 00000000 00:00 0 
7f0db0a5c000-7f0db0af5000 ---p 00000000 00:00 0 
7f0db0af5000-7f0db0b0b000 rw-p 00000000 00:00 0 
7f0db0b0b000-7f0db0c3f000 ---p 00000000 00:00 0 
7f0db0c3f000-7f0db0c4a000 rw-p 00000000 00:00 0 
7f0db0c4a000-7f0db1000000 ---p 00000000 00:00 0 
7f0db1000000-7f0db1270000 rwxp 00000000 00:00 0 
7f0db1270000-7f0dc0000000 ---p 00000000 00:00 0 
7f0dc0000000-7f0dc0430000 rw-p 00000000 00:00 0 
7f0dc0430000-7f0dc4000000 ---p 00000000 00:00 0 
7f0dc4023000-7f0dc4072000 rw-p 00000000 00:00 0 
7f0dc4072000-7f0dc408d000 r-xp 00000000 08:01 548286                     /usr/lib/jvm/java-8-oracle/jre/lib/amd64/libzip.so
7f0dc408d000-7f0dc428d000 ---p 0001b000 08:01 548286                     /usr/lib/jvm/java-8-oracle/jre/lib/amd64/libzip.so
7f0dc428d000-7f0dc428e000 rw-p 0001b000 08:01 548286                     /usr/lib/jvm/java-8-oracle/jre/lib/amd64/libzip.so
7f0dc428e000-7f0dc4299000 r-xp 00000000 08:01 1054391                    /lib/x86_64-linux-gnu/libnss_files-2.23.so
7f0dc4299000-7f0dc4498000 ---p 0000b000 08:01 1054391                    /lib/x86_64-linux-gnu/libnss_files-2.23.so
7f0dc4498000-7f0dc4499000 r--p 0000a000 08:01 1054391                    /lib/x86_64-linux-gnu/libnss_files-2.23.so
7f0dc4499000-7f0dc449a000 rw-p 0000b000 08:01 1054391                    /lib/x86_64-linux-gnu/libnss_files-2.23.so
7f0dc449a000-7f0dc44a0000 rw-p 00000000 00:00 0 
7f0dc44a0000-7f0dc44ab000 r-xp 00000000 08:01 1054401                    /lib/x86_64-linux-gnu/libnss_nis-2.23.so
7f0dc44ab000-7f0dc46aa000 ---p 0000b000 08:01 1054401                    /lib/x86_64-linux-gnu/libnss_nis-2.23.so
7f0dc46aa000-7f0dc46ab000 r--p 0000a000 08:01 1054401                    /lib/x86_64-linux-gnu/libnss_nis-2.23.so
7f0dc46ab000-7f0dc46ac000 rw-p 0000b000 08:01 1054401                    /lib/x86_64-linux-gnu/libnss_nis-2.23.so
7f0dc46ac000-7f0dc46c2000 r-xp 00000000 08:01 1054385                    /lib/x86_64-linux-gnu/libnsl-2.23.so
7f0dc46c2000-7f0dc48c1000 ---p 00016000 08:01 1054385                    /lib/x86_64-linux-gnu/libnsl-2.23.so
7f0dc48c1000-7f0dc48c2000 r--p 00015000 08:01 1054385                    /lib/x86_64-linux-gnu/libnsl-2.23.so
7f0dc48c2000-7f0dc48c3000 rw-p 00016000 08:01 1054385                    /lib/x86_64-linux-gnu/libnsl-2.23.so
7f0dc48c3000-7f0dc48c5000 rw-p 00000000 00:00 0 
7f0dc48c5000-7f0dc48cd000 r-xp 00000000 08:01 1054387                    /lib/x86_64-linux-gnu/libnss_compat-2.23.so
7f0dc48cd000-7f0dc4acc000 ---p 00008000 08:01 1054387                    /lib/x86_64-linux-gnu/libnss_compat-2.23.so
7f0dc4acc000-7f0dc4acd000 r--p 00007000 08:01 1054387                    /lib/x86_64-linux-gnu/libnss_compat-2.23.so
7f0dc4acd000-7f0dc4ace000 rw-p 00008000 08:01 1054387                    /lib/x86_64-linux-gnu/libnss_compat-2.23.so
7f0dc4ace000-7f0dc4af9000 r-xp 00000000 08:01 548280                     /usr/lib/jvm/java-8-oracle/jre/lib/amd64/libjava.so
7f0dc4af9000-7f0dc4cf8000 ---p 0002b000 08:01 548280                     /usr/lib/jvm/java-8-oracle/jre/lib/amd64/libjava.so
7f0dc4cf8000-7f0dc4cfa000 rw-p 0002a000 08:01 548280                     /usr/lib/jvm/java-8-oracle/jre/lib/amd64/libjava.so
7f0dc4cfa000-7f0dc4d07000 r-xp 00000000 08:01 548285                     /usr/lib/jvm/java-8-oracle/jre/lib/amd64/libverify.so
7f0dc4d07000-7f0dc4f07000 ---p 0000d000 08:01 548285                     /usr/lib/jvm/java-8-oracle/jre/lib/amd64/libverify.so
7f0dc4f07000-7f0dc4f09000 rw-p 0000d000 08:01 548285                     /usr/lib/jvm/java-8-oracle/jre/lib/amd64/libverify.so
7f0dc4f09000-7f0dc4f10000 r-xp 00000000 08:01 1054446                    /lib/x86_64-linux-gnu/librt-2.23.so
7f0dc4f10000-7f0dc510f000 ---p 00007000 08:01 1054446                    /lib/x86_64-linux-gnu/librt-2.23.so
7f0dc510f000-7f0dc5110000 r--p 00006000 08:01 1054446                    /lib/x86_64-linux-gnu/librt-2.23.so
7f0dc5110000-7f0dc5111000 rw-p 00007000 08:01 1054446                    /lib/x86_64-linux-gnu/librt-2.23.so
7f0dc5111000-7f0dc5219000 r-xp 00000000 08:01 1054362                    /lib/x86_64-linux-gnu/libm-2.23.so
7f0dc5219000-7f0dc5418000 ---p 00108000 08:01 1054362                    /lib/x86_64-linux-gnu/libm-2.23.so
7f0dc5418000-7f0dc5419000 r--p 00107000 08:01 1054362                    /lib/x86_64-linux-gnu/libm-2.23.so
7f0dc5419000-7f0dc541a000 rw-p 00108000 08:01 1054362                    /lib/x86_64-linux-gnu/libm-2.23.so
7f0dc541a000-7f0dc60ed000 r-xp 00000000 08:01 548263                     /usr/lib/jvm/java-8-oracle/jre/lib/amd64/server/libjvm.so
7f0dc60ed000-7f0dc62ec000 ---p 00cd3000 08:01 548263                     /usr/lib/jvm/java-8-oracle/jre/lib/amd64/server/libjvm.so
7f0dc62ec000-7f0dc63c6000 rw-p 00cd2000 08:01 548263                     /usr/lib/jvm/java-8-oracle/jre/lib/amd64/server/libjvm.so
7f0dc63c6000-7f0dc6411000 rw-p 00000000 00:00 0 
7f0dc6411000-7f0dc65d1000 r-xp 00000000 08:01 1054292                    /lib/x86_64-linux-gnu/libc-2.23.so
7f0dc65d1000-7f0dc67d1000 ---p 001c0000 08:01 1054292                    /lib/x86_64-linux-gnu/libc-2.23.so
7f0dc67d1000-7f0dc67d5000 r--p 001c0000 08:01 1054292                    /lib/x86_64-linux-gnu/libc-2.23.so
7f0dc67d5000-7f0dc67d7000 rw-p 001c4000 08:01 1054292                    /lib/x86_64-linux-gnu/libc-2.23.so
7f0dc67d7000-7f0dc67db000 rw-p 00000000 00:00 0 
7f0dc67db000-7f0dc67de000 r-xp 00000000 08:01 1054316                    /lib/x86_64-linux-gnu/libdl-2.23.so
7f0dc67de000-7f0dc69dd000 ---p 00003000 08:01 1054316                    /lib/x86_64-linux-gnu/libdl-2.23.so
7f0dc69dd000-7f0dc69de000 r--p 00002000 08:01 1054316                    /lib/x86_64-linux-gnu/libdl-2.23.so
7f0dc69de000-7f0dc69df000 rw-p 00003000 08:01 1054316                    /lib/x86_64-linux-gnu/libdl-2.23.so
7f0dc69df000-7f0dc69f5000 r-xp 00000000 08:01 548258                     /usr/lib/jvm/java-8-oracle/jre/lib/amd64/jli/libjli.so
7f0dc69f5000-7f0dc6bf4000 ---p 00016000 08:01 548258                     /usr/lib/jvm/java-8-oracle/jre/lib/amd64/jli/libjli.so
7f0dc6bf4000-7f0dc6bf5000 rw-p 00015000 08:01 548258                     /usr/lib/jvm/java-8-oracle/jre/lib/amd64/jli/libjli.so
7f0dc6bf5000-7f0dc6c0d000 r-xp 00000000 08:01 1054438                    /lib/x86_64-linux-gnu/libpthread-2.23.so
7f0dc6c0d000-7f0dc6e0c000 ---p 00018000 08:01 1054438                    /lib/x86_64-linux-gnu/libpthread-2.23.so
7f0dc6e0c000-7f0dc6e0d000 r--p 00017000 08:01 1054438                    /lib/x86_64-linux-gnu/libpthread-2.23.so
7f0dc6e0d000-7f0dc6e0e000 rw-p 00018000 08:01 1054438                    /lib/x86_64-linux-gnu/libpthread-2.23.so
7f0dc6e0e000-7f0dc6e12000 rw-p 00000000 00:00 0 
7f0dc6e12000-7f0dc6e38000 r-xp 00000000 08:01 1054264                    /lib/x86_64-linux-gnu/ld-2.23.so
7f0dc6e45000-7f0dc6f16000 rw-p 00000000 00:00 0 
7f0dc6f19000-7f0dc701b000 rw-p 00000000 00:00 0 
7f0dc7024000-7f0dc7029000 r--s 002f9000 08:01 548224                     /usr/lib/jvm/java-8-oracle/jre/lib/charsets.jar
7f0dc7029000-7f0dc702b000 r--s 00000000 08:01 1227596                    /home/andrew/Desktop/village/Image_Printer.jar
7f0dc702b000-7f0dc7033000 rw-s 00000000 08:01 431165                     /tmp/hsperfdata_andrew/15488
7f0dc7033000-7f0dc7034000 rw-p 00000000 00:00 0 
7f0dc7034000-7f0dc7035000 r--p 00000000 00:00 0 
7f0dc7035000-7f0dc7037000 rw-p 00000000 00:00 0 
7f0dc7037000-7f0dc7038000 r--p 00025000 08:01 1054264                    /lib/x86_64-linux-gnu/ld-2.23.so
7f0dc7038000-7f0dc7039000 rw-p 00026000 08:01 1054264                    /lib/x86_64-linux-gnu/ld-2.23.so
7f0dc7039000-7f0dc703a000 rw-p 00000000 00:00 0 
7ffe6d7e2000-7ffe6d803000 rw-p 00000000 00:00 0                          [stack]
7ffe6d886000-7ffe6d888000 r--p 00000000 00:00 0                          [vvar]
7ffe6d888000-7ffe6d88a000 r-xp 00000000 00:00 0                          [vdso]
ffffffffff600000-ffffffffff601000 r-xp 00000000 00:00 0                  [vsyscall]

VM Arguments:
java_command: Image_Printer.jar Files/run_114.txt 114
java_class_path (initial): Image_Printer.jar
Launcher Type: SUN_STANDARD

Environment Variables:
JAVA_HOME=/usr/lib/jvm/java-8-oracle
PATH=/home/andrew/bin:/home/andrew/.local/bin:/usr/local/sbin:/usr/local/bin:/usr/sbin:/usr/bin:/sbin:/bin:/usr/games:/usr/local/games:/snap/bin:/usr/lib/jvm/java-8-oracle/bin:/usr/lib/jvm/java-8-oracle/db/bin:/usr/lib/jvm/java-8-oracle/jre/bin
SHELL=/bin/bash
DISPLAY=:0

Signal Handlers:
SIGSEGV: [libjvm.so+0xacbe10], sa_mask[0]=11111111011111111101111111111110, sa_flags=SA_RESTART|SA_SIGINFO
SIGBUS: [libjvm.so+0xacbe10], sa_mask[0]=11111111011111111101111111111110, sa_flags=SA_RESTART|SA_SIGINFO
SIGFPE: [libjvm.so+0x924f90], sa_mask[0]=11111111011111111101111111111110, sa_flags=SA_RESTART|SA_SIGINFO
SIGPIPE: [libjvm.so+0x924f90], sa_mask[0]=11111111011111111101111111111110, sa_flags=SA_RESTART|SA_SIGINFO
SIGXFSZ: [libjvm.so+0x924f90], sa_mask[0]=11111111011111111101111111111110, sa_flags=SA_RESTART|SA_SIGINFO
SIGILL: [libjvm.so+0x924f90], sa_mask[0]=11111111011111111101111111111110, sa_flags=SA_RESTART|SA_SIGINFO
SIGUSR1: SIG_DFL, sa_mask[0]=00000000000000000000000000000000, sa_flags=none
SIGUSR2: [libjvm.so+0x9267d0], sa_mask[0]=00000000000000000000000000000000, sa_flags=SA_RESTART|SA_SIGINFO
SIGHUP: [libjvm.so+0x927bd0], sa_mask[0]=11111111011111111101111111111110, sa_flags=SA_RESTART|SA_SIGINFO
SIGINT: [libjvm.so+0x927bd0], sa_mask[0]=11111111011111111101111111111110, sa_flags=SA_RESTART|SA_SIGINFO
SIGTERM: [libjvm.so+0x927bd0], sa_mask[0]=11111111011111111101111111111110, sa_flags=SA_RESTART|SA_SIGINFO
SIGQUIT: [libjvm.so+0x927bd0], sa_mask[0]=11111111011111111101111111111110, sa_flags=SA_RESTART|SA_SIGINFO


---------------  S Y S T E M  ---------------

OS:DISTRIB_ID=Ubuntu
DISTRIB_RELEASE=16.04
DISTRIB_CODENAME=xenial
DISTRIB_DESCRIPTION="Ubuntu 16.04.3 LTS"

uname:Linux 4.10.0-37-generic #41~16.04.1-Ubuntu SMP Fri Oct 6 22:42:59 UTC 2017 x86_64
libc:glibc 2.23 NPTL 2.23 
rlimit: STACK 8192k, CORE infinity, NPROC 15624, NOFILE 1048576, AS infinity
load average:2.73 2.10 2.20

/proc/meminfo:
MemTotal:        4044364 kB
MemFree:           84820 kB
MemAvailable:          0 kB
Buffers:             260 kB
Cached:            51860 kB
SwapCached:            0 kB
Active:          3779240 kB
Inactive:          45544 kB
Active(anon):    3774064 kB
Inactive(anon):    40464 kB
Active(file):       5176 kB
Inactive(file):     5080 kB
Unevictable:          64 kB
Mlocked:              64 kB
SwapTotal:             0 kB
SwapFree:              0 kB
Dirty:                80 kB
Writeback:           176 kB
AnonPages:       3772780 kB
Mapped:            45116 kB
Shmem:             41812 kB
Slab:              50440 kB
SReclaimable:      19860 kB
SUnreclaim:        30580 kB
KernelStack:       12672 kB
PageTables:        44160 kB
NFS_Unstable:          0 kB
Bounce:                0 kB
WritebackTmp:          0 kB
CommitLimit:     2022180 kB
Committed_AS:    8675940 kB
VmallocTotal:   34359738367 kB
VmallocUsed:           0 kB
VmallocChunk:          0 kB
HardwareCorrupted:     0 kB
AnonHugePages:   1943552 kB
ShmemHugePages:        0 kB
ShmemPmdMapped:        0 kB
CmaTotal:              0 kB
CmaFree:               0 kB
HugePages_Total:       0
HugePages_Free:        0
HugePages_Rsvd:        0
HugePages_Surp:        0
Hugepagesize:       2048 kB
DirectMap4k:       83904 kB
DirectMap2M:     4110336 kB


CPU:total 1 (initial active 1) (1 cores per cpu, 1 threads per core) family 6 model 60 stepping 3, cmov, cx8, fxsr, mmx, sse, sse2, sse3, ssse3, sse4.1, sse4.2, popcnt, avx, aes, clmul, lzcnt, tsc, tscinvbit

/proc/cpuinfo:
processor	: 0
vendor_id	: GenuineIntel
cpu family	: 6
model		: 60
model name	: Intel(R) Core(TM) i7-4600M CPU @ 2.90GHz
stepping	: 3
cpu MHz		: 2893.298
cache size	: 4096 KB
physical id	: 0
siblings	: 1
core id		: 0
cpu cores	: 1
apicid		: 0
initial apicid	: 0
fpu		: yes
fpu_exception	: yes
cpuid level	: 13
wp		: yes
flags		: fpu vme de pse tsc msr pae mce cx8 apic sep mtrr pge mca cmov pat pse36 clflush mmx fxsr sse sse2 syscall nx rdtscp lm constant_tsc rep_good nopl xtopology nonstop_tsc pni pclmulqdq monitor ssse3 cx16 sse4_1 sse4_2 x2apic movbe popcnt aes xsave avx rdrand hypervisor lahf_lm abm
bugs		:
bogomips	: 5786.59
clflush size	: 64
cache_alignment	: 64
address sizes	: 39 bits physical, 48 bits virtual
power management:



Memory: 4k page, physical 4044364k(84820k free), swap 0k(0k free)

vm_info: Java HotSpot(TM) 64-Bit Server VM (25.151-b12) for linux-amd64 JRE (1.8.0_151-b12), built on Sep  5 2017 19:20:58 by "java_re" with gcc 4.3.0 20080428 (Red Hat 4.3.0-8)

time: Wed Nov 22 15:50:45 2017
elapsed time: 4 seconds (0d 0h 0m 4s)

