#
# There is insufficient memory for the Java Runtime Environment to continue.
# Native memory allocation (mmap) failed to map 12288 bytes for committing reserved memory.
# Possible reasons:
#   The system is out of physical RAM or swap space
#   In 32 bit mode, the process size limit was hit
# Possible solutions:
#   Reduce memory load on the system
#   Increase physical memory or swap space
#   Check if swap backing store is full
#   Use 64 bit Java on a 64 bit OS
#   Decrease Java heap size (-Xmx/-Xms)
#   Decrease number of Java threads
#   Decrease Java thread stack sizes (-Xss)
#   Set larger code cache with -XX:ReservedCodeCacheSize=
# This output file may be truncated or incomplete.
#
#  Out of Memory Error (os_linux.cpp:2640), pid=15529, tid=0x00007fa3258bc700
#
# JRE version: Java(TM) SE Runtime Environment (8.0_151-b12) (build 1.8.0_151-b12)
# Java VM: Java HotSpot(TM) 64-Bit Server VM (25.151-b12 mixed mode linux-amd64 compressed oops)
# Core dump written. Default location: /home/andrew/Desktop/village/core or core.15529
#

---------------  T H R E A D  ---------------

Current thread (0x00007fa31c009800):  JavaThread "Unknown thread" [_thread_in_vm, id=15530, stack(0x00007fa3257bc000,0x00007fa3258bd000)]

Stack: [0x00007fa3257bc000,0x00007fa3258bd000],  sp=0x00007fa3258bb990,  free space=1022k
Native frames: (J=compiled Java code, j=interpreted, Vv=VM code, C=native code)
V  [libjvm.so+0xacb58a]  VMError::report_and_die()+0x2ba
V  [libjvm.so+0x4ff4ab]  report_vm_out_of_memory(char const*, int, unsigned long, VMErrorType, char const*)+0x8b
V  [libjvm.so+0x928113]  os::Linux::commit_memory_impl(char*, unsigned long, bool)+0x103
V  [libjvm.so+0x9281dc]  os::pd_commit_memory(char*, unsigned long, bool)+0xc
V  [libjvm.so+0x921baa]  os::commit_memory(char*, unsigned long, bool)+0x2a
V  [libjvm.so+0x9265cf]  os::pd_create_stack_guard_pages(char*, unsigned long)+0x7f
V  [libjvm.so+0xa703ce]  JavaThread::create_stack_guard_pages()+0x5e
V  [libjvm.so+0x6d4b04]  attach_current_thread+0xb4
V  [libjvm.so+0x6d1a18]  jni_DestroyJavaVM+0x58
C  [libjli.so+0x7b5d]  JavaMain+0x27d
C  [libpthread.so.0+0x76ba]  start_thread+0xca


---------------  P R O C E S S  ---------------

Java Threads: ( => current thread )
  0x00007fa31c0db800 JavaThread "Service Thread" daemon [_thread_blocked, id=15537, stack(0x00007fa320731000,0x00007fa320832000)]
  0x00007fa31c0d8800 JavaThread "C1 CompilerThread1" daemon [_thread_blocked, id=15536, stack(0x00007fa320832000,0x00007fa320933000)]
  0x00007fa31c0d6800 JavaThread "C2 CompilerThread0" daemon [_thread_blocked, id=15535, stack(0x00007fa320933000,0x00007fa320a34000)]
  0x00007fa31c0d2000 JavaThread "Signal Dispatcher" daemon [_thread_blocked, id=15534, stack(0x00007fa320a34000,0x00007fa320b35000)]
  0x00007fa31c0a1800 JavaThread "Finalizer" daemon [_thread_blocked, id=15533, stack(0x00007fa3214f4000,0x00007fa3215f5000)]
  0x00007fa31c09d000 JavaThread "Reference Handler" daemon [_thread_blocked, id=15532, stack(0x00007fa3215f5000,0x00007fa3216f6000)]

Other Threads:
  0x00007fa31c095000 VMThread [stack: 0x00007fa3216f6000,0x00007fa3217f7000] [id=15531]
  0x00007fa31c0df000 WatcherThread [stack: 0x00007fa320630000,0x00007fa320731000] [id=15538]

=>0x00007fa31c009800 (exited) JavaThread "Unknown thread" [_thread_in_vm, id=15530, stack(0x00007fa3257bc000,0x00007fa3258bd000)]

VM state:not at safepoint (normal execution)

VM Mutex/Monitor currently owned by a thread: None

Heap:
 def new generation   total 19008K, used 3167K [0x00000000c2400000, 0x00000000c38a0000, 0x00000000d6d50000)
  eden space 16896K,  12% used [0x00000000c2400000, 0x00000000c25fae18, 0x00000000c3480000)
  from space 2112K,  53% used [0x00000000c3690000, 0x00000000c37aceb0, 0x00000000c38a0000)
  to   space 2112K,   0% used [0x00000000c3480000, 0x00000000c3480000, 0x00000000c3690000)
 tenured generation   total 42368K, used 35533K [0x00000000d6d50000, 0x00000000d96b0000, 0x0000000100000000)
   the space 42368K,  83% used [0x00000000d6d50000, 0x00000000d90034e8, 0x00000000d9003600, 0x00000000d96b0000)
 Metaspace       used 2860K, capacity 4494K, committed 4864K, reserved 1056768K
  class space    used 304K, capacity 386K, committed 512K, reserved 1048576K

Card table byte_map: [0x00007fa322369000,0x00007fa322558000] byte_map_base: 0x00007fa321d57000

Polling page: 0x00007fa3258da000

CodeCache: size=245760Kb used=1492Kb max_used=1492Kb free=244267Kb
 bounds [0x00007fa30d000000, 0x00007fa30d270000, 0x00007fa31c000000]
 total_blobs=367 nmethods=131 adapters=151
 compilation: enabled

Compilation events (10 events):
Event: 1.435 Thread 0x00007fa31c0d8800  127       3       sun.nio.cs.UTF_8::access$200 (8 bytes)
Event: 1.436 Thread 0x00007fa31c0d8800 nmethod 127 0x00007fa30d170f10 code [0x00007fa30d1710c0, 0x00007fa30d171550]
Event: 1.437 Thread 0x00007fa31c0d8800  129       3       java.lang.String::getChars (62 bytes)
Event: 1.438 Thread 0x00007fa31c0d8800 nmethod 129 0x00007fa30d170710 code [0x00007fa30d1708c0, 0x00007fa30d170cf0]
Event: 1.438 Thread 0x00007fa31c0d8800  128       3       sun.nio.cs.UTF_8::updatePositions (23 bytes)
Event: 1.438 Thread 0x00007fa31c0d8800 nmethod 128 0x00007fa30d174450 code [0x00007fa30d1745e0, 0x00007fa30d174a10]
Event: 1.438 Thread 0x00007fa31c0d8800  130       3       java.lang.StringBuilder::append (8 bytes)
Event: 1.439 Thread 0x00007fa31c0d8800 nmethod 130 0x00007fa30d174b90 code [0x00007fa30d174d00, 0x00007fa30d174e80]
Event: 1.439 Thread 0x00007fa31c0d8800  131       3       java.lang.AbstractStringBuilder::append (50 bytes)
Event: 1.447 Thread 0x00007fa31c0d8800 nmethod 131 0x00007fa30d174f10 code [0x00007fa30d1750e0, 0x00007fa30d1757f0]

GC Heap History (10 events):
Event: 1.205 GC heap before
{Heap before GC invocations=38 (full 0):
 def new generation   total 19008K, used 18445K [0x00000000c2400000, 0x00000000c38a0000, 0x00000000d6d50000)
  eden space 16896K, 100% used [0x00000000c2400000, 0x00000000c3480000, 0x00000000c3480000)
  from space 2112K,  73% used [0x00000000c3480000, 0x00000000c3603540, 0x00000000c3690000)
  to   space 2112K,   0% used [0x00000000c3690000, 0x00000000c3690000, 0x00000000c38a0000)
 tenured generation   total 42368K, used 32274K [0x00000000d6d50000, 0x00000000d96b0000, 0x0000000100000000)
   the space 42368K,  76% used [0x00000000d6d50000, 0x00000000d8cd4af0, 0x00000000d8cd4c00, 0x00000000d96b0000)
 Metaspace       used 2771K, capacity 4494K, committed 4864K, reserved 1056768K
  class space    used 294K, capacity 386K, committed 512K, reserved 1048576K
Event: 1.213 GC heap after
Heap after GC invocations=39 (full 0):
 def new generation   total 19008K, used 1139K [0x00000000c2400000, 0x00000000c38a0000, 0x00000000d6d50000)
  eden space 16896K,   0% used [0x00000000c2400000, 0x00000000c2400000, 0x00000000c3480000)
  from space 2112K,  53% used [0x00000000c3690000, 0x00000000c37aceb0, 0x00000000c38a0000)
  to   space 2112K,   0% used [0x00000000c3480000, 0x00000000c3480000, 0x00000000c3690000)
 tenured generation   total 42368K, used 33254K [0x00000000d6d50000, 0x00000000d96b0000, 0x0000000100000000)
   the space 42368K,  78% used [0x00000000d6d50000, 0x00000000d8dc9890, 0x00000000d8dc9a00, 0x00000000d96b0000)
 Metaspace       used 2771K, capacity 4494K, committed 4864K, reserved 1056768K
  class space    used 294K, capacity 386K, committed 512K, reserved 1048576K
}
Event: 1.225 GC heap before
{Heap before GC invocations=39 (full 0):
 def new generation   total 19008K, used 18035K [0x00000000c2400000, 0x00000000c38a0000, 0x00000000d6d50000)
  eden space 16896K, 100% used [0x00000000c2400000, 0x00000000c3480000, 0x00000000c3480000)
  from space 2112K,  53% used [0x00000000c3690000, 0x00000000c37aceb0, 0x00000000c38a0000)
  to   space 2112K,   0% used [0x00000000c3480000, 0x00000000c3480000, 0x00000000c3690000)
 tenured generation   total 42368K, used 33254K [0x00000000d6d50000, 0x00000000d96b0000, 0x0000000100000000)
   the space 42368K,  78% used [0x00000000d6d50000, 0x00000000d8dc9890, 0x00000000d8dc9a00, 0x00000000d96b0000)
 Metaspace       used 2771K, capacity 4494K, committed 4864K, reserved 1056768K
  class space    used 294K, capacity 386K, committed 512K, reserved 1048576K
Event: 1.228 GC heap after
Heap after GC invocations=40 (full 0):
 def new generation   total 19008K, used 1139K [0x00000000c2400000, 0x00000000c38a0000, 0x00000000d6d50000)
  eden space 16896K,   0% used [0x00000000c2400000, 0x00000000c2400000, 0x00000000c3480000)
  from space 2112K,  53% used [0x00000000c3480000, 0x00000000c359cf08, 0x00000000c3690000)
  to   space 2112K,   0% used [0x00000000c3690000, 0x00000000c3690000, 0x00000000c38a0000)
 tenured generation   total 42368K, used 33823K [0x00000000d6d50000, 0x00000000d96b0000, 0x0000000100000000)
   the space 42368K,  79% used [0x00000000d6d50000, 0x00000000d8e57fa0, 0x00000000d8e58000, 0x00000000d96b0000)
 Metaspace       used 2771K, capacity 4494K, committed 4864K, reserved 1056768K
  class space    used 294K, capacity 386K, committed 512K, reserved 1048576K
}
Event: 1.236 GC heap before
{Heap before GC invocations=40 (full 0):
 def new generation   total 19008K, used 18035K [0x00000000c2400000, 0x00000000c38a0000, 0x00000000d6d50000)
  eden space 16896K, 100% used [0x00000000c2400000, 0x00000000c3480000, 0x00000000c3480000)
  from space 2112K,  53% used [0x00000000c3480000, 0x00000000c359cf08, 0x00000000c3690000)
  to   space 2112K,   0% used [0x00000000c3690000, 0x00000000c3690000, 0x00000000c38a0000)
 tenured generation   total 42368K, used 33823K [0x00000000d6d50000, 0x00000000d96b0000, 0x0000000100000000)
   the space 42368K,  79% used [0x00000000d6d50000, 0x00000000d8e57fa0, 0x00000000d8e58000, 0x00000000d96b0000)
 Metaspace       used 2771K, capacity 4494K, committed 4864K, reserved 1056768K
  class space    used 294K, capacity 386K, committed 512K, reserved 1048576K
Event: 1.242 GC heap after
Heap after GC invocations=41 (full 0):
 def new generation   total 19008K, used 1139K [0x00000000c2400000, 0x00000000c38a0000, 0x00000000d6d50000)
  eden space 16896K,   0% used [0x00000000c2400000, 0x00000000c2400000, 0x00000000c3480000)
  from space 2112K,  53% used [0x00000000c3690000, 0x00000000c37aced0, 0x00000000c38a0000)
  to   space 2112K,   0% used [0x00000000c3480000, 0x00000000c3480000, 0x00000000c3690000)
 tenured generation   total 42368K, used 34393K [0x00000000d6d50000, 0x00000000d96b0000, 0x0000000100000000)
   the space 42368K,  81% used [0x00000000d6d50000, 0x00000000d8ee66c8, 0x00000000d8ee6800, 0x00000000d96b0000)
 Metaspace       used 2771K, capacity 4494K, committed 4864K, reserved 1056768K
  class space    used 294K, capacity 386K, committed 512K, reserved 1048576K
}
Event: 1.250 GC heap before
{Heap before GC invocations=41 (full 0):
 def new generation   total 19008K, used 18035K [0x00000000c2400000, 0x00000000c38a0000, 0x00000000d6d50000)
  eden space 16896K, 100% used [0x00000000c2400000, 0x00000000c3480000, 0x00000000c3480000)
  from space 2112K,  53% used [0x00000000c3690000, 0x00000000c37aced0, 0x00000000c38a0000)
  to   space 2112K,   0% used [0x00000000c3480000, 0x00000000c3480000, 0x00000000c3690000)
 tenured generation   total 42368K, used 34393K [0x00000000d6d50000, 0x00000000d96b0000, 0x0000000100000000)
   the space 42368K,  81% used [0x00000000d6d50000, 0x00000000d8ee66c8, 0x00000000d8ee6800, 0x00000000d96b0000)
 Metaspace       used 2771K, capacity 4494K, committed 4864K, reserved 1056768K
  class space    used 294K, capacity 386K, committed 512K, reserved 1048576K
Event: 1.253 GC heap after
Heap after GC invocations=42 (full 0):
 def new generation   total 19008K, used 1139K [0x00000000c2400000, 0x00000000c38a0000, 0x00000000d6d50000)
  eden space 16896K,   0% used [0x00000000c2400000, 0x00000000c2400000, 0x00000000c3480000)
  from space 2112K,  53% used [0x00000000c3480000, 0x00000000c359cee8, 0x00000000c3690000)
  to   space 2112K,   0% used [0x00000000c3690000, 0x00000000c3690000, 0x00000000c38a0000)
 tenured generation   total 42368K, used 34963K [0x00000000d6d50000, 0x00000000d96b0000, 0x0000000100000000)
   the space 42368K,  82% used [0x00000000d6d50000, 0x00000000d8f74dd8, 0x00000000d8f74e00, 0x00000000d96b0000)
 Metaspace       used 2771K, capacity 4494K, committed 4864K, reserved 1056768K
  class space    used 294K, capacity 386K, committed 512K, reserved 1048576K
}
Event: 1.266 GC heap before
{Heap before GC invocations=42 (full 0):
 def new generation   total 19008K, used 18035K [0x00000000c2400000, 0x00000000c38a0000, 0x00000000d6d50000)
  eden space 16896K, 100% used [0x00000000c2400000, 0x00000000c3480000, 0x00000000c3480000)
  from space 2112K,  53% used [0x00000000c3480000, 0x00000000c359cee8, 0x00000000c3690000)
  to   space 2112K,   0% used [0x00000000c3690000, 0x00000000c3690000, 0x00000000c38a0000)
 tenured generation   total 42368K, used 34963K [0x00000000d6d50000, 0x00000000d96b0000, 0x0000000100000000)
   the space 42368K,  82% used [0x00000000d6d50000, 0x00000000d8f74dd8, 0x00000000d8f74e00, 0x00000000d96b0000)
 Metaspace       used 2771K, capacity 4494K, committed 4864K, reserved 1056768K
  class space    used 294K, capacity 386K, committed 512K, reserved 1048576K
Event: 1.270 GC heap after
Heap after GC invocations=43 (full 0):
 def new generation   total 19008K, used 1139K [0x00000000c2400000, 0x00000000c38a0000, 0x00000000d6d50000)
  eden space 16896K,   0% used [0x00000000c2400000, 0x00000000c2400000, 0x00000000c3480000)
  from space 2112K,  53% used [0x00000000c3690000, 0x00000000c37aceb0, 0x00000000c38a0000)
  to   space 2112K,   0% used [0x00000000c3480000, 0x00000000c3480000, 0x00000000c3690000)
 tenured generation   total 42368K, used 35533K [0x00000000d6d50000, 0x00000000d96b0000, 0x0000000100000000)
   the space 42368K,  83% used [0x00000000d6d50000, 0x00000000d90034e8, 0x00000000d9003600, 0x00000000d96b0000)
 Metaspace       used 2771K, capacity 4494K, committed 4864K, reserved 1056768K
  class space    used 294K, capacity 386K, committed 512K, reserved 1048576K
}

Deoptimization events (3 events):
Event: 0.414 Thread 0x00007fa31c009800 Uncommon trap: reason=predicate action=maybe_recompile pc=0x00007fa30d1526f0 method=java.util.AbstractCollection.toArray([Ljava/lang/Object;)[Ljava/lang/Object; @ 49
Event: 1.314 Thread 0x00007fa31c009800 Uncommon trap: reason=unstable_if action=reinterpret pc=0x00007fa30d14a714 method=java.io.BufferedReader.readLine(Z)Ljava/lang/String; @ 55
Event: 1.325 Thread 0x00007fa31c009800 Uncommon trap: reason=unstable_if action=reinterpret pc=0x00007fa30d16bbe0 method=ImagePrinter.<init>(Ljava/lang/String;I)V @ 182

Internal exceptions (8 events):
Event: 0.084 Thread 0x00007fa31c009800 Exception <a 'java/lang/NoSuchMethodError': Method sun.misc.Unsafe.defineClass(Ljava/lang/String;[BII)Ljava/lang/Class; name or signature does not match> (0x00000000c2407ca8) thrown at [/HUDSON/workspace/8-2-build-linux-amd64/jdk8u151/9699/hotspot/src/sha
Event: 0.084 Thread 0x00007fa31c009800 Exception <a 'java/lang/NoSuchMethodError': Method sun.misc.Unsafe.prefetchRead(Ljava/lang/Object;J)V name or signature does not match> (0x00000000c2407f90) thrown at [/HUDSON/workspace/8-2-build-linux-amd64/jdk8u151/9699/hotspot/src/share/vm/prims/jni.cp
Event: 1.324 Thread 0x00007fa31c009800 Implicit null exception at 0x00007fa30d16a394 to 0x00007fa30d16bbc9
Event: 1.428 Thread 0x00007fa31c009800 Exception <a 'java/lang/UnsatisfiedLinkError'> (0x00000000c25be518) thrown at [/HUDSON/workspace/8-2-build-linux-amd64/jdk8u151/9699/hotspot/src/share/vm/prims/jvm.cpp, line 3982]
Event: 1.428 Thread 0x00007fa31c009800 Exception <a 'java/lang/UnsatisfiedLinkError'> (0x00000000c25be518) thrown at [/HUDSON/workspace/8-2-build-linux-amd64/jdk8u151/9699/hotspot/src/share/vm/prims/jni.cpp, line 709]
Event: 1.428 Thread 0x00007fa31c009800 Exception <a 'java/lang/UnsatisfiedLinkError'> (0x00000000c25be518) thrown at [/HUDSON/workspace/8-2-build-linux-amd64/jdk8u151/9699/hotspot/src/share/vm/prims/jvm.cpp, line 1394]
Event: 1.428 Thread 0x00007fa31c009800 Exception <a 'java/lang/UnsatisfiedLinkError'> (0x00000000c25be518) thrown at [/HUDSON/workspace/8-2-build-linux-amd64/jdk8u151/9699/hotspot/src/share/vm/oops/instanceKlass.cpp, line 964]
Event: 1.428 Thread 0x00007fa31c009800 Exception <a 'java/lang/UnsatisfiedLinkError'> (0x00000000c25be518) thrown at [/HUDSON/workspace/8-2-build-linux-amd64/jdk8u151/9699/hotspot/src/share/vm/oops/instanceKlass.cpp, line 964]

Events (10 events):
Event: 1.427 loading class java/lang/UnsatisfiedLinkError done
Event: 1.429 loading class java/lang/Throwable$WrappedPrintStream
Event: 1.431 loading class java/lang/Throwable$PrintStreamOrWriter
Event: 1.431 loading class java/lang/Throwable$PrintStreamOrWriter done
Event: 1.431 loading class java/lang/Throwable$WrappedPrintStream done
Event: 1.431 loading class java/util/IdentityHashMap
Event: 1.433 loading class java/util/IdentityHashMap done
Event: 1.433 loading class java/util/IdentityHashMap$KeySet
Event: 1.434 loading class java/util/IdentityHashMap$KeySet done
Event: 1.442 Thread 0x00007fa31c009800 Thread exited: 0x00007fa31c009800


Dynamic libraries:
00400000-00401000 r-xp 00000000 08:01 547970                             /usr/lib/jvm/java-8-oracle/jre/bin/java
00600000-00601000 rw-p 00000000 08:01 547970                             /usr/lib/jvm/java-8-oracle/jre/bin/java
022e4000-02305000 rw-p 00000000 00:00 0                                  [heap]
c2400000-c38a0000 rw-p 00000000 00:00 0 
c38a0000-d6d50000 ---p 00000000 00:00 0 
d6d50000-d96b0000 rw-p 00000000 00:00 0 
d96b0000-100000000 ---p 00000000 00:00 0 
100000000-100080000 rw-p 00000000 00:00 0 
100080000-140000000 ---p 00000000 00:00 0 
7fa2f0000000-7fa2f02e8000 rw-p 00000000 00:00 0 
7fa2f02e8000-7fa2f4000000 ---p 00000000 00:00 0 
7fa2f4000000-7fa2f4021000 rw-p 00000000 00:00 0 
7fa2f4021000-7fa2f8000000 ---p 00000000 00:00 0 
7fa2f8000000-7fa2f8021000 rw-p 00000000 00:00 0 
7fa2f8021000-7fa2fc000000 ---p 00000000 00:00 0 
7fa2fc000000-7fa2fc3db000 rw-p 00000000 00:00 0 
7fa2fc3db000-7fa300000000 ---p 00000000 00:00 0 
7fa300000000-7fa300021000 rw-p 00000000 00:00 0 
7fa300021000-7fa304000000 ---p 00000000 00:00 0 
7fa304000000-7fa304021000 rw-p 00000000 00:00 0 
7fa304021000-7fa308000000 ---p 00000000 00:00 0 
7fa308000000-7fa308021000 rw-p 00000000 00:00 0 
7fa308021000-7fa30c000000 ---p 00000000 00:00 0 
7fa30d000000-7fa30d270000 rwxp 00000000 00:00 0 
7fa30d270000-7fa31c000000 ---p 00000000 00:00 0 
7fa31c000000-7fa31c3a9000 rw-p 00000000 00:00 0 
7fa31c3a9000-7fa320000000 ---p 00000000 00:00 0 
7fa32035e000-7fa320400000 r-xp 00000000 08:01 548283                     /usr/lib/jvm/java-8-oracle/jre/lib/amd64/libawt.so
7fa320400000-7fa320600000 ---p 000a2000 08:01 548283                     /usr/lib/jvm/java-8-oracle/jre/lib/amd64/libawt.so
7fa32060c000-7fa320630000 r-xp 002ae000 08:01 548283                     /usr/lib/jvm/java-8-oracle/jre/lib/amd64/libawt.so
7fa320630000-7fa320631000 ---p 00000000 00:00 0 
7fa320631000-7fa320731000 rw-p 00000000 00:00 0 
7fa320731000-7fa320734000 ---p 00000000 00:00 0 
7fa320734000-7fa320832000 rw-p 00000000 00:00 0 
7fa320832000-7fa320835000 ---p 00000000 00:00 0 
7fa320835000-7fa320933000 rw-p 00000000 00:00 0 
7fa320933000-7fa320936000 ---p 00000000 00:00 0 
7fa320936000-7fa320a34000 rw-p 00000000 00:00 0 
7fa320a34000-7fa320a37000 ---p 00000000 00:00 0 
7fa320a37000-7fa320b35000 rw-p 00000000 00:00 0 
7fa320b35000-7fa3214f4000 r--p 00000000 08:01 402562                     /usr/lib/locale/locale-archive
7fa3214f4000-7fa3214f7000 ---p 00000000 00:00 0 
7fa3214f7000-7fa3215f5000 rw-p 00000000 00:00 0 
7fa3215f5000-7fa3215f8000 ---p 00000000 00:00 0 
7fa3215f8000-7fa3216f6000 rw-p 00000000 00:00 0 
7fa3216f6000-7fa3216f7000 ---p 00000000 00:00 0 
7fa3216f7000-7fa321846000 rw-p 00000000 00:00 0 
7fa321846000-7fa321a1f000 r--s 03d5a000 08:01 548226                     /usr/lib/jvm/java-8-oracle/jre/lib/rt.jar
7fa321a1f000-7fa321e5f000 rw-p 00000000 00:00 0 
7fa321e5f000-7fa32221f000 ---p 00000000 00:00 0 
7fa32221f000-7fa322234000 rw-p 00000000 00:00 0 
7fa322234000-7fa322369000 ---p 00000000 00:00 0 
7fa322369000-7fa322374000 rw-p 00000000 00:00 0 
7fa322374000-7fa32240d000 ---p 00000000 00:00 0 
7fa32240d000-7fa322423000 rw-p 00000000 00:00 0 
7fa322423000-7fa322557000 ---p 00000000 00:00 0 
7fa322557000-7fa322562000 rw-p 00000000 00:00 0 
7fa322562000-7fa322918000 ---p 00000000 00:00 0 
7fa322918000-7fa322933000 r-xp 00000000 08:01 548286                     /usr/lib/jvm/java-8-oracle/jre/lib/amd64/libzip.so
7fa322933000-7fa322b33000 ---p 0001b000 08:01 548286                     /usr/lib/jvm/java-8-oracle/jre/lib/amd64/libzip.so
7fa322b33000-7fa322b34000 rw-p 0001b000 08:01 548286                     /usr/lib/jvm/java-8-oracle/jre/lib/amd64/libzip.so
7fa322b34000-7fa322b3f000 r-xp 00000000 08:01 1054391                    /lib/x86_64-linux-gnu/libnss_files-2.23.so
7fa322b3f000-7fa322d3e000 ---p 0000b000 08:01 1054391                    /lib/x86_64-linux-gnu/libnss_files-2.23.so
7fa322d3e000-7fa322d3f000 r--p 0000a000 08:01 1054391                    /lib/x86_64-linux-gnu/libnss_files-2.23.so
7fa322d3f000-7fa322d40000 rw-p 0000b000 08:01 1054391                    /lib/x86_64-linux-gnu/libnss_files-2.23.so
7fa322d40000-7fa322d46000 rw-p 00000000 00:00 0 
7fa322d46000-7fa322d51000 r-xp 00000000 08:01 1054401                    /lib/x86_64-linux-gnu/libnss_nis-2.23.so
7fa322d51000-7fa322f50000 ---p 0000b000 08:01 1054401                    /lib/x86_64-linux-gnu/libnss_nis-2.23.so
7fa322f50000-7fa322f51000 r--p 0000a000 08:01 1054401                    /lib/x86_64-linux-gnu/libnss_nis-2.23.so
7fa322f51000-7fa322f52000 rw-p 0000b000 08:01 1054401                    /lib/x86_64-linux-gnu/libnss_nis-2.23.so
7fa322f52000-7fa322f68000 r-xp 00000000 08:01 1054385                    /lib/x86_64-linux-gnu/libnsl-2.23.so
7fa322f68000-7fa323167000 ---p 00016000 08:01 1054385                    /lib/x86_64-linux-gnu/libnsl-2.23.so
7fa323167000-7fa323168000 r--p 00015000 08:01 1054385                    /lib/x86_64-linux-gnu/libnsl-2.23.so
7fa323168000-7fa323169000 rw-p 00016000 08:01 1054385                    /lib/x86_64-linux-gnu/libnsl-2.23.so
7fa323169000-7fa32316b000 rw-p 00000000 00:00 0 
7fa32316b000-7fa323173000 r-xp 00000000 08:01 1054387                    /lib/x86_64-linux-gnu/libnss_compat-2.23.so
7fa323173000-7fa323372000 ---p 00008000 08:01 1054387                    /lib/x86_64-linux-gnu/libnss_compat-2.23.so
7fa323372000-7fa323373000 r--p 00007000 08:01 1054387                    /lib/x86_64-linux-gnu/libnss_compat-2.23.so
7fa323373000-7fa323374000 rw-p 00008000 08:01 1054387                    /lib/x86_64-linux-gnu/libnss_compat-2.23.so
7fa323374000-7fa32339f000 r-xp 00000000 08:01 548280                     /usr/lib/jvm/java-8-oracle/jre/lib/amd64/libjava.so
7fa32339f000-7fa32359e000 ---p 0002b000 08:01 548280                     /usr/lib/jvm/java-8-oracle/jre/lib/amd64/libjava.so
7fa32359e000-7fa3235a0000 rw-p 0002a000 08:01 548280                     /usr/lib/jvm/java-8-oracle/jre/lib/amd64/libjava.so
7fa3235a0000-7fa3235ad000 r-xp 00000000 08:01 548285                     /usr/lib/jvm/java-8-oracle/jre/lib/amd64/libverify.so
7fa3235ad000-7fa3237ad000 ---p 0000d000 08:01 548285                     /usr/lib/jvm/java-8-oracle/jre/lib/amd64/libverify.so
7fa3237ad000-7fa3237af000 rw-p 0000d000 08:01 548285                     /usr/lib/jvm/java-8-oracle/jre/lib/amd64/libverify.so
7fa3237af000-7fa3237b6000 r-xp 00000000 08:01 1054446                    /lib/x86_64-linux-gnu/librt-2.23.so
7fa3237b6000-7fa3239b5000 ---p 00007000 08:01 1054446                    /lib/x86_64-linux-gnu/librt-2.23.so
7fa3239b5000-7fa3239b6000 r--p 00006000 08:01 1054446                    /lib/x86_64-linux-gnu/librt-2.23.so
7fa3239b6000-7fa3239b7000 rw-p 00007000 08:01 1054446                    /lib/x86_64-linux-gnu/librt-2.23.so
7fa3239b7000-7fa323abf000 r-xp 00000000 08:01 1054362                    /lib/x86_64-linux-gnu/libm-2.23.so
7fa323abf000-7fa323cbe000 ---p 00108000 08:01 1054362                    /lib/x86_64-linux-gnu/libm-2.23.so
7fa323cbe000-7fa323cbf000 r--p 00107000 08:01 1054362                    /lib/x86_64-linux-gnu/libm-2.23.so
7fa323cbf000-7fa323cc0000 rw-p 00108000 08:01 1054362                    /lib/x86_64-linux-gnu/libm-2.23.so
7fa323cc0000-7fa324993000 r-xp 00000000 08:01 548263                     /usr/lib/jvm/java-8-oracle/jre/lib/amd64/server/libjvm.so
7fa324993000-7fa324b92000 ---p 00cd3000 08:01 548263                     /usr/lib/jvm/java-8-oracle/jre/lib/amd64/server/libjvm.so
7fa324b92000-7fa324c6c000 rw-p 00cd2000 08:01 548263                     /usr/lib/jvm/java-8-oracle/jre/lib/amd64/server/libjvm.so
7fa324c6c000-7fa324cb7000 rw-p 00000000 00:00 0 
7fa324cb7000-7fa324e77000 r-xp 00000000 08:01 1054292                    /lib/x86_64-linux-gnu/libc-2.23.so
7fa324e77000-7fa325077000 ---p 001c0000 08:01 1054292                    /lib/x86_64-linux-gnu/libc-2.23.so
7fa325077000-7fa32507b000 r--p 001c0000 08:01 1054292                    /lib/x86_64-linux-gnu/libc-2.23.so
7fa32507b000-7fa32507d000 rw-p 001c4000 08:01 1054292                    /lib/x86_64-linux-gnu/libc-2.23.so
7fa32507d000-7fa325081000 rw-p 00000000 00:00 0 
7fa325081000-7fa325084000 r-xp 00000000 08:01 1054316                    /lib/x86_64-linux-gnu/libdl-2.23.so
7fa325084000-7fa325283000 ---p 00003000 08:01 1054316                    /lib/x86_64-linux-gnu/libdl-2.23.so
7fa325283000-7fa325284000 r--p 00002000 08:01 1054316                    /lib/x86_64-linux-gnu/libdl-2.23.so
7fa325284000-7fa325285000 rw-p 00003000 08:01 1054316                    /lib/x86_64-linux-gnu/libdl-2.23.so
7fa325285000-7fa32529b000 r-xp 00000000 08:01 548258                     /usr/lib/jvm/java-8-oracle/jre/lib/amd64/jli/libjli.so
7fa32529b000-7fa32549a000 ---p 00016000 08:01 548258                     /usr/lib/jvm/java-8-oracle/jre/lib/amd64/jli/libjli.so
7fa32549a000-7fa32549b000 rw-p 00015000 08:01 548258                     /usr/lib/jvm/java-8-oracle/jre/lib/amd64/jli/libjli.so
7fa32549b000-7fa3254b3000 r-xp 00000000 08:01 1054438                    /lib/x86_64-linux-gnu/libpthread-2.23.so
7fa3254b3000-7fa3256b2000 ---p 00018000 08:01 1054438                    /lib/x86_64-linux-gnu/libpthread-2.23.so
7fa3256b2000-7fa3256b3000 r--p 00017000 08:01 1054438                    /lib/x86_64-linux-gnu/libpthread-2.23.so
7fa3256b3000-7fa3256b4000 rw-p 00018000 08:01 1054438                    /lib/x86_64-linux-gnu/libpthread-2.23.so
7fa3256b4000-7fa3256b8000 rw-p 00000000 00:00 0 
7fa3256b8000-7fa3256de000 r-xp 00000000 08:01 1054264                    /lib/x86_64-linux-gnu/ld-2.23.so
7fa3256eb000-7fa3257bc000 rw-p 00000000 00:00 0 
7fa3257bf000-7fa3258c1000 rw-p 00000000 00:00 0 
7fa3258cf000-7fa3258d1000 r--s 00000000 08:01 1227596                    /home/andrew/Desktop/village/Image_Printer.jar
7fa3258d1000-7fa3258d9000 rw-s 00000000 08:01 431165                     /tmp/hsperfdata_andrew/15529
7fa3258d9000-7fa3258da000 rw-p 00000000 00:00 0 
7fa3258da000-7fa3258db000 r--p 00000000 00:00 0 
7fa3258db000-7fa3258dd000 rw-p 00000000 00:00 0 
7fa3258dd000-7fa3258de000 r--p 00025000 08:01 1054264                    /lib/x86_64-linux-gnu/ld-2.23.so
7fa3258de000-7fa3258df000 rw-p 00026000 08:01 1054264                    /lib/x86_64-linux-gnu/ld-2.23.so
7fa3258df000-7fa3258e0000 rw-p 00000000 00:00 0 
7ffca730c000-7ffca732d000 rw-p 00000000 00:00 0                          [stack]
7ffca73b8000-7ffca73ba000 r--p 00000000 00:00 0                          [vvar]
7ffca73ba000-7ffca73bc000 r-xp 00000000 00:00 0                          [vdso]
ffffffffff600000-ffffffffff601000 r-xp 00000000 00:00 0                  [vsyscall]

VM Arguments:
java_command: Image_Printer.jar Files/run_117.txt 117
java_class_path (initial): Image_Printer.jar
Launcher Type: SUN_STANDARD

Environment Variables:
JAVA_HOME=/usr/lib/jvm/java-8-oracle
PATH=/home/andrew/bin:/home/andrew/.local/bin:/usr/local/sbin:/usr/local/bin:/usr/sbin:/usr/bin:/sbin:/bin:/usr/games:/usr/local/games:/snap/bin:/usr/lib/jvm/java-8-oracle/bin:/usr/lib/jvm/java-8-oracle/db/bin:/usr/lib/jvm/java-8-oracle/jre/bin
SHELL=/bin/bash
DISPLAY=:0

Signal Handlers:
SIGSEGV: [libjvm.so+0xacbe10], sa_mask[0]=11111111011111111101111111111110, sa_flags=SA_RESTART|SA_SIGINFO
SIGBUS: [libjvm.so+0xacbe10], sa_mask[0]=11111111011111111101111111111110, sa_flags=SA_RESTART|SA_SIGINFO
SIGFPE: [libjvm.so+0x924f90], sa_mask[0]=11111111011111111101111111111110, sa_flags=SA_RESTART|SA_SIGINFO
SIGPIPE: [libjvm.so+0x924f90], sa_mask[0]=11111111011111111101111111111110, sa_flags=SA_RESTART|SA_SIGINFO
SIGXFSZ: [libjvm.so+0x924f90], sa_mask[0]=11111111011111111101111111111110, sa_flags=SA_RESTART|SA_SIGINFO
SIGILL: [libjvm.so+0x924f90], sa_mask[0]=11111111011111111101111111111110, sa_flags=SA_RESTART|SA_SIGINFO
SIGUSR1: SIG_DFL, sa_mask[0]=00000000000000000000000000000000, sa_flags=none
SIGUSR2: [libjvm.so+0x9267d0], sa_mask[0]=00000000000000000000000000000000, sa_flags=SA_RESTART|SA_SIGINFO
SIGHUP: [libjvm.so+0x927bd0], sa_mask[0]=11111111011111111101111111111110, sa_flags=SA_RESTART|SA_SIGINFO
SIGINT: [libjvm.so+0x927bd0], sa_mask[0]=11111111011111111101111111111110, sa_flags=SA_RESTART|SA_SIGINFO
SIGTERM: [libjvm.so+0x927bd0], sa_mask[0]=11111111011111111101111111111110, sa_flags=SA_RESTART|SA_SIGINFO
SIGQUIT: [libjvm.so+0x927bd0], sa_mask[0]=11111111011111111101111111111110, sa_flags=SA_RESTART|SA_SIGINFO


---------------  S Y S T E M  ---------------

OS:DISTRIB_ID=Ubuntu
DISTRIB_RELEASE=16.04
DISTRIB_CODENAME=xenial
DISTRIB_DESCRIPTION="Ubuntu 16.04.3 LTS"

uname:Linux 4.10.0-37-generic #41~16.04.1-Ubuntu SMP Fri Oct 6 22:42:59 UTC 2017 x86_64
libc:glibc 2.23 NPTL 2.23 
rlimit: STACK 8192k, CORE infinity, NPROC 15624, NOFILE 1048576, AS infinity
load average:3.06 2.21 2.23

/proc/meminfo:
MemTotal:        4044364 kB
MemFree:           85044 kB
MemAvailable:          0 kB
Buffers:             468 kB
Cached:            57792 kB
SwapCached:            0 kB
Active:          3775820 kB
Inactive:          48800 kB
Active(anon):    3767764 kB
Inactive(anon):    40464 kB
Active(file):       8056 kB
Inactive(file):     8336 kB
Unevictable:          64 kB
Mlocked:              64 kB
SwapTotal:             0 kB
SwapFree:              0 kB
Dirty:                96 kB
Writeback:            76 kB
AnonPages:       3766468 kB
Mapped:            49212 kB
Shmem:             41812 kB
Slab:              50444 kB
SReclaimable:      19864 kB
SUnreclaim:        30580 kB
KernelStack:       12640 kB
PageTables:        44112 kB
NFS_Unstable:          0 kB
Bounce:                0 kB
WritebackTmp:          0 kB
CommitLimit:     2022180 kB
Committed_AS:    8677012 kB
VmallocTotal:   34359738367 kB
VmallocUsed:           0 kB
VmallocChunk:          0 kB
HardwareCorrupted:     0 kB
AnonHugePages:   1943552 kB
ShmemHugePages:        0 kB
ShmemPmdMapped:        0 kB
CmaTotal:              0 kB
CmaFree:               0 kB
HugePages_Total:       0
HugePages_Free:        0
HugePages_Rsvd:        0
HugePages_Surp:        0
Hugepagesize:       2048 kB
DirectMap4k:       83904 kB
DirectMap2M:     4110336 kB


CPU:total 1 (initial active 1) (1 cores per cpu, 1 threads per core) family 6 model 60 stepping 3, cmov, cx8, fxsr, mmx, sse, sse2, sse3, ssse3, sse4.1, sse4.2, popcnt, avx, aes, clmul, lzcnt, tsc, tscinvbit

/proc/cpuinfo:
processor	: 0
vendor_id	: GenuineIntel
cpu family	: 6
model		: 60
model name	: Intel(R) Core(TM) i7-4600M CPU @ 2.90GHz
stepping	: 3
cpu MHz		: 2893.298
cache size	: 4096 KB
physical id	: 0
siblings	: 1
core id		: 0
cpu cores	: 1
apicid		: 0
initial apicid	: 0
fpu		: yes
fpu_exception	: yes
cpuid level	: 13
wp		: yes
flags		: fpu vme de pse tsc msr pae mce cx8 apic sep mtrr pge mca cmov pat pse36 clflush mmx fxsr sse sse2 syscall nx rdtscp lm constant_tsc rep_good nopl xtopology nonstop_tsc pni pclmulqdq monitor ssse3 cx16 sse4_1 sse4_2 x2apic movbe popcnt aes xsave avx rdrand hypervisor lahf_lm abm
bugs		:
bogomips	: 5786.59
clflush size	: 64
cache_alignment	: 64
address sizes	: 39 bits physical, 48 bits virtual
power management:



Memory: 4k page, physical 4044364k(85044k free), swap 0k(0k free)

vm_info: Java HotSpot(TM) 64-Bit Server VM (25.151-b12) for linux-amd64 JRE (1.8.0_151-b12), built on Sep  5 2017 19:20:58 by "java_re" with gcc 4.3.0 20080428 (Red Hat 4.3.0-8)

time: Wed Nov 22 15:50:55 2017
elapsed time: 1 seconds (0d 0h 0m 1s)

