#
# There is insufficient memory for the Java Runtime Environment to continue.
# Native memory allocation (mmap) failed to map 12288 bytes for committing reserved memory.
# Possible reasons:
#   The system is out of physical RAM or swap space
#   In 32 bit mode, the process size limit was hit
# Possible solutions:
#   Reduce memory load on the system
#   Increase physical memory or swap space
#   Check if swap backing store is full
#   Use 64 bit Java on a 64 bit OS
#   Decrease Java heap size (-Xmx/-Xms)
#   Decrease number of Java threads
#   Decrease Java thread stack sizes (-Xss)
#   Set larger code cache with -XX:ReservedCodeCacheSize=
# This output file may be truncated or incomplete.
#
#  Out of Memory Error (os_linux.cpp:2640), pid=15517, tid=0x00007fb4764fb700
#
# JRE version: Java(TM) SE Runtime Environment (8.0_151-b12) (build 1.8.0_151-b12)
# Java VM: Java HotSpot(TM) 64-Bit Server VM (25.151-b12 mixed mode linux-amd64 compressed oops)
# Core dump written. Default location: /home/andrew/Desktop/village/core or core.15517
#

---------------  T H R E A D  ---------------

Current thread (0x00007fb470009800):  JavaThread "Unknown thread" [_thread_in_vm, id=15518, stack(0x00007fb4763fb000,0x00007fb4764fc000)]

Stack: [0x00007fb4763fb000,0x00007fb4764fc000],  sp=0x00007fb4764fa990,  free space=1022k
Native frames: (J=compiled Java code, j=interpreted, Vv=VM code, C=native code)
V  [libjvm.so+0xacb58a]  VMError::report_and_die()+0x2ba
V  [libjvm.so+0x4ff4ab]  report_vm_out_of_memory(char const*, int, unsigned long, VMErrorType, char const*)+0x8b
V  [libjvm.so+0x928113]  os::Linux::commit_memory_impl(char*, unsigned long, bool)+0x103
V  [libjvm.so+0x9281dc]  os::pd_commit_memory(char*, unsigned long, bool)+0xc
V  [libjvm.so+0x921baa]  os::commit_memory(char*, unsigned long, bool)+0x2a
V  [libjvm.so+0x9265cf]  os::pd_create_stack_guard_pages(char*, unsigned long)+0x7f
V  [libjvm.so+0xa703ce]  JavaThread::create_stack_guard_pages()+0x5e
V  [libjvm.so+0x6d4b04]  attach_current_thread+0xb4
V  [libjvm.so+0x6d1a18]  jni_DestroyJavaVM+0x58
C  [libjli.so+0x7b5d]  JavaMain+0x27d
C  [libpthread.so.0+0x76ba]  start_thread+0xca


---------------  P R O C E S S  ---------------

Java Threads: ( => current thread )
  0x00007fb4700fd800 JavaThread "Service Thread" daemon [_thread_blocked, id=15525, stack(0x00007fb45e32a000,0x00007fb45e42b000)]
  0x00007fb4700d8800 JavaThread "C1 CompilerThread1" daemon [_thread_blocked, id=15524, stack(0x00007fb45e42b000,0x00007fb45e52c000)]
  0x00007fb4700d6800 JavaThread "C2 CompilerThread0" daemon [_thread_blocked, id=15523, stack(0x00007fb45e52c000,0x00007fb45e62d000)]
  0x00007fb4700d2000 JavaThread "Signal Dispatcher" daemon [_thread_blocked, id=15522, stack(0x00007fb45e62d000,0x00007fb45e72e000)]
  0x00007fb4700a1800 JavaThread "Finalizer" daemon [_thread_blocked, id=15521, stack(0x00007fb45f0ed000,0x00007fb45f1ee000)]
  0x00007fb47009d000 JavaThread "Reference Handler" daemon [_thread_blocked, id=15520, stack(0x00007fb45f1ee000,0x00007fb45f2ef000)]

Other Threads:
  0x00007fb470095000 VMThread [stack: 0x00007fb45f2ef000,0x00007fb45f3f0000] [id=15519]
  0x00007fb470101000 WatcherThread [stack: 0x00007fb45e229000,0x00007fb45e32a000] [id=15526]

=>0x00007fb470009800 (exited) JavaThread "Unknown thread" [_thread_in_vm, id=15518, stack(0x00007fb4763fb000,0x00007fb4764fc000)]

VM state:not at safepoint (normal execution)

VM Mutex/Monitor currently owned by a thread: None

Heap:
 def new generation   total 19008K, used 9321K [0x00000000c2400000, 0x00000000c38a0000, 0x00000000d6d50000)
  eden space 16896K,  48% used [0x00000000c2400000, 0x00000000c2bfd7f8, 0x00000000c3480000)
  from space 2112K,  53% used [0x00000000c3690000, 0x00000000c37ace38, 0x00000000c38a0000)
  to   space 2112K,   0% used [0x00000000c3480000, 0x00000000c3480000, 0x00000000c3690000)
 tenured generation   total 42368K, used 35376K [0x00000000d6d50000, 0x00000000d96b0000, 0x0000000100000000)
   the space 42368K,  83% used [0x00000000d6d50000, 0x00000000d8fdc050, 0x00000000d8fdc200, 0x00000000d96b0000)
 Metaspace       used 3777K, capacity 4636K, committed 4864K, reserved 1056768K
  class space    used 418K, capacity 457K, committed 512K, reserved 1048576K

Card table byte_map: [0x00007fb45fdc9000,0x00007fb45ffb8000] byte_map_base: 0x00007fb45f7b7000

Polling page: 0x00007fb476519000

CodeCache: size=245760Kb used=1731Kb max_used=1742Kb free=244028Kb
 bounds [0x00007fb460378000, 0x00007fb4605e8000, 0x00007fb46f378000]
 total_blobs=520 nmethods=262 adapters=172
 compilation: enabled

Compilation events (10 events):
Event: 2.500 Thread 0x00007fb4700d8800  277       3       jdk.internal.org.objectweb.asm.ByteVector::putInt (74 bytes)
Event: 2.500 Thread 0x00007fb4700d8800 nmethod 277 0x00007fb46052a010 code [0x00007fb46052a180, 0x00007fb46052a400]
Event: 2.500 Thread 0x00007fb4700d8800  281       1       java.nio.charset.Charset::name (5 bytes)
Event: 2.500 Thread 0x00007fb4700d8800 nmethod 281 0x00007fb46052a590 code [0x00007fb46052a6e0, 0x00007fb46052a7f0]
Event: 2.500 Thread 0x00007fb4700d8800  278       3       java.lang.ref.SoftReference::get (29 bytes)
Event: 2.500 Thread 0x00007fb4700d8800 nmethod 278 0x00007fb46052a850 code [0x00007fb46052a9c0, 0x00007fb46052abb0]
Event: 2.503 Thread 0x00007fb4700d8800  282       3       java.util.HashMap::hash (20 bytes)
Event: 2.503 Thread 0x00007fb4700d8800 nmethod 282 0x00007fb46052ac10 code [0x00007fb46052ad80, 0x00007fb46052afc0]
Event: 2.518 Thread 0x00007fb4700d8800  283       3       java.nio.CharBuffer::array (35 bytes)
Event: 2.518 Thread 0x00007fb4700d8800 nmethod 283 0x00007fb46052b090 code [0x00007fb46052b220, 0x00007fb46052b4d0]

GC Heap History (10 events):
Event: 1.298 GC heap before
{Heap before GC invocations=38 (full 0):
 def new generation   total 19008K, used 18445K [0x00000000c2400000, 0x00000000c38a0000, 0x00000000d6d50000)
  eden space 16896K, 100% used [0x00000000c2400000, 0x00000000c3480000, 0x00000000c3480000)
  from space 2112K,  73% used [0x00000000c3480000, 0x00000000c3603598, 0x00000000c3690000)
  to   space 2112K,   0% used [0x00000000c3690000, 0x00000000c3690000, 0x00000000c38a0000)
 tenured generation   total 42368K, used 32117K [0x00000000d6d50000, 0x00000000d96b0000, 0x0000000100000000)
   the space 42368K,  75% used [0x00000000d6d50000, 0x00000000d8cad640, 0x00000000d8cad800, 0x00000000d96b0000)
 Metaspace       used 2773K, capacity 4494K, committed 4864K, reserved 1056768K
  class space    used 294K, capacity 386K, committed 512K, reserved 1048576K
Event: 1.308 GC heap after
Heap after GC invocations=39 (full 0):
 def new generation   total 19008K, used 1139K [0x00000000c2400000, 0x00000000c38a0000, 0x00000000d6d50000)
  eden space 16896K,   0% used [0x00000000c2400000, 0x00000000c2400000, 0x00000000c3480000)
  from space 2112K,  53% used [0x00000000c3690000, 0x00000000c37acef0, 0x00000000c38a0000)
  to   space 2112K,   0% used [0x00000000c3480000, 0x00000000c3480000, 0x00000000c3690000)
 tenured generation   total 42368K, used 33096K [0x00000000d6d50000, 0x00000000d96b0000, 0x0000000100000000)
   the space 42368K,  78% used [0x00000000d6d50000, 0x00000000d8da23c8, 0x00000000d8da2400, 0x00000000d96b0000)
 Metaspace       used 2773K, capacity 4494K, committed 4864K, reserved 1056768K
  class space    used 294K, capacity 386K, committed 512K, reserved 1048576K
}
Event: 1.329 GC heap before
{Heap before GC invocations=39 (full 0):
 def new generation   total 19008K, used 18035K [0x00000000c2400000, 0x00000000c38a0000, 0x00000000d6d50000)
  eden space 16896K, 100% used [0x00000000c2400000, 0x00000000c3480000, 0x00000000c3480000)
  from space 2112K,  53% used [0x00000000c3690000, 0x00000000c37acef0, 0x00000000c38a0000)
  to   space 2112K,   0% used [0x00000000c3480000, 0x00000000c3480000, 0x00000000c3690000)
 tenured generation   total 42368K, used 33096K [0x00000000d6d50000, 0x00000000d96b0000, 0x0000000100000000)
   the space 42368K,  78% used [0x00000000d6d50000, 0x00000000d8da23c8, 0x00000000d8da2400, 0x00000000d96b0000)
 Metaspace       used 2773K, capacity 4494K, committed 4864K, reserved 1056768K
  class space    used 294K, capacity 386K, committed 512K, reserved 1048576K
Event: 1.332 GC heap after
Heap after GC invocations=40 (full 0):
 def new generation   total 19008K, used 1139K [0x00000000c2400000, 0x00000000c38a0000, 0x00000000d6d50000)
  eden space 16896K,   0% used [0x00000000c2400000, 0x00000000c2400000, 0x00000000c3480000)
  from space 2112K,  53% used [0x00000000c3480000, 0x00000000c359ce68, 0x00000000c3690000)
  to   space 2112K,   0% used [0x00000000c3690000, 0x00000000c3690000, 0x00000000c38a0000)
 tenured generation   total 42368K, used 33666K [0x00000000d6d50000, 0x00000000d96b0000, 0x0000000100000000)
   the space 42368K,  79% used [0x00000000d6d50000, 0x00000000d8e30af0, 0x00000000d8e30c00, 0x00000000d96b0000)
 Metaspace       used 2773K, capacity 4494K, committed 4864K, reserved 1056768K
  class space    used 294K, capacity 386K, committed 512K, reserved 1048576K
}
Event: 1.344 GC heap before
{Heap before GC invocations=40 (full 0):
 def new generation   total 19008K, used 18035K [0x00000000c2400000, 0x00000000c38a0000, 0x00000000d6d50000)
  eden space 16896K, 100% used [0x00000000c2400000, 0x00000000c3480000, 0x00000000c3480000)
  from space 2112K,  53% used [0x00000000c3480000, 0x00000000c359ce68, 0x00000000c3690000)
  to   space 2112K,   0% used [0x00000000c3690000, 0x00000000c3690000, 0x00000000c38a0000)
 tenured generation   total 42368K, used 33666K [0x00000000d6d50000, 0x00000000d96b0000, 0x0000000100000000)
   the space 42368K,  79% used [0x00000000d6d50000, 0x00000000d8e30af0, 0x00000000d8e30c00, 0x00000000d96b0000)
 Metaspace       used 2773K, capacity 4494K, committed 4864K, reserved 1056768K
  class space    used 294K, capacity 386K, committed 512K, reserved 1048576K
Event: 1.347 GC heap after
Heap after GC invocations=41 (full 0):
 def new generation   total 19008K, used 1139K [0x00000000c2400000, 0x00000000c38a0000, 0x00000000d6d50000)
  eden space 16896K,   0% used [0x00000000c2400000, 0x00000000c2400000, 0x00000000c3480000)
  from space 2112K,  53% used [0x00000000c3690000, 0x00000000c37acf38, 0x00000000c38a0000)
  to   space 2112K,   0% used [0x00000000c3480000, 0x00000000c3480000, 0x00000000c3690000)
 tenured generation   total 42368K, used 34236K [0x00000000d6d50000, 0x00000000d96b0000, 0x0000000100000000)
   the space 42368K,  80% used [0x00000000d6d50000, 0x00000000d8ebf200, 0x00000000d8ebf200, 0x00000000d96b0000)
 Metaspace       used 2773K, capacity 4494K, committed 4864K, reserved 1056768K
  class space    used 294K, capacity 386K, committed 512K, reserved 1048576K
}
Event: 1.355 GC heap before
{Heap before GC invocations=41 (full 0):
 def new generation   total 19008K, used 18035K [0x00000000c2400000, 0x00000000c38a0000, 0x00000000d6d50000)
  eden space 16896K, 100% used [0x00000000c2400000, 0x00000000c3480000, 0x00000000c3480000)
  from space 2112K,  53% used [0x00000000c3690000, 0x00000000c37acf38, 0x00000000c38a0000)
  to   space 2112K,   0% used [0x00000000c3480000, 0x00000000c3480000, 0x00000000c3690000)
 tenured generation   total 42368K, used 34236K [0x00000000d6d50000, 0x00000000d96b0000, 0x0000000100000000)
   the space 42368K,  80% used [0x00000000d6d50000, 0x00000000d8ebf200, 0x00000000d8ebf200, 0x00000000d96b0000)
 Metaspace       used 2773K, capacity 4494K, committed 4864K, reserved 1056768K
  class space    used 294K, capacity 386K, committed 512K, reserved 1048576K
Event: 1.358 GC heap after
Heap after GC invocations=42 (full 0):
 def new generation   total 19008K, used 1139K [0x00000000c2400000, 0x00000000c38a0000, 0x00000000d6d50000)
  eden space 16896K,   0% used [0x00000000c2400000, 0x00000000c2400000, 0x00000000c3480000)
  from space 2112K,  53% used [0x00000000c3480000, 0x00000000c359ce98, 0x00000000c3690000)
  to   space 2112K,   0% used [0x00000000c3690000, 0x00000000c3690000, 0x00000000c38a0000)
 tenured generation   total 42368K, used 34806K [0x00000000d6d50000, 0x00000000d96b0000, 0x0000000100000000)
   the space 42368K,  82% used [0x00000000d6d50000, 0x00000000d8f4d928, 0x00000000d8f4da00, 0x00000000d96b0000)
 Metaspace       used 2773K, capacity 4494K, committed 4864K, reserved 1056768K
  class space    used 294K, capacity 386K, committed 512K, reserved 1048576K
}
Event: 1.368 GC heap before
{Heap before GC invocations=42 (full 0):
 def new generation   total 19008K, used 18035K [0x00000000c2400000, 0x00000000c38a0000, 0x00000000d6d50000)
  eden space 16896K, 100% used [0x00000000c2400000, 0x00000000c3480000, 0x00000000c3480000)
  from space 2112K,  53% used [0x00000000c3480000, 0x00000000c359ce98, 0x00000000c3690000)
  to   space 2112K,   0% used [0x00000000c3690000, 0x00000000c3690000, 0x00000000c38a0000)
 tenured generation   total 42368K, used 34806K [0x00000000d6d50000, 0x00000000d96b0000, 0x0000000100000000)
   the space 42368K,  82% used [0x00000000d6d50000, 0x00000000d8f4d928, 0x00000000d8f4da00, 0x00000000d96b0000)
 Metaspace       used 2773K, capacity 4494K, committed 4864K, reserved 1056768K
  class space    used 294K, capacity 386K, committed 512K, reserved 1048576K
Event: 1.371 GC heap after
Heap after GC invocations=43 (full 0):
 def new generation   total 19008K, used 1139K [0x00000000c2400000, 0x00000000c38a0000, 0x00000000d6d50000)
  eden space 16896K,   0% used [0x00000000c2400000, 0x00000000c2400000, 0x00000000c3480000)
  from space 2112K,  53% used [0x00000000c3690000, 0x00000000c37ace38, 0x00000000c38a0000)
  to   space 2112K,   0% used [0x00000000c3480000, 0x00000000c3480000, 0x00000000c3690000)
 tenured generation   total 42368K, used 35376K [0x00000000d6d50000, 0x00000000d96b0000, 0x0000000100000000)
   the space 42368K,  83% used [0x00000000d6d50000, 0x00000000d8fdc050, 0x00000000d8fdc200, 0x00000000d96b0000)
 Metaspace       used 2773K, capacity 4494K, committed 4864K, reserved 1056768K
  class space    used 294K, capacity 386K, committed 512K, reserved 1048576K
}

Deoptimization events (7 events):
Event: 0.450 Thread 0x00007fb470009800 Uncommon trap: reason=predicate action=maybe_recompile pc=0x00007fb4604a9870 method=java.util.AbstractCollection.toArray([Ljava/lang/Object;)[Ljava/lang/Object; @ 49
Event: 1.489 Thread 0x00007fb470009800 Uncommon trap: reason=unstable_if action=reinterpret pc=0x00007fb4604a5ca4 method=java.io.BufferedReader.readLine(Z)Ljava/lang/String; @ 55
Event: 1.588 Thread 0x00007fb470009800 Uncommon trap: reason=unstable_if action=reinterpret pc=0x00007fb4604e5268 method=ImagePrinter.<init>(Ljava/lang/String;I)V @ 182
Event: 1.874 Thread 0x00007fb470009800 Uncommon trap: reason=unstable_if action=reinterpret pc=0x00007fb4604dcaac method=java.util.Arrays.copyOf([Ljava/lang/Object;ILjava/lang/Class;)[Ljava/lang/Object; @ 3
Event: 1.996 Thread 0x00007fb470009800 Uncommon trap: reason=class_check action=maybe_recompile pc=0x00007fb4604d8af8 method=java.util.AbstractCollection.toArray([Ljava/lang/Object;)[Ljava/lang/Object; @ 1
Event: 2.402 Thread 0x00007fb470009800 Uncommon trap: reason=unstable_if action=reinterpret pc=0x00007fb4604df6a8 method=java.lang.CharacterDataLatin1.digit(II)I @ 31
Event: 2.500 Thread 0x00007fb470009800 Uncommon trap: reason=unstable_if action=reinterpret pc=0x00007fb4604de828 method=java.lang.String.trim()Ljava/lang/String; @ 63

Internal exceptions (10 events):
Event: 0.116 Thread 0x00007fb470009800 Exception <a 'java/lang/NoSuchMethodError': Method sun.misc.Unsafe.prefetchRead(Ljava/lang/Object;J)V name or signature does not match> (0x00000000c2407f90) thrown at [/HUDSON/workspace/8-2-build-linux-amd64/jdk8u151/9699/hotspot/src/share/vm/prims/jni.cp
Event: 1.582 Thread 0x00007fb470009800 Implicit null exception at 0x00007fb4604e3a14 to 0x00007fb4604e5251
Event: 1.962 Thread 0x00007fb470009800 Exception <a 'java/lang/NoSuchFieldError': method resolution failed> (0x00000000c2b16488) thrown at [/HUDSON/workspace/8-2-build-linux-amd64/jdk8u151/9699/hotspot/src/share/vm/prims/methodHandles.cpp, line 1146]
Event: 1.986 Thread 0x00007fb470009800 Exception <a 'java/lang/NoSuchFieldError': method resolution failed> (0x00000000c2b23bf8) thrown at [/HUDSON/workspace/8-2-build-linux-amd64/jdk8u151/9699/hotspot/src/share/vm/prims/methodHandles.cpp, line 1146]
Event: 2.512 Thread 0x00007fb470009800 Exception <a 'java/lang/UnsatisfiedLinkError'> (0x00000000c2bb5f80) thrown at [/HUDSON/workspace/8-2-build-linux-amd64/jdk8u151/9699/hotspot/src/share/vm/prims/jvm.cpp, line 3982]
Event: 2.512 Thread 0x00007fb470009800 Exception <a 'java/lang/UnsatisfiedLinkError'> (0x00000000c2bb5f80) thrown at [/HUDSON/workspace/8-2-build-linux-amd64/jdk8u151/9699/hotspot/src/share/vm/prims/jni.cpp, line 709]
Event: 2.512 Thread 0x00007fb470009800 Exception <a 'java/lang/UnsatisfiedLinkError'> (0x00000000c2bb5f80) thrown at [/HUDSON/workspace/8-2-build-linux-amd64/jdk8u151/9699/hotspot/src/share/vm/prims/jni.cpp, line 709]
Event: 2.513 Thread 0x00007fb470009800 Exception <a 'java/lang/UnsatisfiedLinkError'> (0x00000000c2bb5f80) thrown at [/HUDSON/workspace/8-2-build-linux-amd64/jdk8u151/9699/hotspot/src/share/vm/prims/jvm.cpp, line 1394]
Event: 2.513 Thread 0x00007fb470009800 Exception <a 'java/lang/UnsatisfiedLinkError'> (0x00000000c2bb5f80) thrown at [/HUDSON/workspace/8-2-build-linux-amd64/jdk8u151/9699/hotspot/src/share/vm/oops/instanceKlass.cpp, line 964]
Event: 2.513 Thread 0x00007fb470009800 Exception <a 'java/lang/UnsatisfiedLinkError'> (0x00000000c2bb5f80) thrown at [/HUDSON/workspace/8-2-build-linux-amd64/jdk8u151/9699/hotspot/src/share/vm/oops/instanceKlass.cpp, line 964]

Events (10 events):
Event: 2.512 loading class java/lang/UnsatisfiedLinkError done
Event: 2.513 loading class java/lang/Throwable$WrappedPrintStream
Event: 2.514 loading class java/lang/Throwable$PrintStreamOrWriter
Event: 2.514 loading class java/lang/Throwable$PrintStreamOrWriter done
Event: 2.514 loading class java/lang/Throwable$WrappedPrintStream done
Event: 2.514 loading class java/util/IdentityHashMap
Event: 2.515 loading class java/util/IdentityHashMap done
Event: 2.515 loading class java/util/IdentityHashMap$KeySet
Event: 2.516 loading class java/util/IdentityHashMap$KeySet done
Event: 2.518 Thread 0x00007fb470009800 Thread exited: 0x00007fb470009800


Dynamic libraries:
00400000-00401000 r-xp 00000000 08:01 547970                             /usr/lib/jvm/java-8-oracle/jre/bin/java
00600000-00601000 rw-p 00000000 08:01 547970                             /usr/lib/jvm/java-8-oracle/jre/bin/java
00d3c000-00d5d000 rw-p 00000000 00:00 0                                  [heap]
c2400000-c38a0000 rw-p 00000000 00:00 0 
c38a0000-d6d50000 ---p 00000000 00:00 0 
d6d50000-d96b0000 rw-p 00000000 00:00 0 
d96b0000-100000000 ---p 00000000 00:00 0 
100000000-100080000 rw-p 00000000 00:00 0 
100080000-140000000 ---p 00000000 00:00 0 
7fb440000000-7fb44039b000 rw-p 00000000 00:00 0 
7fb44039b000-7fb444000000 ---p 00000000 00:00 0 
7fb444000000-7fb444021000 rw-p 00000000 00:00 0 
7fb444021000-7fb448000000 ---p 00000000 00:00 0 
7fb448000000-7fb448021000 rw-p 00000000 00:00 0 
7fb448021000-7fb44c000000 ---p 00000000 00:00 0 
7fb44c000000-7fb44c2e1000 rw-p 00000000 00:00 0 
7fb44c2e1000-7fb450000000 ---p 00000000 00:00 0 
7fb450000000-7fb450021000 rw-p 00000000 00:00 0 
7fb450021000-7fb454000000 ---p 00000000 00:00 0 
7fb454000000-7fb454021000 rw-p 00000000 00:00 0 
7fb454021000-7fb458000000 ---p 00000000 00:00 0 
7fb458000000-7fb458021000 rw-p 00000000 00:00 0 
7fb458021000-7fb45c000000 ---p 00000000 00:00 0 
7fb45daa5000-7fb45daf9000 r-xp 00000000 08:01 548297                     /usr/lib/jvm/java-8-oracle/jre/lib/amd64/libawt_xawt.so
7fb45daf9000-7fb45dcf9000 ---p 00054000 08:01 548297                     /usr/lib/jvm/java-8-oracle/jre/lib/amd64/libawt_xawt.so
7fb45dcfd000-7fb45dcfe000 r-xp 00258000 08:01 548297                     /usr/lib/jvm/java-8-oracle/jre/lib/amd64/libawt_xawt.so
7fb45dcfe000-7fb45dd52000 r-xp 00000000 08:01 548297                     /usr/lib/jvm/java-8-oracle/jre/lib/amd64/libawt_xawt.so
7fb45dd52000-7fb45df52000 ---p 00054000 08:01 548297                     /usr/lib/jvm/java-8-oracle/jre/lib/amd64/libawt_xawt.so
7fb45df56000-7fb45df57000 r-xp 00258000 08:01 548297                     /usr/lib/jvm/java-8-oracle/jre/lib/amd64/libawt_xawt.so
7fb45e229000-7fb45e22a000 ---p 00000000 00:00 0 
7fb45e22a000-7fb45e32a000 rw-p 00000000 00:00 0 
7fb45e32a000-7fb45e32d000 ---p 00000000 00:00 0 
7fb45e32d000-7fb45e42b000 rw-p 00000000 00:00 0 
7fb45e42b000-7fb45e42e000 ---p 00000000 00:00 0 
7fb45e42e000-7fb45e52c000 rw-p 00000000 00:00 0 
7fb45e52c000-7fb45e52f000 ---p 00000000 00:00 0 
7fb45e52f000-7fb45e62d000 rw-p 00000000 00:00 0 
7fb45e62d000-7fb45e630000 ---p 00000000 00:00 0 
7fb45e630000-7fb45e72e000 rw-p 00000000 00:00 0 
7fb45e72e000-7fb45f0ed000 r--p 00000000 08:01 402562                     /usr/lib/locale/locale-archive
7fb45f0ed000-7fb45f0f0000 ---p 00000000 00:00 0 
7fb45f0f0000-7fb45f1ee000 rw-p 00000000 00:00 0 
7fb45f1ee000-7fb45f1f1000 ---p 00000000 00:00 0 
7fb45f1f1000-7fb45f2ef000 rw-p 00000000 00:00 0 
7fb45f2ef000-7fb45f2f0000 ---p 00000000 00:00 0 
7fb45f2f0000-7fb45f3f0000 rw-p 00000000 00:00 0 
7fb45f3f0000-7fb45f5c9000 r--s 03d5a000 08:01 548226                     /usr/lib/jvm/java-8-oracle/jre/lib/rt.jar
7fb45f5c9000-7fb45fa09000 rw-p 00000000 00:00 0 
7fb45fa09000-7fb45fdc9000 ---p 00000000 00:00 0 
7fb45fdc9000-7fb45fdd4000 rw-p 00000000 00:00 0 
7fb45fdd4000-7fb45fe6d000 ---p 00000000 00:00 0 
7fb45fe6d000-7fb45fe83000 rw-p 00000000 00:00 0 
7fb45fe83000-7fb45ffb7000 ---p 00000000 00:00 0 
7fb45ffb7000-7fb45ffc2000 rw-p 00000000 00:00 0 
7fb45ffc2000-7fb460378000 ---p 00000000 00:00 0 
7fb460378000-7fb4605e8000 rwxp 00000000 00:00 0 
7fb4605e8000-7fb46f378000 ---p 00000000 00:00 0 
7fb46f378000-7fb46f393000 r-xp 00000000 08:01 548286                     /usr/lib/jvm/java-8-oracle/jre/lib/amd64/libzip.so
7fb46f393000-7fb46f593000 ---p 0001b000 08:01 548286                     /usr/lib/jvm/java-8-oracle/jre/lib/amd64/libzip.so
7fb46f593000-7fb46f594000 rw-p 0001b000 08:01 548286                     /usr/lib/jvm/java-8-oracle/jre/lib/amd64/libzip.so
7fb46f594000-7fb46f59f000 r-xp 00000000 08:01 1054391                    /lib/x86_64-linux-gnu/libnss_files-2.23.so
7fb46f59f000-7fb46f79e000 ---p 0000b000 08:01 1054391                    /lib/x86_64-linux-gnu/libnss_files-2.23.so
7fb46f79e000-7fb46f79f000 r--p 0000a000 08:01 1054391                    /lib/x86_64-linux-gnu/libnss_files-2.23.so
7fb46f79f000-7fb46f7a0000 rw-p 0000b000 08:01 1054391                    /lib/x86_64-linux-gnu/libnss_files-2.23.so
7fb46f7a0000-7fb46f7a6000 rw-p 00000000 00:00 0 
7fb46f7a6000-7fb46f7b1000 r-xp 00000000 08:01 1054401                    /lib/x86_64-linux-gnu/libnss_nis-2.23.so
7fb46f7b1000-7fb46f9b0000 ---p 0000b000 08:01 1054401                    /lib/x86_64-linux-gnu/libnss_nis-2.23.so
7fb46f9b0000-7fb46f9b1000 r--p 0000a000 08:01 1054401                    /lib/x86_64-linux-gnu/libnss_nis-2.23.so
7fb46f9b1000-7fb46f9b2000 rw-p 0000b000 08:01 1054401                    /lib/x86_64-linux-gnu/libnss_nis-2.23.so
7fb46f9b2000-7fb46f9c8000 r-xp 00000000 08:01 1054385                    /lib/x86_64-linux-gnu/libnsl-2.23.so
7fb46f9c8000-7fb46fbc7000 ---p 00016000 08:01 1054385                    /lib/x86_64-linux-gnu/libnsl-2.23.so
7fb46fbc7000-7fb46fbc8000 r--p 00015000 08:01 1054385                    /lib/x86_64-linux-gnu/libnsl-2.23.so
7fb46fbc8000-7fb46fbc9000 rw-p 00016000 08:01 1054385                    /lib/x86_64-linux-gnu/libnsl-2.23.so
7fb46fbc9000-7fb46fbcb000 rw-p 00000000 00:00 0 
7fb46fbcb000-7fb46fbd3000 r-xp 00000000 08:01 1054387                    /lib/x86_64-linux-gnu/libnss_compat-2.23.so
7fb46fbd3000-7fb46fdd2000 ---p 00008000 08:01 1054387                    /lib/x86_64-linux-gnu/libnss_compat-2.23.so
7fb46fdd2000-7fb46fdd3000 r--p 00007000 08:01 1054387                    /lib/x86_64-linux-gnu/libnss_compat-2.23.so
7fb46fdd3000-7fb46fdd4000 rw-p 00008000 08:01 1054387                    /lib/x86_64-linux-gnu/libnss_compat-2.23.so
7fb46fdd4000-7fb46fdff000 r-xp 00000000 08:01 548280                     /usr/lib/jvm/java-8-oracle/jre/lib/amd64/libjava.so
7fb46fdff000-7fb46fffe000 ---p 0002b000 08:01 548280                     /usr/lib/jvm/java-8-oracle/jre/lib/amd64/libjava.so
7fb46fffe000-7fb470000000 rw-p 0002a000 08:01 548280                     /usr/lib/jvm/java-8-oracle/jre/lib/amd64/libjava.so
7fb470000000-7fb4703fa000 rw-p 00000000 00:00 0 
7fb4703fa000-7fb474000000 ---p 00000000 00:00 0 
7fb474046000-7fb4740aa000 rw-p 00000000 00:00 0 
7fb4740aa000-7fb4741df000 ---p 00000000 00:00 0 
7fb4741df000-7fb4741ec000 r-xp 00000000 08:01 548285                     /usr/lib/jvm/java-8-oracle/jre/lib/amd64/libverify.so
7fb4741ec000-7fb4743ec000 ---p 0000d000 08:01 548285                     /usr/lib/jvm/java-8-oracle/jre/lib/amd64/libverify.so
7fb4743ec000-7fb4743ee000 rw-p 0000d000 08:01 548285                     /usr/lib/jvm/java-8-oracle/jre/lib/amd64/libverify.so
7fb4743ee000-7fb4743f5000 r-xp 00000000 08:01 1054446                    /lib/x86_64-linux-gnu/librt-2.23.so
7fb4743f5000-7fb4745f4000 ---p 00007000 08:01 1054446                    /lib/x86_64-linux-gnu/librt-2.23.so
7fb4745f4000-7fb4745f5000 r--p 00006000 08:01 1054446                    /lib/x86_64-linux-gnu/librt-2.23.so
7fb4745f5000-7fb4745f6000 rw-p 00007000 08:01 1054446                    /lib/x86_64-linux-gnu/librt-2.23.so
7fb4745f6000-7fb4746fe000 r-xp 00000000 08:01 1054362                    /lib/x86_64-linux-gnu/libm-2.23.so
7fb4746fe000-7fb4748fd000 ---p 00108000 08:01 1054362                    /lib/x86_64-linux-gnu/libm-2.23.so
7fb4748fd000-7fb4748fe000 r--p 00107000 08:01 1054362                    /lib/x86_64-linux-gnu/libm-2.23.so
7fb4748fe000-7fb4748ff000 rw-p 00108000 08:01 1054362                    /lib/x86_64-linux-gnu/libm-2.23.so
7fb4748ff000-7fb4755d2000 r-xp 00000000 08:01 548263                     /usr/lib/jvm/java-8-oracle/jre/lib/amd64/server/libjvm.so
7fb4755d2000-7fb4757d1000 ---p 00cd3000 08:01 548263                     /usr/lib/jvm/java-8-oracle/jre/lib/amd64/server/libjvm.so
7fb4757d1000-7fb4758ab000 rw-p 00cd2000 08:01 548263                     /usr/lib/jvm/java-8-oracle/jre/lib/amd64/server/libjvm.so
7fb4758ab000-7fb4758f6000 rw-p 00000000 00:00 0 
7fb4758f6000-7fb475ab6000 r-xp 00000000 08:01 1054292                    /lib/x86_64-linux-gnu/libc-2.23.so
7fb475ab6000-7fb475cb6000 ---p 001c0000 08:01 1054292                    /lib/x86_64-linux-gnu/libc-2.23.so
7fb475cb6000-7fb475cba000 r--p 001c0000 08:01 1054292                    /lib/x86_64-linux-gnu/libc-2.23.so
7fb475cba000-7fb475cbc000 rw-p 001c4000 08:01 1054292                    /lib/x86_64-linux-gnu/libc-2.23.so
7fb475cbc000-7fb475cc0000 rw-p 00000000 00:00 0 
7fb475cc0000-7fb475cc3000 r-xp 00000000 08:01 1054316                    /lib/x86_64-linux-gnu/libdl-2.23.so
7fb475cc3000-7fb475ec2000 ---p 00003000 08:01 1054316                    /lib/x86_64-linux-gnu/libdl-2.23.so
7fb475ec2000-7fb475ec3000 r--p 00002000 08:01 1054316                    /lib/x86_64-linux-gnu/libdl-2.23.so
7fb475ec3000-7fb475ec4000 rw-p 00003000 08:01 1054316                    /lib/x86_64-linux-gnu/libdl-2.23.so
7fb475ec4000-7fb475eda000 r-xp 00000000 08:01 548258                     /usr/lib/jvm/java-8-oracle/jre/lib/amd64/jli/libjli.so
7fb475eda000-7fb4760d9000 ---p 00016000 08:01 548258                     /usr/lib/jvm/java-8-oracle/jre/lib/amd64/jli/libjli.so
7fb4760d9000-7fb4760da000 rw-p 00015000 08:01 548258                     /usr/lib/jvm/java-8-oracle/jre/lib/amd64/jli/libjli.so
7fb4760da000-7fb4760f2000 r-xp 00000000 08:01 1054438                    /lib/x86_64-linux-gnu/libpthread-2.23.so
7fb4760f2000-7fb4762f1000 ---p 00018000 08:01 1054438                    /lib/x86_64-linux-gnu/libpthread-2.23.so
7fb4762f1000-7fb4762f2000 r--p 00017000 08:01 1054438                    /lib/x86_64-linux-gnu/libpthread-2.23.so
7fb4762f2000-7fb4762f3000 rw-p 00018000 08:01 1054438                    /lib/x86_64-linux-gnu/libpthread-2.23.so
7fb4762f3000-7fb4762f7000 rw-p 00000000 00:00 0 
7fb4762f7000-7fb47631d000 r-xp 00000000 08:01 1054264                    /lib/x86_64-linux-gnu/ld-2.23.so
7fb47632a000-7fb4763fb000 rw-p 00000000 00:00 0 
7fb4763fe000-7fb476500000 rw-p 00000000 00:00 0 
7fb47650e000-7fb476510000 r--s 00000000 08:01 1227596                    /home/andrew/Desktop/village/Image_Printer.jar
7fb476510000-7fb476518000 rw-s 00000000 08:01 431165                     /tmp/hsperfdata_andrew/15517
7fb476518000-7fb476519000 rw-p 00000000 00:00 0 
7fb476519000-7fb47651a000 r--p 00000000 00:00 0 
7fb47651a000-7fb47651c000 rw-p 00000000 00:00 0 
7fb47651c000-7fb47651d000 r--p 00025000 08:01 1054264                    /lib/x86_64-linux-gnu/ld-2.23.so
7fb47651d000-7fb47651e000 rw-p 00026000 08:01 1054264                    /lib/x86_64-linux-gnu/ld-2.23.so
7fb47651e000-7fb47651f000 rw-p 00000000 00:00 0 
7ffe1ed33000-7ffe1ed54000 rw-p 00000000 00:00 0                          [stack]
7ffe1eded000-7ffe1edef000 r--p 00000000 00:00 0                          [vvar]
7ffe1edef000-7ffe1edf1000 r-xp 00000000 00:00 0                          [vdso]
ffffffffff600000-ffffffffff601000 r-xp 00000000 00:00 0                  [vsyscall]

VM Arguments:
java_command: Image_Printer.jar Files/run_116.txt 116
java_class_path (initial): Image_Printer.jar
Launcher Type: SUN_STANDARD

Environment Variables:
JAVA_HOME=/usr/lib/jvm/java-8-oracle
PATH=/home/andrew/bin:/home/andrew/.local/bin:/usr/local/sbin:/usr/local/bin:/usr/sbin:/usr/bin:/sbin:/bin:/usr/games:/usr/local/games:/snap/bin:/usr/lib/jvm/java-8-oracle/bin:/usr/lib/jvm/java-8-oracle/db/bin:/usr/lib/jvm/java-8-oracle/jre/bin
SHELL=/bin/bash
DISPLAY=:0

Signal Handlers:
SIGSEGV: [libjvm.so+0xacbe10], sa_mask[0]=11111111011111111101111111111110, sa_flags=SA_RESTART|SA_SIGINFO
SIGBUS: [libjvm.so+0xacbe10], sa_mask[0]=11111111011111111101111111111110, sa_flags=SA_RESTART|SA_SIGINFO
SIGFPE: [libjvm.so+0x924f90], sa_mask[0]=11111111011111111101111111111110, sa_flags=SA_RESTART|SA_SIGINFO
SIGPIPE: [libjvm.so+0x924f90], sa_mask[0]=11111111011111111101111111111110, sa_flags=SA_RESTART|SA_SIGINFO
SIGXFSZ: [libjvm.so+0x924f90], sa_mask[0]=11111111011111111101111111111110, sa_flags=SA_RESTART|SA_SIGINFO
SIGILL: [libjvm.so+0x924f90], sa_mask[0]=11111111011111111101111111111110, sa_flags=SA_RESTART|SA_SIGINFO
SIGUSR1: SIG_DFL, sa_mask[0]=00000000000000000000000000000000, sa_flags=none
SIGUSR2: [libjvm.so+0x9267d0], sa_mask[0]=00000000000000000000000000000000, sa_flags=SA_RESTART|SA_SIGINFO
SIGHUP: [libjvm.so+0x927bd0], sa_mask[0]=11111111011111111101111111111110, sa_flags=SA_RESTART|SA_SIGINFO
SIGINT: [libjvm.so+0x927bd0], sa_mask[0]=11111111011111111101111111111110, sa_flags=SA_RESTART|SA_SIGINFO
SIGTERM: [libjvm.so+0x927bd0], sa_mask[0]=11111111011111111101111111111110, sa_flags=SA_RESTART|SA_SIGINFO
SIGQUIT: [libjvm.so+0x927bd0], sa_mask[0]=11111111011111111101111111111110, sa_flags=SA_RESTART|SA_SIGINFO


---------------  S Y S T E M  ---------------

OS:DISTRIB_ID=Ubuntu
DISTRIB_RELEASE=16.04
DISTRIB_CODENAME=xenial
DISTRIB_DESCRIPTION="Ubuntu 16.04.3 LTS"

uname:Linux 4.10.0-37-generic #41~16.04.1-Ubuntu SMP Fri Oct 6 22:42:59 UTC 2017 x86_64
libc:glibc 2.23 NPTL 2.23 
rlimit: STACK 8192k, CORE infinity, NPROC 15624, NOFILE 1048576, AS infinity
load average:3.07 2.20 2.23

/proc/meminfo:
MemTotal:        4044364 kB
MemFree:           84836 kB
MemAvailable:          0 kB
Buffers:            1260 kB
Cached:            59048 kB
SwapCached:            0 kB
Active:          3775016 kB
Inactive:          49524 kB
Active(anon):    3765788 kB
Inactive(anon):    40464 kB
Active(file):       9228 kB
Inactive(file):     9060 kB
Unevictable:          64 kB
Mlocked:              64 kB
SwapTotal:             0 kB
SwapFree:              0 kB
Dirty:                 4 kB
Writeback:            76 kB
AnonPages:       3764520 kB
Mapped:            51816 kB
Shmem:             41812 kB
Slab:              50404 kB
SReclaimable:      19824 kB
SUnreclaim:        30580 kB
KernelStack:       12656 kB
PageTables:        44116 kB
NFS_Unstable:          0 kB
Bounce:                0 kB
WritebackTmp:          0 kB
CommitLimit:     2022180 kB
Committed_AS:    8676620 kB
VmallocTotal:   34359738367 kB
VmallocUsed:           0 kB
VmallocChunk:          0 kB
HardwareCorrupted:     0 kB
AnonHugePages:   1943552 kB
ShmemHugePages:        0 kB
ShmemPmdMapped:        0 kB
CmaTotal:              0 kB
CmaFree:               0 kB
HugePages_Total:       0
HugePages_Free:        0
HugePages_Rsvd:        0
HugePages_Surp:        0
Hugepagesize:       2048 kB
DirectMap4k:       83904 kB
DirectMap2M:     4110336 kB


CPU:total 1 (initial active 1) (1 cores per cpu, 1 threads per core) family 6 model 60 stepping 3, cmov, cx8, fxsr, mmx, sse, sse2, sse3, ssse3, sse4.1, sse4.2, popcnt, avx, aes, clmul, lzcnt, tsc, tscinvbit

/proc/cpuinfo:
processor	: 0
vendor_id	: GenuineIntel
cpu family	: 6
model		: 60
model name	: Intel(R) Core(TM) i7-4600M CPU @ 2.90GHz
stepping	: 3
cpu MHz		: 2893.298
cache size	: 4096 KB
physical id	: 0
siblings	: 1
core id		: 0
cpu cores	: 1
apicid		: 0
initial apicid	: 0
fpu		: yes
fpu_exception	: yes
cpuid level	: 13
wp		: yes
flags		: fpu vme de pse tsc msr pae mce cx8 apic sep mtrr pge mca cmov pat pse36 clflush mmx fxsr sse sse2 syscall nx rdtscp lm constant_tsc rep_good nopl xtopology nonstop_tsc pni pclmulqdq monitor ssse3 cx16 sse4_1 sse4_2 x2apic movbe popcnt aes xsave avx rdrand hypervisor lahf_lm abm
bugs		:
bogomips	: 5786.59
clflush size	: 64
cache_alignment	: 64
address sizes	: 39 bits physical, 48 bits virtual
power management:



Memory: 4k page, physical 4044364k(85332k free), swap 0k(0k free)

vm_info: Java HotSpot(TM) 64-Bit Server VM (25.151-b12) for linux-amd64 JRE (1.8.0_151-b12), built on Sep  5 2017 19:20:58 by "java_re" with gcc 4.3.0 20080428 (Red Hat 4.3.0-8)

time: Wed Nov 22 15:50:52 2017
elapsed time: 2 seconds (0d 0h 0m 2s)

