#
# There is insufficient memory for the Java Runtime Environment to continue.
# Native memory allocation (mmap) failed to map 3244032 bytes for committing reserved memory.
# Possible reasons:
#   The system is out of physical RAM or swap space
#   In 32 bit mode, the process size limit was hit
# Possible solutions:
#   Reduce memory load on the system
#   Increase physical memory or swap space
#   Check if swap backing store is full
#   Use 64 bit Java on a 64 bit OS
#   Decrease Java heap size (-Xmx/-Xms)
#   Decrease number of Java threads
#   Decrease Java thread stack sizes (-Xss)
#   Set larger code cache with -XX:ReservedCodeCacheSize=
# This output file may be truncated or incomplete.
#
#  Out of Memory Error (os_linux.cpp:2643), pid=31685, tid=0x00007feb6c4bf700
#
# JRE version: OpenJDK Runtime Environment (8.0_151-b12) (build 1.8.0_151-8u151-b12-0ubuntu0.16.04.2-b12)
# Java VM: OpenJDK 64-Bit Server VM (25.151-b12 mixed mode linux-amd64 compressed oops)
# Failed to write core dump. Core dumps have been disabled. To enable core dumping, try "ulimit -c unlimited" before starting Java again
#

---------------  T H R E A D  ---------------

Current thread (0x00007feb7c095000):  VMThread [stack: 0x00007feb6c3bf000,0x00007feb6c4c0000] [id=31687]

Stack: [0x00007feb6c3bf000,0x00007feb6c4c0000],  sp=0x00007feb6c4bddd0,  free space=1019k
Native frames: (J=compiled Java code, j=interpreted, Vv=VM code, C=native code)
V  [libjvm.so+0xa684eb]
V  [libjvm.so+0x4c579c]
V  [libjvm.so+0x8b6b50]
V  [libjvm.so+0x8b0fce]
V  [libjvm.so+0xa64de4]
V  [libjvm.so+0x5c9d3d]
V  [libjvm.so+0x5cac9c]
V  [libjvm.so+0x5b7ac6]
V  [libjvm.so+0x4ce95c]
V  [libjvm.so+0x614252]
V  [libjvm.so+0x989f33]
V  [libjvm.so+0x988207]
V  [libjvm.so+0x98842f]
V  [libjvm.so+0x3c91d6]
V  [libjvm.so+0x3c89aa]
V  [libjvm.so+0x3c8b38]
V  [libjvm.so+0x5c9670]
V  [libjvm.so+0x5b5ec8]
V  [libjvm.so+0x4cbd90]
V  [libjvm.so+0x5b70d8]
V  [libjvm.so+0x44d2cf]
V  [libjvm.so+0xa695f1]
V  [libjvm.so+0xa6f277]
V  [libjvm.so+0xa6ca47]
V  [libjvm.so+0xa6decf]
V  [libjvm.so+0xa6e3c1]
V  [libjvm.so+0x8b4032]

VM_Operation (0x00007feb64586380): GenCollectForAllocation, mode: safepoint, requested by thread 0x00007feb4c413800


---------------  P R O C E S S  ---------------

Java Threads: ( => current thread )
  0x00007feb5c06f800 JavaThread "TimerQueue" daemon [_thread_blocked, id=31705, stack(0x00007feb48dfd000,0x00007feb48efe000)]
  0x00007feb7c009800 JavaThread "DestroyJavaVM" [_thread_blocked, id=31686, stack(0x00007feb839fc000,0x00007feb83afd000)]
  0x00007feb4c413800 JavaThread "AWT-EventQueue-0" [_thread_blocked, id=31699, stack(0x00007feb64489000,0x00007feb6458a000)]
  0x00007feb7c5d8800 JavaThread "AWT-Shutdown" [_thread_blocked, id=31698, stack(0x00007feb6458a000,0x00007feb6468b000)]
  0x00007feb7c246800 JavaThread "AWT-XAWT" daemon [_thread_in_native, id=31696, stack(0x00007feb64e45000,0x00007feb64f46000)]
  0x00007feb7c21e800 JavaThread "Java2D Disposer" daemon [_thread_blocked, id=31695, stack(0x00007feb65356000,0x00007feb65457000)]
  0x00007feb7c0d0000 JavaThread "Service Thread" daemon [_thread_blocked, id=31693, stack(0x00007feb6733e000,0x00007feb6743f000)]
  0x00007feb7c0cd000 JavaThread "C1 CompilerThread1" daemon [_thread_blocked, id=31692, stack(0x00007feb6743f000,0x00007feb67540000)]
  0x00007feb7c0cb000 JavaThread "C2 CompilerThread0" daemon [_thread_blocked, id=31691, stack(0x00007feb67540000,0x00007feb67641000)]
  0x00007feb7c0c8800 JavaThread "Signal Dispatcher" daemon [_thread_blocked, id=31690, stack(0x00007feb6c0bc000,0x00007feb6c1bd000)]
  0x00007feb7c0a1000 JavaThread "Finalizer" daemon [_thread_blocked, id=31689, stack(0x00007feb6c1bd000,0x00007feb6c2be000)]
  0x00007feb7c09c800 JavaThread "Reference Handler" daemon [_thread_blocked, id=31688, stack(0x00007feb6c2be000,0x00007feb6c3bf000)]

Other Threads:
=>0x00007feb7c095000 VMThread [stack: 0x00007feb6c3bf000,0x00007feb6c4c0000] [id=31687]
  0x00007feb7c0ef800 WatcherThread [stack: 0x00007feb6723d000,0x00007feb6733e000] [id=31694]

VM state:at safepoint (normal execution)

VM Mutex/Monitor currently owned by a thread:  ([mutex/lock_event])
[0x00007feb7c006030] Threads_lock - owner thread: 0x00007feb7c095000
[0x00007feb7c006530] Heap_lock - owner thread: 0x00007feb4c413800

Heap:
 def new generation   total 36672K, used 34894K [0x00000000e0c00000, 0x00000000e33c0000, 0x00000000eb2a0000)
  eden space 32640K, 100% used [0x00000000e0c00000, 0x00000000e2be0000, 0x00000000e2be0000)
  from space 4032K,  55% used [0x00000000e2fd0000, 0x00000000e3203ab0, 0x00000000e33c0000)
  to   space 4032K,  38% used [0x00000000e2be0000, 0x00000000e2d62878, 0x00000000e2fd0000)
 tenured generation   total 81268K, used 78645K [0x00000000eb2a0000, 0x00000000f01fd000, 0x0000000100000000)
   the space 81268K,  96% used [0x00000000eb2a0000, 0x00000000eff6d5d8, 0x00000000eff6d600, 0x00000000f01fd000)
 Metaspace       used 14647K, capacity 14882K, committed 15232K, reserved 1062912K
  class space    used 1803K, capacity 1884K, committed 1920K, reserved 1048576K

Card table byte_map: [0x00007feb6cf05000,0x00007feb6d000000] byte_map_base: 0x00007feb6c7ff000

Polling page: 0x00007feb83b1b000

CodeCache: size=245760Kb used=4496Kb max_used=4529Kb free=241263Kb
 bounds [0x00007feb6d000000, 0x00007feb6d480000, 0x00007feb7c000000]
 total_blobs=1775 nmethods=1197 adapters=492
 compilation: enabled

Compilation events (10 events):
Event: 22.902 Thread 0x00007feb7c0cb000 1232  s    4       java.lang.StringBuffer::toString (36 bytes)
Event: 22.911 Thread 0x00007feb7c0cb000 nmethod 1232 0x00007feb6d457510 code [0x00007feb6d457680, 0x00007feb6d457bf8]
Event: 22.938 Thread 0x00007feb7c0cb000 1233   !   4       java.nio.charset.CharsetDecoder::decode (287 bytes)
Event: 22.941 Thread 0x00007feb7c0cb000 nmethod 1233 0x00007feb6d229390 code [0x00007feb6d229520, 0x00007feb6d229788]
Event: 23.151 Thread 0x00007feb7c0cb000 1234       4       java.nio.Buffer::<init> (121 bytes)
Event: 23.152 Thread 0x00007feb7c0cb000 nmethod 1234 0x00007feb6d16e150 code [0x00007feb6d16e2c0, 0x00007feb6d16e478]
Event: 24.293 Thread 0x00007feb7c0cb000 1235       4       java.io.FileInputStream::read (8 bytes)
Event: 24.317 Thread 0x00007feb7c0cb000 nmethod 1235 0x00007feb6d442890 code [0x00007feb6d4429e0, 0x00007feb6d442a68]
Event: 24.317 Thread 0x00007feb7c0cb000 1236       4       java.io.BufferedReader::fill (170 bytes)
Event: 24.356 Thread 0x00007feb7c0cb000 nmethod 1236 0x00007feb6d45ba90 code [0x00007feb6d45bd20, 0x00007feb6d45d0f0]

GC Heap History (10 events):
Event: 24.436 GC heap after
Heap after GC invocations=157 (full 3):
 def new generation   total 36672K, used 751K [0x00000000e0c00000, 0x00000000e33c0000, 0x00000000eb2a0000)
  eden space 32640K,   0% used [0x00000000e0c00000, 0x00000000e0c00000, 0x00000000e2be0000)
  from space 4032K,  18% used [0x00000000e2fd0000, 0x00000000e308be70, 0x00000000e33c0000)
  to   space 4032K,   0% used [0x00000000e2be0000, 0x00000000e2be0000, 0x00000000e2fd0000)
 tenured generation   total 81268K, used 76391K [0x00000000eb2a0000, 0x00000000f01fd000, 0x0000000100000000)
   the space 81268K,  93% used [0x00000000eb2a0000, 0x00000000efd39c68, 0x00000000efd39e00, 0x00000000f01fd000)
 Metaspace       used 14647K, capacity 14882K, committed 15232K, reserved 1062912K
  class space    used 1803K, capacity 1884K, committed 1920K, reserved 1048576K
}
Event: 24.470 GC heap before
{Heap before GC invocations=157 (full 3):
 def new generation   total 36672K, used 33391K [0x00000000e0c00000, 0x00000000e33c0000, 0x00000000eb2a0000)
  eden space 32640K, 100% used [0x00000000e0c00000, 0x00000000e2be0000, 0x00000000e2be0000)
  from space 4032K,  18% used [0x00000000e2fd0000, 0x00000000e308be70, 0x00000000e33c0000)
  to   space 4032K,   0% used [0x00000000e2be0000, 0x00000000e2be0000, 0x00000000e2fd0000)
 tenured generation   total 81268K, used 76391K [0x00000000eb2a0000, 0x00000000f01fd000, 0x0000000100000000)
   the space 81268K,  93% used [0x00000000eb2a0000, 0x00000000efd39c68, 0x00000000efd39e00, 0x00000000f01fd000)
 Metaspace       used 14647K, capacity 14882K, committed 15232K, reserved 1062912K
  class space    used 1803K, capacity 1884K, committed 1920K, reserved 1048576K
Event: 24.478 GC heap after
Heap after GC invocations=158 (full 3):
 def new generation   total 36672K, used 1503K [0x00000000e0c00000, 0x00000000e33c0000, 0x00000000eb2a0000)
  eden space 32640K,   0% used [0x00000000e0c00000, 0x00000000e0c00000, 0x00000000e2be0000)
  from space 4032K,  37% used [0x00000000e2be0000, 0x00000000e2d57cf0, 0x00000000e2fd0000)
  to   space 4032K,   0% used [0x00000000e2fd0000, 0x00000000e2fd0000, 0x00000000e33c0000)
 tenured generation   total 81268K, used 76391K [0x00000000eb2a0000, 0x00000000f01fd000, 0x0000000100000000)
   the space 81268K,  93% used [0x00000000eb2a0000, 0x00000000efd39c68, 0x00000000efd39e00, 0x00000000f01fd000)
 Metaspace       used 14647K, capacity 14882K, committed 15232K, reserved 1062912K
  class space    used 1803K, capacity 1884K, committed 1920K, reserved 1048576K
}
Event: 24.503 GC heap before
{Heap before GC invocations=158 (full 3):
 def new generation   total 36672K, used 34143K [0x00000000e0c00000, 0x00000000e33c0000, 0x00000000eb2a0000)
  eden space 32640K, 100% used [0x00000000e0c00000, 0x00000000e2be0000, 0x00000000e2be0000)
  from space 4032K,  37% used [0x00000000e2be0000, 0x00000000e2d57cf0, 0x00000000e2fd0000)
  to   space 4032K,   0% used [0x00000000e2fd0000, 0x00000000e2fd0000, 0x00000000e33c0000)
 tenured generation   total 81268K, used 76391K [0x00000000eb2a0000, 0x00000000f01fd000, 0x0000000100000000)
   the space 81268K,  93% used [0x00000000eb2a0000, 0x00000000efd39c68, 0x00000000efd39e00, 0x00000000f01fd000)
 Metaspace       used 14647K, capacity 14882K, committed 15232K, reserved 1062912K
  class space    used 1803K, capacity 1884K, committed 1920K, reserved 1048576K
Event: 24.508 GC heap after
Heap after GC invocations=159 (full 3):
 def new generation   total 36672K, used 2254K [0x00000000e0c00000, 0x00000000e33c0000, 0x00000000eb2a0000)
  eden space 32640K,   0% used [0x00000000e0c00000, 0x00000000e0c00000, 0x00000000e2be0000)
  from space 4032K,  55% used [0x00000000e2fd0000, 0x00000000e3203a60, 0x00000000e33c0000)
  to   space 4032K,   0% used [0x00000000e2be0000, 0x00000000e2be0000, 0x00000000e2fd0000)
 tenured generation   total 81268K, used 76391K [0x00000000eb2a0000, 0x00000000f01fd000, 0x0000000100000000)
   the space 81268K,  93% used [0x00000000eb2a0000, 0x00000000efd39c68, 0x00000000efd39e00, 0x00000000f01fd000)
 Metaspace       used 14647K, capacity 14882K, committed 15232K, reserved 1062912K
  class space    used 1803K, capacity 1884K, committed 1920K, reserved 1048576K
}
Event: 24.526 GC heap before
{Heap before GC invocations=159 (full 3):
 def new generation   total 36672K, used 34894K [0x00000000e0c00000, 0x00000000e33c0000, 0x00000000eb2a0000)
  eden space 32640K, 100% used [0x00000000e0c00000, 0x00000000e2be0000, 0x00000000e2be0000)
  from space 4032K,  55% used [0x00000000e2fd0000, 0x00000000e3203a60, 0x00000000e33c0000)
  to   space 4032K,   0% used [0x00000000e2be0000, 0x00000000e2be0000, 0x00000000e2fd0000)
 tenured generation   total 81268K, used 76391K [0x00000000eb2a0000, 0x00000000f01fd000, 0x0000000100000000)
   the space 81268K,  93% used [0x00000000eb2a0000, 0x00000000efd39c68, 0x00000000efd39e00, 0x00000000f01fd000)
 Metaspace       used 14647K, capacity 14882K, committed 15232K, reserved 1062912K
  class space    used 1803K, capacity 1884K, committed 1920K, reserved 1048576K
Event: 24.533 GC heap after
Heap after GC invocations=160 (full 3):
 def new generation   total 36672K, used 2254K [0x00000000e0c00000, 0x00000000e33c0000, 0x00000000eb2a0000)
  eden space 32640K,   0% used [0x00000000e0c00000, 0x00000000e0c00000, 0x00000000e2be0000)
  from space 4032K,  55% used [0x00000000e2be0000, 0x00000000e2e13a48, 0x00000000e2fd0000)
  to   space 4032K,   0% used [0x00000000e2fd0000, 0x00000000e2fd0000, 0x00000000e33c0000)
 tenured generation   total 81268K, used 77142K [0x00000000eb2a0000, 0x00000000f01fd000, 0x0000000100000000)
   the space 81268K,  94% used [0x00000000eb2a0000, 0x00000000efdf5a80, 0x00000000efdf5c00, 0x00000000f01fd000)
 Metaspace       used 14647K, capacity 14882K, committed 15232K, reserved 1062912K
  class space    used 1803K, capacity 1884K, committed 1920K, reserved 1048576K
}
Event: 24.886 GC heap before
{Heap before GC invocations=160 (full 3):
 def new generation   total 36672K, used 34894K [0x00000000e0c00000, 0x00000000e33c0000, 0x00000000eb2a0000)
  eden space 32640K, 100% used [0x00000000e0c00000, 0x00000000e2be0000, 0x00000000e2be0000)
  from space 4032K,  55% used [0x00000000e2be0000, 0x00000000e2e13a48, 0x00000000e2fd0000)
  to   space 4032K,   0% used [0x00000000e2fd0000, 0x00000000e2fd0000, 0x00000000e33c0000)
 tenured generation   total 81268K, used 77142K [0x00000000eb2a0000, 0x00000000f01fd000, 0x0000000100000000)
   the space 81268K,  94% used [0x00000000eb2a0000, 0x00000000efdf5a80, 0x00000000efdf5c00, 0x00000000f01fd000)
 Metaspace       used 14647K, capacity 14882K, committed 15232K, reserved 1062912K
  class space    used 1803K, capacity 1884K, committed 1920K, reserved 1048576K
Event: 24.930 GC heap after
Heap after GC invocations=161 (full 3):
 def new generation   total 36672K, used 2254K [0x00000000e0c00000, 0x00000000e33c0000, 0x00000000eb2a0000)
  eden space 32640K,   0% used [0x00000000e0c00000, 0x00000000e0c00000, 0x00000000e2be0000)
  from space 4032K,  55% used [0x00000000e2fd0000, 0x00000000e3203ab0, 0x00000000e33c0000)
  to   space 4032K,   0% used [0x00000000e2be0000, 0x00000000e2be0000, 0x00000000e2fd0000)
 tenured generation   total 81268K, used 77894K [0x00000000eb2a0000, 0x00000000f01fd000, 0x0000000100000000)
   the space 81268K,  95% used [0x00000000eb2a0000, 0x00000000efeb1838, 0x00000000efeb1a00, 0x00000000f01fd000)
 Metaspace       used 14647K, capacity 14882K, committed 15232K, reserved 1062912K
  class space    used 1803K, capacity 1884K, committed 1920K, reserved 1048576K
}
Event: 24.994 GC heap before
{Heap before GC invocations=161 (full 3):
 def new generation   total 36672K, used 34894K [0x00000000e0c00000, 0x00000000e33c0000, 0x00000000eb2a0000)
  eden space 32640K, 100% used [0x00000000e0c00000, 0x00000000e2be0000, 0x00000000e2be0000)
  from space 4032K,  55% used [0x00000000e2fd0000, 0x00000000e3203ab0, 0x00000000e33c0000)
  to   space 4032K,   0% used [0x00000000e2be0000, 0x00000000e2be0000, 0x00000000e2fd0000)
 tenured generation   total 81268K, used 77894K [0x00000000eb2a0000, 0x00000000f01fd000, 0x0000000100000000)
   the space 81268K,  95% used [0x00000000eb2a0000, 0x00000000efeb1838, 0x00000000efeb1a00, 0x00000000f01fd000)
 Metaspace       used 14647K, capacity 14882K, committed 15232K, reserved 1062912K
  class space    used 1803K, capacity 1884K, committed 1920K, reserved 1048576K

Deoptimization events (7 events):
Event: 6.939 Thread 0x00007feb4c413800 Uncommon trap: reason=class_check action=maybe_recompile pc=0x00007feb6d16e4b0 method=java.lang.String.equals(Ljava/lang/Object;)Z @ 8
Event: 6.940 Thread 0x00007feb4c413800 Uncommon trap: reason=class_check action=maybe_recompile pc=0x00007feb6d16e4b0 method=java.lang.String.equals(Ljava/lang/Object;)Z @ 8
Event: 6.940 Thread 0x00007feb4c413800 Uncommon trap: reason=class_check action=maybe_recompile pc=0x00007feb6d16e4b0 method=java.lang.String.equals(Ljava/lang/Object;)Z @ 8
Event: 6.940 Thread 0x00007feb4c413800 Uncommon trap: reason=class_check action=maybe_recompile pc=0x00007feb6d16e4b0 method=java.lang.String.equals(Ljava/lang/Object;)Z @ 8
Event: 20.338 Thread 0x00007feb4c413800 Uncommon trap: reason=predicate action=maybe_recompile pc=0x00007feb6d438518 method=java.util.AbstractCollection.toArray([Ljava/lang/Object;)[Ljava/lang/Object; @ 49
Event: 21.951 Thread 0x00007feb4c413800 Uncommon trap: reason=unstable_if action=reinterpret pc=0x00007feb6d426c24 method=java.io.BufferedReader.readLine(Z)Ljava/lang/String; @ 55
Event: 21.952 Thread 0x00007feb4c413800 Uncommon trap: reason=unstable_if action=reinterpret pc=0x00007feb6d44cdb8 method=ChoosenSimulation.GetAllFilesFromFolder(Ljava/lang/String;)V @ 259

Internal exceptions (10 events):
Event: 0.353 Thread 0x00007feb7c009800 Exception <a 'java/lang/NoSuchFieldError': method resolution failed> (0x00000000e0d7e1f8) thrown at [/build/openjdk-8-W2Qe27/openjdk-8-8u151-b12/src/hotspot/src/share/vm/prims/methodHandles.cpp, line 1146]
Event: 0.354 Thread 0x00007feb7c009800 Exception <a 'java/lang/NoSuchFieldError': method resolution failed> (0x00000000e0d8ba10) thrown at [/build/openjdk-8-W2Qe27/openjdk-8-8u151-b12/src/hotspot/src/share/vm/prims/methodHandles.cpp, line 1146]
Event: 0.422 Thread 0x00007feb7c009800 Exception <a 'java/io/FileNotFoundException'> (0x00000000e0e0b9b8) thrown at [/build/openjdk-8-W2Qe27/openjdk-8-8u151-b12/src/hotspot/src/share/vm/prims/jni.cpp, line 709]
Event: 0.422 Thread 0x00007feb7c009800 Exception <a 'java/io/FileNotFoundException'> (0x00000000e0e0c3d8) thrown at [/build/openjdk-8-W2Qe27/openjdk-8-8u151-b12/src/hotspot/src/share/vm/prims/jni.cpp, line 709]
Event: 0.489 Thread 0x00007feb7c009800 Exception <a 'java/lang/ClassNotFoundException': sun/dc/DuctusRenderingEngine> (0x00000000e0e24120) thrown at [/build/openjdk-8-W2Qe27/openjdk-8-8u151-b12/src/hotspot/src/share/vm/classfile/systemDictionary.cpp, line 210]
Event: 0.888 Thread 0x00007feb7c5ad800 Exception <a 'java/io/FileNotFoundException'> (0x00000000e10c6b68) thrown at [/build/openjdk-8-W2Qe27/openjdk-8-8u151-b12/src/hotspot/src/share/vm/prims/jni.cpp, line 709]
Event: 1.341 Thread 0x00007feb4c413800 Exception <a 'java/lang/UnsupportedOperationException': > (0x00000000e11d1330) thrown at [/build/openjdk-8-W2Qe27/openjdk-8-8u151-b12/src/hotspot/src/share/vm/prims/jni.cpp, line 735]
Event: 7.147 Thread 0x00007feb4c413800 Exception <a 'java/lang/UnsupportedOperationException': > (0x00000000e13eee90) thrown at [/build/openjdk-8-W2Qe27/openjdk-8-8u151-b12/src/hotspot/src/share/vm/prims/jni.cpp, line 735]
Event: 19.985 Thread 0x00007feb4c413800 Exception <a 'java/lang/NoSuchMethodError': java.lang.Object.lambda$comparingLong$6043328a$1(Ljava/util/function/ToLongFunction;Ljava/lang/Object;Ljava/lang/Object;)I> (0x00000000e0d10338) thrown at [/build/openjdk-8-W2Qe27/openjdk-8-8u151-b12/src/hotspot
Event: 21.952 Thread 0x00007feb4c413800 Implicit null exception at 0x00007feb6d44a55c to 0x00007feb6d44cd7d

Events (10 events):
Event: 24.436 Executing VM operation: GenCollectForAllocation done
Event: 24.470 Executing VM operation: GenCollectForAllocation
Event: 24.478 Executing VM operation: GenCollectForAllocation done
Event: 24.503 Executing VM operation: GenCollectForAllocation
Event: 24.508 Executing VM operation: GenCollectForAllocation done
Event: 24.526 Executing VM operation: GenCollectForAllocation
Event: 24.534 Executing VM operation: GenCollectForAllocation done
Event: 24.879 Executing VM operation: GenCollectForAllocation
Event: 24.934 Executing VM operation: GenCollectForAllocation done
Event: 24.992 Executing VM operation: GenCollectForAllocation


Dynamic libraries:
00400000-00401000 r-xp 00000000 08:01 404858                             /usr/lib/jvm/java-8-openjdk-amd64/jre/bin/java
00600000-00601000 r--p 00000000 08:01 404858                             /usr/lib/jvm/java-8-openjdk-amd64/jre/bin/java
00601000-00602000 rw-p 00001000 08:01 404858                             /usr/lib/jvm/java-8-openjdk-amd64/jre/bin/java
0096e000-0098f000 rw-p 00000000 00:00 0                                  [heap]
e0c00000-e33c0000 rw-p 00000000 00:00 0 
e33c0000-eb2a0000 ---p 00000000 00:00 0 
eb2a0000-f01fd000 rw-p 00000000 00:00 0 
f0515000-100000000 ---p 00000000 00:00 0 
100000000-1001e0000 rw-p 00000000 00:00 0 
1001e0000-140000000 ---p 00000000 00:00 0 
7feb48afc000-7feb48bfc000 rw-p 00000000 00:00 0 
7feb48bfc000-7feb48cff000 ---p 00000000 00:00 0 
7feb48cff000-7feb48dfd000 rw-p 00000000 00:00 0 
7feb48dfd000-7feb48e00000 ---p 00000000 00:00 0 
7feb48e00000-7feb48efe000 rw-p 00000000 00:00 0 
7feb48efe000-7feb48f01000 ---p 00000000 00:00 0 
7feb48f01000-7feb4c000000 rw-p 00000000 00:00 0 
7feb4c000000-7feb4c7a7000 rw-p 00000000 00:00 0 
7feb4c7a7000-7feb50000000 ---p 00000000 00:00 0 
7feb50000000-7feb50021000 rw-p 00000000 00:00 0 
7feb50021000-7feb54000000 ---p 00000000 00:00 0 
7feb54000000-7feb54021000 rw-p 00000000 00:00 0 
7feb54021000-7feb58000000 ---p 00000000 00:00 0 
7feb58000000-7feb58b6b000 rw-p 00000000 00:00 0 
7feb58b6b000-7feb5c000000 ---p 00000000 00:00 0 
7feb5c000000-7feb5c0eb000 rw-p 00000000 00:00 0 
7feb5c0eb000-7feb60000000 ---p 00000000 00:00 0 
7feb60000000-7feb60021000 rw-p 00000000 00:00 0 
7feb60021000-7feb64000000 ---p 00000000 00:00 0 
7feb64087000-7feb64287000 rw-p 00000000 00:00 0 
7feb64287000-7feb6428a000 ---p 00000000 00:00 0 
7feb6428a000-7feb64388000 rw-p 00000000 00:00 0 
7feb64388000-7feb6438b000 ---p 00000000 00:00 0 
7feb6438b000-7feb64489000 rw-p 00000000 00:00 0 
7feb64489000-7feb6448c000 ---p 00000000 00:00 0 
7feb6448c000-7feb6458a000 rw-p 00000000 00:00 0 
7feb6458a000-7feb6458d000 ---p 00000000 00:00 0 
7feb6458d000-7feb6488b000 rw-p 00000000 00:00 0 
7feb648d6000-7feb648d9000 ---p 00000000 00:00 0 
7feb648d9000-7feb649d7000 rw-p 00000000 00:00 0 
7feb64a1a000-7feb64a31000 r-xp 00000000 08:01 402887                     /usr/lib/jvm/java-8-openjdk-amd64/jre/lib/amd64/libnet.so
7feb64a31000-7feb64c30000 ---p 00017000 08:01 402887                     /usr/lib/jvm/java-8-openjdk-amd64/jre/lib/amd64/libnet.so
7feb64c30000-7feb64c31000 r--p 00016000 08:01 402887                     /usr/lib/jvm/java-8-openjdk-amd64/jre/lib/amd64/libnet.so
7feb64c31000-7feb64c32000 rw-p 00017000 08:01 402887                     /usr/lib/jvm/java-8-openjdk-amd64/jre/lib/amd64/libnet.so
7feb64c32000-7feb64c43000 r-xp 00000000 08:01 404605                     /usr/lib/jvm/java-8-openjdk-amd64/jre/lib/amd64/libnio.so
7feb64c43000-7feb64e43000 ---p 00011000 08:01 404605                     /usr/lib/jvm/java-8-openjdk-amd64/jre/lib/amd64/libnio.so
7feb64e43000-7feb64e44000 r--p 00011000 08:01 404605                     /usr/lib/jvm/java-8-openjdk-amd64/jre/lib/amd64/libnio.so
7feb64e44000-7feb64e45000 rw-p 00012000 08:01 404605                     /usr/lib/jvm/java-8-openjdk-amd64/jre/lib/amd64/libnio.so
7feb64e45000-7feb64e48000 ---p 00000000 00:00 0 
7feb64e48000-7feb64f46000 rw-p 00000000 00:00 0 
7feb64f46000-7feb64f4b000 r-xp 00000000 08:01 405325                     /usr/lib/x86_64-linux-gnu/libXfixes.so.3.1.0
7feb64f4b000-7feb6514a000 ---p 00005000 08:01 405325                     /usr/lib/x86_64-linux-gnu/libXfixes.so.3.1.0
7feb6514a000-7feb6514b000 r--p 00004000 08:01 405325                     /usr/lib/x86_64-linux-gnu/libXfixes.so.3.1.0
7feb6514b000-7feb6514c000 rw-p 00005000 08:01 405325                     /usr/lib/x86_64-linux-gnu/libXfixes.so.3.1.0
7feb6514c000-7feb65155000 r-xp 00000000 08:01 405317                     /usr/lib/x86_64-linux-gnu/libXcursor.so.1.0.2
7feb65155000-7feb65354000 ---p 00009000 08:01 405317                     /usr/lib/x86_64-linux-gnu/libXcursor.so.1.0.2
7feb65354000-7feb65355000 r--p 00008000 08:01 405317                     /usr/lib/x86_64-linux-gnu/libXcursor.so.1.0.2
7feb65355000-7feb65356000 rw-p 00009000 08:01 405317                     /usr/lib/x86_64-linux-gnu/libXcursor.so.1.0.2
7feb65356000-7feb65359000 ---p 00000000 00:00 0 
7feb65359000-7feb65457000 rw-p 00000000 00:00 0 
7feb65457000-7feb6547b000 r-xp 00000000 08:01 1054433                    /lib/x86_64-linux-gnu/libpng12.so.0.54.0
7feb6547b000-7feb6567a000 ---p 00024000 08:01 1054433                    /lib/x86_64-linux-gnu/libpng12.so.0.54.0
7feb6567a000-7feb6567b000 r--p 00023000 08:01 1054433                    /lib/x86_64-linux-gnu/libpng12.so.0.54.0
7feb6567b000-7feb6567c000 rw-p 00024000 08:01 1054433                    /lib/x86_64-linux-gnu/libpng12.so.0.54.0
7feb6567c000-7feb65720000 r-xp 00000000 08:01 405748                     /usr/lib/x86_64-linux-gnu/libfreetype.so.6.12.1
7feb65720000-7feb6591f000 ---p 000a4000 08:01 405748                     /usr/lib/x86_64-linux-gnu/libfreetype.so.6.12.1
7feb6591f000-7feb65925000 r--p 000a3000 08:01 405748                     /usr/lib/x86_64-linux-gnu/libfreetype.so.6.12.1
7feb65925000-7feb65926000 rw-p 000a9000 08:01 405748                     /usr/lib/x86_64-linux-gnu/libfreetype.so.6.12.1
7feb65926000-7feb65978000 r-xp 00000000 08:01 402860                     /usr/lib/jvm/java-8-openjdk-amd64/jre/lib/amd64/libfontmanager.so
7feb65978000-7feb65b78000 ---p 00052000 08:01 402860                     /usr/lib/jvm/java-8-openjdk-amd64/jre/lib/amd64/libfontmanager.so
7feb65b78000-7feb65b7a000 r--p 00052000 08:01 402860                     /usr/lib/jvm/java-8-openjdk-amd64/jre/lib/amd64/libfontmanager.so
7feb65b7a000-7feb65b7b000 rw-p 00054000 08:01 402860                     /usr/lib/jvm/java-8-openjdk-amd64/jre/lib/amd64/libfontmanager.so
7feb65b7b000-7feb65b80000 r-xp 00000000 08:01 405321                     /usr/lib/x86_64-linux-gnu/libXdmcp.so.6.0.0
7feb65b80000-7feb65d7f000 ---p 00005000 08:01 405321                     /usr/lib/x86_64-linux-gnu/libXdmcp.so.6.0.0
7feb65d7f000-7feb65d80000 r--p 00004000 08:01 405321                     /usr/lib/x86_64-linux-gnu/libXdmcp.so.6.0.0
7feb65d80000-7feb65d81000 rw-p 00005000 08:01 405321                     /usr/lib/x86_64-linux-gnu/libXdmcp.so.6.0.0
7feb65d81000-7feb65d83000 r-xp 00000000 08:01 405310                     /usr/lib/x86_64-linux-gnu/libXau.so.6.0.0
7feb65d83000-7feb65f83000 ---p 00002000 08:01 405310                     /usr/lib/x86_64-linux-gnu/libXau.so.6.0.0
7feb65f83000-7feb65f84000 r--p 00002000 08:01 405310                     /usr/lib/x86_64-linux-gnu/libXau.so.6.0.0
7feb65f84000-7feb65f85000 rw-p 00003000 08:01 405310                     /usr/lib/x86_64-linux-gnu/libXau.so.6.0.0
7feb65f85000-7feb65fa6000 r-xp 00000000 08:01 406728                     /usr/lib/x86_64-linux-gnu/libxcb.so.1.1.0
7feb65fa6000-7feb661a5000 ---p 00021000 08:01 406728                     /usr/lib/x86_64-linux-gnu/libxcb.so.1.1.0
7feb661a5000-7feb661a6000 r--p 00020000 08:01 406728                     /usr/lib/x86_64-linux-gnu/libxcb.so.1.1.0
7feb661a6000-7feb661a7000 rw-p 00021000 08:01 406728                     /usr/lib/x86_64-linux-gnu/libxcb.so.1.1.0
7feb661a7000-7feb661b6000 r-xp 00000000 08:01 405333                     /usr/lib/x86_64-linux-gnu/libXi.so.6.1.0
7feb661b6000-7feb663b5000 ---p 0000f000 08:01 405333                     /usr/lib/x86_64-linux-gnu/libXi.so.6.1.0
7feb663b5000-7feb663b6000 r--p 0000e000 08:01 405333                     /usr/lib/x86_64-linux-gnu/libXi.so.6.1.0
7feb663b6000-7feb663b7000 rw-p 0000f000 08:01 405333                     /usr/lib/x86_64-linux-gnu/libXi.so.6.1.0
7feb663b7000-7feb663bc000 r-xp 00000000 08:01 405351                     /usr/lib/x86_64-linux-gnu/libXtst.so.6.1.0
7feb663bc000-7feb665bb000 ---p 00005000 08:01 405351                     /usr/lib/x86_64-linux-gnu/libXtst.so.6.1.0
7feb665bb000-7feb665bc000 r--p 00004000 08:01 405351                     /usr/lib/x86_64-linux-gnu/libXtst.so.6.1.0
7feb665bc000-7feb665bd000 rw-p 00005000 08:01 405351                     /usr/lib/x86_64-linux-gnu/libXtst.so.6.1.0
7feb665bd000-7feb665c6000 r-xp 00000000 08:01 405345                     /usr/lib/x86_64-linux-gnu/libXrender.so.1.3.0
7feb665c6000-7feb667c5000 ---p 00009000 08:01 405345                     /usr/lib/x86_64-linux-gnu/libXrender.so.1.3.0
7feb667c5000-7feb667c6000 r--p 00008000 08:01 405345                     /usr/lib/x86_64-linux-gnu/libXrender.so.1.3.0
7feb667c6000-7feb667c7000 rw-p 00009000 08:01 405345                     /usr/lib/x86_64-linux-gnu/libXrender.so.1.3.0
7feb667c7000-7feb668fc000 r-xp 00000000 08:01 405306                     /usr/lib/x86_64-linux-gnu/libX11.so.6.3.0
7feb668fc000-7feb66afc000 ---p 00135000 08:01 405306                     /usr/lib/x86_64-linux-gnu/libX11.so.6.3.0
7feb66afc000-7feb66afd000 r--p 00135000 08:01 405306                     /usr/lib/x86_64-linux-gnu/libX11.so.6.3.0
7feb66afd000-7feb66b01000 rw-p 00136000 08:01 405306                     /usr/lib/x86_64-linux-gnu/libX11.so.6.3.0
7feb66b01000-7feb66b12000 r-xp 00000000 08:01 405323                     /usr/lib/x86_64-linux-gnu/libXext.so.6.4.0
7feb66b12000-7feb66d11000 ---p 00011000 08:01 405323                     /usr/lib/x86_64-linux-gnu/libXext.so.6.4.0
7feb66d11000-7feb66d12000 r--p 00010000 08:01 405323                     /usr/lib/x86_64-linux-gnu/libXext.so.6.4.0
7feb66d12000-7feb66d13000 rw-p 00011000 08:01 405323                     /usr/lib/x86_64-linux-gnu/libXext.so.6.4.0
7feb66d13000-7feb66d67000 r-xp 00000000 08:01 402863                     /usr/lib/jvm/java-8-openjdk-amd64/jre/lib/amd64/libawt_xawt.so
7feb66d67000-7feb66f67000 ---p 00054000 08:01 402863                     /usr/lib/jvm/java-8-openjdk-amd64/jre/lib/amd64/libawt_xawt.so
7feb66f67000-7feb66f68000 r--p 00054000 08:01 402863                     /usr/lib/jvm/java-8-openjdk-amd64/jre/lib/amd64/libawt_xawt.so
7feb66f68000-7feb66f6b000 rw-p 00055000 08:01 402863                     /usr/lib/jvm/java-8-openjdk-amd64/jre/lib/amd64/libawt_xawt.so
7feb66f6b000-7feb66f6c000 rw-p 00000000 00:00 0 
7feb66f6c000-7feb6700c000 r-xp 00000000 08:01 402916                     /usr/lib/jvm/java-8-openjdk-amd64/jre/lib/amd64/libawt.so
7feb6700c000-7feb6720c000 ---p 000a0000 08:01 402916                     /usr/lib/jvm/java-8-openjdk-amd64/jre/lib/amd64/libawt.so
7feb6720c000-7feb6720d000 r--p 000a0000 08:01 402916                     /usr/lib/jvm/java-8-openjdk-amd64/jre/lib/amd64/libawt.so
7feb6720d000-7feb67218000 rw-p 000a1000 08:01 402916                     /usr/lib/jvm/java-8-openjdk-amd64/jre/lib/amd64/libawt.so
7feb67218000-7feb6723d000 rw-p 00000000 00:00 0 
7feb6723d000-7feb6723e000 ---p 00000000 00:00 0 
7feb6723e000-7feb6733e000 rw-p 00000000 00:00 0 
7feb6733e000-7feb67341000 ---p 00000000 00:00 0 
7feb67341000-7feb6743f000 rw-p 00000000 00:00 0 
7feb6743f000-7feb67442000 ---p 00000000 00:00 0 
7feb67442000-7feb67540000 rw-p 00000000 00:00 0 
7feb67540000-7feb67543000 ---p 00000000 00:00 0 
7feb67543000-7feb67641000 rw-p 00000000 00:00 0 
7feb67641000-7feb68000000 r--p 00000000 08:01 402562                     /usr/lib/locale/locale-archive
7feb68000000-7feb68037000 rw-p 00000000 00:00 0 
7feb68037000-7feb6c000000 ---p 00000000 00:00 0 
7feb6c00e000-7feb6c019000 r--s 00000000 08:01 950852                     /var/cache/fontconfig/945677eb7aeaf62f1d50efc3fb3ec7d8-le64.cache-6
7feb6c019000-7feb6c01f000 r--s 00000000 08:01 950834                     /var/cache/fontconfig/2cd17615ca594fa2959ae173292e504c-le64.cache-6
7feb6c01f000-7feb6c020000 r--s 00000000 08:01 950831                     /var/cache/fontconfig/0d8c3b2ac0904cb8a57a757ad11a4a08-le64.cache-6
7feb6c020000-7feb6c035000 r--s 00000000 08:01 950828                     /var/cache/fontconfig/04aabc0a78ac019cf9454389977116d2-le64.cache-6
7feb6c035000-7feb6c036000 r--s 00000000 08:01 950833                     /var/cache/fontconfig/1ac9eb803944fde146138c791f5cc56a-le64.cache-6
7feb6c036000-7feb6c03a000 r--s 00000000 08:01 950838                     /var/cache/fontconfig/385c0604a188198f04d133e54aba7fe7-le64.cache-6
7feb6c03a000-7feb6c03b000 r--s 00000000 08:01 950865                     /var/cache/fontconfig/dc05db6664285cc2f12bf69c139ae4c3-le64.cache-6
7feb6c03b000-7feb6c03e000 r--s 00000000 08:01 950848                     /var/cache/fontconfig/767a8244fc0220cfb567a839d0392e0b-le64.cache-6
7feb6c03e000-7feb6c03f000 r--s 00000000 08:01 950839                     /var/cache/fontconfig/4794a0821666d79190d59a36cb4f44b5-le64.cache-6
7feb6c03f000-7feb6c044000 r--s 00000000 08:01 950851                     /var/cache/fontconfig/8801497958630a81b71ace7c5f9b32a8-le64.cache-6
7feb6c044000-7feb6c045000 r--s 00000000 08:01 950858                     /var/cache/fontconfig/bab58bb527bb656aaa9f116d68a48d89-le64.cache-6
7feb6c045000-7feb6c04c000 r--s 00000000 08:01 950835                     /var/cache/fontconfig/3047814df9a2f067bd2d96a2b9c36e5a-le64.cache-6
7feb6c04c000-7feb6c04d000 r--s 00000000 08:01 950842                     /var/cache/fontconfig/56cf4f4769d0f4abc89a4895d7bd3ae1-le64.cache-6
7feb6c04d000-7feb6c053000 r--s 00000000 08:01 950856                     /var/cache/fontconfig/b47c4e1ecd0709278f4910c18777a504-le64.cache-6
7feb6c053000-7feb6c066000 r--s 00000000 08:01 950862                     /var/cache/fontconfig/d52a8644073d54c13679302ca1180695-le64.cache-6
7feb6c066000-7feb6c071000 r--s 00000000 08:01 952773                     /var/cache/fontconfig/d589a48862398ed80a3d6066f4f56f4c-le64.cache-6
7feb6c071000-7feb6c07c000 r--s 00000000 08:01 950850                     /var/cache/fontconfig/83bf95040141907cd45bb53cf7c1c148-le64.cache-6
7feb6c07c000-7feb6c08e000 r--s 00000000 08:01 950854                     /var/cache/fontconfig/9b89f8e3dae116d678bbf48e5f21f69b-le64.cache-6
7feb6c08e000-7feb6c0a1000 r--s 00346000 08:01 404838                     /usr/lib/jvm/java-8-openjdk-amd64/jre/lib/resources.jar
7feb6c0a1000-7feb6c0bc000 r--s 00394000 08:01 398224                     /usr/lib/jvm/java-8-openjdk-amd64/jre/lib/ext/cldrdata.jar
7feb6c0bc000-7feb6c0bf000 ---p 00000000 00:00 0 
7feb6c0bf000-7feb6c1bd000 rw-p 00000000 00:00 0 
7feb6c1bd000-7feb6c1c0000 ---p 00000000 00:00 0 
7feb6c1c0000-7feb6c2be000 rw-p 00000000 00:00 0 
7feb6c2be000-7feb6c2c1000 ---p 00000000 00:00 0 
7feb6c2c1000-7feb6c3bf000 rw-p 00000000 00:00 0 
7feb6c3bf000-7feb6c3c0000 ---p 00000000 00:00 0 
7feb6c3c0000-7feb6c4c0000 rw-p 00000000 00:00 0 
7feb6c4c0000-7feb6c68f000 r--s 03c21000 08:01 398218                     /usr/lib/jvm/java-8-openjdk-amd64/jre/lib/rt.jar
7feb6c68f000-7feb6cf05000 rw-p 00000000 00:00 0 
7feb6cf05000-7feb6cf19000 rw-p 00000000 00:00 0 
7feb6cf19000-7feb6cf58000 ---p 00000000 00:00 0 
7feb6cf58000-7feb6cf80000 rw-p 00000000 00:00 0 
7feb6cf80000-7feb6cfff000 ---p 00000000 00:00 0 
7feb6cfff000-7feb6d000000 rw-p 00000000 00:00 0 
7feb6d000000-7feb6d480000 rwxp 00000000 00:00 0 
7feb6d480000-7feb7c000000 ---p 00000000 00:00 0 
7feb7c000000-7feb7c60d000 rw-p 00000000 00:00 0 
7feb7c60d000-7feb80000000 ---p 00000000 00:00 0 
7feb80000000-7feb80001000 r--s 00000000 08:01 950857                     /var/cache/fontconfig/b9d506c9ac06c20b433354fa67a72993-le64.cache-6
7feb80001000-7feb80002000 r--s 00000000 08:01 950841                     /var/cache/fontconfig/551ecf3b0e8b0bca0f25c0944f561853-le64.cache-6
7feb80002000-7feb80005000 r--s 00000000 08:01 950847                     /var/cache/fontconfig/75114ca45c98e8a441da0ff356701271-le64.cache-6
7feb80005000-7feb80008000 r--s 00000000 08:01 950866                     /var/cache/fontconfig/e13b20fdb08344e0e664864cc2ede53d-le64.cache-6
7feb80008000-7feb8000c000 r--s 00000000 08:01 917769                     /var/cache/fontconfig/7ef2298fde41cc6eeb7af42e48b7d293-le64.cache-6
7feb8000c000-7feb800c7000 rw-p 00000000 00:00 0 
7feb800c7000-7feb80475000 ---p 00000000 00:00 0 
7feb80475000-7feb8047d000 r-xp 00000000 08:01 402917                     /usr/lib/jvm/java-8-openjdk-amd64/jre/lib/amd64/libzip.so
7feb8047d000-7feb8067c000 ---p 00008000 08:01 402917                     /usr/lib/jvm/java-8-openjdk-amd64/jre/lib/amd64/libzip.so
7feb8067c000-7feb8067d000 r--p 00007000 08:01 402917                     /usr/lib/jvm/java-8-openjdk-amd64/jre/lib/amd64/libzip.so
7feb8067d000-7feb8067e000 rw-p 00008000 08:01 402917                     /usr/lib/jvm/java-8-openjdk-amd64/jre/lib/amd64/libzip.so
7feb8067e000-7feb80689000 r-xp 00000000 08:01 1054391                    /lib/x86_64-linux-gnu/libnss_files-2.23.so
7feb80689000-7feb80888000 ---p 0000b000 08:01 1054391                    /lib/x86_64-linux-gnu/libnss_files-2.23.so
7feb80888000-7feb80889000 r--p 0000a000 08:01 1054391                    /lib/x86_64-linux-gnu/libnss_files-2.23.so
7feb80889000-7feb8088a000 rw-p 0000b000 08:01 1054391                    /lib/x86_64-linux-gnu/libnss_files-2.23.so
7feb8088a000-7feb80890000 rw-p 00000000 00:00 0 
7feb80890000-7feb8089b000 r-xp 00000000 08:01 1054401                    /lib/x86_64-linux-gnu/libnss_nis-2.23.so
7feb8089b000-7feb80a9a000 ---p 0000b000 08:01 1054401                    /lib/x86_64-linux-gnu/libnss_nis-2.23.so
7feb80a9a000-7feb80a9b000 r--p 0000a000 08:01 1054401                    /lib/x86_64-linux-gnu/libnss_nis-2.23.so
7feb80a9b000-7feb80a9c000 rw-p 0000b000 08:01 1054401                    /lib/x86_64-linux-gnu/libnss_nis-2.23.so
7feb80a9c000-7feb80ab2000 r-xp 00000000 08:01 1054385                    /lib/x86_64-linux-gnu/libnsl-2.23.so
7feb80ab2000-7feb80cb1000 ---p 00016000 08:01 1054385                    /lib/x86_64-linux-gnu/libnsl-2.23.so
7feb80cb1000-7feb80cb2000 r--p 00015000 08:01 1054385                    /lib/x86_64-linux-gnu/libnsl-2.23.so
7feb80cb2000-7feb80cb3000 rw-p 00016000 08:01 1054385                    /lib/x86_64-linux-gnu/libnsl-2.23.so
7feb80cb3000-7feb80cb5000 rw-p 00000000 00:00 0 
7feb80cb5000-7feb80cbd000 r-xp 00000000 08:01 1054387                    /lib/x86_64-linux-gnu/libnss_compat-2.23.so
7feb80cbd000-7feb80ebc000 ---p 00008000 08:01 1054387                    /lib/x86_64-linux-gnu/libnss_compat-2.23.so
7feb80ebc000-7feb80ebd000 r--p 00007000 08:01 1054387                    /lib/x86_64-linux-gnu/libnss_compat-2.23.so
7feb80ebd000-7feb80ebe000 rw-p 00008000 08:01 1054387                    /lib/x86_64-linux-gnu/libnss_compat-2.23.so
7feb80ebe000-7feb80eeb000 r-xp 00000000 08:01 402856                     /usr/lib/jvm/java-8-openjdk-amd64/jre/lib/amd64/libjava.so
7feb80eeb000-7feb810ea000 ---p 0002d000 08:01 402856                     /usr/lib/jvm/java-8-openjdk-amd64/jre/lib/amd64/libjava.so
7feb810ea000-7feb810eb000 r--p 0002c000 08:01 402856                     /usr/lib/jvm/java-8-openjdk-amd64/jre/lib/amd64/libjava.so
7feb810eb000-7feb810ed000 rw-p 0002d000 08:01 402856                     /usr/lib/jvm/java-8-openjdk-amd64/jre/lib/amd64/libjava.so
7feb810ed000-7feb810fc000 r-xp 00000000 08:01 402914                     /usr/lib/jvm/java-8-openjdk-amd64/jre/lib/amd64/libverify.so
7feb810fc000-7feb812fb000 ---p 0000f000 08:01 402914                     /usr/lib/jvm/java-8-openjdk-amd64/jre/lib/amd64/libverify.so
7feb812fb000-7feb812fd000 r--p 0000e000 08:01 402914                     /usr/lib/jvm/java-8-openjdk-amd64/jre/lib/amd64/libverify.so
7feb812fd000-7feb812fe000 rw-p 00010000 08:01 402914                     /usr/lib/jvm/java-8-openjdk-amd64/jre/lib/amd64/libverify.so
7feb812fe000-7feb81305000 r-xp 00000000 08:01 1054446                    /lib/x86_64-linux-gnu/librt-2.23.so
7feb81305000-7feb81504000 ---p 00007000 08:01 1054446                    /lib/x86_64-linux-gnu/librt-2.23.so
7feb81504000-7feb81505000 r--p 00006000 08:01 1054446                    /lib/x86_64-linux-gnu/librt-2.23.so
7feb81505000-7feb81506000 rw-p 00007000 08:01 1054446                    /lib/x86_64-linux-gnu/librt-2.23.so
7feb81506000-7feb8151c000 r-xp 00000000 08:01 1054330                    /lib/x86_64-linux-gnu/libgcc_s.so.1
7feb8151c000-7feb8171b000 ---p 00016000 08:01 1054330                    /lib/x86_64-linux-gnu/libgcc_s.so.1
7feb8171b000-7feb8171c000 rw-p 00015000 08:01 1054330                    /lib/x86_64-linux-gnu/libgcc_s.so.1
7feb8171c000-7feb81824000 r-xp 00000000 08:01 1054362                    /lib/x86_64-linux-gnu/libm-2.23.so
7feb81824000-7feb81a23000 ---p 00108000 08:01 1054362                    /lib/x86_64-linux-gnu/libm-2.23.so
7feb81a23000-7feb81a24000 r--p 00107000 08:01 1054362                    /lib/x86_64-linux-gnu/libm-2.23.so
7feb81a24000-7feb81a25000 rw-p 00108000 08:01 1054362                    /lib/x86_64-linux-gnu/libm-2.23.so
7feb81a25000-7feb81b97000 r-xp 00000000 08:01 393887                     /usr/lib/x86_64-linux-gnu/libstdc++.so.6.0.21
7feb81b97000-7feb81d97000 ---p 00172000 08:01 393887                     /usr/lib/x86_64-linux-gnu/libstdc++.so.6.0.21
7feb81d97000-7feb81da1000 r--p 00172000 08:01 393887                     /usr/lib/x86_64-linux-gnu/libstdc++.so.6.0.21
7feb81da1000-7feb81da3000 rw-p 0017c000 08:01 393887                     /usr/lib/x86_64-linux-gnu/libstdc++.so.6.0.21
7feb81da3000-7feb81da7000 rw-p 00000000 00:00 0 
7feb81da7000-7feb829f9000 r-xp 00000000 08:01 402884                     /usr/lib/jvm/java-8-openjdk-amd64/jre/lib/amd64/server/libjvm.so
7feb829f9000-7feb82bf9000 ---p 00c52000 08:01 402884                     /usr/lib/jvm/java-8-openjdk-amd64/jre/lib/amd64/server/libjvm.so
7feb82bf9000-7feb82c8c000 r--p 00c52000 08:01 402884                     /usr/lib/jvm/java-8-openjdk-amd64/jre/lib/amd64/server/libjvm.so
7feb82c8c000-7feb82cb5000 rw-p 00ce5000 08:01 402884                     /usr/lib/jvm/java-8-openjdk-amd64/jre/lib/amd64/server/libjvm.so
7feb82cb5000-7feb82ce5000 rw-p 00000000 00:00 0 
7feb82ce5000-7feb82cfd000 r-xp 00000000 08:01 1054438                    /lib/x86_64-linux-gnu/libpthread-2.23.so
7feb82cfd000-7feb82efc000 ---p 00018000 08:01 1054438                    /lib/x86_64-linux-gnu/libpthread-2.23.so
7feb82efc000-7feb82efd000 r--p 00017000 08:01 1054438                    /lib/x86_64-linux-gnu/libpthread-2.23.so
7feb82efd000-7feb82efe000 rw-p 00018000 08:01 1054438                    /lib/x86_64-linux-gnu/libpthread-2.23.so
7feb82efe000-7feb82f02000 rw-p 00000000 00:00 0 
7feb82f02000-7feb82f05000 r-xp 00000000 08:01 1054316                    /lib/x86_64-linux-gnu/libdl-2.23.so
7feb82f05000-7feb83104000 ---p 00003000 08:01 1054316                    /lib/x86_64-linux-gnu/libdl-2.23.so
7feb83104000-7feb83105000 r--p 00002000 08:01 1054316                    /lib/x86_64-linux-gnu/libdl-2.23.so
7feb83105000-7feb83106000 rw-p 00003000 08:01 1054316                    /lib/x86_64-linux-gnu/libdl-2.23.so
7feb83106000-7feb8311f000 r-xp 00000000 08:01 1054483                    /lib/x86_64-linux-gnu/libz.so.1.2.8
7feb8311f000-7feb8331e000 ---p 00019000 08:01 1054483                    /lib/x86_64-linux-gnu/libz.so.1.2.8
7feb8331e000-7feb8331f000 r--p 00018000 08:01 1054483                    /lib/x86_64-linux-gnu/libz.so.1.2.8
7feb8331f000-7feb83320000 rw-p 00019000 08:01 1054483                    /lib/x86_64-linux-gnu/libz.so.1.2.8
7feb83320000-7feb834e0000 r-xp 00000000 08:01 1054292                    /lib/x86_64-linux-gnu/libc-2.23.so
7feb834e0000-7feb836e0000 ---p 001c0000 08:01 1054292                    /lib/x86_64-linux-gnu/libc-2.23.so
7feb836e0000-7feb836e4000 r--p 001c0000 08:01 1054292                    /lib/x86_64-linux-gnu/libc-2.23.so
7feb836e4000-7feb836e6000 rw-p 001c4000 08:01 1054292                    /lib/x86_64-linux-gnu/libc-2.23.so
7feb836e6000-7feb836ea000 rw-p 00000000 00:00 0 
7feb836ea000-7feb836f7000 r-xp 00000000 08:01 402903                     /usr/lib/jvm/java-8-openjdk-amd64/jre/lib/amd64/jli/libjli.so
7feb836f7000-7feb838f7000 ---p 0000d000 08:01 402903                     /usr/lib/jvm/java-8-openjdk-amd64/jre/lib/amd64/jli/libjli.so
7feb838f7000-7feb838f8000 r--p 0000d000 08:01 402903                     /usr/lib/jvm/java-8-openjdk-amd64/jre/lib/amd64/jli/libjli.so
7feb838f8000-7feb838f9000 rw-p 0000e000 08:01 402903                     /usr/lib/jvm/java-8-openjdk-amd64/jre/lib/amd64/jli/libjli.so
7feb838f9000-7feb8391f000 r-xp 00000000 08:01 1054264                    /lib/x86_64-linux-gnu/ld-2.23.so
7feb8391f000-7feb83920000 r--s 00000000 08:01 950836                     /var/cache/fontconfig/30829fa25452a46451e813d634d7f916-le64.cache-6
7feb83920000-7feb83925000 r--s 0009a000 08:01 404839                     /usr/lib/jvm/java-8-openjdk-amd64/jre/lib/jsse.jar
7feb83925000-7feb8392a000 r--s 002f9000 08:01 404643                     /usr/lib/jvm/java-8-openjdk-amd64/jre/lib/charsets.jar
7feb8392a000-7feb83930000 r--s 0003a000 08:01 398248                     /usr/lib/jvm/java-8-openjdk-amd64/jre/lib/ext/sunjce_provider.jar
7feb83930000-7feb8393a000 r--s 00116000 08:01 398275                     /usr/lib/jvm/java-8-openjdk-amd64/jre/lib/ext/localedata.jar
7feb8393a000-7feb83955000 r--s 001d6000 08:01 398237                     /usr/lib/jvm/java-8-openjdk-amd64/jre/lib/ext/nashorn.jar
7feb83955000-7feb8397d000 rw-p 00000000 00:00 0 
7feb8397d000-7feb839fc000 ---p 00000000 00:00 0 
7feb839fc000-7feb839ff000 ---p 00000000 00:00 0 
7feb839ff000-7feb83b02000 rw-p 00000000 00:00 0 
7feb83b02000-7feb83b03000 r--s 00000000 08:01 950830                     /var/cache/fontconfig/0c9eb80ebd1c36541ebe2852d3bb0c49-le64.cache-6
7feb83b03000-7feb83b05000 r--s 00010000 08:01 269626                     /home/andrew/Desktop/village/EbolaRUS.jar
7feb83b05000-7feb83b07000 r--s 00001000 08:01 398281                     /usr/lib/jvm/java-8-openjdk-amd64/jre/lib/ext/dnsns.jar
7feb83b07000-7feb83b09000 r--s 00008000 08:01 398274                     /usr/lib/jvm/java-8-openjdk-amd64/jre/lib/ext/sunec.jar
7feb83b09000-7feb83b0c000 r--s 0000f000 08:01 398223                     /usr/lib/jvm/java-8-openjdk-amd64/jre/lib/ext/icedtea-sound.jar
7feb83b0c000-7feb83b0d000 r--s 00010000 08:01 398225                     /usr/lib/jvm/java-8-openjdk-amd64/jre/lib/ext/zipfs.jar
7feb83b0d000-7feb83b0e000 r--s 0000a000 08:01 398280                     /usr/lib/jvm/java-8-openjdk-amd64/jre/lib/ext/jaccess.jar
7feb83b0e000-7feb83b12000 r--s 00037000 08:01 398276                     /usr/lib/jvm/java-8-openjdk-amd64/jre/lib/ext/sunpkcs11.jar
7feb83b12000-7feb83b1a000 rw-s 00000000 08:01 269662                     /tmp/hsperfdata_andrew/31685
7feb83b1a000-7feb83b1b000 rw-p 00000000 00:00 0 
7feb83b1b000-7feb83b1c000 ---p 00000000 00:00 0 
7feb83b1c000-7feb83b1e000 rw-p 00000000 00:00 0 
7feb83b1e000-7feb83b1f000 r--p 00025000 08:01 1054264                    /lib/x86_64-linux-gnu/ld-2.23.so
7feb83b1f000-7feb83b20000 rw-p 00026000 08:01 1054264                    /lib/x86_64-linux-gnu/ld-2.23.so
7feb83b20000-7feb83b21000 rw-p 00000000 00:00 0 
7fffa21f4000-7fffa2215000 rw-p 00000000 00:00 0                          [stack]
7fffa2353000-7fffa2355000 r--p 00000000 00:00 0                          [vvar]
7fffa2355000-7fffa2357000 r-xp 00000000 00:00 0                          [vdso]
ffffffffff600000-ffffffffff601000 r-xp 00000000 00:00 0                  [vsyscall]

VM Arguments:
java_command: EbolaRUS.jar
java_class_path (initial): EbolaRUS.jar
Launcher Type: SUN_STANDARD

Environment Variables:
PATH=/home/andrew/bin:/home/andrew/.local/bin:/usr/local/sbin:/usr/local/bin:/usr/sbin:/usr/bin:/sbin:/bin:/usr/games:/usr/local/games:/snap/bin
SHELL=/bin/bash
DISPLAY=:0

Signal Handlers:
SIGSEGV: [libjvm.so+0xa69040], sa_mask[0]=11111111011111111101111111111110, sa_flags=SA_RESTART|SA_SIGINFO
SIGBUS: [libjvm.so+0xa69040], sa_mask[0]=11111111011111111101111111111110, sa_flags=SA_RESTART|SA_SIGINFO
SIGFPE: [libjvm.so+0x8b2170], sa_mask[0]=11111111011111111101111111111110, sa_flags=SA_RESTART|SA_SIGINFO
SIGPIPE: [libjvm.so+0x8b2170], sa_mask[0]=11111111011111111101111111111110, sa_flags=SA_RESTART|SA_SIGINFO
SIGXFSZ: [libjvm.so+0x8b2170], sa_mask[0]=11111111011111111101111111111110, sa_flags=SA_RESTART|SA_SIGINFO
SIGILL: [libjvm.so+0x8b2170], sa_mask[0]=11111111011111111101111111111110, sa_flags=SA_RESTART|SA_SIGINFO
SIGUSR1: SIG_DFL, sa_mask[0]=00000000000000000000000000000000, sa_flags=none
SIGUSR2: [libjvm.so+0x8b2020], sa_mask[0]=00000000000000000000000000000000, sa_flags=SA_RESTART|SA_SIGINFO
SIGHUP: [libjvm.so+0x8b24f0], sa_mask[0]=11111111011111111101111111111110, sa_flags=SA_RESTART|SA_SIGINFO
SIGINT: [libjvm.so+0x8b24f0], sa_mask[0]=11111111011111111101111111111110, sa_flags=SA_RESTART|SA_SIGINFO
SIGTERM: [libjvm.so+0x8b24f0], sa_mask[0]=11111111011111111101111111111110, sa_flags=SA_RESTART|SA_SIGINFO
SIGQUIT: [libjvm.so+0x8b24f0], sa_mask[0]=11111111011111111101111111111110, sa_flags=SA_RESTART|SA_SIGINFO


---------------  S Y S T E M  ---------------

OS:DISTRIB_ID=Ubuntu
DISTRIB_RELEASE=16.04
DISTRIB_CODENAME=xenial
DISTRIB_DESCRIPTION="Ubuntu 16.04.3 LTS"

uname:Linux 4.10.0-37-generic #41~16.04.1-Ubuntu SMP Fri Oct 6 22:42:59 UTC 2017 x86_64
libc:glibc 2.23 NPTL 2.23 
rlimit: STACK 8192k, CORE 0k, NPROC 7817, NOFILE 1048576, AS infinity
load average:0.86 1.09 1.30

/proc/meminfo:
MemTotal:        2045948 kB
MemFree:           52876 kB
MemAvailable:          0 kB
Buffers:             512 kB
Cached:            67652 kB
SwapCached:            0 kB
Active:          1825596 kB
Inactive:          62148 kB
Active(anon):    1820560 kB
Inactive(anon):    56980 kB
Active(file):       5036 kB
Inactive(file):     5168 kB
Unevictable:          32 kB
Mlocked:              32 kB
SwapTotal:             0 kB
SwapFree:              0 kB
Dirty:                16 kB
Writeback:            68 kB
AnonPages:       1819636 kB
Mapped:            63608 kB
Shmem:             57936 kB
Slab:              41712 kB
SReclaimable:      17964 kB
SUnreclaim:        23748 kB
KernelStack:        7644 kB
PageTables:        33448 kB
NFS_Unstable:          0 kB
Bounce:                0 kB
WritebackTmp:          0 kB
CommitLimit:     1022972 kB
Committed_AS:    5451420 kB
VmallocTotal:   34359738367 kB
VmallocUsed:           0 kB
VmallocChunk:          0 kB
HardwareCorrupted:     0 kB
AnonHugePages:    681984 kB
ShmemHugePages:        0 kB
ShmemPmdMapped:        0 kB
CmaTotal:              0 kB
CmaFree:               0 kB
HugePages_Total:       0
HugePages_Free:        0
HugePages_Rsvd:        0
HugePages_Surp:        0
Hugepagesize:       2048 kB
DirectMap4k:       88000 kB
DirectMap2M:     2009088 kB


CPU:total 1 (initial active 1) (1 cores per cpu, 1 threads per core) family 6 model 60 stepping 3, cmov, cx8, fxsr, mmx, sse, sse2, sse3, ssse3, sse4.1, sse4.2, popcnt, avx, aes, clmul, lzcnt, tsc, tscinvbit

/proc/cpuinfo:
processor	: 0
vendor_id	: GenuineIntel
cpu family	: 6
model		: 60
model name	: Intel(R) Core(TM) i7-4600M CPU @ 2.90GHz
stepping	: 3
cpu MHz		: 2893.296
cache size	: 4096 KB
physical id	: 0
siblings	: 1
core id		: 0
cpu cores	: 1
apicid		: 0
initial apicid	: 0
fpu		: yes
fpu_exception	: yes
cpuid level	: 13
wp		: yes
flags		: fpu vme de pse tsc msr pae mce cx8 apic sep mtrr pge mca cmov pat pse36 clflush mmx fxsr sse sse2 syscall nx rdtscp lm constant_tsc rep_good nopl xtopology nonstop_tsc pni pclmulqdq monitor ssse3 cx16 sse4_1 sse4_2 x2apic movbe popcnt aes xsave avx rdrand hypervisor lahf_lm abm
bugs		:
bogomips	: 5786.59
clflush size	: 64
cache_alignment	: 64
address sizes	: 39 bits physical, 48 bits virtual
power management:



Memory: 4k page, physical 2045948k(52876k free), swap 0k(0k free)

vm_info: OpenJDK 64-Bit Server VM (25.151-b12) for linux-amd64 JRE (1.8.0_151-8u151-b12-0ubuntu0.16.04.2-b12), built on Oct 27 2017 21:59:02 by "buildd" with gcc 5.4.0 20160609

time: Thu Nov 16 22:39:03 2017
elapsed time: 25 seconds (0d 0h 0m 25s)

