#
# There is insufficient memory for the Java Runtime Environment to continue.
# Native memory allocation (mmap) failed to map 92749824 bytes for committing reserved memory.
# Possible reasons:
#   The system is out of physical RAM or swap space
#   In 32 bit mode, the process size limit was hit
# Possible solutions:
#   Reduce memory load on the system
#   Increase physical memory or swap space
#   Check if swap backing store is full
#   Use 64 bit Java on a 64 bit OS
#   Decrease Java heap size (-Xmx/-Xms)
#   Decrease number of Java threads
#   Decrease Java thread stack sizes (-Xss)
#   Set larger code cache with -XX:ReservedCodeCacheSize=
# This output file may be truncated or incomplete.
#
#  Out of Memory Error (os_linux.cpp:2640), pid=13073, tid=0x00007efc8cdb1700
#
# JRE version: Java(TM) SE Runtime Environment (8.0_151-b12) (build 1.8.0_151-b12)
# Java VM: Java HotSpot(TM) 64-Bit Server VM (25.151-b12 mixed mode linux-amd64 compressed oops)
# Failed to write core dump. Core dumps have been disabled. To enable core dumping, try "ulimit -c unlimited" before starting Java again
#

---------------  T H R E A D  ---------------

Current thread (0x00007efc88095000):  VMThread [stack: 0x00007efc8ccb1000,0x00007efc8cdb2000] [id=13075]

Stack: [0x00007efc8ccb1000,0x00007efc8cdb2000],  sp=0x00007efc8cdb0390,  free space=1020k
Native frames: (J=compiled Java code, j=interpreted, Vv=VM code, C=native code)
V  [libjvm.so+0xacb58a]  VMError::report_and_die()+0x2ba
V  [libjvm.so+0x4ff4ab]  report_vm_out_of_memory(char const*, int, unsigned long, VMErrorType, char const*)+0x8b
V  [libjvm.so+0x928113]  os::Linux::commit_memory_impl(char*, unsigned long, bool)+0x103
V  [libjvm.so+0x928669]  os::pd_commit_memory(char*, unsigned long, unsigned long, bool)+0x29
V  [libjvm.so+0x92288a]  os::commit_memory(char*, unsigned long, unsigned long, bool)+0x2a
V  [libjvm.so+0xac72e9]  VirtualSpace::expand_by(unsigned long, bool)+0x199
V  [libjvm.so+0x5fcbc5]  OneContigSpaceCardGeneration::grow_by(unsigned long)+0x25
V  [libjvm.so+0x5fcf8f]  CardGeneration::expand(unsigned long, unsigned long)+0x6f
V  [libjvm.so+0x5fd03e]  OneContigSpaceCardGeneration::expand(unsigned long, unsigned long)+0x3e
V  [libjvm.so+0x5ee2f4]  GenCollectedHeap::do_collection(bool, bool, unsigned long, bool, int)+0x734
V  [libjvm.so+0x48a414]  GenCollectorPolicy::satisfy_failed_allocation(unsigned long, bool)+0x134
V  [libjvm.so+0xacc594]  VM_GenCollectForAllocation::doit()+0x94
V  [libjvm.so+0xad4a85]  VM_Operation::evaluate()+0x55
V  [libjvm.so+0xad2e5a]  VMThread::evaluate_operation(VM_Operation*)+0xba
V  [libjvm.so+0xad31de]  VMThread::loop()+0x1ce
V  [libjvm.so+0xad3650]  VMThread::run()+0x70
V  [libjvm.so+0x92a728]  java_start(Thread*)+0x108

VM_Operation (0x00007efc572e76b0): GenCollectForAllocation, mode: safepoint, requested by thread 0x00007efc8823b800


---------------  P R O C E S S  ---------------

Java Threads: ( => current thread )
  0x00007efc6c006800 JavaThread "Image Fetcher 1" daemon [_thread_blocked, id=13089, stack(0x00007efc56835000,0x00007efc56936000)]
  0x00007efc7003f800 JavaThread "Thread-1" [_thread_blocked, id=13088, stack(0x00007efc56936000,0x00007efc56a37000)]
  0x00007efc88009800 JavaThread "DestroyJavaVM" [_thread_blocked, id=13074, stack(0x00007efc90d77000,0x00007efc90e78000)]
  0x00007efc88242000 JavaThread "AWT-EventQueue-0" [_thread_blocked, id=13087, stack(0x00007efc56dac000,0x00007efc56ead000)]
  0x00007efc88240800 JavaThread "AWT-Shutdown" [_thread_blocked, id=13086, stack(0x00007efc56ead000,0x00007efc56fae000)]
  0x00007efc8823b800 JavaThread "Image Fetcher 0" daemon [_thread_blocked, id=13085, stack(0x00007efc571e9000,0x00007efc572ea000)]
  0x00007efc881d6800 JavaThread "AWT-XAWT" daemon [_thread_in_native, id=13084, stack(0x00007efc5a913000,0x00007efc5aa14000)]
  0x00007efc881b6000 JavaThread "Java2D Disposer" daemon [_thread_blocked, id=13083, stack(0x00007efc5ae24000,0x00007efc5af25000)]
  0x00007efc880db800 JavaThread "Service Thread" daemon [_thread_blocked, id=13081, stack(0x00007efc78bfc000,0x00007efc78cfd000)]
  0x00007efc880d8800 JavaThread "C1 CompilerThread1" daemon [_thread_blocked, id=13080, stack(0x00007efc78cfd000,0x00007efc78dfe000)]
  0x00007efc880d6800 JavaThread "C2 CompilerThread0" daemon [_thread_blocked, id=13079, stack(0x00007efc78dfe000,0x00007efc78eff000)]
  0x00007efc880d2000 JavaThread "Signal Dispatcher" daemon [_thread_blocked, id=13078, stack(0x00007efc78eff000,0x00007efc79000000)]
  0x00007efc880a1800 JavaThread "Finalizer" daemon [_thread_blocked, id=13077, stack(0x00007efc8caaf000,0x00007efc8cbb0000)]
  0x00007efc8809d000 JavaThread "Reference Handler" daemon [_thread_blocked, id=13076, stack(0x00007efc8cbb0000,0x00007efc8ccb1000)]

Other Threads:
=>0x00007efc88095000 VMThread [stack: 0x00007efc8ccb1000,0x00007efc8cdb2000] [id=13075]
  0x00007efc880df000 WatcherThread [stack: 0x00007efc78afb000,0x00007efc78bfc000] [id=13082]

VM state:at safepoint (normal execution)

VM Mutex/Monitor currently owned by a thread:  ([mutex/lock_event])
[0x00007efc88005d80] Threads_lock - owner thread: 0x00007efc88095000
[0x00007efc88006280] Heap_lock - owner thread: 0x00007efc8823b800

Heap:
 def new generation   total 62976K, used 5874K [0x00000000c2400000, 0x00000000c6850000, 0x00000000d6d50000)
  eden space 56000K,  10% used [0x00000000c2400000, 0x00000000c29bc968, 0x00000000c5ab0000)
  from space 6976K,   0% used [0x00000000c6180000, 0x00000000c6180000, 0x00000000c6850000)
  to   space 6976K,   0% used [0x00000000c5ab0000, 0x00000000c5ab0000, 0x00000000c6180000)
 tenured generation   total 143660K, used 140540K [0x00000000d6d50000, 0x00000000df99b000, 0x0000000100000000)
   the space 143660K,  97% used [0x00000000d6d50000, 0x00000000df68f328, 0x00000000df68f400, 0x00000000df99b000)
 Metaspace       used 11316K, capacity 11506K, committed 11648K, reserved 1058816K
  class space    used 1294K, capacity 1361K, committed 1408K, reserved 1048576K

Card table byte_map: [0x00007efc8d924000,0x00007efc8db13000] byte_map_base: 0x00007efc8d312000

Polling page: 0x00007efc90e95000

CodeCache: size=245760Kb used=2863Kb max_used=2863Kb free=242896Kb
 bounds [0x00007efc79000000, 0x00007efc792d0000, 0x00007efc88000000]
 total_blobs=1397 nmethods=853 adapters=458
 compilation: enabled

Compilation events (10 events):
Event: 11.116 Thread 0x00007efc880d8800  921   !   3       sun.font.TrueTypeGlyphMapper::getGlyphFromCMAP (95 bytes)
Event: 11.116 Thread 0x00007efc880d8800 nmethod 921 0x00007efc792cc090 code [0x00007efc792cc340, 0x00007efc792cd4a8]
Event: 11.116 Thread 0x00007efc880d8800  922       3       sun.font.XRGlyphCacheEntry::getYAdvance (16 bytes)
Event: 11.116 Thread 0x00007efc880d8800 nmethod 922 0x00007efc791ff4d0 code [0x00007efc791ff640, 0x00007efc791ff7b0]
Event: 11.266 Thread 0x00007efc880d8800  923       3       java.util.Vector::ensureCapacityHelper (16 bytes)
Event: 11.266 Thread 0x00007efc880d8800 nmethod 923 0x00007efc791ff0d0 code [0x00007efc791ff240, 0x00007efc791ff400]
Event: 11.297 Thread 0x00007efc880d8800  924   !   3       java.awt.Component::firePropertyChange (59 bytes)
Event: 11.298 Thread 0x00007efc880d8800 nmethod 924 0x00007efc792cde90 code [0x00007efc792ce080, 0x00007efc792cebf0]
Event: 11.298 Thread 0x00007efc880d8800  925       3       java.util.concurrent.locks.AbstractQueuedSynchronizer::isOnSyncQueue (33 bytes)
Event: 11.298 Thread 0x00007efc880d8800 nmethod 925 0x00007efc7921e9d0 code [0x00007efc7921eb60, 0x00007efc7921eef0]

GC Heap History (10 events):
Event: 7.888 GC heap after
Heap after GC invocations=9 (full 1):
 def new generation   total 32896K, used 995K [0x00000000c2400000, 0x00000000c47b0000, 0x00000000d6d50000)
  eden space 29248K,   0% used [0x00000000c2400000, 0x00000000c2400000, 0x00000000c4090000)
  from space 3648K,  27% used [0x00000000c4090000, 0x00000000c4188d40, 0x00000000c4420000)
  to   space 3648K,   0% used [0x00000000c4420000, 0x00000000c4420000, 0x00000000c47b0000)
 tenured generation   total 72980K, used 64299K [0x00000000d6d50000, 0x00000000db495000, 0x0000000100000000)
   the space 72980K,  88% used [0x00000000d6d50000, 0x00000000dac1af88, 0x00000000dac1b000, 0x00000000db495000)
 Metaspace       used 11229K, capacity 11438K, committed 11648K, reserved 1058816K
  class space    used 1294K, capacity 1361K, committed 1408K, reserved 1048576K
}
Event: 8.360 GC heap before
{Heap before GC invocations=9 (full 1):
 def new generation   total 32896K, used 26721K [0x00000000c2400000, 0x00000000c47b0000, 0x00000000d6d50000)
  eden space 29248K,  87% used [0x00000000c2400000, 0x00000000c3d1f7c8, 0x00000000c4090000)
  from space 3648K,  27% used [0x00000000c4090000, 0x00000000c4188d40, 0x00000000c4420000)
  to   space 3648K,   0% used [0x00000000c4420000, 0x00000000c4420000, 0x00000000c47b0000)
 tenured generation   total 72980K, used 64299K [0x00000000d6d50000, 0x00000000db495000, 0x0000000100000000)
   the space 72980K,  88% used [0x00000000d6d50000, 0x00000000dac1af88, 0x00000000dac1b000, 0x00000000db495000)
 Metaspace       used 11242K, capacity 11438K, committed 11648K, reserved 1058816K
  class space    used 1294K, capacity 1361K, committed 1408K, reserved 1048576K
Event: 8.373 GC heap after
Heap after GC invocations=10 (full 1):
 def new generation   total 32896K, used 997K [0x00000000c2400000, 0x00000000c47b0000, 0x00000000d6d50000)
  eden space 29248K,   0% used [0x00000000c2400000, 0x00000000c2400000, 0x00000000c4090000)
  from space 3648K,  27% used [0x00000000c4420000, 0x00000000c45197b8, 0x00000000c47b0000)
  to   space 3648K,   0% used [0x00000000c4090000, 0x00000000c4090000, 0x00000000c4420000)
 tenured generation   total 72980K, used 72112K [0x00000000d6d50000, 0x00000000db495000, 0x0000000100000000)
   the space 72980K,  98% used [0x00000000d6d50000, 0x00000000db3bc1a8, 0x00000000db3bc200, 0x00000000db495000)
 Metaspace       used 11242K, capacity 11438K, committed 11648K, reserved 1058816K
  class space    used 1294K, capacity 1361K, committed 1408K, reserved 1048576K
}
Event: 8.722 GC heap before
{Heap before GC invocations=10 (full 1):
 def new generation   total 32896K, used 30245K [0x00000000c2400000, 0x00000000c47b0000, 0x00000000d6d50000)
  eden space 29248K, 100% used [0x00000000c2400000, 0x00000000c4090000, 0x00000000c4090000)
  from space 3648K,  27% used [0x00000000c4420000, 0x00000000c45197b8, 0x00000000c47b0000)
  to   space 3648K,   0% used [0x00000000c4090000, 0x00000000c4090000, 0x00000000c4420000)
 tenured generation   total 72980K, used 72112K [0x00000000d6d50000, 0x00000000db495000, 0x0000000100000000)
   the space 72980K,  98% used [0x00000000d6d50000, 0x00000000db3bc1a8, 0x00000000db3bc200, 0x00000000db495000)
 Metaspace       used 11248K, capacity 11438K, committed 11648K, reserved 1058816K
  class space    used 1294K, capacity 1361K, committed 1408K, reserved 1048576K
Event: 8.747 GC heap after
Heap after GC invocations=11 (full 2):
 def new generation   total 62976K, used 979K [0x00000000c2400000, 0x00000000c6850000, 0x00000000d6d50000)
  eden space 56000K,   1% used [0x00000000c2400000, 0x00000000c24f4e50, 0x00000000c5ab0000)
  from space 6976K,   0% used [0x00000000c5ab0000, 0x00000000c5ab0000, 0x00000000c6180000)
  to   space 6976K,   0% used [0x00000000c6180000, 0x00000000c6180000, 0x00000000c6850000)
 tenured generation   total 139752K, used 83851K [0x00000000d6d50000, 0x00000000df5ca000, 0x0000000100000000)
   the space 139752K,  59% used [0x00000000d6d50000, 0x00000000dbf32cb0, 0x00000000dbf32e00, 0x00000000df5ca000)
 Metaspace       used 11248K, capacity 11438K, committed 11648K, reserved 1058816K
  class space    used 1294K, capacity 1361K, committed 1408K, reserved 1048576K
}
Event: 9.653 GC heap before
{Heap before GC invocations=11 (full 2):
 def new generation   total 62976K, used 56000K [0x00000000c2400000, 0x00000000c6850000, 0x00000000d6d50000)
  eden space 56000K, 100% used [0x00000000c2400000, 0x00000000c5ab0000, 0x00000000c5ab0000)
  from space 6976K,   0% used [0x00000000c5ab0000, 0x00000000c5ab0000, 0x00000000c6180000)
  to   space 6976K,   0% used [0x00000000c6180000, 0x00000000c6180000, 0x00000000c6850000)
 tenured generation   total 139752K, used 83851K [0x00000000d6d50000, 0x00000000df5ca000, 0x0000000100000000)
   the space 139752K,  59% used [0x00000000d6d50000, 0x00000000dbf32cb0, 0x00000000dbf32e00, 0x00000000df5ca000)
 Metaspace       used 11263K, capacity 11502K, committed 11648K, reserved 1058816K
  class space    used 1294K, capacity 1361K, committed 1408K, reserved 1048576K
Event: 9.668 GC heap after
Heap after GC invocations=12 (full 2):
 def new generation   total 62976K, used 6869K [0x00000000c2400000, 0x00000000c6850000, 0x00000000d6d50000)
  eden space 56000K,   0% used [0x00000000c2400000, 0x00000000c2400000, 0x00000000c5ab0000)
  from space 6976K,  98% used [0x00000000c6180000, 0x00000000c6835530, 0x00000000c6850000)
  to   space 6976K,   0% used [0x00000000c5ab0000, 0x00000000c5ab0000, 0x00000000c6180000)
 tenured generation   total 139752K, used 99476K [0x00000000d6d50000, 0x00000000df5ca000, 0x0000000100000000)
   the space 139752K,  71% used [0x00000000d6d50000, 0x00000000dce750f0, 0x00000000dce75200, 0x00000000df5ca000)
 Metaspace       used 11263K, capacity 11502K, committed 11648K, reserved 1058816K
  class space    used 1294K, capacity 1361K, committed 1408K, reserved 1048576K
}
Event: 10.528 GC heap before
{Heap before GC invocations=12 (full 2):
 def new generation   total 62976K, used 61932K [0x00000000c2400000, 0x00000000c6850000, 0x00000000d6d50000)
  eden space 56000K,  98% used [0x00000000c2400000, 0x00000000c59c5c70, 0x00000000c5ab0000)
  from space 6976K,  98% used [0x00000000c6180000, 0x00000000c6835530, 0x00000000c6850000)
  to   space 6976K,   0% used [0x00000000c5ab0000, 0x00000000c5ab0000, 0x00000000c6180000)
 tenured generation   total 139752K, used 99476K [0x00000000d6d50000, 0x00000000df5ca000, 0x0000000100000000)
   the space 139752K,  71% used [0x00000000d6d50000, 0x00000000dce750f0, 0x00000000dce75200, 0x00000000df5ca000)
 Metaspace       used 11290K, capacity 11502K, committed 11648K, reserved 1058816K
  class space    used 1294K, capacity 1361K, committed 1408K, reserved 1048576K
Event: 10.549 GC heap after
Heap after GC invocations=13 (full 2):
 def new generation   total 62976K, used 4923K [0x00000000c2400000, 0x00000000c6850000, 0x00000000d6d50000)
  eden space 56000K,   0% used [0x00000000c2400000, 0x00000000c2400000, 0x00000000c5ab0000)
  from space 6976K,  70% used [0x00000000c5ab0000, 0x00000000c5f7efb8, 0x00000000c6180000)
  to   space 6976K,   0% used [0x00000000c6180000, 0x00000000c6180000, 0x00000000c6850000)
 tenured generation   total 139752K, used 120976K [0x00000000d6d50000, 0x00000000df5ca000, 0x0000000100000000)
   the space 139752K,  86% used [0x00000000d6d50000, 0x00000000de374278, 0x00000000de374400, 0x00000000df5ca000)
 Metaspace       used 11290K, capacity 11502K, committed 11648K, reserved 1058816K
  class space    used 1294K, capacity 1361K, committed 1408K, reserved 1048576K
}
Event: 11.437 GC heap before
{Heap before GC invocations=13 (full 2):
 def new generation   total 62976K, used 60861K [0x00000000c2400000, 0x00000000c6850000, 0x00000000d6d50000)
  eden space 56000K,  99% used [0x00000000c2400000, 0x00000000c5aa05f8, 0x00000000c5ab0000)
  from space 6976K,  70% used [0x00000000c5ab0000, 0x00000000c5f7efb8, 0x00000000c6180000)
  to   space 6976K,   0% used [0x00000000c6180000, 0x00000000c6180000, 0x00000000c6850000)
 tenured generation   total 139752K, used 120976K [0x00000000d6d50000, 0x00000000df5ca000, 0x0000000100000000)
   the space 139752K,  86% used [0x00000000d6d50000, 0x00000000de374278, 0x00000000de374400, 0x00000000df5ca000)
 Metaspace       used 11316K, capacity 11506K, committed 11648K, reserved 1058816K
  class space    used 1294K, capacity 1361K, committed 1408K, reserved 1048576K

Deoptimization events (6 events):
Event: 5.522 Thread 0x00007efc8823b800 Uncommon trap: reason=unstable_if action=reinterpret pc=0x00007efc792216d0 method=java.awt.image.AreaAveragingScaleFilter.accumPixels(IIIILjava/awt/image/ColorModel;Ljava/lang/Object;II)V @ 4
Event: 5.523 Thread 0x00007efc8823b800 Uncommon trap: reason=unstable_if action=reinterpret pc=0x00007efc79223124 method=java.awt.image.AreaAveragingScaleFilter.calcRow()[I @ 16
Event: 5.523 Thread 0x00007efc8823b800 Uncommon trap: reason=unstable_if action=reinterpret pc=0x00007efc79208120 method=sun.awt.image.IntegerInterleavedRaster.getDataElements(IILjava/lang/Object;)Ljava/lang/Object; @ 43
Event: 5.529 Thread 0x00007efc8823b800 Uncommon trap: reason=unstable_if action=reinterpret pc=0x00007efc792117bc method=sun.awt.image.ImageRepresentation.convertToRGB()V @ 145
Event: 5.820 Thread 0x00007efc8823b800 Uncommon trap: reason=range_check action=make_not_entrant pc=0x00007efc7928da40 method=java.awt.image.DirectColorModel.setFields()V @ 65
Event: 6.004 Thread 0x00007efc8823b800 Uncommon trap: reason=range_check action=make_not_entrant pc=0x00007efc7929a3a4 method=java.awt.image.DirectColorModel.setFields()V @ 65

Internal exceptions (10 events):
Event: 0.147 Thread 0x00007efc88009800 Exception <a 'java/security/PrivilegedActionException'> (0x00000000c25358b8) thrown at [/HUDSON/workspace/8-2-build-linux-amd64/jdk8u151/9699/hotspot/src/share/vm/prims/jvm.cpp, line 1390]
Event: 0.147 Thread 0x00007efc88009800 Exception <a 'java/security/PrivilegedActionException'> (0x00000000c2537d20) thrown at [/HUDSON/workspace/8-2-build-linux-amd64/jdk8u151/9699/hotspot/src/share/vm/prims/jvm.cpp, line 1390]
Event: 0.147 Thread 0x00007efc88009800 Exception <a 'java/security/PrivilegedActionException'> (0x00000000c2537f30) thrown at [/HUDSON/workspace/8-2-build-linux-amd64/jdk8u151/9699/hotspot/src/share/vm/prims/jvm.cpp, line 1390]
Event: 0.202 Thread 0x00007efc88009800 Exception <a 'java/lang/NoSuchFieldError': method resolution failed> (0x00000000c2606d88) thrown at [/HUDSON/workspace/8-2-build-linux-amd64/jdk8u151/9699/hotspot/src/share/vm/prims/methodHandles.cpp, line 1146]
Event: 0.209 Thread 0x00007efc88009800 Exception <a 'java/lang/NoSuchFieldError': method resolution failed> (0x00000000c2614558) thrown at [/HUDSON/workspace/8-2-build-linux-amd64/jdk8u151/9699/hotspot/src/share/vm/prims/methodHandles.cpp, line 1146]
Event: 0.231 Thread 0x00007efc88009800 Exception <a 'java/io/FileNotFoundException'> (0x00000000c26948d0) thrown at [/HUDSON/workspace/8-2-build-linux-amd64/jdk8u151/9699/hotspot/src/share/vm/prims/jni.cpp, line 709]
Event: 0.231 Thread 0x00007efc88009800 Exception <a 'java/io/FileNotFoundException'> (0x00000000c2695288) thrown at [/HUDSON/workspace/8-2-build-linux-amd64/jdk8u151/9699/hotspot/src/share/vm/prims/jni.cpp, line 709]
Event: 1.134 Thread 0x00007efc88242000 Exception <a 'java/lang/UnsupportedOperationException': > (0x00000000c2526c28) thrown at [/HUDSON/workspace/8-2-build-linux-amd64/jdk8u151/9699/hotspot/src/share/vm/prims/jni.cpp, line 735]
Event: 5.523 Thread 0x00007efc8823b800 Implicit null exception at 0x00007efc79222ba0 to 0x00007efc7922310d
Event: 5.523 Thread 0x00007efc8823b800 Implicit null exception at 0x00007efc79207f9a to 0x00007efc79208105

Events (10 events):
Event: 11.028 Executing VM operation: RevokeBias done
Event: 11.105 Executing VM operation: RevokeBias
Event: 11.106 Executing VM operation: RevokeBias done
Event: 11.206 Executing VM operation: RevokeBias
Event: 11.206 Executing VM operation: RevokeBias done
Event: 11.296 Executing VM operation: RevokeBias
Event: 11.296 Executing VM operation: RevokeBias done
Event: 11.397 Executing VM operation: RevokeBias
Event: 11.397 Executing VM operation: RevokeBias done
Event: 11.437 Executing VM operation: GenCollectForAllocation


Dynamic libraries:
00400000-00401000 r-xp 00000000 08:01 547970                             /usr/lib/jvm/java-8-oracle/jre/bin/java
00600000-00601000 rw-p 00000000 08:01 547970                             /usr/lib/jvm/java-8-oracle/jre/bin/java
0216f000-02190000 rw-p 00000000 00:00 0                                  [heap]
c2400000-c6850000 rw-p 00000000 00:00 0 
c6850000-d6d50000 ---p 00000000 00:00 0 
d6d50000-df99b000 rw-p 00000000 00:00 0 
e520f000-100000000 ---p 00000000 00:00 0 
100000000-100160000 rw-p 00000000 00:00 0 
100160000-140000000 ---p 00000000 00:00 0 
7efc56835000-7efc56838000 ---p 00000000 00:00 0 
7efc56838000-7efc56936000 rw-p 00000000 00:00 0 
7efc56936000-7efc56939000 ---p 00000000 00:00 0 
7efc56939000-7efc56a37000 rw-p 00000000 00:00 0 
7efc56a37000-7efc56b2c000 rw-s 00000000 00:05 5373969                    /SYSV00000000 (deleted)
7efc56b2c000-7efc56b95000 r-xp 00000000 08:01 548253                     /usr/lib/jvm/java-8-oracle/jre/lib/amd64/libt2k.so
7efc56b95000-7efc56d95000 ---p 00069000 08:01 548253                     /usr/lib/jvm/java-8-oracle/jre/lib/amd64/libt2k.so
7efc56d95000-7efc56d9c000 rw-p 00069000 08:01 548253                     /usr/lib/jvm/java-8-oracle/jre/lib/amd64/libt2k.so
7efc56d9c000-7efc56dac000 rw-p 00000000 00:00 0 
7efc56dac000-7efc56daf000 ---p 00000000 00:00 0 
7efc56daf000-7efc56ead000 rw-p 00000000 00:00 0 
7efc56ead000-7efc56eb0000 ---p 00000000 00:00 0 
7efc56eb0000-7efc56fae000 rw-p 00000000 00:00 0 
7efc56fae000-7efc56fe9000 r-xp 00000000 08:01 548237                     /usr/lib/jvm/java-8-oracle/jre/lib/amd64/libjpeg.so
7efc56fe9000-7efc571e8000 ---p 0003b000 08:01 548237                     /usr/lib/jvm/java-8-oracle/jre/lib/amd64/libjpeg.so
7efc571e8000-7efc571e9000 rw-p 0003a000 08:01 548237                     /usr/lib/jvm/java-8-oracle/jre/lib/amd64/libjpeg.so
7efc571e9000-7efc571ec000 ---p 00000000 00:00 0 
7efc571ec000-7efc574ea000 rw-p 00000000 00:00 0 
7efc574ea000-7efc5a4eb000 rw-p 00000000 00:00 0 
7efc5a4eb000-7efc5a502000 r-xp 00000000 08:01 548290                     /usr/lib/jvm/java-8-oracle/jre/lib/amd64/libnet.so
7efc5a502000-7efc5a701000 ---p 00017000 08:01 548290                     /usr/lib/jvm/java-8-oracle/jre/lib/amd64/libnet.so
7efc5a701000-7efc5a702000 rw-p 00016000 08:01 548290                     /usr/lib/jvm/java-8-oracle/jre/lib/amd64/libnet.so
7efc5a702000-7efc5a713000 r-xp 00000000 08:01 548293                     /usr/lib/jvm/java-8-oracle/jre/lib/amd64/libnio.so
7efc5a713000-7efc5a912000 ---p 00011000 08:01 548293                     /usr/lib/jvm/java-8-oracle/jre/lib/amd64/libnio.so
7efc5a912000-7efc5a913000 rw-p 00010000 08:01 548293                     /usr/lib/jvm/java-8-oracle/jre/lib/amd64/libnio.so
7efc5a913000-7efc5a916000 ---p 00000000 00:00 0 
7efc5a916000-7efc5aa14000 rw-p 00000000 00:00 0 
7efc5aa14000-7efc5aa19000 r-xp 00000000 08:01 405325                     /usr/lib/x86_64-linux-gnu/libXfixes.so.3.1.0
7efc5aa19000-7efc5ac18000 ---p 00005000 08:01 405325                     /usr/lib/x86_64-linux-gnu/libXfixes.so.3.1.0
7efc5ac18000-7efc5ac19000 r--p 00004000 08:01 405325                     /usr/lib/x86_64-linux-gnu/libXfixes.so.3.1.0
7efc5ac19000-7efc5ac1a000 rw-p 00005000 08:01 405325                     /usr/lib/x86_64-linux-gnu/libXfixes.so.3.1.0
7efc5ac1a000-7efc5ac23000 r-xp 00000000 08:01 405317                     /usr/lib/x86_64-linux-gnu/libXcursor.so.1.0.2
7efc5ac23000-7efc5ae22000 ---p 00009000 08:01 405317                     /usr/lib/x86_64-linux-gnu/libXcursor.so.1.0.2
7efc5ae22000-7efc5ae23000 r--p 00008000 08:01 405317                     /usr/lib/x86_64-linux-gnu/libXcursor.so.1.0.2
7efc5ae23000-7efc5ae24000 rw-p 00009000 08:01 405317                     /usr/lib/x86_64-linux-gnu/libXcursor.so.1.0.2
7efc5ae24000-7efc5ae27000 ---p 00000000 00:00 0 
7efc5ae27000-7efc5af25000 rw-p 00000000 00:00 0 
7efc5af25000-7efc5af3b000 r-xp 00000000 08:01 1054330                    /lib/x86_64-linux-gnu/libgcc_s.so.1
7efc5af3b000-7efc5b13a000 ---p 00016000 08:01 1054330                    /lib/x86_64-linux-gnu/libgcc_s.so.1
7efc5b13a000-7efc5b13b000 rw-p 00015000 08:01 1054330                    /lib/x86_64-linux-gnu/libgcc_s.so.1
7efc5b13b000-7efc5b1a0000 r-xp 00000000 08:01 548271                     /usr/lib/jvm/java-8-oracle/jre/lib/amd64/libfontmanager.so
7efc5b1a0000-7efc5b39f000 ---p 00065000 08:01 548271                     /usr/lib/jvm/java-8-oracle/jre/lib/amd64/libfontmanager.so
7efc5b39f000-7efc5b3a4000 rw-p 00064000 08:01 548271                     /usr/lib/jvm/java-8-oracle/jre/lib/amd64/libfontmanager.so
7efc5b3a4000-7efc5b3b4000 rw-p 00000000 00:00 0 
7efc5b3b4000-7efc5b3b9000 r-xp 00000000 08:01 405321                     /usr/lib/x86_64-linux-gnu/libXdmcp.so.6.0.0
7efc5b3b9000-7efc5b5b8000 ---p 00005000 08:01 405321                     /usr/lib/x86_64-linux-gnu/libXdmcp.so.6.0.0
7efc5b5b8000-7efc5b5b9000 r--p 00004000 08:01 405321                     /usr/lib/x86_64-linux-gnu/libXdmcp.so.6.0.0
7efc5b5b9000-7efc5b5ba000 rw-p 00005000 08:01 405321                     /usr/lib/x86_64-linux-gnu/libXdmcp.so.6.0.0
7efc5b5ba000-7efc5b5bc000 r-xp 00000000 08:01 405310                     /usr/lib/x86_64-linux-gnu/libXau.so.6.0.0
7efc5b5bc000-7efc5b7bc000 ---p 00002000 08:01 405310                     /usr/lib/x86_64-linux-gnu/libXau.so.6.0.0
7efc5b7bc000-7efc5b7bd000 r--p 00002000 08:01 405310                     /usr/lib/x86_64-linux-gnu/libXau.so.6.0.0
7efc5b7bd000-7efc5b7be000 rw-p 00003000 08:01 405310                     /usr/lib/x86_64-linux-gnu/libXau.so.6.0.0
7efc5b7be000-7efc5b7df000 r-xp 00000000 08:01 406728                     /usr/lib/x86_64-linux-gnu/libxcb.so.1.1.0
7efc5b7df000-7efc5b9de000 ---p 00021000 08:01 406728                     /usr/lib/x86_64-linux-gnu/libxcb.so.1.1.0
7efc5b9de000-7efc5b9df000 r--p 00020000 08:01 406728                     /usr/lib/x86_64-linux-gnu/libxcb.so.1.1.0
7efc5b9df000-7efc5b9e0000 rw-p 00021000 08:01 406728                     /usr/lib/x86_64-linux-gnu/libxcb.so.1.1.0
7efc5b9e0000-7efc5b9ef000 r-xp 00000000 08:01 405333                     /usr/lib/x86_64-linux-gnu/libXi.so.6.1.0
7efc5b9ef000-7efc5bbee000 ---p 0000f000 08:01 405333                     /usr/lib/x86_64-linux-gnu/libXi.so.6.1.0
7efc5bbee000-7efc5bbef000 r--p 0000e000 08:01 405333                     /usr/lib/x86_64-linux-gnu/libXi.so.6.1.0
7efc5bbef000-7efc5bbf0000 rw-p 0000f000 08:01 405333                     /usr/lib/x86_64-linux-gnu/libXi.so.6.1.0
7efc5bbf0000-7efc5bbf5000 r-xp 00000000 08:01 405351                     /usr/lib/x86_64-linux-gnu/libXtst.so.6.1.0
7efc5bbf5000-7efc5bdf4000 ---p 00005000 08:01 405351                     /usr/lib/x86_64-linux-gnu/libXtst.so.6.1.0
7efc5bdf4000-7efc5bdf5000 r--p 00004000 08:01 405351                     /usr/lib/x86_64-linux-gnu/libXtst.so.6.1.0
7efc5bdf5000-7efc5bdf6000 rw-p 00005000 08:01 405351                     /usr/lib/x86_64-linux-gnu/libXtst.so.6.1.0
7efc5bdf6000-7efc5bdff000 r-xp 00000000 08:01 405345                     /usr/lib/x86_64-linux-gnu/libXrender.so.1.3.0
7efc5bdff000-7efc5bffe000 ---p 00009000 08:01 405345                     /usr/lib/x86_64-linux-gnu/libXrender.so.1.3.0
7efc5bffe000-7efc5bfff000 r--p 00008000 08:01 405345                     /usr/lib/x86_64-linux-gnu/libXrender.so.1.3.0
7efc5bfff000-7efc5c000000 rw-p 00009000 08:01 405345                     /usr/lib/x86_64-linux-gnu/libXrender.so.1.3.0
7efc5c000000-7efc5c2d9000 rw-p 00000000 00:00 0 
7efc5c2d9000-7efc60000000 ---p 00000000 00:00 0 
7efc60000000-7efc60021000 rw-p 00000000 00:00 0 
7efc60021000-7efc64000000 ---p 00000000 00:00 0 
7efc64000000-7efc64021000 rw-p 00000000 00:00 0 
7efc64021000-7efc68000000 ---p 00000000 00:00 0 
7efc68000000-7efc68323000 rw-p 00000000 00:00 0 
7efc68323000-7efc6c000000 ---p 00000000 00:00 0 
7efc6c000000-7efc6c021000 rw-p 00000000 00:00 0 
7efc6c021000-7efc70000000 ---p 00000000 00:00 0 
7efc70000000-7efc702cc000 rw-p 00000000 00:00 0 
7efc702cc000-7efc74000000 ---p 00000000 00:00 0 
7efc74000000-7efc742ac000 rw-p 00000000 00:00 0 
7efc742ac000-7efc78000000 ---p 00000000 00:00 0 
7efc78084000-7efc781b9000 r-xp 00000000 08:01 405306                     /usr/lib/x86_64-linux-gnu/libX11.so.6.3.0
7efc781b9000-7efc783b9000 ---p 00135000 08:01 405306                     /usr/lib/x86_64-linux-gnu/libX11.so.6.3.0
7efc783b9000-7efc783ba000 r--p 00135000 08:01 405306                     /usr/lib/x86_64-linux-gnu/libX11.so.6.3.0
7efc783ba000-7efc783be000 rw-p 00136000 08:01 405306                     /usr/lib/x86_64-linux-gnu/libX11.so.6.3.0
7efc783be000-7efc783cf000 r-xp 00000000 08:01 405323                     /usr/lib/x86_64-linux-gnu/libXext.so.6.4.0
7efc783cf000-7efc785ce000 ---p 00011000 08:01 405323                     /usr/lib/x86_64-linux-gnu/libXext.so.6.4.0
7efc785ce000-7efc785cf000 r--p 00010000 08:01 405323                     /usr/lib/x86_64-linux-gnu/libXext.so.6.4.0
7efc785cf000-7efc785d0000 rw-p 00011000 08:01 405323                     /usr/lib/x86_64-linux-gnu/libXext.so.6.4.0
7efc785d0000-7efc78624000 r-xp 00000000 08:01 548297                     /usr/lib/jvm/java-8-oracle/jre/lib/amd64/libawt_xawt.so
7efc78624000-7efc78824000 ---p 00054000 08:01 548297                     /usr/lib/jvm/java-8-oracle/jre/lib/amd64/libawt_xawt.so
7efc78824000-7efc78828000 rw-p 00054000 08:01 548297                     /usr/lib/jvm/java-8-oracle/jre/lib/amd64/libawt_xawt.so
7efc78828000-7efc78829000 rw-p 00000000 00:00 0 
7efc78829000-7efc788cb000 r-xp 00000000 08:01 548283                     /usr/lib/jvm/java-8-oracle/jre/lib/amd64/libawt.so
7efc788cb000-7efc78acb000 ---p 000a2000 08:01 548283                     /usr/lib/jvm/java-8-oracle/jre/lib/amd64/libawt.so
7efc78acb000-7efc78ad7000 rw-p 000a2000 08:01 548283                     /usr/lib/jvm/java-8-oracle/jre/lib/amd64/libawt.so
7efc78ad7000-7efc78afb000 rw-p 00000000 00:00 0 
7efc78afb000-7efc78afc000 ---p 00000000 00:00 0 
7efc78afc000-7efc78bfc000 rw-p 00000000 00:00 0 
7efc78bfc000-7efc78bff000 ---p 00000000 00:00 0 
7efc78bff000-7efc78cfd000 rw-p 00000000 00:00 0 
7efc78cfd000-7efc78d00000 ---p 00000000 00:00 0 
7efc78d00000-7efc78dfe000 rw-p 00000000 00:00 0 
7efc78dfe000-7efc78e01000 ---p 00000000 00:00 0 
7efc78e01000-7efc78eff000 rw-p 00000000 00:00 0 
7efc78eff000-7efc78f02000 ---p 00000000 00:00 0 
7efc78f02000-7efc79000000 rw-p 00000000 00:00 0 
7efc79000000-7efc792d0000 rwxp 00000000 00:00 0 
7efc792d0000-7efc88000000 ---p 00000000 00:00 0 
7efc88000000-7efc88271000 rw-p 00000000 00:00 0 
7efc88271000-7efc8c000000 ---p 00000000 00:00 0 
7efc8c0f0000-7efc8caaf000 r--p 00000000 08:01 402562                     /usr/lib/locale/locale-archive
7efc8caaf000-7efc8cab2000 ---p 00000000 00:00 0 
7efc8cab2000-7efc8cbb0000 rw-p 00000000 00:00 0 
7efc8cbb0000-7efc8cbb3000 ---p 00000000 00:00 0 
7efc8cbb3000-7efc8ccb1000 rw-p 00000000 00:00 0 
7efc8ccb1000-7efc8ccb2000 ---p 00000000 00:00 0 
7efc8ccb2000-7efc8ce01000 rw-p 00000000 00:00 0 
7efc8ce01000-7efc8cfda000 r--s 03d5a000 08:01 548226                     /usr/lib/jvm/java-8-oracle/jre/lib/rt.jar
7efc8cfda000-7efc8d821000 rw-p 00000000 00:00 0 
7efc8d821000-7efc8d924000 ---p 00000000 00:00 0 
7efc8d924000-7efc8d947000 rw-p 00000000 00:00 0 
7efc8d947000-7efc8d9c8000 ---p 00000000 00:00 0 
7efc8d9c8000-7efc8da0f000 rw-p 00000000 00:00 0 
7efc8da0f000-7efc8db12000 ---p 00000000 00:00 0 
7efc8db12000-7efc8db1f000 rw-p 00000000 00:00 0 
7efc8db1f000-7efc8ded3000 ---p 00000000 00:00 0 
7efc8ded3000-7efc8deee000 r-xp 00000000 08:01 548286                     /usr/lib/jvm/java-8-oracle/jre/lib/amd64/libzip.so
7efc8deee000-7efc8e0ee000 ---p 0001b000 08:01 548286                     /usr/lib/jvm/java-8-oracle/jre/lib/amd64/libzip.so
7efc8e0ee000-7efc8e0ef000 rw-p 0001b000 08:01 548286                     /usr/lib/jvm/java-8-oracle/jre/lib/amd64/libzip.so
7efc8e0ef000-7efc8e0fa000 r-xp 00000000 08:01 1054391                    /lib/x86_64-linux-gnu/libnss_files-2.23.so
7efc8e0fa000-7efc8e2f9000 ---p 0000b000 08:01 1054391                    /lib/x86_64-linux-gnu/libnss_files-2.23.so
7efc8e2f9000-7efc8e2fa000 r--p 0000a000 08:01 1054391                    /lib/x86_64-linux-gnu/libnss_files-2.23.so
7efc8e2fa000-7efc8e2fb000 rw-p 0000b000 08:01 1054391                    /lib/x86_64-linux-gnu/libnss_files-2.23.so
7efc8e2fb000-7efc8e301000 rw-p 00000000 00:00 0 
7efc8e301000-7efc8e30c000 r-xp 00000000 08:01 1054401                    /lib/x86_64-linux-gnu/libnss_nis-2.23.so
7efc8e30c000-7efc8e50b000 ---p 0000b000 08:01 1054401                    /lib/x86_64-linux-gnu/libnss_nis-2.23.so
7efc8e50b000-7efc8e50c000 r--p 0000a000 08:01 1054401                    /lib/x86_64-linux-gnu/libnss_nis-2.23.so
7efc8e50c000-7efc8e50d000 rw-p 0000b000 08:01 1054401                    /lib/x86_64-linux-gnu/libnss_nis-2.23.so
7efc8e50d000-7efc8e523000 r-xp 00000000 08:01 1054385                    /lib/x86_64-linux-gnu/libnsl-2.23.so
7efc8e523000-7efc8e722000 ---p 00016000 08:01 1054385                    /lib/x86_64-linux-gnu/libnsl-2.23.so
7efc8e722000-7efc8e723000 r--p 00015000 08:01 1054385                    /lib/x86_64-linux-gnu/libnsl-2.23.so
7efc8e723000-7efc8e724000 rw-p 00016000 08:01 1054385                    /lib/x86_64-linux-gnu/libnsl-2.23.so
7efc8e724000-7efc8e726000 rw-p 00000000 00:00 0 
7efc8e726000-7efc8e72e000 r-xp 00000000 08:01 1054387                    /lib/x86_64-linux-gnu/libnss_compat-2.23.so
7efc8e72e000-7efc8e92d000 ---p 00008000 08:01 1054387                    /lib/x86_64-linux-gnu/libnss_compat-2.23.so
7efc8e92d000-7efc8e92e000 r--p 00007000 08:01 1054387                    /lib/x86_64-linux-gnu/libnss_compat-2.23.so
7efc8e92e000-7efc8e92f000 rw-p 00008000 08:01 1054387                    /lib/x86_64-linux-gnu/libnss_compat-2.23.so
7efc8e92f000-7efc8e95a000 r-xp 00000000 08:01 548280                     /usr/lib/jvm/java-8-oracle/jre/lib/amd64/libjava.so
7efc8e95a000-7efc8eb59000 ---p 0002b000 08:01 548280                     /usr/lib/jvm/java-8-oracle/jre/lib/amd64/libjava.so
7efc8eb59000-7efc8eb5b000 rw-p 0002a000 08:01 548280                     /usr/lib/jvm/java-8-oracle/jre/lib/amd64/libjava.so
7efc8eb5b000-7efc8eb68000 r-xp 00000000 08:01 548285                     /usr/lib/jvm/java-8-oracle/jre/lib/amd64/libverify.so
7efc8eb68000-7efc8ed68000 ---p 0000d000 08:01 548285                     /usr/lib/jvm/java-8-oracle/jre/lib/amd64/libverify.so
7efc8ed68000-7efc8ed6a000 rw-p 0000d000 08:01 548285                     /usr/lib/jvm/java-8-oracle/jre/lib/amd64/libverify.so
7efc8ed6a000-7efc8ed71000 r-xp 00000000 08:01 1054446                    /lib/x86_64-linux-gnu/librt-2.23.so
7efc8ed71000-7efc8ef70000 ---p 00007000 08:01 1054446                    /lib/x86_64-linux-gnu/librt-2.23.so
7efc8ef70000-7efc8ef71000 r--p 00006000 08:01 1054446                    /lib/x86_64-linux-gnu/librt-2.23.so
7efc8ef71000-7efc8ef72000 rw-p 00007000 08:01 1054446                    /lib/x86_64-linux-gnu/librt-2.23.so
7efc8ef72000-7efc8f07a000 r-xp 00000000 08:01 1054362                    /lib/x86_64-linux-gnu/libm-2.23.so
7efc8f07a000-7efc8f279000 ---p 00108000 08:01 1054362                    /lib/x86_64-linux-gnu/libm-2.23.so
7efc8f279000-7efc8f27a000 r--p 00107000 08:01 1054362                    /lib/x86_64-linux-gnu/libm-2.23.so
7efc8f27a000-7efc8f27b000 rw-p 00108000 08:01 1054362                    /lib/x86_64-linux-gnu/libm-2.23.so
7efc8f27b000-7efc8ff4e000 r-xp 00000000 08:01 548263                     /usr/lib/jvm/java-8-oracle/jre/lib/amd64/server/libjvm.so
7efc8ff4e000-7efc9014d000 ---p 00cd3000 08:01 548263                     /usr/lib/jvm/java-8-oracle/jre/lib/amd64/server/libjvm.so
7efc9014d000-7efc90227000 rw-p 00cd2000 08:01 548263                     /usr/lib/jvm/java-8-oracle/jre/lib/amd64/server/libjvm.so
7efc90227000-7efc90272000 rw-p 00000000 00:00 0 
7efc90272000-7efc90432000 r-xp 00000000 08:01 1054292                    /lib/x86_64-linux-gnu/libc-2.23.so
7efc90432000-7efc90632000 ---p 001c0000 08:01 1054292                    /lib/x86_64-linux-gnu/libc-2.23.so
7efc90632000-7efc90636000 r--p 001c0000 08:01 1054292                    /lib/x86_64-linux-gnu/libc-2.23.so
7efc90636000-7efc90638000 rw-p 001c4000 08:01 1054292                    /lib/x86_64-linux-gnu/libc-2.23.so
7efc90638000-7efc9063c000 rw-p 00000000 00:00 0 
7efc9063c000-7efc9063f000 r-xp 00000000 08:01 1054316                    /lib/x86_64-linux-gnu/libdl-2.23.so
7efc9063f000-7efc9083e000 ---p 00003000 08:01 1054316                    /lib/x86_64-linux-gnu/libdl-2.23.so
7efc9083e000-7efc9083f000 r--p 00002000 08:01 1054316                    /lib/x86_64-linux-gnu/libdl-2.23.so
7efc9083f000-7efc90840000 rw-p 00003000 08:01 1054316                    /lib/x86_64-linux-gnu/libdl-2.23.so
7efc90840000-7efc90856000 r-xp 00000000 08:01 548258                     /usr/lib/jvm/java-8-oracle/jre/lib/amd64/jli/libjli.so
7efc90856000-7efc90a55000 ---p 00016000 08:01 548258                     /usr/lib/jvm/java-8-oracle/jre/lib/amd64/jli/libjli.so
7efc90a55000-7efc90a56000 rw-p 00015000 08:01 548258                     /usr/lib/jvm/java-8-oracle/jre/lib/amd64/jli/libjli.so
7efc90a56000-7efc90a6e000 r-xp 00000000 08:01 1054438                    /lib/x86_64-linux-gnu/libpthread-2.23.so
7efc90a6e000-7efc90c6d000 ---p 00018000 08:01 1054438                    /lib/x86_64-linux-gnu/libpthread-2.23.so
7efc90c6d000-7efc90c6e000 r--p 00017000 08:01 1054438                    /lib/x86_64-linux-gnu/libpthread-2.23.so
7efc90c6e000-7efc90c6f000 rw-p 00018000 08:01 1054438                    /lib/x86_64-linux-gnu/libpthread-2.23.so
7efc90c6f000-7efc90c73000 rw-p 00000000 00:00 0 
7efc90c73000-7efc90c99000 r-xp 00000000 08:01 1054264                    /lib/x86_64-linux-gnu/ld-2.23.so
7efc90ca6000-7efc90d77000 rw-p 00000000 00:00 0 
7efc90d77000-7efc90d7a000 ---p 00000000 00:00 0 
7efc90d7a000-7efc90e7c000 rw-p 00000000 00:00 0 
7efc90e80000-7efc90e85000 r--s 0009a000 08:01 548231                     /usr/lib/jvm/java-8-oracle/jre/lib/jsse.jar
7efc90e85000-7efc90e8a000 r--s 002f9000 08:01 548224                     /usr/lib/jvm/java-8-oracle/jre/lib/charsets.jar
7efc90e8a000-7efc90e8c000 r--s 00002000 08:01 1204135                    /home/andrew/Desktop/village/Ebola_visual.jar
7efc90e8c000-7efc90e94000 rw-s 00000000 08:01 431165                     /tmp/hsperfdata_andrew/13073
7efc90e94000-7efc90e95000 rw-p 00000000 00:00 0 
7efc90e95000-7efc90e96000 ---p 00000000 00:00 0 
7efc90e96000-7efc90e98000 rw-p 00000000 00:00 0 
7efc90e98000-7efc90e99000 r--p 00025000 08:01 1054264                    /lib/x86_64-linux-gnu/ld-2.23.so
7efc90e99000-7efc90e9a000 rw-p 00026000 08:01 1054264                    /lib/x86_64-linux-gnu/ld-2.23.so
7efc90e9a000-7efc90e9b000 rw-p 00000000 00:00 0 
7ffff9257000-7ffff9278000 rw-p 00000000 00:00 0                          [stack]
7ffff933e000-7ffff9340000 r--p 00000000 00:00 0                          [vvar]
7ffff9340000-7ffff9342000 r-xp 00000000 00:00 0                          [vdso]
ffffffffff600000-ffffffffff601000 r-xp 00000000 00:00 0                  [vsyscall]

VM Arguments:
java_command: Ebola_visual.jar
java_class_path (initial): Ebola_visual.jar
Launcher Type: SUN_STANDARD

Environment Variables:
JAVA_HOME=/usr/lib/jvm/java-8-oracle
PATH=/home/andrew/bin:/home/andrew/.local/bin:/usr/local/sbin:/usr/local/bin:/usr/sbin:/usr/bin:/sbin:/bin:/usr/games:/usr/local/games:/snap/bin:/usr/lib/jvm/java-8-oracle/bin:/usr/lib/jvm/java-8-oracle/db/bin:/usr/lib/jvm/java-8-oracle/jre/bin
SHELL=/bin/bash
DISPLAY=:0

Signal Handlers:
SIGSEGV: [libjvm.so+0xacbe10], sa_mask[0]=11111111011111111101111111111110, sa_flags=SA_RESTART|SA_SIGINFO
SIGBUS: [libjvm.so+0xacbe10], sa_mask[0]=11111111011111111101111111111110, sa_flags=SA_RESTART|SA_SIGINFO
SIGFPE: [libjvm.so+0x924f90], sa_mask[0]=11111111011111111101111111111110, sa_flags=SA_RESTART|SA_SIGINFO
SIGPIPE: [libjvm.so+0x924f90], sa_mask[0]=11111111011111111101111111111110, sa_flags=SA_RESTART|SA_SIGINFO
SIGXFSZ: [libjvm.so+0x924f90], sa_mask[0]=11111111011111111101111111111110, sa_flags=SA_RESTART|SA_SIGINFO
SIGILL: [libjvm.so+0x924f90], sa_mask[0]=11111111011111111101111111111110, sa_flags=SA_RESTART|SA_SIGINFO
SIGUSR1: SIG_DFL, sa_mask[0]=00000000000000000000000000000000, sa_flags=none
SIGUSR2: [libjvm.so+0x9267d0], sa_mask[0]=00000000000000000000000000000000, sa_flags=SA_RESTART|SA_SIGINFO
SIGHUP: [libjvm.so+0x927bd0], sa_mask[0]=11111111011111111101111111111110, sa_flags=SA_RESTART|SA_SIGINFO
SIGINT: [libjvm.so+0x927bd0], sa_mask[0]=11111111011111111101111111111110, sa_flags=SA_RESTART|SA_SIGINFO
SIGTERM: [libjvm.so+0x927bd0], sa_mask[0]=11111111011111111101111111111110, sa_flags=SA_RESTART|SA_SIGINFO
SIGQUIT: [libjvm.so+0x927bd0], sa_mask[0]=11111111011111111101111111111110, sa_flags=SA_RESTART|SA_SIGINFO


---------------  S Y S T E M  ---------------

OS:DISTRIB_ID=Ubuntu
DISTRIB_RELEASE=16.04
DISTRIB_CODENAME=xenial
DISTRIB_DESCRIPTION="Ubuntu 16.04.3 LTS"

uname:Linux 4.10.0-37-generic #41~16.04.1-Ubuntu SMP Fri Oct 6 22:42:59 UTC 2017 x86_64
libc:glibc 2.23 NPTL 2.23 
rlimit: STACK 8192k, CORE 0k, NPROC 15624, NOFILE 1048576, AS infinity
load average:1.94 3.07 3.07

/proc/meminfo:
MemTotal:        4044364 kB
MemFree:          117208 kB
MemAvailable:      31388 kB
Buffers:            2472 kB
Cached:            85036 kB
SwapCached:            0 kB
Active:          3728580 kB
Inactive:          63524 kB
Active(anon):    3706008 kB
Inactive(anon):    41048 kB
Active(file):      22572 kB
Inactive(file):    22476 kB
Unevictable:          64 kB
Mlocked:              64 kB
SwapTotal:             0 kB
SwapFree:              0 kB
Dirty:               104 kB
Writeback:             0 kB
AnonPages:       3704740 kB
Mapped:            75436 kB
Shmem:             42392 kB
Slab:              49896 kB
SReclaimable:      20628 kB
SUnreclaim:        29268 kB
KernelStack:       12736 kB
PageTables:        43928 kB
NFS_Unstable:          0 kB
Bounce:                0 kB
WritebackTmp:          0 kB
CommitLimit:     2022180 kB
Committed_AS:    8801664 kB
VmallocTotal:   34359738367 kB
VmallocUsed:           0 kB
VmallocChunk:          0 kB
HardwareCorrupted:     0 kB
AnonHugePages:   1910784 kB
ShmemHugePages:        0 kB
ShmemPmdMapped:        0 kB
CmaTotal:              0 kB
CmaFree:               0 kB
HugePages_Total:       0
HugePages_Free:        0
HugePages_Rsvd:        0
HugePages_Surp:        0
Hugepagesize:       2048 kB
DirectMap4k:       83904 kB
DirectMap2M:     4110336 kB


CPU:total 1 (initial active 1) (1 cores per cpu, 1 threads per core) family 6 model 60 stepping 3, cmov, cx8, fxsr, mmx, sse, sse2, sse3, ssse3, sse4.1, sse4.2, popcnt, avx, aes, clmul, lzcnt, tsc, tscinvbit

/proc/cpuinfo:
processor	: 0
vendor_id	: GenuineIntel
cpu family	: 6
model		: 60
model name	: Intel(R) Core(TM) i7-4600M CPU @ 2.90GHz
stepping	: 3
cpu MHz		: 2893.298
cache size	: 4096 KB
physical id	: 0
siblings	: 1
core id		: 0
cpu cores	: 1
apicid		: 0
initial apicid	: 0
fpu		: yes
fpu_exception	: yes
cpuid level	: 13
wp		: yes
flags		: fpu vme de pse tsc msr pae mce cx8 apic sep mtrr pge mca cmov pat pse36 clflush mmx fxsr sse sse2 syscall nx rdtscp lm constant_tsc rep_good nopl xtopology nonstop_tsc pni pclmulqdq monitor ssse3 cx16 sse4_1 sse4_2 x2apic movbe popcnt aes xsave avx rdrand hypervisor lahf_lm abm
bugs		:
bogomips	: 5786.59
clflush size	: 64
cache_alignment	: 64
address sizes	: 39 bits physical, 48 bits virtual
power management:



Memory: 4k page, physical 4044364k(117208k free), swap 0k(0k free)

vm_info: Java HotSpot(TM) 64-Bit Server VM (25.151-b12) for linux-amd64 JRE (1.8.0_151-b12), built on Sep  5 2017 19:20:58 by "java_re" with gcc 4.3.0 20080428 (Red Hat 4.3.0-8)

time: Wed Nov 22 15:35:04 2017
elapsed time: 11 seconds (0d 0h 0m 11s)

