#
# There is insufficient memory for the Java Runtime Environment to continue.
# Native memory allocation (mmap) failed to map 69931008 bytes for committing reserved memory.
# Possible reasons:
#   The system is out of physical RAM or swap space
#   In 32 bit mode, the process size limit was hit
# Possible solutions:
#   Reduce memory load on the system
#   Increase physical memory or swap space
#   Check if swap backing store is full
#   Use 64 bit Java on a 64 bit OS
#   Decrease Java heap size (-Xmx/-Xms)
#   Decrease number of Java threads
#   Decrease Java thread stack sizes (-Xss)
#   Set larger code cache with -XX:ReservedCodeCacheSize=
# This output file may be truncated or incomplete.
#
#  Out of Memory Error (os_linux.cpp:2643), pid=2957, tid=0x00007fd0ddacf700
#
# JRE version: OpenJDK Runtime Environment (8.0_151-b12) (build 1.8.0_151-8u151-b12-0ubuntu0.16.04.2-b12)
# Java VM: OpenJDK 64-Bit Server VM (25.151-b12 mixed mode linux-amd64 compressed oops)
# Failed to write core dump. Core dumps have been disabled. To enable core dumping, try "ulimit -c unlimited" before starting Java again
#

---------------  T H R E A D  ---------------

Current thread (0x00007fd0d8095000):  VMThread [stack: 0x00007fd0dd9cf000,0x00007fd0ddad0000] [id=2959]

Stack: [0x00007fd0dd9cf000,0x00007fd0ddad0000],  sp=0x00007fd0ddace520,  free space=1021k
Native frames: (J=compiled Java code, j=interpreted, Vv=VM code, C=native code)
V  [libjvm.so+0xa684eb]
V  [libjvm.so+0x4c579c]
V  [libjvm.so+0x8b6b50]
V  [libjvm.so+0x8b0fce]
V  [libjvm.so+0xa64de4]
V  [libjvm.so+0x5c9d3d]
V  [libjvm.so+0x5ca8dd]
V  [libjvm.so+0x5b72c8]
V  [libjvm.so+0x44d2cf]
V  [libjvm.so+0xa695f1]
V  [libjvm.so+0xa6f277]
V  [libjvm.so+0xa6ca47]
V  [libjvm.so+0xa6decf]
V  [libjvm.so+0xa6e3c1]
V  [libjvm.so+0x8b4032]

VM_Operation (0x00007fd0a7f9d320): GenCollectForAllocation, mode: safepoint, requested by thread 0x00007fd0c00b0800


---------------  P R O C E S S  ---------------

Java Threads: ( => current thread )
  0x00007fd0c00b0800 JavaThread "Thread-2" [_thread_blocked, id=2998, stack(0x00007fd0a7e9e000,0x00007fd0a7f9f000)]
  0x00007fd0c008c000 JavaThread "SwingWorker-pool-1-thread-1" daemon [_thread_blocked, id=2991, stack(0x00007fd0a789a000,0x00007fd0a799b000)]
  0x00007fd0c0061000 JavaThread "TimerQueue" daemon [_thread_blocked, id=2977, stack(0x00007fd0a7599000,0x00007fd0a769a000)]
  0x00007fd0d8009800 JavaThread "DestroyJavaVM" [_thread_blocked, id=2958, stack(0x00007fd0e2000000,0x00007fd0e2101000)]
  0x00007fd0ac22a000 JavaThread "AWT-EventQueue-0" [_thread_blocked, id=2971, stack(0x00007fd0a7a9c000,0x00007fd0a7b9d000)]
  0x00007fd0d82b9800 JavaThread "AWT-Shutdown" [_thread_blocked, id=2970, stack(0x00007fd0a7b9d000,0x00007fd0a7c9e000)]
  0x00007fd0d8226000 JavaThread "AWT-XAWT" daemon [_thread_blocked, id=2968, stack(0x00007fd0ab3cb000,0x00007fd0ab4cc000)]
  0x00007fd0d81fe000 JavaThread "Java2D Disposer" daemon [_thread_blocked, id=2967, stack(0x00007fd0dc097000,0x00007fd0dc198000)]
  0x00007fd0d80d0000 JavaThread "Service Thread" daemon [_thread_blocked, id=2965, stack(0x00007fd0dca0a000,0x00007fd0dcb0b000)]
  0x00007fd0d80cd000 JavaThread "C1 CompilerThread1" daemon [_thread_blocked, id=2964, stack(0x00007fd0dcb0b000,0x00007fd0dcc0c000)]
  0x00007fd0d80cb000 JavaThread "C2 CompilerThread0" daemon [_thread_blocked, id=2963, stack(0x00007fd0dcc0c000,0x00007fd0dcd0d000)]
  0x00007fd0d80c8800 JavaThread "Signal Dispatcher" daemon [_thread_blocked, id=2962, stack(0x00007fd0dcd0d000,0x00007fd0dce0e000)]
  0x00007fd0d80a1000 JavaThread "Finalizer" daemon [_thread_blocked, id=2961, stack(0x00007fd0dd7cd000,0x00007fd0dd8ce000)]
  0x00007fd0d809c800 JavaThread "Reference Handler" daemon [_thread_blocked, id=2960, stack(0x00007fd0dd8ce000,0x00007fd0dd9cf000)]

Other Threads:
=>0x00007fd0d8095000 VMThread [stack: 0x00007fd0dd9cf000,0x00007fd0ddad0000] [id=2959]
  0x00007fd0d80df800 WatcherThread [stack: 0x00007fd0dc909000,0x00007fd0dca0a000] [id=2966]

VM state:at safepoint (normal execution)

VM Mutex/Monitor currently owned by a thread:  ([mutex/lock_event])
[0x00007fd0d8006030] Threads_lock - owner thread: 0x00007fd0d8095000
[0x00007fd0d8006530] Heap_lock - owner thread: 0x00007fd0c00b0800

Heap:
 def new generation   total 47040K, used 977K [0x00000000e0c00000, 0x00000000e3f00000, 0x00000000eb2a0000)
  eden space 41856K,   2% used [0x00000000e0c00000, 0x00000000e0cf46e0, 0x00000000e34e0000)
  from space 5184K,   0% used [0x00000000e39f0000, 0x00000000e39f0000, 0x00000000e3f00000)
  to   space 5184K,   0% used [0x00000000e34e0000, 0x00000000e34e0000, 0x00000000e39f0000)
 tenured generation   total 104740K, used 103818K [0x00000000eb2a0000, 0x00000000f18e9000, 0x0000000100000000)
   the space 104740K,  99% used [0x00000000eb2a0000, 0x00000000f18028f8, 0x00000000f1802a00, 0x00000000f18e9000)
 Metaspace       used 15623K, capacity 15886K, committed 16128K, reserved 1062912K
  class space    used 1885K, capacity 1982K, committed 2048K, reserved 1048576K

Card table byte_map: [0x00007fd0de5be000,0x00007fd0de6b9000] byte_map_base: 0x00007fd0ddeb8000

Polling page: 0x00007fd0e211f000

CodeCache: size=245760Kb used=5652Kb max_used=5715Kb free=240107Kb
 bounds [0x00007fd0c9000000, 0x00007fd0c95a0000, 0x00007fd0d8000000]
 total_blobs=2217 nmethods=1629 adapters=502
 compilation: enabled

Compilation events (10 events):
Event: 83.886 Thread 0x00007fd0d80cd000 1767       3       javax.swing.plaf.metal.MetalLookAndFeel::getCurrentTheme (88 bytes)
Event: 84.653 Thread 0x00007fd0d80cd000 nmethod 1767 0x00007fd0c9597d50 code [0x00007fd0c9597fe0, 0x00007fd0c9598e18]
Event: 84.659 Thread 0x00007fd0d80cb000 1769       4       java.lang.Class::getInterfaces (41 bytes)
Event: 84.666 Thread 0x00007fd0d80cd000 1768   !   3       javax.swing.JComponent::paintComponent (44 bytes)
Event: 84.714 Thread 0x00007fd0d80cd000 nmethod 1768 0x00007fd0c947da50 code [0x00007fd0c947dc00, 0x00007fd0c947e150]
Event: 84.730 Thread 0x00007fd0d80cd000 1766       1       javax.swing.JComponent::isValidateRoot (2 bytes)
Event: 84.737 Thread 0x00007fd0d80cd000 nmethod 1766 0x00007fd0c947d790 code [0x00007fd0c947d8e0, 0x00007fd0c947d9f0]
Event: 84.737 Thread 0x00007fd0d80cd000 1770       3       java.lang.Math::min (46 bytes)
Event: 84.740 Thread 0x00007fd0d80cd000 nmethod 1770 0x00007fd0c95967d0 code [0x00007fd0c9596940, 0x00007fd0c9596c90]
Event: 84.768 Thread 0x00007fd0d80cb000 nmethod 1769 0x00007fd0c948a450 code [0x00007fd0c948a5e0, 0x00007fd0c948a898]

GC Heap History (10 events):
Event: 32.525 GC heap after
Heap after GC invocations=186 (full 3):
 def new generation   total 47040K, used 3693K [0x00000000e0c00000, 0x00000000e3f00000, 0x00000000eb2a0000)
  eden space 41856K,   0% used [0x00000000e0c00000, 0x00000000e0c00000, 0x00000000e34e0000)
  from space 5184K,  71% used [0x00000000e34e0000, 0x00000000e387b640, 0x00000000e39f0000)
  to   space 5184K,   0% used [0x00000000e39f0000, 0x00000000e39f0000, 0x00000000e3f00000)
 tenured generation   total 104300K, used 86498K [0x00000000eb2a0000, 0x00000000f187b000, 0x0000000100000000)
   the space 104300K,  82% used [0x00000000eb2a0000, 0x00000000f0718970, 0x00000000f0718a00, 0x00000000f187b000)
 Metaspace       used 14512K, capacity 14726K, committed 14976K, reserved 1062912K
  class space    used 1785K, capacity 1852K, committed 1920K, reserved 1048576K
}
Event: 33.714 GC heap before
{Heap before GC invocations=186 (full 3):
 def new generation   total 47040K, used 45439K [0x00000000e0c00000, 0x00000000e3f00000, 0x00000000eb2a0000)
  eden space 41856K,  99% used [0x00000000e0c00000, 0x00000000e34c4970, 0x00000000e34e0000)
  from space 5184K,  71% used [0x00000000e34e0000, 0x00000000e387b640, 0x00000000e39f0000)
  to   space 5184K,   0% used [0x00000000e39f0000, 0x00000000e39f0000, 0x00000000e3f00000)
 tenured generation   total 104300K, used 86498K [0x00000000eb2a0000, 0x00000000f187b000, 0x0000000100000000)
   the space 104300K,  82% used [0x00000000eb2a0000, 0x00000000f0718970, 0x00000000f0718a00, 0x00000000f187b000)
 Metaspace       used 14927K, capacity 15150K, committed 15488K, reserved 1062912K
  class space    used 1831K, capacity 1886K, committed 1920K, reserved 1048576K
Event: 33.722 GC heap after
Heap after GC invocations=187 (full 3):
 def new generation   total 47040K, used 1281K [0x00000000e0c00000, 0x00000000e3f00000, 0x00000000eb2a0000)
  eden space 41856K,   0% used [0x00000000e0c00000, 0x00000000e0c00000, 0x00000000e34e0000)
  from space 5184K,  24% used [0x00000000e39f0000, 0x00000000e3b30668, 0x00000000e3f00000)
  to   space 5184K,   0% used [0x00000000e34e0000, 0x00000000e34e0000, 0x00000000e39f0000)
 tenured generation   total 104300K, used 88711K [0x00000000eb2a0000, 0x00000000f187b000, 0x0000000100000000)
   the space 104300K,  85% used [0x00000000eb2a0000, 0x00000000f0941cc8, 0x00000000f0941e00, 0x00000000f187b000)
 Metaspace       used 14927K, capacity 15150K, committed 15488K, reserved 1062912K
  class space    used 1831K, capacity 1886K, committed 1920K, reserved 1048576K
}
Event: 35.095 GC heap before
{Heap before GC invocations=187 (full 3):
 def new generation   total 47040K, used 43043K [0x00000000e0c00000, 0x00000000e3f00000, 0x00000000eb2a0000)
  eden space 41856K,  99% used [0x00000000e0c00000, 0x00000000e34c8860, 0x00000000e34e0000)
  from space 5184K,  24% used [0x00000000e39f0000, 0x00000000e3b30668, 0x00000000e3f00000)
  to   space 5184K,   0% used [0x00000000e34e0000, 0x00000000e34e0000, 0x00000000e39f0000)
 tenured generation   total 104300K, used 88711K [0x00000000eb2a0000, 0x00000000f187b000, 0x0000000100000000)
   the space 104300K,  85% used [0x00000000eb2a0000, 0x00000000f0941cc8, 0x00000000f0941e00, 0x00000000f187b000)
 Metaspace       used 14935K, capacity 15150K, committed 15488K, reserved 1062912K
  class space    used 1831K, capacity 1886K, committed 1920K, reserved 1048576K
Event: 35.097 GC heap after
Heap after GC invocations=188 (full 3):
 def new generation   total 47040K, used 1274K [0x00000000e0c00000, 0x00000000e3f00000, 0x00000000eb2a0000)
  eden space 41856K,   0% used [0x00000000e0c00000, 0x00000000e0c00000, 0x00000000e34e0000)
  from space 5184K,  24% used [0x00000000e34e0000, 0x00000000e361eb88, 0x00000000e39f0000)
  to   space 5184K,   0% used [0x00000000e39f0000, 0x00000000e39f0000, 0x00000000e3f00000)
 tenured generation   total 104300K, used 88711K [0x00000000eb2a0000, 0x00000000f187b000, 0x0000000100000000)
   the space 104300K,  85% used [0x00000000eb2a0000, 0x00000000f0941cc8, 0x00000000f0941e00, 0x00000000f187b000)
 Metaspace       used 14935K, capacity 15150K, committed 15488K, reserved 1062912K
  class space    used 1831K, capacity 1886K, committed 1920K, reserved 1048576K
}
Event: 37.547 GC heap before
{Heap before GC invocations=188 (full 3):
 def new generation   total 47040K, used 43130K [0x00000000e0c00000, 0x00000000e3f00000, 0x00000000eb2a0000)
  eden space 41856K, 100% used [0x00000000e0c00000, 0x00000000e34e0000, 0x00000000e34e0000)
  from space 5184K,  24% used [0x00000000e34e0000, 0x00000000e361eb88, 0x00000000e39f0000)
  to   space 5184K,   0% used [0x00000000e39f0000, 0x00000000e39f0000, 0x00000000e3f00000)
 tenured generation   total 104300K, used 88711K [0x00000000eb2a0000, 0x00000000f187b000, 0x0000000100000000)
   the space 104300K,  85% used [0x00000000eb2a0000, 0x00000000f0941cc8, 0x00000000f0941e00, 0x00000000f187b000)
 Metaspace       used 15081K, capacity 15310K, committed 15488K, reserved 1062912K
  class space    used 1844K, capacity 1918K, committed 1920K, reserved 1048576K
Event: 37.549 GC heap after
Heap after GC invocations=189 (full 3):
 def new generation   total 47040K, used 2535K [0x00000000e0c00000, 0x00000000e3f00000, 0x00000000eb2a0000)
  eden space 41856K,   0% used [0x00000000e0c00000, 0x00000000e0c00000, 0x00000000e34e0000)
  from space 5184K,  48% used [0x00000000e39f0000, 0x00000000e3c69f58, 0x00000000e3f00000)
  to   space 5184K,   0% used [0x00000000e34e0000, 0x00000000e34e0000, 0x00000000e39f0000)
 tenured generation   total 104300K, used 88711K [0x00000000eb2a0000, 0x00000000f187b000, 0x0000000100000000)
   the space 104300K,  85% used [0x00000000eb2a0000, 0x00000000f0941cc8, 0x00000000f0941e00, 0x00000000f187b000)
 Metaspace       used 15081K, capacity 15310K, committed 15488K, reserved 1062912K
  class space    used 1844K, capacity 1918K, committed 1920K, reserved 1048576K
}
Event: 78.639 GC heap before
{Heap before GC invocations=189 (full 3):
 def new generation   total 47040K, used 44391K [0x00000000e0c00000, 0x00000000e3f00000, 0x00000000eb2a0000)
  eden space 41856K, 100% used [0x00000000e0c00000, 0x00000000e34e0000, 0x00000000e34e0000)
  from space 5184K,  48% used [0x00000000e39f0000, 0x00000000e3c69f58, 0x00000000e3f00000)
  to   space 5184K,   0% used [0x00000000e34e0000, 0x00000000e34e0000, 0x00000000e39f0000)
 tenured generation   total 104300K, used 88711K [0x00000000eb2a0000, 0x00000000f187b000, 0x0000000100000000)
   the space 104300K,  85% used [0x00000000eb2a0000, 0x00000000f0941cc8, 0x00000000f0941e00, 0x00000000f187b000)
 Metaspace       used 15594K, capacity 15822K, committed 16128K, reserved 1062912K
  class space    used 1885K, capacity 1982K, committed 2048K, reserved 1048576K
Event: 78.686 GC heap after
Heap after GC invocations=190 (full 3):
 def new generation   total 47040K, used 5184K [0x00000000e0c00000, 0x00000000e3f00000, 0x00000000eb2a0000)
  eden space 41856K,   0% used [0x00000000e0c00000, 0x00000000e0c00000, 0x00000000e34e0000)
  from space 5184K, 100% used [0x00000000e34e0000, 0x00000000e39f0000, 0x00000000e39f0000)
  to   space 5184K,   0% used [0x00000000e39f0000, 0x00000000e39f0000, 0x00000000e3f00000)
 tenured generation   total 104300K, used 100508K [0x00000000eb2a0000, 0x00000000f187b000, 0x0000000100000000)
   the space 104300K,  96% used [0x00000000eb2a0000, 0x00000000f14c71c0, 0x00000000f14c7200, 0x00000000f187b000)
 Metaspace       used 15594K, capacity 15822K, committed 16128K, reserved 1062912K
  class space    used 1885K, capacity 1982K, committed 2048K, reserved 1048576K
}
Event: 84.792 GC heap before
{Heap before GC invocations=190 (full 3):
 def new generation   total 47040K, used 47040K [0x00000000e0c00000, 0x00000000e3f00000, 0x00000000eb2a0000)
  eden space 41856K, 100% used [0x00000000e0c00000, 0x00000000e34e0000, 0x00000000e34e0000)
  from space 5184K, 100% used [0x00000000e34e0000, 0x00000000e39f0000, 0x00000000e39f0000)
  to   space 5184K,   0% used [0x00000000e39f0000, 0x00000000e39f0000, 0x00000000e3f00000)
 tenured generation   total 104300K, used 100508K [0x00000000eb2a0000, 0x00000000f187b000, 0x0000000100000000)
   the space 104300K,  96% used [0x00000000eb2a0000, 0x00000000f14c71c0, 0x00000000f14c7200, 0x00000000f187b000)
 Metaspace       used 15623K, capacity 15886K, committed 16128K, reserved 1062912K
  class space    used 1885K, capacity 1982K, committed 2048K, reserved 1048576K

Deoptimization events (10 events):
Event: 5.244 Thread 0x00007fd0ac22a000 Uncommon trap: reason=class_check action=maybe_recompile pc=0x00007fd0c9197870 method=java.lang.String.equals(Ljava/lang/Object;)Z @ 8
Event: 5.244 Thread 0x00007fd0ac22a000 Uncommon trap: reason=class_check action=maybe_recompile pc=0x00007fd0c9197870 method=java.lang.String.equals(Ljava/lang/Object;)Z @ 8
Event: 27.077 Thread 0x00007fd0ac22a000 Uncommon trap: reason=predicate action=maybe_recompile pc=0x00007fd0c9436258 method=java.util.AbstractCollection.toArray([Ljava/lang/Object;)[Ljava/lang/Object; @ 49
Event: 27.193 Thread 0x00007fd0ac22a000 Uncommon trap: reason=unstable_if action=reinterpret pc=0x00007fd0c94259e4 method=java.io.BufferedReader.readLine(Z)Ljava/lang/String; @ 55
Event: 32.424 Thread 0x00007fd0ac22a000 Uncommon trap: reason=unstable_if action=reinterpret pc=0x00007fd0c94659e0 method=java.nio.charset.CharsetDecoder.decode(Ljava/nio/ByteBuffer;Ljava/nio/CharBuffer;Z)Ljava/nio/charset/CoderResult; @ 1
Event: 32.441 Thread 0x00007fd0ac22a000 Uncommon trap: reason=unstable_if action=reinterpret pc=0x00007fd0c9422414 method=java.lang.String.trim()Ljava/lang/String; @ 63
Event: 32.446 Thread 0x00007fd0ac22a000 Uncommon trap: reason=unstable_if action=reinterpret pc=0x00007fd0c9191438 method=java.awt.image.DirectColorModel.getDataElements(ILjava/lang/Object;)Ljava/lang/Object; @ 41
Event: 33.492 Thread 0x00007fd0c008e800 Uncommon trap: reason=unstable_if action=reinterpret pc=0x00007fd0c9483204 method=ProgressBar$1.run()V @ 18
Event: 79.423 Thread 0x00007fd0c00b0800 Uncommon trap: reason=range_check action=make_not_entrant pc=0x00007fd0c9558f40 method=java.awt.image.DirectColorModel.setFields()V @ 65
Event: 80.056 Thread 0x00007fd0c00b0800 Uncommon trap: reason=range_check action=make_not_entrant pc=0x00007fd0c9572808 method=java.awt.image.DirectColorModel.setFields()V @ 65

Internal exceptions (10 events):
Event: 0.714 Thread 0x00007fd0d8009800 Implicit null exception at 0x00007fd0c916a262 to 0x00007fd0c916a435
Event: 0.909 Thread 0x00007fd0d8290000 Exception <a 'java/io/FileNotFoundException'> (0x00000000e0feb6f0) thrown at [/build/openjdk-8-W2Qe27/openjdk-8-8u151-b12/src/hotspot/src/share/vm/prims/jni.cpp, line 709]
Event: 1.323 Thread 0x00007fd0ac22a000 Exception <a 'java/lang/UnsupportedOperationException': > (0x00000000e10c4698) thrown at [/build/openjdk-8-W2Qe27/openjdk-8-8u151-b12/src/hotspot/src/share/vm/prims/jni.cpp, line 735]
Event: 5.553 Thread 0x00007fd0ac22a000 Exception <a 'java/lang/UnsupportedOperationException': > (0x00000000e1306a38) thrown at [/build/openjdk-8-W2Qe27/openjdk-8-8u151-b12/src/hotspot/src/share/vm/prims/jni.cpp, line 735]
Event: 26.874 Thread 0x00007fd0ac22a000 Exception <a 'java/lang/NoSuchMethodError': java.lang.Object.lambda$comparingLong$6043328a$1(Ljava/util/function/ToLongFunction;Ljava/lang/Object;Ljava/lang/Object;)I> (0x00000000e0cd7618) thrown at [/build/openjdk-8-W2Qe27/openjdk-8-8u151-b12/src/hotspot
Event: 32.805 Thread 0x00007fd0ac22a000 Exception <a 'java/lang/UnsupportedOperationException': > (0x00000000e0c0c8c8) thrown at [/build/openjdk-8-W2Qe27/openjdk-8-8u151-b12/src/hotspot/src/share/vm/prims/jni.cpp, line 735]
Event: 38.251 Thread 0x00007fd0ac22a000 Exception <a 'java/lang/UnsupportedOperationException': > (0x00000000e2768eb0) thrown at [/build/openjdk-8-W2Qe27/openjdk-8-8u151-b12/src/hotspot/src/share/vm/prims/jni.cpp, line 735]
Event: 78.507 Thread 0x00007fd0ac22a000 Exception <a 'java/lang/ClassCastException': sun.awt.image.BufImgSurfaceData cannot be cast to sun.java2d.xr.XRSurfaceData> (0x00000000e2f39070) thrown at [/build/openjdk-8-W2Qe27/openjdk-8-8u151-b12/src/hotspot/src/share/vm/interpreter/interpreterRuntime
Event: 78.508 Thread 0x00007fd0ac22a000 Exception <a 'java/lang/ClassCastException'> (0x00000000e2f39070) thrown at [/build/openjdk-8-W2Qe27/openjdk-8-8u151-b12/src/hotspot/src/share/vm/prims/jvm.cpp, line 1394]
Event: 78.508 Thread 0x00007fd0ac22a000 Exception <a 'java/lang/ClassCastException'> (0x00000000e2f39070) thrown at [/build/openjdk-8-W2Qe27/openjdk-8-8u151-b12/src/hotspot/src/share/vm/prims/jvm.cpp, line 1394]

Events (10 events):
Event: 84.662 Thread 0x00007fd0d80cd000 flushing nmethod 0x00007fd0c9478490
Event: 84.664 Thread 0x00007fd0d80cd000 flushing nmethod 0x00007fd0c947d790
Event: 84.664 Thread 0x00007fd0d80cd000 flushing nmethod 0x00007fd0c9483010
Event: 84.664 Thread 0x00007fd0d80cd000 flushing nmethod 0x00007fd0c948a150
Event: 84.664 Thread 0x00007fd0d80cd000 flushing nmethod 0x00007fd0c948b210
Event: 84.664 Thread 0x00007fd0d80cd000 flushing nmethod 0x00007fd0c948ca90
Event: 84.666 Thread 0x00007fd0d80cd000 flushing nmethod 0x00007fd0c949b9d0
Event: 84.666 Thread 0x00007fd0d80cd000 flushing nmethod 0x00007fd0c94a9410
Event: 84.666 Thread 0x00007fd0d80cd000 flushing nmethod 0x00007fd0c94ac590
Event: 84.776 Executing VM operation: GenCollectForAllocation


Dynamic libraries:
00400000-00401000 r-xp 00000000 08:01 404858                             /usr/lib/jvm/java-8-openjdk-amd64/jre/bin/java
00600000-00601000 r--p 00000000 08:01 404858                             /usr/lib/jvm/java-8-openjdk-amd64/jre/bin/java
00601000-00602000 rw-p 00001000 08:01 404858                             /usr/lib/jvm/java-8-openjdk-amd64/jre/bin/java
02036000-02057000 rw-p 00000000 00:00 0                                  [heap]
e0c00000-e3f00000 rw-p 00000000 00:00 0 
e3f00000-eb2a0000 ---p 00000000 00:00 0 
eb2a0000-f18e9000 rw-p 00000000 00:00 0 
f5b9a000-100000000 ---p 00000000 00:00 0 
100000000-100200000 rw-p 00000000 00:00 0 
100200000-140000000 ---p 00000000 00:00 0 
7fd0a6e4c000-7fd0a6f41000 rw-s 00000000 00:05 3637269                    /SYSV00000000 (deleted)
7fd0a7197000-7fd0a7357000 rw-p 00000000 00:00 0 
7fd0a7357000-7fd0a739a000 ---p 00000000 00:00 0 
7fd0a739a000-7fd0a7498000 rw-p 00000000 00:00 0 
7fd0a7498000-7fd0a749b000 ---p 00000000 00:00 0 
7fd0a749b000-7fd0a7599000 rw-p 00000000 00:00 0 
7fd0a7599000-7fd0a759c000 ---p 00000000 00:00 0 
7fd0a759c000-7fd0a789a000 rw-p 00000000 00:00 0 
7fd0a789a000-7fd0a789d000 ---p 00000000 00:00 0 
7fd0a789d000-7fd0a799b000 rw-p 00000000 00:00 0 
7fd0a799b000-7fd0a799e000 ---p 00000000 00:00 0 
7fd0a799e000-7fd0a7a9c000 rw-p 00000000 00:00 0 
7fd0a7a9c000-7fd0a7a9f000 ---p 00000000 00:00 0 
7fd0a7a9f000-7fd0a7b9d000 rw-p 00000000 00:00 0 
7fd0a7b9d000-7fd0a7ba0000 ---p 00000000 00:00 0 
7fd0a7ba0000-7fd0a7e9e000 rw-p 00000000 00:00 0 
7fd0a7e9e000-7fd0a7ea1000 ---p 00000000 00:00 0 
7fd0a7ea1000-7fd0aafa0000 rw-p 00000000 00:00 0 
7fd0aafa0000-7fd0aafb7000 r-xp 00000000 08:01 402887                     /usr/lib/jvm/java-8-openjdk-amd64/jre/lib/amd64/libnet.so
7fd0aafb7000-7fd0ab1b6000 ---p 00017000 08:01 402887                     /usr/lib/jvm/java-8-openjdk-amd64/jre/lib/amd64/libnet.so
7fd0ab1b6000-7fd0ab1b7000 r--p 00016000 08:01 402887                     /usr/lib/jvm/java-8-openjdk-amd64/jre/lib/amd64/libnet.so
7fd0ab1b7000-7fd0ab1b8000 rw-p 00017000 08:01 402887                     /usr/lib/jvm/java-8-openjdk-amd64/jre/lib/amd64/libnet.so
7fd0ab1b8000-7fd0ab1c9000 r-xp 00000000 08:01 404605                     /usr/lib/jvm/java-8-openjdk-amd64/jre/lib/amd64/libnio.so
7fd0ab1c9000-7fd0ab3c9000 ---p 00011000 08:01 404605                     /usr/lib/jvm/java-8-openjdk-amd64/jre/lib/amd64/libnio.so
7fd0ab3c9000-7fd0ab3ca000 r--p 00011000 08:01 404605                     /usr/lib/jvm/java-8-openjdk-amd64/jre/lib/amd64/libnio.so
7fd0ab3ca000-7fd0ab3cb000 rw-p 00012000 08:01 404605                     /usr/lib/jvm/java-8-openjdk-amd64/jre/lib/amd64/libnio.so
7fd0ab3cb000-7fd0ab3ce000 ---p 00000000 00:00 0 
7fd0ab3ce000-7fd0ab4cc000 rw-p 00000000 00:00 0 
7fd0ab4cc000-7fd0ab4d1000 r-xp 00000000 08:01 405325                     /usr/lib/x86_64-linux-gnu/libXfixes.so.3.1.0
7fd0ab4d1000-7fd0ab6d0000 ---p 00005000 08:01 405325                     /usr/lib/x86_64-linux-gnu/libXfixes.so.3.1.0
7fd0ab6d0000-7fd0ab6d1000 r--p 00004000 08:01 405325                     /usr/lib/x86_64-linux-gnu/libXfixes.so.3.1.0
7fd0ab6d1000-7fd0ab6d2000 rw-p 00005000 08:01 405325                     /usr/lib/x86_64-linux-gnu/libXfixes.so.3.1.0
7fd0ab6d2000-7fd0ab6db000 r-xp 00000000 08:01 405317                     /usr/lib/x86_64-linux-gnu/libXcursor.so.1.0.2
7fd0ab6db000-7fd0ab8da000 ---p 00009000 08:01 405317                     /usr/lib/x86_64-linux-gnu/libXcursor.so.1.0.2
7fd0ab8da000-7fd0ab8db000 r--p 00008000 08:01 405317                     /usr/lib/x86_64-linux-gnu/libXcursor.so.1.0.2
7fd0ab8db000-7fd0ab8dc000 rw-p 00009000 08:01 405317                     /usr/lib/x86_64-linux-gnu/libXcursor.so.1.0.2
7fd0ab8dc000-7fd0ab900000 r-xp 00000000 08:01 1054433                    /lib/x86_64-linux-gnu/libpng12.so.0.54.0
7fd0ab900000-7fd0abaff000 ---p 00024000 08:01 1054433                    /lib/x86_64-linux-gnu/libpng12.so.0.54.0
7fd0abaff000-7fd0abb00000 r--p 00023000 08:01 1054433                    /lib/x86_64-linux-gnu/libpng12.so.0.54.0
7fd0abb00000-7fd0abb01000 rw-p 00024000 08:01 1054433                    /lib/x86_64-linux-gnu/libpng12.so.0.54.0
7fd0abb01000-7fd0abba5000 r-xp 00000000 08:01 405748                     /usr/lib/x86_64-linux-gnu/libfreetype.so.6.12.1
7fd0abba5000-7fd0abda4000 ---p 000a4000 08:01 405748                     /usr/lib/x86_64-linux-gnu/libfreetype.so.6.12.1
7fd0abda4000-7fd0abdaa000 r--p 000a3000 08:01 405748                     /usr/lib/x86_64-linux-gnu/libfreetype.so.6.12.1
7fd0abdaa000-7fd0abdab000 rw-p 000a9000 08:01 405748                     /usr/lib/x86_64-linux-gnu/libfreetype.so.6.12.1
7fd0abdab000-7fd0abdfd000 r-xp 00000000 08:01 402860                     /usr/lib/jvm/java-8-openjdk-amd64/jre/lib/amd64/libfontmanager.so
7fd0abdfd000-7fd0abffd000 ---p 00052000 08:01 402860                     /usr/lib/jvm/java-8-openjdk-amd64/jre/lib/amd64/libfontmanager.so
7fd0abffd000-7fd0abfff000 r--p 00052000 08:01 402860                     /usr/lib/jvm/java-8-openjdk-amd64/jre/lib/amd64/libfontmanager.so
7fd0abfff000-7fd0ac000000 rw-p 00054000 08:01 402860                     /usr/lib/jvm/java-8-openjdk-amd64/jre/lib/amd64/libfontmanager.so
7fd0ac000000-7fd0ac7dd000 rw-p 00000000 00:00 0 
7fd0ac7dd000-7fd0b0000000 ---p 00000000 00:00 0 
7fd0b0000000-7fd0b0021000 rw-p 00000000 00:00 0 
7fd0b0021000-7fd0b4000000 ---p 00000000 00:00 0 
7fd0b4000000-7fd0b4021000 rw-p 00000000 00:00 0 
7fd0b4021000-7fd0b8000000 ---p 00000000 00:00 0 
7fd0b8000000-7fd0b9a23000 rw-p 00000000 00:00 0 
7fd0b9a23000-7fd0bc000000 ---p 00000000 00:00 0 
7fd0bc000000-7fd0bc021000 rw-p 00000000 00:00 0 
7fd0bc021000-7fd0c0000000 ---p 00000000 00:00 0 
7fd0c0000000-7fd0c00ea000 rw-p 00000000 00:00 0 
7fd0c00ea000-7fd0c4000000 ---p 00000000 00:00 0 
7fd0c4000000-7fd0c4061000 rw-p 00000000 00:00 0 
7fd0c4061000-7fd0c8000000 ---p 00000000 00:00 0 
7fd0c807a000-7fd0c807f000 r-xp 00000000 08:01 405321                     /usr/lib/x86_64-linux-gnu/libXdmcp.so.6.0.0
7fd0c807f000-7fd0c827e000 ---p 00005000 08:01 405321                     /usr/lib/x86_64-linux-gnu/libXdmcp.so.6.0.0
7fd0c827e000-7fd0c827f000 r--p 00004000 08:01 405321                     /usr/lib/x86_64-linux-gnu/libXdmcp.so.6.0.0
7fd0c827f000-7fd0c8280000 rw-p 00005000 08:01 405321                     /usr/lib/x86_64-linux-gnu/libXdmcp.so.6.0.0
7fd0c8280000-7fd0c8282000 r-xp 00000000 08:01 405310                     /usr/lib/x86_64-linux-gnu/libXau.so.6.0.0
7fd0c8282000-7fd0c8482000 ---p 00002000 08:01 405310                     /usr/lib/x86_64-linux-gnu/libXau.so.6.0.0
7fd0c8482000-7fd0c8483000 r--p 00002000 08:01 405310                     /usr/lib/x86_64-linux-gnu/libXau.so.6.0.0
7fd0c8483000-7fd0c8484000 rw-p 00003000 08:01 405310                     /usr/lib/x86_64-linux-gnu/libXau.so.6.0.0
7fd0c8484000-7fd0c84a5000 r-xp 00000000 08:01 406728                     /usr/lib/x86_64-linux-gnu/libxcb.so.1.1.0
7fd0c84a5000-7fd0c86a4000 ---p 00021000 08:01 406728                     /usr/lib/x86_64-linux-gnu/libxcb.so.1.1.0
7fd0c86a4000-7fd0c86a5000 r--p 00020000 08:01 406728                     /usr/lib/x86_64-linux-gnu/libxcb.so.1.1.0
7fd0c86a5000-7fd0c86a6000 rw-p 00021000 08:01 406728                     /usr/lib/x86_64-linux-gnu/libxcb.so.1.1.0
7fd0c86a6000-7fd0c86b5000 r-xp 00000000 08:01 405333                     /usr/lib/x86_64-linux-gnu/libXi.so.6.1.0
7fd0c86b5000-7fd0c88b4000 ---p 0000f000 08:01 405333                     /usr/lib/x86_64-linux-gnu/libXi.so.6.1.0
7fd0c88b4000-7fd0c88b5000 r--p 0000e000 08:01 405333                     /usr/lib/x86_64-linux-gnu/libXi.so.6.1.0
7fd0c88b5000-7fd0c88b6000 rw-p 0000f000 08:01 405333                     /usr/lib/x86_64-linux-gnu/libXi.so.6.1.0
7fd0c88b6000-7fd0c88bb000 r-xp 00000000 08:01 405351                     /usr/lib/x86_64-linux-gnu/libXtst.so.6.1.0
7fd0c88bb000-7fd0c8aba000 ---p 00005000 08:01 405351                     /usr/lib/x86_64-linux-gnu/libXtst.so.6.1.0
7fd0c8aba000-7fd0c8abb000 r--p 00004000 08:01 405351                     /usr/lib/x86_64-linux-gnu/libXtst.so.6.1.0
7fd0c8abb000-7fd0c8abc000 rw-p 00005000 08:01 405351                     /usr/lib/x86_64-linux-gnu/libXtst.so.6.1.0
7fd0c8abc000-7fd0c8ac5000 r-xp 00000000 08:01 405345                     /usr/lib/x86_64-linux-gnu/libXrender.so.1.3.0
7fd0c8ac5000-7fd0c8cc4000 ---p 00009000 08:01 405345                     /usr/lib/x86_64-linux-gnu/libXrender.so.1.3.0
7fd0c8cc4000-7fd0c8cc5000 r--p 00008000 08:01 405345                     /usr/lib/x86_64-linux-gnu/libXrender.so.1.3.0
7fd0c8cc5000-7fd0c8cc6000 rw-p 00009000 08:01 405345                     /usr/lib/x86_64-linux-gnu/libXrender.so.1.3.0
7fd0c8cc6000-7fd0c8dfb000 r-xp 00000000 08:01 405306                     /usr/lib/x86_64-linux-gnu/libX11.so.6.3.0
7fd0c8dfb000-7fd0c8ffb000 ---p 00135000 08:01 405306                     /usr/lib/x86_64-linux-gnu/libX11.so.6.3.0
7fd0c8ffb000-7fd0c8ffc000 r--p 00135000 08:01 405306                     /usr/lib/x86_64-linux-gnu/libX11.so.6.3.0
7fd0c8ffc000-7fd0c9000000 rw-p 00136000 08:01 405306                     /usr/lib/x86_64-linux-gnu/libX11.so.6.3.0
7fd0c9000000-7fd0c95a0000 rwxp 00000000 00:00 0 
7fd0c95a0000-7fd0d8000000 ---p 00000000 00:00 0 
7fd0d8000000-7fd0d83f7000 rw-p 00000000 00:00 0 
7fd0d83f7000-7fd0dc000000 ---p 00000000 00:00 0 
7fd0dc097000-7fd0dc09a000 ---p 00000000 00:00 0 
7fd0dc09a000-7fd0dc198000 rw-p 00000000 00:00 0 
7fd0dc198000-7fd0dc1a9000 r-xp 00000000 08:01 405323                     /usr/lib/x86_64-linux-gnu/libXext.so.6.4.0
7fd0dc1a9000-7fd0dc3a8000 ---p 00011000 08:01 405323                     /usr/lib/x86_64-linux-gnu/libXext.so.6.4.0
7fd0dc3a8000-7fd0dc3a9000 r--p 00010000 08:01 405323                     /usr/lib/x86_64-linux-gnu/libXext.so.6.4.0
7fd0dc3a9000-7fd0dc3aa000 rw-p 00011000 08:01 405323                     /usr/lib/x86_64-linux-gnu/libXext.so.6.4.0
7fd0dc3b1000-7fd0dc3c4000 r--s 00346000 08:01 404838                     /usr/lib/jvm/java-8-openjdk-amd64/jre/lib/resources.jar
7fd0dc3c4000-7fd0dc418000 r-xp 00000000 08:01 402863                     /usr/lib/jvm/java-8-openjdk-amd64/jre/lib/amd64/libawt_xawt.so
7fd0dc418000-7fd0dc618000 ---p 00054000 08:01 402863                     /usr/lib/jvm/java-8-openjdk-amd64/jre/lib/amd64/libawt_xawt.so
7fd0dc618000-7fd0dc619000 r--p 00054000 08:01 402863                     /usr/lib/jvm/java-8-openjdk-amd64/jre/lib/amd64/libawt_xawt.so
7fd0dc619000-7fd0dc61c000 rw-p 00055000 08:01 402863                     /usr/lib/jvm/java-8-openjdk-amd64/jre/lib/amd64/libawt_xawt.so
7fd0dc61c000-7fd0dc61d000 rw-p 00000000 00:00 0 
7fd0dc61d000-7fd0dc6bd000 r-xp 00000000 08:01 402916                     /usr/lib/jvm/java-8-openjdk-amd64/jre/lib/amd64/libawt.so
7fd0dc6bd000-7fd0dc8bd000 ---p 000a0000 08:01 402916                     /usr/lib/jvm/java-8-openjdk-amd64/jre/lib/amd64/libawt.so
7fd0dc8bd000-7fd0dc8be000 r--p 000a0000 08:01 402916                     /usr/lib/jvm/java-8-openjdk-amd64/jre/lib/amd64/libawt.so
7fd0dc8be000-7fd0dc8c9000 rw-p 000a1000 08:01 402916                     /usr/lib/jvm/java-8-openjdk-amd64/jre/lib/amd64/libawt.so
7fd0dc8c9000-7fd0dc8ee000 rw-p 00000000 00:00 0 
7fd0dc8ee000-7fd0dc909000 r--s 00394000 08:01 398224                     /usr/lib/jvm/java-8-openjdk-amd64/jre/lib/ext/cldrdata.jar
7fd0dc909000-7fd0dc90a000 ---p 00000000 00:00 0 
7fd0dc90a000-7fd0dca0a000 rw-p 00000000 00:00 0 
7fd0dca0a000-7fd0dca0d000 ---p 00000000 00:00 0 
7fd0dca0d000-7fd0dcb0b000 rw-p 00000000 00:00 0 
7fd0dcb0b000-7fd0dcb0e000 ---p 00000000 00:00 0 
7fd0dcb0e000-7fd0dcc0c000 rw-p 00000000 00:00 0 
7fd0dcc0c000-7fd0dcc0f000 ---p 00000000 00:00 0 
7fd0dcc0f000-7fd0dcd0d000 rw-p 00000000 00:00 0 
7fd0dcd0d000-7fd0dcd10000 ---p 00000000 00:00 0 
7fd0dcd10000-7fd0dce0e000 rw-p 00000000 00:00 0 
7fd0dce0e000-7fd0dd7cd000 r--p 00000000 08:01 402562                     /usr/lib/locale/locale-archive
7fd0dd7cd000-7fd0dd7d0000 ---p 00000000 00:00 0 
7fd0dd7d0000-7fd0dd8ce000 rw-p 00000000 00:00 0 
7fd0dd8ce000-7fd0dd8d1000 ---p 00000000 00:00 0 
7fd0dd8d1000-7fd0dd9cf000 rw-p 00000000 00:00 0 
7fd0dd9cf000-7fd0dd9d0000 ---p 00000000 00:00 0 
7fd0dd9d0000-7fd0ddb1e000 rw-p 00000000 00:00 0 
7fd0ddb1e000-7fd0ddced000 r--s 03c21000 08:01 398218                     /usr/lib/jvm/java-8-openjdk-amd64/jre/lib/rt.jar
7fd0ddced000-7fd0de5be000 rw-p 00000000 00:00 0 
7fd0de5be000-7fd0de5d8000 rw-p 00000000 00:00 0 
7fd0de5d8000-7fd0de611000 ---p 00000000 00:00 0 
7fd0de611000-7fd0de645000 rw-p 00000000 00:00 0 
7fd0de645000-7fd0de6b8000 ---p 00000000 00:00 0 
7fd0de6b8000-7fd0de6d0000 rw-p 00000000 00:00 0 
7fd0de6d0000-7fd0dea79000 ---p 00000000 00:00 0 
7fd0dea79000-7fd0dea81000 r-xp 00000000 08:01 402917                     /usr/lib/jvm/java-8-openjdk-amd64/jre/lib/amd64/libzip.so
7fd0dea81000-7fd0dec80000 ---p 00008000 08:01 402917                     /usr/lib/jvm/java-8-openjdk-amd64/jre/lib/amd64/libzip.so
7fd0dec80000-7fd0dec81000 r--p 00007000 08:01 402917                     /usr/lib/jvm/java-8-openjdk-amd64/jre/lib/amd64/libzip.so
7fd0dec81000-7fd0dec82000 rw-p 00008000 08:01 402917                     /usr/lib/jvm/java-8-openjdk-amd64/jre/lib/amd64/libzip.so
7fd0dec82000-7fd0dec8d000 r-xp 00000000 08:01 1054391                    /lib/x86_64-linux-gnu/libnss_files-2.23.so
7fd0dec8d000-7fd0dee8c000 ---p 0000b000 08:01 1054391                    /lib/x86_64-linux-gnu/libnss_files-2.23.so
7fd0dee8c000-7fd0dee8d000 r--p 0000a000 08:01 1054391                    /lib/x86_64-linux-gnu/libnss_files-2.23.so
7fd0dee8d000-7fd0dee8e000 rw-p 0000b000 08:01 1054391                    /lib/x86_64-linux-gnu/libnss_files-2.23.so
7fd0dee8e000-7fd0dee94000 rw-p 00000000 00:00 0 
7fd0dee94000-7fd0dee9f000 r-xp 00000000 08:01 1054401                    /lib/x86_64-linux-gnu/libnss_nis-2.23.so
7fd0dee9f000-7fd0df09e000 ---p 0000b000 08:01 1054401                    /lib/x86_64-linux-gnu/libnss_nis-2.23.so
7fd0df09e000-7fd0df09f000 r--p 0000a000 08:01 1054401                    /lib/x86_64-linux-gnu/libnss_nis-2.23.so
7fd0df09f000-7fd0df0a0000 rw-p 0000b000 08:01 1054401                    /lib/x86_64-linux-gnu/libnss_nis-2.23.so
7fd0df0a0000-7fd0df0b6000 r-xp 00000000 08:01 1054385                    /lib/x86_64-linux-gnu/libnsl-2.23.so
7fd0df0b6000-7fd0df2b5000 ---p 00016000 08:01 1054385                    /lib/x86_64-linux-gnu/libnsl-2.23.so
7fd0df2b5000-7fd0df2b6000 r--p 00015000 08:01 1054385                    /lib/x86_64-linux-gnu/libnsl-2.23.so
7fd0df2b6000-7fd0df2b7000 rw-p 00016000 08:01 1054385                    /lib/x86_64-linux-gnu/libnsl-2.23.so
7fd0df2b7000-7fd0df2b9000 rw-p 00000000 00:00 0 
7fd0df2b9000-7fd0df2c1000 r-xp 00000000 08:01 1054387                    /lib/x86_64-linux-gnu/libnss_compat-2.23.so
7fd0df2c1000-7fd0df4c0000 ---p 00008000 08:01 1054387                    /lib/x86_64-linux-gnu/libnss_compat-2.23.so
7fd0df4c0000-7fd0df4c1000 r--p 00007000 08:01 1054387                    /lib/x86_64-linux-gnu/libnss_compat-2.23.so
7fd0df4c1000-7fd0df4c2000 rw-p 00008000 08:01 1054387                    /lib/x86_64-linux-gnu/libnss_compat-2.23.so
7fd0df4c2000-7fd0df4ef000 r-xp 00000000 08:01 402856                     /usr/lib/jvm/java-8-openjdk-amd64/jre/lib/amd64/libjava.so
7fd0df4ef000-7fd0df6ee000 ---p 0002d000 08:01 402856                     /usr/lib/jvm/java-8-openjdk-amd64/jre/lib/amd64/libjava.so
7fd0df6ee000-7fd0df6ef000 r--p 0002c000 08:01 402856                     /usr/lib/jvm/java-8-openjdk-amd64/jre/lib/amd64/libjava.so
7fd0df6ef000-7fd0df6f1000 rw-p 0002d000 08:01 402856                     /usr/lib/jvm/java-8-openjdk-amd64/jre/lib/amd64/libjava.so
7fd0df6f1000-7fd0df700000 r-xp 00000000 08:01 402914                     /usr/lib/jvm/java-8-openjdk-amd64/jre/lib/amd64/libverify.so
7fd0df700000-7fd0df8ff000 ---p 0000f000 08:01 402914                     /usr/lib/jvm/java-8-openjdk-amd64/jre/lib/amd64/libverify.so
7fd0df8ff000-7fd0df901000 r--p 0000e000 08:01 402914                     /usr/lib/jvm/java-8-openjdk-amd64/jre/lib/amd64/libverify.so
7fd0df901000-7fd0df902000 rw-p 00010000 08:01 402914                     /usr/lib/jvm/java-8-openjdk-amd64/jre/lib/amd64/libverify.so
7fd0df902000-7fd0df909000 r-xp 00000000 08:01 1054446                    /lib/x86_64-linux-gnu/librt-2.23.so
7fd0df909000-7fd0dfb08000 ---p 00007000 08:01 1054446                    /lib/x86_64-linux-gnu/librt-2.23.so
7fd0dfb08000-7fd0dfb09000 r--p 00006000 08:01 1054446                    /lib/x86_64-linux-gnu/librt-2.23.so
7fd0dfb09000-7fd0dfb0a000 rw-p 00007000 08:01 1054446                    /lib/x86_64-linux-gnu/librt-2.23.so
7fd0dfb0a000-7fd0dfb20000 r-xp 00000000 08:01 1054330                    /lib/x86_64-linux-gnu/libgcc_s.so.1
7fd0dfb20000-7fd0dfd1f000 ---p 00016000 08:01 1054330                    /lib/x86_64-linux-gnu/libgcc_s.so.1
7fd0dfd1f000-7fd0dfd20000 rw-p 00015000 08:01 1054330                    /lib/x86_64-linux-gnu/libgcc_s.so.1
7fd0dfd20000-7fd0dfe28000 r-xp 00000000 08:01 1054362                    /lib/x86_64-linux-gnu/libm-2.23.so
7fd0dfe28000-7fd0e0027000 ---p 00108000 08:01 1054362                    /lib/x86_64-linux-gnu/libm-2.23.so
7fd0e0027000-7fd0e0028000 r--p 00107000 08:01 1054362                    /lib/x86_64-linux-gnu/libm-2.23.so
7fd0e0028000-7fd0e0029000 rw-p 00108000 08:01 1054362                    /lib/x86_64-linux-gnu/libm-2.23.so
7fd0e0029000-7fd0e019b000 r-xp 00000000 08:01 393887                     /usr/lib/x86_64-linux-gnu/libstdc++.so.6.0.21
7fd0e019b000-7fd0e039b000 ---p 00172000 08:01 393887                     /usr/lib/x86_64-linux-gnu/libstdc++.so.6.0.21
7fd0e039b000-7fd0e03a5000 r--p 00172000 08:01 393887                     /usr/lib/x86_64-linux-gnu/libstdc++.so.6.0.21
7fd0e03a5000-7fd0e03a7000 rw-p 0017c000 08:01 393887                     /usr/lib/x86_64-linux-gnu/libstdc++.so.6.0.21
7fd0e03a7000-7fd0e03ab000 rw-p 00000000 00:00 0 
7fd0e03ab000-7fd0e0ffd000 r-xp 00000000 08:01 402884                     /usr/lib/jvm/java-8-openjdk-amd64/jre/lib/amd64/server/libjvm.so
7fd0e0ffd000-7fd0e11fd000 ---p 00c52000 08:01 402884                     /usr/lib/jvm/java-8-openjdk-amd64/jre/lib/amd64/server/libjvm.so
7fd0e11fd000-7fd0e1290000 r--p 00c52000 08:01 402884                     /usr/lib/jvm/java-8-openjdk-amd64/jre/lib/amd64/server/libjvm.so
7fd0e1290000-7fd0e12b9000 rw-p 00ce5000 08:01 402884                     /usr/lib/jvm/java-8-openjdk-amd64/jre/lib/amd64/server/libjvm.so
7fd0e12b9000-7fd0e12e9000 rw-p 00000000 00:00 0 
7fd0e12e9000-7fd0e1301000 r-xp 00000000 08:01 1054438                    /lib/x86_64-linux-gnu/libpthread-2.23.so
7fd0e1301000-7fd0e1500000 ---p 00018000 08:01 1054438                    /lib/x86_64-linux-gnu/libpthread-2.23.so
7fd0e1500000-7fd0e1501000 r--p 00017000 08:01 1054438                    /lib/x86_64-linux-gnu/libpthread-2.23.so
7fd0e1501000-7fd0e1502000 rw-p 00018000 08:01 1054438                    /lib/x86_64-linux-gnu/libpthread-2.23.so
7fd0e1502000-7fd0e1506000 rw-p 00000000 00:00 0 
7fd0e1506000-7fd0e1509000 r-xp 00000000 08:01 1054316                    /lib/x86_64-linux-gnu/libdl-2.23.so
7fd0e1509000-7fd0e1708000 ---p 00003000 08:01 1054316                    /lib/x86_64-linux-gnu/libdl-2.23.so
7fd0e1708000-7fd0e1709000 r--p 00002000 08:01 1054316                    /lib/x86_64-linux-gnu/libdl-2.23.so
7fd0e1709000-7fd0e170a000 rw-p 00003000 08:01 1054316                    /lib/x86_64-linux-gnu/libdl-2.23.so
7fd0e170a000-7fd0e1723000 r-xp 00000000 08:01 1054483                    /lib/x86_64-linux-gnu/libz.so.1.2.8
7fd0e1723000-7fd0e1922000 ---p 00019000 08:01 1054483                    /lib/x86_64-linux-gnu/libz.so.1.2.8
7fd0e1922000-7fd0e1923000 r--p 00018000 08:01 1054483                    /lib/x86_64-linux-gnu/libz.so.1.2.8
7fd0e1923000-7fd0e1924000 rw-p 00019000 08:01 1054483                    /lib/x86_64-linux-gnu/libz.so.1.2.8
7fd0e1924000-7fd0e1ae4000 r-xp 00000000 08:01 1054292                    /lib/x86_64-linux-gnu/libc-2.23.so
7fd0e1ae4000-7fd0e1ce4000 ---p 001c0000 08:01 1054292                    /lib/x86_64-linux-gnu/libc-2.23.so
7fd0e1ce4000-7fd0e1ce8000 r--p 001c0000 08:01 1054292                    /lib/x86_64-linux-gnu/libc-2.23.so
7fd0e1ce8000-7fd0e1cea000 rw-p 001c4000 08:01 1054292                    /lib/x86_64-linux-gnu/libc-2.23.so
7fd0e1cea000-7fd0e1cee000 rw-p 00000000 00:00 0 
7fd0e1cee000-7fd0e1cfb000 r-xp 00000000 08:01 402903                     /usr/lib/jvm/java-8-openjdk-amd64/jre/lib/amd64/jli/libjli.so
7fd0e1cfb000-7fd0e1efb000 ---p 0000d000 08:01 402903                     /usr/lib/jvm/java-8-openjdk-amd64/jre/lib/amd64/jli/libjli.so
7fd0e1efb000-7fd0e1efc000 r--p 0000d000 08:01 402903                     /usr/lib/jvm/java-8-openjdk-amd64/jre/lib/amd64/jli/libjli.so
7fd0e1efc000-7fd0e1efd000 rw-p 0000e000 08:01 402903                     /usr/lib/jvm/java-8-openjdk-amd64/jre/lib/amd64/jli/libjli.so
7fd0e1efd000-7fd0e1f23000 r-xp 00000000 08:01 1054264                    /lib/x86_64-linux-gnu/ld-2.23.so
7fd0e1f24000-7fd0e1f29000 r--s 0009a000 08:01 404839                     /usr/lib/jvm/java-8-openjdk-amd64/jre/lib/jsse.jar
7fd0e1f29000-7fd0e1f2e000 r--s 002f9000 08:01 404643                     /usr/lib/jvm/java-8-openjdk-amd64/jre/lib/charsets.jar
7fd0e1f2e000-7fd0e1f34000 r--s 0003a000 08:01 398248                     /usr/lib/jvm/java-8-openjdk-amd64/jre/lib/ext/sunjce_provider.jar
7fd0e1f34000-7fd0e1f3e000 r--s 00116000 08:01 398275                     /usr/lib/jvm/java-8-openjdk-amd64/jre/lib/ext/localedata.jar
7fd0e1f3e000-7fd0e1f59000 r--s 001d6000 08:01 398237                     /usr/lib/jvm/java-8-openjdk-amd64/jre/lib/ext/nashorn.jar
7fd0e1f59000-7fd0e1f8d000 rw-p 00000000 00:00 0 
7fd0e1f8d000-7fd0e2000000 ---p 00000000 00:00 0 
7fd0e2000000-7fd0e2003000 ---p 00000000 00:00 0 
7fd0e2003000-7fd0e2106000 rw-p 00000000 00:00 0 
7fd0e2107000-7fd0e2109000 r--s 00010000 08:01 269781                     /home/andrew/Desktop/village/Ebola_visual.jar
7fd0e2109000-7fd0e210b000 r--s 00001000 08:01 398281                     /usr/lib/jvm/java-8-openjdk-amd64/jre/lib/ext/dnsns.jar
7fd0e210b000-7fd0e210d000 r--s 00008000 08:01 398274                     /usr/lib/jvm/java-8-openjdk-amd64/jre/lib/ext/sunec.jar
7fd0e210d000-7fd0e2110000 r--s 0000f000 08:01 398223                     /usr/lib/jvm/java-8-openjdk-amd64/jre/lib/ext/icedtea-sound.jar
7fd0e2110000-7fd0e2111000 r--s 00010000 08:01 398225                     /usr/lib/jvm/java-8-openjdk-amd64/jre/lib/ext/zipfs.jar
7fd0e2111000-7fd0e2112000 r--s 0000a000 08:01 398280                     /usr/lib/jvm/java-8-openjdk-amd64/jre/lib/ext/jaccess.jar
7fd0e2112000-7fd0e2116000 r--s 00037000 08:01 398276                     /usr/lib/jvm/java-8-openjdk-amd64/jre/lib/ext/sunpkcs11.jar
7fd0e2116000-7fd0e211e000 rw-s 00000000 08:01 269784                     /tmp/hsperfdata_andrew/2957
7fd0e211e000-7fd0e211f000 rw-p 00000000 00:00 0 
7fd0e211f000-7fd0e2120000 ---p 00000000 00:00 0 
7fd0e2120000-7fd0e2122000 rw-p 00000000 00:00 0 
7fd0e2122000-7fd0e2123000 r--p 00025000 08:01 1054264                    /lib/x86_64-linux-gnu/ld-2.23.so
7fd0e2123000-7fd0e2124000 rw-p 00026000 08:01 1054264                    /lib/x86_64-linux-gnu/ld-2.23.so
7fd0e2124000-7fd0e2125000 rw-p 00000000 00:00 0 
7fff44faa000-7fff44fcb000 rw-p 00000000 00:00 0                          [stack]
7fff44fdd000-7fff44fdf000 r--p 00000000 00:00 0                          [vvar]
7fff44fdf000-7fff44fe1000 r-xp 00000000 00:00 0                          [vdso]
ffffffffff600000-ffffffffff601000 r-xp 00000000 00:00 0                  [vsyscall]

VM Arguments:
java_command: Ebola_visual.jar
java_class_path (initial): Ebola_visual.jar
Launcher Type: SUN_STANDARD

Environment Variables:
PATH=/home/andrew/bin:/home/andrew/.local/bin:/usr/local/sbin:/usr/local/bin:/usr/sbin:/usr/bin:/sbin:/bin:/usr/games:/usr/local/games:/snap/bin
SHELL=/bin/bash
DISPLAY=:0

Signal Handlers:
SIGSEGV: [libjvm.so+0xa69040], sa_mask[0]=11111111011111111101111111111110, sa_flags=SA_RESTART|SA_SIGINFO
SIGBUS: [libjvm.so+0xa69040], sa_mask[0]=11111111011111111101111111111110, sa_flags=SA_RESTART|SA_SIGINFO
SIGFPE: [libjvm.so+0x8b2170], sa_mask[0]=11111111011111111101111111111110, sa_flags=SA_RESTART|SA_SIGINFO
SIGPIPE: [libjvm.so+0x8b2170], sa_mask[0]=11111111011111111101111111111110, sa_flags=SA_RESTART|SA_SIGINFO
SIGXFSZ: [libjvm.so+0x8b2170], sa_mask[0]=11111111011111111101111111111110, sa_flags=SA_RESTART|SA_SIGINFO
SIGILL: [libjvm.so+0x8b2170], sa_mask[0]=11111111011111111101111111111110, sa_flags=SA_RESTART|SA_SIGINFO
SIGUSR1: SIG_DFL, sa_mask[0]=00000000000000000000000000000000, sa_flags=none
SIGUSR2: [libjvm.so+0x8b2020], sa_mask[0]=00000000000000000000000000000000, sa_flags=SA_RESTART|SA_SIGINFO
SIGHUP: [libjvm.so+0x8b24f0], sa_mask[0]=11111111011111111101111111111110, sa_flags=SA_RESTART|SA_SIGINFO
SIGINT: [libjvm.so+0x8b24f0], sa_mask[0]=11111111011111111101111111111110, sa_flags=SA_RESTART|SA_SIGINFO
SIGTERM: [libjvm.so+0x8b24f0], sa_mask[0]=11111111011111111101111111111110, sa_flags=SA_RESTART|SA_SIGINFO
SIGQUIT: [libjvm.so+0x8b24f0], sa_mask[0]=11111111011111111101111111111110, sa_flags=SA_RESTART|SA_SIGINFO


---------------  S Y S T E M  ---------------

OS:DISTRIB_ID=Ubuntu
DISTRIB_RELEASE=16.04
DISTRIB_CODENAME=xenial
DISTRIB_DESCRIPTION="Ubuntu 16.04.3 LTS"

uname:Linux 4.10.0-37-generic #41~16.04.1-Ubuntu SMP Fri Oct 6 22:42:59 UTC 2017 x86_64
libc:glibc 2.23 NPTL 2.23 
rlimit: STACK 8192k, CORE 0k, NPROC 7817, NOFILE 1048576, AS infinity
load average:1.24 0.49 0.28

/proc/meminfo:
MemTotal:        2045948 kB
MemFree:           63592 kB
MemAvailable:       4508 kB
Buffers:            1064 kB
Cached:            77964 kB
SwapCached:            0 kB
Active:          1805620 kB
Inactive:          70400 kB
Active(anon):    1798188 kB
Inactive(anon):    63528 kB
Active(file):       7432 kB
Inactive(file):     6872 kB
Unevictable:          32 kB
Mlocked:              32 kB
SwapTotal:             0 kB
SwapFree:              0 kB
Dirty:                32 kB
Writeback:             0 kB
AnonPages:       1797184 kB
Mapped:            72508 kB
Shmem:             64564 kB
Slab:              42020 kB
SReclaimable:      18176 kB
SUnreclaim:        23844 kB
KernelStack:        8128 kB
PageTables:        33184 kB
NFS_Unstable:          0 kB
Bounce:                0 kB
WritebackTmp:          0 kB
CommitLimit:     1022972 kB
Committed_AS:    5555976 kB
VmallocTotal:   34359738367 kB
VmallocUsed:           0 kB
VmallocChunk:          0 kB
HardwareCorrupted:     0 kB
AnonHugePages:    464896 kB
ShmemHugePages:        0 kB
ShmemPmdMapped:        0 kB
CmaTotal:              0 kB
CmaFree:               0 kB
HugePages_Total:       0
HugePages_Free:        0
HugePages_Rsvd:        0
HugePages_Surp:        0
Hugepagesize:       2048 kB
DirectMap4k:       88000 kB
DirectMap2M:     2009088 kB


CPU:total 1 (initial active 1) (1 cores per cpu, 1 threads per core) family 6 model 60 stepping 3, cmov, cx8, fxsr, mmx, sse, sse2, sse3, ssse3, sse4.1, sse4.2, popcnt, avx, aes, clmul, lzcnt, tsc, tscinvbit

/proc/cpuinfo:
processor	: 0
vendor_id	: GenuineIntel
cpu family	: 6
model		: 60
model name	: Intel(R) Core(TM) i7-4600M CPU @ 2.90GHz
stepping	: 3
cpu MHz		: 2893.296
cache size	: 4096 KB
physical id	: 0
siblings	: 1
core id		: 0
cpu cores	: 1
apicid		: 0
initial apicid	: 0
fpu		: yes
fpu_exception	: yes
cpuid level	: 13
wp		: yes
flags		: fpu vme de pse tsc msr pae mce cx8 apic sep mtrr pge mca cmov pat pse36 clflush mmx fxsr sse sse2 syscall nx rdtscp lm constant_tsc rep_good nopl xtopology nonstop_tsc pni pclmulqdq monitor ssse3 cx16 sse4_1 sse4_2 x2apic movbe popcnt aes xsave avx rdrand hypervisor lahf_lm abm
bugs		:
bogomips	: 5786.59
clflush size	: 64
cache_alignment	: 64
address sizes	: 39 bits physical, 48 bits virtual
power management:



Memory: 4k page, physical 2045948k(63592k free), swap 0k(0k free)

vm_info: OpenJDK 64-Bit Server VM (25.151-b12) for linux-amd64 JRE (1.8.0_151-8u151-b12-0ubuntu0.16.04.2-b12), built on Oct 27 2017 21:59:02 by "buildd" with gcc 5.4.0 20160609

time: Fri Nov 17 13:30:01 2017
elapsed time: 85 seconds (0d 0h 1m 25s)

